[30/Jul/2020:01:24:47 -0400] 0:0:0:0:0:0:0:1 "GET / HTTP/1.1" 200 (1775 ms) - -
[30/Jul/2020:01:24:47 -0400] 0:0:0:0:0:0:0:1 "GET /css/styles.css HTTP/1.1" 304 (21 ms) - -
[30/Jul/2020:01:24:48 -0400] 0:0:0:0:0:0:0:1 "GET /img/vlol_icon.png HTTP/1.1" 304 (12 ms) - -
[30/Jul/2020:01:24:49 -0400] 0:0:0:0:0:0:0:1 "GET /login HTTP/1.1" 200 (48 ms) - -
[30/Jul/2020:01:25:05 -0400] 0:0:0:0:0:0:0:1 "POST /login HTTP/1.1" 302 (766 ms) - -
[30/Jul/2020:01:25:05 -0400] 0:0:0:0:0:0:0:1 "GET /admin-menu HTTP/1.1" 200 (264 ms) - -
[30/Jul/2020:01:25:09 -0400] 0:0:0:0:0:0:0:1 "GET /list-users HTTP/1.1" 200 (116 ms) - -
[30/Jul/2020:01:25:09 -0400] 0:0:0:0:0:0:0:1 "GET /DataTables/datatables.min.css HTTP/1.1" 304 (8 ms) - -
[30/Jul/2020:01:25:09 -0400] 0:0:0:0:0:0:0:1 "GET /DataTables/datatables.min.js HTTP/1.1" 304 (10 ms) - -
[30/Jul/2020:01:25:10 -0400] 0:0:0:0:0:0:0:1 "GET /DataTables/DataTables-1.10.21/images/sort_both.png HTTP/1.1" 304 (7 ms) - -
[30/Jul/2020:01:25:10 -0400] 0:0:0:0:0:0:0:1 "GET /DataTables/DataTables-1.10.21/images/sort_asc.png HTTP/1.1" 304 (7 ms) - -
[30/Jul/2020:01:25:13 -0400] 0:0:0:0:0:0:0:1 "GET /edit-user/1 HTTP/1.1" 200 (474 ms) - -
[30/Jul/2020:01:25:46 -0400] 0:0:0:0:0:0:0:1 "GET /edit-user/1 HTTP/1.1" 200 (172 ms) - -
[30/Jul/2020:01:25:46 -0400] 0:0:0:0:0:0:0:1 "GET /img/vlol_icon.png HTTP/1.1" 200 (16 ms) - -
[30/Jul/2020:01:27:28 -0400] 0:0:0:0:0:0:0:1 "GET /edit-user/1 HTTP/1.1" 200 (187 ms) - -
[30/Jul/2020:01:27:28 -0400] 0:0:0:0:0:0:0:1 "GET /img/vlol_icon.png HTTP/1.1" 200 (7 ms) - -
[30/Jul/2020:01:27:36 -0400] 0:0:0:0:0:0:0:1 "GET /list-users HTTP/1.1" 200 (68 ms) - -
[30/Jul/2020:01:27:39 -0400] 0:0:0:0:0:0:0:1 "GET /view-user/1 HTTP/1.1" 200 (324 ms) - -
[30/Jul/2020:01:28:02 -0400] 0:0:0:0:0:0:0:1 "GET /list-users HTTP/1.1" 200 (37 ms) - -
[30/Jul/2020:01:28:07 -0400] 0:0:0:0:0:0:0:1 "GET /edit-user/1 HTTP/1.1" 200 (135 ms) - -
[30/Jul/2020:01:30:30 -0400] 0:0:0:0:0:0:0:1 "GET /add-user HTTP/1.1" 200 (353 ms) - -
[30/Jul/2020:01:30:37 -0400] 0:0:0:0:0:0:0:1 "GET /edit-user/1 HTTP/1.1" 200 (91 ms) - -
[30/Jul/2020:01:30:43 -0400] 0:0:0:0:0:0:0:1 "GET /list-users HTTP/1.1" 200 (31 ms) - -
[30/Jul/2020:01:31:43 -0400] 0:0:0:0:0:0:0:1 "GET /list-users HTTP/1.1" 200 (36 ms) - -
[30/Jul/2020:01:31:44 -0400] 0:0:0:0:0:0:0:1 "GET /img/vlol_icon.png HTTP/1.1" 200 (7 ms) - -
[30/Jul/2020:01:31:47 -0400] 0:0:0:0:0:0:0:1 "GET /edit-user/1 HTTP/1.1" 200 (389 ms) - -
[30/Jul/2020:01:32:16 -0400] 0:0:0:0:0:0:0:1 "POST /update-user HTTP/1.1" 302 (139 ms) - -
[30/Jul/2020:01:32:16 -0400] 0:0:0:0:0:0:0:1 "GET /list-users HTTP/1.1" 200 (32 ms) - -
[30/Jul/2020:01:32:19 -0400] 0:0:0:0:0:0:0:1 "GET /edit-user/1 HTTP/1.1" 200 (331 ms) - -
[30/Jul/2020:01:32:32 -0400] 0:0:0:0:0:0:0:1 "POST /update-user HTTP/1.1" 400 (94 ms) - -
[30/Jul/2020:01:34:15 -0400] 0:0:0:0:0:0:0:1 "GET /edit-user/1 HTTP/1.1" 200 (315 ms) - -
[30/Jul/2020:01:35:56 -0400] 0:0:0:0:0:0:0:1 "GET / HTTP/1.1" 200 (1984 ms) - -
[30/Jul/2020:01:35:59 -0400] 0:0:0:0:0:0:0:1 "GET /login HTTP/1.1" 200 (55 ms) - -
[30/Jul/2020:01:36:17 -0400] 0:0:0:0:0:0:0:1 "POST /login HTTP/1.1" 302 (805 ms) - -
[30/Jul/2020:01:36:17 -0400] 0:0:0:0:0:0:0:1 "GET /admin-menu HTTP/1.1" 200 (299 ms) - -
[30/Jul/2020:01:36:21 -0400] 0:0:0:0:0:0:0:1 "GET /list-users HTTP/1.1" 200 (126 ms) - -
[30/Jul/2020:01:36:24 -0400] 0:0:0:0:0:0:0:1 "GET /edit-user/1 HTTP/1.1" 200 (871 ms) - -
[30/Jul/2020:01:36:33 -0400] 0:0:0:0:0:0:0:1 "POST /update-user HTTP/1.1" 400 (115 ms) - -
[30/Jul/2020:01:36:53 -0400] 0:0:0:0:0:0:0:1 "GET /edit-user/1 HTTP/1.1" 200 (586 ms) - -
[30/Jul/2020:01:36:56 -0400] 0:0:0:0:0:0:0:1 "GET /edit-user/1 HTTP/1.1" 200 (619 ms) - -
[30/Jul/2020:01:36:56 -0400] 0:0:0:0:0:0:0:1 "GET /img/vlol_icon.png HTTP/1.1" 200 (24 ms) - -
[30/Jul/2020:01:37:06 -0400] 0:0:0:0:0:0:0:1 "POST /update-user HTTP/1.1" 400 (72 ms) - -
[30/Jul/2020:01:38:58 -0400] 0:0:0:0:0:0:0:1 "GET /edit-user/1 HTTP/1.1" 200 (266 ms) - -
[30/Jul/2020:01:39:00 -0400] 0:0:0:0:0:0:0:1 "GET /edit-user/1 HTTP/1.1" 200 (231 ms) - -
[30/Jul/2020:01:39:00 -0400] 0:0:0:0:0:0:0:1 "GET /img/vlol_icon.png HTTP/1.1" 200 (9 ms) - -
[30/Jul/2020:01:39:09 -0400] 0:0:0:0:0:0:0:1 "POST /update-user HTTP/1.1" 400 (41 ms) - -
[30/Jul/2020:01:39:20 -0400] 0:0:0:0:0:0:0:1 "GET /edit-user/1 HTTP/1.1" 200 (203 ms) - -
[30/Jul/2020:01:39:47 -0400] 0:0:0:0:0:0:0:1 "POST /update-user HTTP/1.1" 302 (11410 ms) - -
[30/Jul/2020:01:39:47 -0400] 0:0:0:0:0:0:0:1 "GET /list-users HTTP/1.1" 200 (26 ms) - -
[30/Jul/2020:01:40:01 -0400] 0:0:0:0:0:0:0:1 "GET /edit-user/1 HTTP/1.1" 200 (271 ms) - -
[30/Jul/2020:01:40:25 -0400] 0:0:0:0:0:0:0:1 "GET /edit-user/1 HTTP/1.1" 200 (303 ms) - -
[30/Jul/2020:01:41:59 -0400] 0:0:0:0:0:0:0:1 "POST /update-user HTTP/1.1" 302 (3793 ms) - -
[30/Jul/2020:01:41:59 -0400] 0:0:0:0:0:0:0:1 "GET /list-users HTTP/1.1" 200 (35 ms) - -
[30/Jul/2020:01:42:05 -0400] 0:0:0:0:0:0:0:1 "GET /edit-user/1 HTTP/1.1" 200 (231 ms) - -
[30/Jul/2020:01:42:13 -0400] 0:0:0:0:0:0:0:1 "POST /update-user HTTP/1.1" 302 (2865 ms) - -
[30/Jul/2020:01:42:13 -0400] 0:0:0:0:0:0:0:1 "GET /list-users HTTP/1.1" 200 (73 ms) - -
[30/Jul/2020:01:42:19 -0400] 0:0:0:0:0:0:0:1 "GET /edit-user/1 HTTP/1.1" 200 (188 ms) - -
[30/Jul/2020:01:42:29 -0400] 0:0:0:0:0:0:0:1 "POST /update-user HTTP/1.1" 302 (3061 ms) - -
[30/Jul/2020:01:42:30 -0400] 0:0:0:0:0:0:0:1 "GET /list-users HTTP/1.1" 200 (24 ms) - -
[30/Jul/2020:01:42:35 -0400] 0:0:0:0:0:0:0:1 "GET /edit-user/1 HTTP/1.1" 200 (161 ms) - -
[30/Jul/2020:01:42:49 -0400] 0:0:0:0:0:0:0:1 "POST /update-user HTTP/1.1" 302 (8328 ms) - -
[30/Jul/2020:01:42:49 -0400] 0:0:0:0:0:0:0:1 "GET /list-users HTTP/1.1" 200 (41 ms) - -
[30/Jul/2020:01:46:44 -0400] 0:0:0:0:0:0:0:1 "GET / HTTP/1.1" 200 (14 ms) - -
[30/Jul/2020:01:46:47 -0400] 0:0:0:0:0:0:0:1 "GET /console HTTP/1.1" 302 (57 ms) - -
[30/Jul/2020:01:46:47 -0400] 0:0:0:0:0:0:0:1 "GET /console/ HTTP/1.1" 200 (28 ms) - -
[30/Jul/2020:01:46:47 -0400] 0:0:0:0:0:0:0:1 "GET /console/stylesheet.css HTTP/1.1" 200 (23 ms) - -
[30/Jul/2020:01:46:47 -0400] 0:0:0:0:0:0:0:1 "GET /console/login.jsp?jsessionid=67144196ddb640e5c7e359c4800a2085 HTTP/1.1" 200 (5 ms) - -
[30/Jul/2020:01:46:47 -0400] 0:0:0:0:0:0:0:1 "GET /console/background.gif HTTP/1.1" 200 (7 ms) - -
[30/Jul/2020:01:46:49 -0400] 0:0:0:0:0:0:0:1 "POST /console/login.do?jsessionid=67144196ddb640e5c7e359c4800a2085 HTTP/1.1" 200 (12 ms) - -
[30/Jul/2020:01:46:49 -0400] 0:0:0:0:0:0:0:1 "GET /console/header.jsp?jsessionid=67144196ddb640e5c7e359c4800a2085 HTTP/1.1" 200 (9 ms) - -
[30/Jul/2020:01:46:49 -0400] 0:0:0:0:0:0:0:1 "GET /console/query.jsp?jsessionid=67144196ddb640e5c7e359c4800a2085 HTTP/1.1" 200 (7 ms) - -
[30/Jul/2020:01:46:49 -0400] 0:0:0:0:0:0:0:1 "GET /console/help.jsp?jsessionid=67144196ddb640e5c7e359c4800a2085 HTTP/1.1" 200 (8 ms) - -
[30/Jul/2020:01:46:49 -0400] 0:0:0:0:0:0:0:1 "GET /console/tables.do?jsessionid=67144196ddb640e5c7e359c4800a2085 HTTP/1.1" 200 (161 ms) - -
[30/Jul/2020:01:46:49 -0400] 0:0:0:0:0:0:0:1 "GET /console/icon_line.gif HTTP/1.1" 200 (6 ms) - -
[30/Jul/2020:01:46:49 -0400] 0:0:0:0:0:0:0:1 "GET /console/icon_disconnect.gif HTTP/1.1" 200 (10 ms) - -
[30/Jul/2020:01:46:49 -0400] 0:0:0:0:0:0:0:1 "GET /console/icon_commit.gif HTTP/1.1" 200 (6 ms) - -
[30/Jul/2020:01:46:49 -0400] 0:0:0:0:0:0:0:1 "GET /console/icon_rollback.gif HTTP/1.1" 200 (17 ms) - -
[30/Jul/2020:01:46:49 -0400] 0:0:0:0:0:0:0:1 "GET /console/icon_run.gif HTTP/1.1" 200 (20 ms) - -
[30/Jul/2020:01:46:49 -0400] 0:0:0:0:0:0:0:1 "GET /console/icon_stop.gif HTTP/1.1" 200 (11 ms) - -
[30/Jul/2020:01:46:49 -0400] 0:0:0:0:0:0:0:1 "GET /console/icon_refresh.gif HTTP/1.1" 200 (27 ms) - -
[30/Jul/2020:01:46:49 -0400] 0:0:0:0:0:0:0:1 "GET /console/icon_run_selected.gif HTTP/1.1" 200 (19 ms) - -
[30/Jul/2020:01:46:49 -0400] 0:0:0:0:0:0:0:1 "GET /console/icon_history.gif HTTP/1.1" 200 (10 ms) - -
[30/Jul/2020:01:46:49 -0400] 0:0:0:0:0:0:0:1 "GET /console/icon_help.gif HTTP/1.1" 200 (7 ms) - -
[30/Jul/2020:01:46:49 -0400] 0:0:0:0:0:0:0:1 "GET /console/tree.js HTTP/1.1" 200 (6 ms) - -
[30/Jul/2020:01:46:50 -0400] 0:0:0:0:0:0:0:1 "GET /console/tree_minus.gif HTTP/1.1" 200 (7 ms) - -
[30/Jul/2020:01:46:50 -0400] 0:0:0:0:0:0:0:1 "GET /console/tree_table.gif HTTP/1.1" 200 (7 ms) - -
[30/Jul/2020:01:46:50 -0400] 0:0:0:0:0:0:0:1 "GET /console/tree_empty.gif HTTP/1.1" 200 (10 ms) - -
[30/Jul/2020:01:46:50 -0400] 0:0:0:0:0:0:0:1 "GET /console/tree_database.gif HTTP/1.1" 200 (12 ms) - -
[30/Jul/2020:01:46:50 -0400] 0:0:0:0:0:0:0:1 "GET /console/tree_column.gif HTTP/1.1" 200 (9 ms) - -
[30/Jul/2020:01:46:50 -0400] 0:0:0:0:0:0:0:1 "GET /console/tree_plus.gif HTTP/1.1" 200 (17 ms) - -
[30/Jul/2020:01:46:50 -0400] 0:0:0:0:0:0:0:1 "GET /console/tree_type.gif HTTP/1.1" 200 (7 ms) - -
[30/Jul/2020:01:46:50 -0400] 0:0:0:0:0:0:0:1 "GET /console/tree_index_az.gif HTTP/1.1" 200 (7 ms) - -
[30/Jul/2020:01:46:50 -0400] 0:0:0:0:0:0:0:1 "GET /console/tree_index.gif HTTP/1.1" 200 (5 ms) - -
[30/Jul/2020:01:46:50 -0400] 0:0:0:0:0:0:0:1 "GET /console/tree_sequence.gif HTTP/1.1" 200 (5 ms) - -
[30/Jul/2020:01:46:50 -0400] 0:0:0:0:0:0:0:1 "GET /console/tree_user.gif HTTP/1.1" 200 (8 ms) - -
[30/Jul/2020:01:46:50 -0400] 0:0:0:0:0:0:0:1 "GET /console/tree_sequences.gif HTTP/1.1" 200 (13 ms) - -
[30/Jul/2020:01:46:50 -0400] 0:0:0:0:0:0:0:1 "GET /console/tree_users.gif HTTP/1.1" 200 (11 ms) - -
[30/Jul/2020:01:46:50 -0400] 0:0:0:0:0:0:0:1 "GET /console/tree_folder.gif HTTP/1.1" 200 (20 ms) - -
[30/Jul/2020:01:46:50 -0400] 0:0:0:0:0:0:0:1 "GET /console/tree_info.gif HTTP/1.1" 200 (12 ms) - -
[30/Jul/2020:02:05:53 -0400] 127.0.0.1 "GET / HTTP/1.1" 200 (130 ms) - -
[30/Jul/2020:02:05:55 -0400] 127.0.0.1 "GET / HTTP/1.1" 200 (15 ms) - -
[30/Jul/2020:02:05:55 -0400] 127.0.0.1 "GET /img/vlol_icon.png HTTP/1.1" 200 (10 ms) - -
[30/Jul/2020:02:06:16 -0400] 127.0.0.1 "GET /admin-menu HTTP/1.1" 200 (75 ms) - -
[30/Jul/2020:02:06:20 -0400] 127.0.0.1 "GET /list-users HTTP/1.1" 200 (36 ms) - -
[30/Jul/2020:02:06:23 -0400] 127.0.0.1 "GET /edit-user/1 HTTP/1.1" 200 (341 ms) - -
[30/Jul/2020:02:06:34 -0400] 127.0.0.1 "GET /edit-user/1 HTTP/1.1" 200 (318 ms) - -
[30/Jul/2020:02:07:32 -0400] 127.0.0.1 "POST /update-user HTTP/1.1" 400 (73 ms) - -
[30/Jul/2020:02:07:56 -0400] 0:0:0:0:0:0:0:1 "GET /edit-user/1 HTTP/1.1" 200 (162 ms) - -
[30/Jul/2020:02:08:25 -0400] 0:0:0:0:0:0:0:1 "GET /edit-user/1 HTTP/1.1" 200 (201 ms) - -
[30/Jul/2020:02:08:27 -0400] 0:0:0:0:0:0:0:1 "POST /update-user HTTP/1.1" 400 (36 ms) - -
[30/Jul/2020:02:12:35 -0400] 0:0:0:0:0:0:0:1 "GET /edit-user/1 HTTP/1.1" 200 (325 ms) - -
[30/Jul/2020:02:12:39 -0400] 0:0:0:0:0:0:0:1 "GET /edit-user/1 HTTP/1.1" 200 (176 ms) - -
[30/Jul/2020:02:15:33 -0400] 0:0:0:0:0:0:0:1 "GET / HTTP/1.1" 200 (77 ms) - -
[30/Jul/2020:02:15:38 -0400] 0:0:0:0:0:0:0:1 "GET /admin-menu HTTP/1.1" 200 (42 ms) - -
[30/Jul/2020:02:15:53 -0400] 0:0:0:0:0:0:0:1 "GET /list-users HTTP/1.1" 200 (54 ms) - -
[30/Jul/2020:02:16:02 -0400] 0:0:0:0:0:0:0:1 "GET /edit-user/1 HTTP/1.1" 200 (393 ms) - -
[30/Jul/2020:02:16:08 -0400] 0:0:0:0:0:0:0:1 "GET /edit-user/1 HTTP/1.1" 200 (356 ms) - -
[30/Jul/2020:02:16:26 -0400] 0:0:0:0:0:0:0:1 "POST /update-user HTTP/1.1" 400 (44 ms) - -
[30/Jul/2020:02:16:31 -0400] 0:0:0:0:0:0:0:1 "GET /edit-user/1 HTTP/1.1" 200 (249 ms) - -
[30/Jul/2020:02:19:53 -0400] 0:0:0:0:0:0:0:1 "GET / HTTP/1.1" 200 (1975 ms) - -
[30/Jul/2020:02:19:56 -0400] 0:0:0:0:0:0:0:1 "GET /login HTTP/1.1" 200 (56 ms) - -
[30/Jul/2020:02:20:10 -0400] 0:0:0:0:0:0:0:1 "POST /login HTTP/1.1" 302 (806 ms) - -
[30/Jul/2020:02:20:10 -0400] 0:0:0:0:0:0:0:1 "GET /admin-menu HTTP/1.1" 200 (272 ms) - -
[30/Jul/2020:02:20:19 -0400] 0:0:0:0:0:0:0:1 "GET /list-users HTTP/1.1" 200 (128 ms) - -
[30/Jul/2020:02:20:25 -0400] 0:0:0:0:0:0:0:1 "GET /edit-user/1 HTTP/1.1" 200 (1178 ms) - -
[30/Jul/2020:02:20:30 -0400] 0:0:0:0:0:0:0:1 "GET /edit-user/1 HTTP/1.1" 200 (702 ms) - -
[30/Jul/2020:02:25:21 -0400] 0:0:0:0:0:0:0:1 "POST /update-user HTTP/1.1" 400 (135 ms) - -
[30/Jul/2020:02:41:20 -0400] 0:0:0:0:0:0:0:1 "GET / HTTP/1.1" 200 (2081 ms) - -
[30/Jul/2020:02:41:24 -0400] 0:0:0:0:0:0:0:1 "GET /admin-menu HTTP/1.1" 200 (286 ms) - -
[30/Jul/2020:02:41:27 -0400] 0:0:0:0:0:0:0:1 "GET /list-users HTTP/1.1" 200 (115 ms) - -
[30/Jul/2020:02:41:31 -0400] 0:0:0:0:0:0:0:1 "GET /edit-user/1 HTTP/1.1" 200 (1307 ms) - -
[30/Jul/2020:02:41:40 -0400] 0:0:0:0:0:0:0:1 "POST /update-user HTTP/1.1" 400 (119 ms) - -
[30/Jul/2020:02:48:13 -0400] 0:0:0:0:0:0:0:1 "GET /edit-user/1 HTTP/1.1" 200 (395 ms) - -
[30/Jul/2020:02:48:14 -0400] 0:0:0:0:0:0:0:1 "GET /edit-user/1 HTTP/1.1" 200 (339 ms) - -
[30/Jul/2020:02:48:15 -0400] 0:0:0:0:0:0:0:1 "GET /img/vlol_icon.png HTTP/1.1" 200 (17 ms) - -
[30/Jul/2020:02:48:38 -0400] 0:0:0:0:0:0:0:1 "POST /update-user HTTP/1.1" 400 (93 ms) - -
[30/Jul/2020:02:49:09 -0400] 0:0:0:0:0:0:0:1 "GET /edit-user/1 HTTP/1.1" 200 (314 ms) - -
[30/Jul/2020:02:49:19 -0400] 0:0:0:0:0:0:0:1 "POST /update-user HTTP/1.1" 400 (49 ms) - -
[30/Jul/2020:03:00:24 -0400] 0:0:0:0:0:0:0:1 "GET /edit-user/1 HTTP/1.1" 200 (479 ms) - -
[30/Jul/2020:03:00:26 -0400] 0:0:0:0:0:0:0:1 "GET /edit-user/1 HTTP/1.1" 200 (329 ms) - -
[30/Jul/2020:03:00:26 -0400] 0:0:0:0:0:0:0:1 "GET /img/vlol_icon.png HTTP/1.1" 200 (5 ms) - -
[30/Jul/2020:03:00:37 -0400] 0:0:0:0:0:0:0:1 "POST /update-user HTTP/1.1" 500 (106 ms) - -
[30/Jul/2020:03:01:19 -0400] 0:0:0:0:0:0:0:1 "GET /edit-user/1 HTTP/1.1" 200 (278 ms) - -
[30/Jul/2020:03:01:23 -0400] 0:0:0:0:0:0:0:1 "GET /edit-user/1 HTTP/1.1" 200 (267 ms) - -
[30/Jul/2020:03:02:23 -0400] 0:0:0:0:0:0:0:1 "GET /edit-user/1 HTTP/1.1" 200 (230 ms) - -
[30/Jul/2020:03:02:32 -0400] 0:0:0:0:0:0:0:1 "POST /update-user HTTP/1.1" 500 (54 ms) - -
[30/Jul/2020:03:08:34 -0400] 0:0:0:0:0:0:0:1 "GET / HTTP/1.1" 200 (1960 ms) - -
[30/Jul/2020:03:08:35 -0400] 0:0:0:0:0:0:0:1 "GET /css/styles.css HTTP/1.1" 304 (28 ms) - -
[30/Jul/2020:03:08:38 -0400] 0:0:0:0:0:0:0:1 "GET /login HTTP/1.1" 200 (54 ms) - -
[30/Jul/2020:03:08:56 -0400] 0:0:0:0:0:0:0:1 "POST /login HTTP/1.1" 302 (845 ms) - -
[30/Jul/2020:03:08:56 -0400] 0:0:0:0:0:0:0:1 "GET /admin-menu HTTP/1.1" 200 (309 ms) - -
[30/Jul/2020:03:09:09 -0400] 0:0:0:0:0:0:0:1 "GET /list-users HTTP/1.1" 200 (152 ms) - -
[30/Jul/2020:03:09:09 -0400] 0:0:0:0:0:0:0:1 "GET /DataTables/datatables.min.css HTTP/1.1" 304 (17 ms) - -
[30/Jul/2020:03:09:09 -0400] 0:0:0:0:0:0:0:1 "GET /DataTables/datatables.min.js HTTP/1.1" 304 (10 ms) - -
[30/Jul/2020:03:09:10 -0400] 0:0:0:0:0:0:0:1 "GET /DataTables/DataTables-1.10.21/images/sort_both.png HTTP/1.1" 304 (8 ms) - -
[30/Jul/2020:03:09:10 -0400] 0:0:0:0:0:0:0:1 "GET /DataTables/DataTables-1.10.21/images/sort_asc.png HTTP/1.1" 304 (7 ms) - -
[30/Jul/2020:03:09:37 -0400] 0:0:0:0:0:0:0:1 "GET /edit-user/1 HTTP/1.1" 200 (23125 ms) - -
[30/Jul/2020:03:10:55 -0400] 0:0:0:0:0:0:0:1 "POST /update-user HTTP/1.1" 500 (47429 ms) - -
[30/Jul/2020:08:37:38 -0400] 0:0:0:0:0:0:0:1 "GET / HTTP/1.1" 200 (1333 ms) - -
[30/Jul/2020:08:37:38 -0400] 0:0:0:0:0:0:0:1 "GET /css/styles.css HTTP/1.1" 200 (143 ms) - -
[30/Jul/2020:08:37:38 -0400] 0:0:0:0:0:0:0:1 "GET /img/vlol_icon.png HTTP/1.1" 200 (26 ms) - -
[30/Jul/2020:08:37:38 -0400] 0:0:0:0:0:0:0:1 "GET /img/vlol_cover.jpg HTTP/1.1" 200 (52 ms) - -
[30/Jul/2020:08:37:49 -0400] 0:0:0:0:0:0:0:1 "GET /error HTTP/1.1" 500 (165 ms) - -
[30/Jul/2020:08:37:49 -0400] 0:0:0:0:0:0:0:1 "GET /favicon.ico HTTP/1.1" 302 (173 ms) - -
[30/Jul/2020:08:37:49 -0400] 0:0:0:0:0:0:0:1 "GET /login HTTP/1.1" 200 (119 ms) - -
[30/Jul/2020:08:38:54 -0400] 0:0:0:0:0:0:0:1 "GET /error HTTP/1.1" 500 (104 ms) - -
[30/Jul/2020:08:38:55 -0400] 0:0:0:0:0:0:0:1 "GET /favicon.ico HTTP/1.1" 302 (8 ms) - -
[30/Jul/2020:08:38:55 -0400] 0:0:0:0:0:0:0:1 "GET /login HTTP/1.1" 200 (32 ms) - -
[30/Jul/2020:08:42:07 -0400] 0:0:0:0:0:0:0:1 "GET /error HTTP/1.1" 500 (105 ms) - -
[30/Jul/2020:08:42:07 -0400] 0:0:0:0:0:0:0:1 "GET /img/error.gif HTTP/1.1" 200 (39 ms) - -
[30/Jul/2020:08:42:56 -0400] 0:0:0:0:0:0:0:1 "GET /error HTTP/1.1" 500 (40 ms) - -
[30/Jul/2020:08:42:56 -0400] 0:0:0:0:0:0:0:1 "GET /img/vlol_icon.png HTTP/1.1" 200 (4 ms) - -
[30/Jul/2020:08:43:52 -0400] 0:0:0:0:0:0:0:1 "GET /error HTTP/1.1" 500 (41 ms) - -
[30/Jul/2020:08:43:52 -0400] 0:0:0:0:0:0:0:1 "GET /img/error.gif HTTP/1.1" 304 (38 ms) - -
[30/Jul/2020:08:43:52 -0400] 0:0:0:0:0:0:0:1 "GET /img/vlol_icon.png HTTP/1.1" 200 (8 ms) - -
[30/Jul/2020:08:45:12 -0400] 0:0:0:0:0:0:0:1 "GET /error HTTP/1.1" 500 (48 ms) - -
[30/Jul/2020:08:45:12 -0400] 0:0:0:0:0:0:0:1 "GET /img/vlol_icon.png HTTP/1.1" 200 (12 ms) - -
[30/Jul/2020:08:46:12 -0400] 0:0:0:0:0:0:0:1 "GET /error HTTP/1.1" 500 (53 ms) - -
[30/Jul/2020:08:46:12 -0400] 0:0:0:0:0:0:0:1 "GET /img/error.gif HTTP/1.1" 304 (4 ms) - -
[30/Jul/2020:08:46:12 -0400] 0:0:0:0:0:0:0:1 "GET /img/vlol_icon.png HTTP/1.1" 200 (10 ms) - -
[30/Jul/2020:08:46:28 -0400] 0:0:0:0:0:0:0:1 "GET / HTTP/1.1" 200 (21 ms) - -
[30/Jul/2020:08:46:30 -0400] 0:0:0:0:0:0:0:1 "GET /error HTTP/1.1" 500 (26 ms) - -
[30/Jul/2020:08:47:08 -0400] 0:0:0:0:0:0:0:1 "GET /login HTTP/1.1" 200 (20 ms) - -
[30/Jul/2020:08:47:08 -0400] 0:0:0:0:0:0:0:1 "GET /img/vlol_logo.png HTTP/1.1" 200 (25 ms) - -
[30/Jul/2020:08:47:19 -0400] 0:0:0:0:0:0:0:1 "POST /login HTTP/1.1" 302 (752 ms) - -
[30/Jul/2020:08:47:20 -0400] 0:0:0:0:0:0:0:1 "GET /admin-menu HTTP/1.1" 200 (149 ms) - -
[30/Jul/2020:08:47:25 -0400] 0:0:0:0:0:0:0:1 "GET /error HTTP/1.1" 500 (29 ms) - -
[30/Jul/2020:08:47:40 -0400] 0:0:0:0:0:0:0:1 "GET /logout HTTP/1.1" 302 (9 ms) - -
[30/Jul/2020:08:47:40 -0400] 0:0:0:0:0:0:0:1 "GET / HTTP/1.1" 200 (19 ms) - -
[30/Jul/2020:08:48:27 -0400] 0:0:0:0:0:0:0:1 "GET /404.html HTTP/1.1" 302 (68 ms) - -
[30/Jul/2020:08:48:27 -0400] 0:0:0:0:0:0:0:1 "GET /login HTTP/1.1" 200 (16 ms) - -
[30/Jul/2020:08:48:35 -0400] 0:0:0:0:0:0:0:1 "GET /login HTTP/1.1" 200 (24 ms) - -
[30/Jul/2020:08:48:47 -0400] 0:0:0:0:0:0:0:1 "POST /login HTTP/1.1" 302 (348 ms) - -
[30/Jul/2020:08:48:47 -0400] 0:0:0:0:0:0:0:1 "GET /404.html HTTP/1.1" 404 (24 ms) - -
[30/Jul/2020:08:48:47 -0400] 0:0:0:0:0:0:0:1 "GET /img/error.gif HTTP/1.1" 304 (3 ms) - -
[30/Jul/2020:08:50:14 -0400] 0:0:0:0:0:0:0:1 "GET /admin-menu HTTP/1.1" 200 (24 ms) - -
[30/Jul/2020:08:50:16 -0400] 0:0:0:0:0:0:0:1 "GET /list-users HTTP/1.1" 200 (89 ms) - -
[30/Jul/2020:08:50:17 -0400] 0:0:0:0:0:0:0:1 "GET /DataTables/datatables.min.css HTTP/1.1" 200 (53 ms) - -
[30/Jul/2020:08:50:17 -0400] 0:0:0:0:0:0:0:1 "GET /DataTables/datatables.min.js HTTP/1.1" 200 (154 ms) - -
[30/Jul/2020:08:50:17 -0400] 0:0:0:0:0:0:0:1 "GET /DataTables/DataTables-1.10.21/images/sort_both.png HTTP/1.1" 200 (4 ms) - -
[30/Jul/2020:08:50:17 -0400] 0:0:0:0:0:0:0:1 "GET /DataTables/DataTables-1.10.21/images/sort_asc.png HTTP/1.1" 200 (5 ms) - -
[30/Jul/2020:08:50:18 -0400] 0:0:0:0:0:0:0:1 "GET /edit-user/1 HTTP/1.1" 200 (500 ms) - -
[30/Jul/2020:08:50:26 -0400] 0:0:0:0:0:0:0:1 "POST /update-user HTTP/1.1" 500 (131 ms) - -
[30/Jul/2020:09:05:29 -0400] 0:0:0:0:0:0:0:1 "GET /contact HTTP/1.1" 200 (76 ms) - -
[30/Jul/2020:09:05:29 -0400] 0:0:0:0:0:0:0:1 "GET /img/umgc_logo.png HTTP/1.1" 200 (17 ms) - -
[30/Jul/2020:09:05:34 -0400] 0:0:0:0:0:0:0:1 "GET /contact HTTP/1.1" 200 (13 ms) - -
[30/Jul/2020:09:05:34 -0400] 0:0:0:0:0:0:0:1 "GET /img/vlol_icon.png HTTP/1.1" 200 (7 ms) - -
[30/Jul/2020:09:05:53 -0400] 0:0:0:0:0:0:0:1 "GET /contact HTTP/1.1" 200 (14 ms) - -
[30/Jul/2020:09:05:53 -0400] 0:0:0:0:0:0:0:1 "GET /img/vlol_icon.png HTTP/1.1" 200 (6 ms) - -
[30/Jul/2020:09:05:56 -0400] 0:0:0:0:0:0:0:1 "GET / HTTP/1.1" 200 (14 ms) - -
[30/Jul/2020:09:06:06 -0400] 0:0:0:0:0:0:0:1 "GET /logout HTTP/1.1" 302 (3 ms) - -
[30/Jul/2020:09:06:06 -0400] 0:0:0:0:0:0:0:1 "GET / HTTP/1.1" 200 (16 ms) - -
[30/Jul/2020:09:07:58 -0400] 0:0:0:0:0:0:0:1 "GET /admin-menu HTTP/1.1" 302 (5 ms) - -
[30/Jul/2020:09:07:58 -0400] 0:0:0:0:0:0:0:1 "GET /login HTTP/1.1" 200 (14 ms) - -
[30/Jul/2020:09:07:59 -0400] 0:0:0:0:0:0:0:1 "GET /about HTTP/1.1" 200 (74 ms) - -
[30/Jul/2020:09:08:00 -0400] 0:0:0:0:0:0:0:1 "GET /contact HTTP/1.1" 200 (10 ms) - -
[30/Jul/2020:09:08:03 -0400] 0:0:0:0:0:0:0:1 "GET /registration HTTP/1.1" 200 (302 ms) - -
[30/Jul/2020:09:16:45 -0400] 0:0:0:0:0:0:0:1 "POST /registration HTTP/1.1" 200 (234 ms) - -
[30/Jul/2020:09:17:04 -0400] 0:0:0:0:0:0:0:1 "POST /registration HTTP/1.1" 200 (42 ms) - -
[30/Jul/2020:09:17:05 -0400] 0:0:0:0:0:0:0:1 "GET /img/vlol_icon.png HTTP/1.1" 200 (5 ms) - -
[30/Jul/2020:09:17:53 -0400] 0:0:0:0:0:0:0:1 "GET /registration HTTP/1.1" 200 (198 ms) - -
[30/Jul/2020:09:20:14 -0400] 0:0:0:0:0:0:0:1 "POST /registration HTTP/1.1" 200 (32 ms) - -
[30/Jul/2020:09:20:31 -0400] 0:0:0:0:0:0:0:1 "POST /registration HTTP/1.1" 200 (160 ms) - -
[30/Jul/2020:09:20:38 -0400] 0:0:0:0:0:0:0:1 "GET /admin-menu HTTP/1.1" 302 (6 ms) - -
[30/Jul/2020:09:20:38 -0400] 0:0:0:0:0:0:0:1 "GET /login HTTP/1.1" 200 (11 ms) - -
[30/Jul/2020:09:20:57 -0400] 0:0:0:0:0:0:0:1 "POST /login HTTP/1.1" 302 (89 ms) - -
[30/Jul/2020:09:20:57 -0400] 0:0:0:0:0:0:0:1 "GET /admin-menu HTTP/1.1" 200 (17 ms) - -
[30/Jul/2020:09:22:53 -0400] 0:0:0:0:0:0:0:1 "GET /logout HTTP/1.1" 302 (8 ms) - -
[30/Jul/2020:09:22:53 -0400] 0:0:0:0:0:0:0:1 "GET / HTTP/1.1" 200 (33 ms) - -
[30/Jul/2020:09:22:55 -0400] 0:0:0:0:0:0:0:1 "GET /login HTTP/1.1" 200 (13 ms) - -
[30/Jul/2020:09:24:38 -0400] 0:0:0:0:0:0:0:1 "GET /login HTTP/1.1" 200 (16 ms) - -
[30/Jul/2020:09:24:38 -0400] 0:0:0:0:0:0:0:1 "GET /warning() HTTP/1.1" 401 (29 ms) - -
[30/Jul/2020:09:24:40 -0400] 0:0:0:0:0:0:0:1 "GET /img/vlol_icon.png HTTP/1.1" 200 (11 ms) - -
[30/Jul/2020:09:24:44 -0400] 0:0:0:0:0:0:0:1 "GET / HTTP/1.1" 200 (11 ms) - -
[30/Jul/2020:09:24:46 -0400] 0:0:0:0:0:0:0:1 "GET /about HTTP/1.1" 200 (12 ms) - -
[30/Jul/2020:09:24:51 -0400] 0:0:0:0:0:0:0:1 "GET /login HTTP/1.1" 200 (11 ms) - -
[30/Jul/2020:09:24:51 -0400] 0:0:0:0:0:0:0:1 "GET /js/scripts.js HTTP/1.1" 200 (27 ms) - -
[30/Jul/2020:09:24:54 -0400] 0:0:0:0:0:0:0:1 "GET /about HTTP/1.1" 200 (13 ms) - -
[30/Jul/2020:09:26:22 -0400] 0:0:0:0:0:0:0:1 "GET / HTTP/1.1" 200 (14 ms) - -
[30/Jul/2020:09:26:23 -0400] 0:0:0:0:0:0:0:1 "GET / HTTP/1.1" 200 (9 ms) - -
[30/Jul/2020:09:26:23 -0400] 0:0:0:0:0:0:0:1 "GET /img/vlol_icon.png HTTP/1.1" 200 (8 ms) - -
[30/Jul/2020:09:26:24 -0400] 0:0:0:0:0:0:0:1 "GET /login HTTP/1.1" 200 (21 ms) - -
[30/Jul/2020:09:26:43 -0400] 0:0:0:0:0:0:0:1 "POST /login HTTP/1.1" 302 (182 ms) - -
[30/Jul/2020:09:26:43 -0400] 0:0:0:0:0:0:0:1 "GET /warning() HTTP/1.1" 404 (17 ms) - -
[30/Jul/2020:09:26:43 -0400] 0:0:0:0:0:0:0:1 "GET /img/error.gif HTTP/1.1" 304 (4 ms) - -
[30/Jul/2020:09:28:15 -0400] 0:0:0:0:0:0:0:1 "GET /logout HTTP/1.1" 302 (7 ms) - -
[30/Jul/2020:09:28:15 -0400] 0:0:0:0:0:0:0:1 "GET / HTTP/1.1" 200 (17 ms) - -
[30/Jul/2020:09:28:17 -0400] 0:0:0:0:0:0:0:1 "GET /about HTTP/1.1" 200 (12 ms) - -
[30/Jul/2020:09:28:18 -0400] 0:0:0:0:0:0:0:1 "GET /login HTTP/1.1" 200 (12 ms) - -
[30/Jul/2020:09:28:31 -0400] 0:0:0:0:0:0:0:1 "POST /login HTTP/1.1" 302 (94 ms) - -
[30/Jul/2020:09:28:32 -0400] 0:0:0:0:0:0:0:1 "GET /admin-menu HTTP/1.1" 200 (34 ms) - -
[30/Jul/2020:09:28:38 -0400] 0:0:0:0:0:0:0:1 "GET /logout HTTP/1.1" 302 (3 ms) - -
[30/Jul/2020:09:28:38 -0400] 0:0:0:0:0:0:0:1 "GET / HTTP/1.1" 200 (8 ms) - -
[30/Jul/2020:09:37:05 -0400] 0:0:0:0:0:0:0:1 "GET /registration HTTP/1.1" 200 (276 ms) - -
[30/Jul/2020:09:38:26 -0400] 0:0:0:0:0:0:0:1 "GET /login HTTP/1.1" 200 (14 ms) - -
[30/Jul/2020:09:38:52 -0400] 0:0:0:0:0:0:0:1 "GET /registration HTTP/1.1" 200 (166 ms) - -
[30/Jul/2020:09:39:20 -0400] 0:0:0:0:0:0:0:1 "GET /login HTTP/1.1" 200 (12 ms) - -
[30/Jul/2020:09:43:22 -0400] 0:0:0:0:0:0:0:1 "GET /registration HTTP/1.1" 200 (171 ms) - -
[30/Jul/2020:09:43:25 -0400] 0:0:0:0:0:0:0:1 "GET /login HTTP/1.1" 200 (10 ms) - -
[30/Jul/2020:09:43:40 -0400] 0:0:0:0:0:0:0:1 "POST /login HTTP/1.1" 302 (94 ms) - -
[30/Jul/2020:09:43:40 -0400] 0:0:0:0:0:0:0:1 "GET /admin-menu HTTP/1.1" 200 (14 ms) - -
[30/Jul/2020:09:43:54 -0400] 0:0:0:0:0:0:0:1 "GET /logout HTTP/1.1" 302 (3 ms) - -
[30/Jul/2020:09:43:54 -0400] 0:0:0:0:0:0:0:1 "GET / HTTP/1.1" 200 (11 ms) - -
[30/Jul/2020:09:44:52 -0400] 0:0:0:0:0:0:0:1 "GET /lost.html HTTP/1.1" 302 (4 ms) - -
[30/Jul/2020:09:44:52 -0400] 0:0:0:0:0:0:0:1 "GET /login HTTP/1.1" 200 (10 ms) - -
[30/Jul/2020:09:45:29 -0400] 0:0:0:0:0:0:0:1 "GET /login/1 HTTP/1.1" 302 (7 ms) - -
[30/Jul/2020:09:45:29 -0400] 0:0:0:0:0:0:0:1 "GET /login HTTP/1.1" 200 (12 ms) - -
[30/Jul/2020:09:46:20 -0400] 0:0:0:0:0:0:0:1 "GET /login HTTP/1.1" 200 (13 ms) - -
[30/Jul/2020:09:46:23 -0400] 0:0:0:0:0:0:0:1 "GET / HTTP/1.1" 200 (11 ms) - -
[30/Jul/2020:09:46:31 -0400] 0:0:0:0:0:0:0:1 "GET /error.html HTTP/1.1" 302 (3 ms) - -
[30/Jul/2020:09:46:31 -0400] 0:0:0:0:0:0:0:1 "GET /login HTTP/1.1" 200 (10 ms) - -
[30/Jul/2020:09:46:36 -0400] 0:0:0:0:0:0:0:1 "GET / HTTP/1.1" 200 (29 ms) - -
[30/Jul/2020:09:46:38 -0400] 0:0:0:0:0:0:0:1 "GET / HTTP/1.1" 200 (10 ms) - -
[30/Jul/2020:09:46:42 -0400] 0:0:0:0:0:0:0:1 "GET /error HTTP/1.1" 500 (17 ms) - -
[30/Jul/2020:09:46:42 -0400] 0:0:0:0:0:0:0:1 "GET /img/error.gif HTTP/1.1" 304 (3 ms) - -
[30/Jul/2020:09:47:16 -0400] 0:0:0:0:0:0:0:1 "GET / HTTP/1.1" 200 (12 ms) - -
[30/Jul/2020:09:49:02 -0400] 0:0:0:0:0:0:0:1 "GET /login HTTP/1.1" 200 (11 ms) - -
[30/Jul/2020:09:49:15 -0400] 0:0:0:0:0:0:0:1 "POST /login HTTP/1.1" 302 (349 ms) - -
[30/Jul/2020:09:49:15 -0400] 0:0:0:0:0:0:0:1 "GET /error.html HTTP/1.1" 500 (13 ms) - -
[30/Jul/2020:09:49:24 -0400] 0:0:0:0:0:0:0:1 "GET /admin-menu HTTP/1.1" 200 (18 ms) - -
[30/Jul/2020:09:49:33 -0400] 0:0:0:0:0:0:0:1 "GET /error HTTP/1.1" 500 (18 ms) - -
[30/Jul/2020:09:49:37 -0400] 0:0:0:0:0:0:0:1 "GET / HTTP/1.1" 200 (11 ms) - -
[30/Jul/2020:09:49:39 -0400] 0:0:0:0:0:0:0:1 "GET /admin-menu HTTP/1.1" 200 (16 ms) - -
[30/Jul/2020:09:49:40 -0400] 0:0:0:0:0:0:0:1 "GET /list-allergies HTTP/1.1" 200 (76 ms) - -
[30/Jul/2020:09:50:17 -0400] 0:0:0:0:0:0:0:1 "GET /view-allergy/1 HTTP/1.1" 200 (45 ms) - -
[30/Jul/2020:09:50:38 -0400] 0:0:0:0:0:0:0:1 "GET /list-allergies HTTP/1.1" 200 (18 ms) - -
[30/Jul/2020:09:50:45 -0400] 0:0:0:0:0:0:0:1 "GET /edit-allergy/4 HTTP/1.1" 200 (75 ms) - -
[30/Jul/2020:09:51:06 -0400] 0:0:0:0:0:0:0:1 "POST /update-allergy HTTP/1.1" 302 (34 ms) - -
[30/Jul/2020:09:51:06 -0400] 0:0:0:0:0:0:0:1 "GET /list-allergies HTTP/1.1" 200 (14 ms) - -
[30/Jul/2020:09:51:08 -0400] 0:0:0:0:0:0:0:1 "GET /edit-allergy/4 HTTP/1.1" 200 (13 ms) - -
[30/Jul/2020:09:51:49 -0400] 0:0:0:0:0:0:0:1 "POST /update-allergy HTTP/1.1" 302 (8 ms) - -
[30/Jul/2020:09:51:49 -0400] 0:0:0:0:0:0:0:1 "GET /list-allergies HTTP/1.1" 200 (15 ms) - -
[30/Jul/2020:09:52:19 -0400] 0:0:0:0:0:0:0:1 "GET /add-allergy HTTP/1.1" 200 (31 ms) - -
[30/Jul/2020:09:52:23 -0400] 0:0:0:0:0:0:0:1 "POST /save-allergy HTTP/1.1" 302 (9 ms) - -
[30/Jul/2020:09:52:23 -0400] 0:0:0:0:0:0:0:1 "GET /list-allergies HTTP/1.1" 200 (15 ms) - -
[30/Jul/2020:09:52:49 -0400] 0:0:0:0:0:0:0:1 "GET /search-allergies?keyword=be HTTP/1.1" 200 (76 ms) - -
[30/Jul/2020:09:53:03 -0400] 0:0:0:0:0:0:0:1 "GET /view-allergy/76 HTTP/1.1" 200 (18 ms) - -
[30/Jul/2020:09:53:23 -0400] 0:0:0:0:0:0:0:1 "GET /list-allergies HTTP/1.1" 200 (15 ms) - -
[30/Jul/2020:09:54:43 -0400] 0:0:0:0:0:0:0:1 "GET /view-allergy/5 HTTP/1.1" 200 (13 ms) - -
[30/Jul/2020:09:54:44 -0400] 0:0:0:0:0:0:0:1 "GET /list-allergies HTTP/1.1" 200 (18 ms) - -
[30/Jul/2020:09:57:01 -0400] 0:0:0:0:0:0:0:1 "GET /delete-allergy/76 HTTP/1.1" 302 (76 ms) - -
[30/Jul/2020:09:57:01 -0400] 0:0:0:0:0:0:0:1 "GET /list-allergies HTTP/1.1" 200 (15 ms) - -
[30/Jul/2020:09:59:13 -0400] 0:0:0:0:0:0:0:1 "GET /admin-menu HTTP/1.1" 200 (17 ms) - -
[30/Jul/2020:10:04:09 -0400] 0:0:0:0:0:0:0:1 "GET /qr-capture HTTP/1.1" 200 (54 ms) - -
[30/Jul/2020:10:04:09 -0400] 0:0:0:0:0:0:0:1 "GET /js/html5-qrcode.min.js HTTP/1.1" 200 (22 ms) - -
[30/Jul/2020:10:04:22 -0400] 0:0:0:0:0:0:0:1 "GET /view-user/http://rgprogramming.com HTTP/1.1" 500 (22 ms) - -
[30/Jul/2020:10:04:22 -0400] 0:0:0:0:0:0:0:1 "GET /view-user/http://img/error.gif HTTP/1.1" 500 (11 ms) - -
[30/Jul/2020:10:05:22 -0400] 0:0:0:0:0:0:0:1 "GET / HTTP/1.1" 200 (11 ms) - -
[30/Jul/2020:10:07:48 -0400] 0:0:0:0:0:0:0:1 "GET /admin-menu HTTP/1.1" 200 (13 ms) - -
[30/Jul/2020:10:07:50 -0400] 0:0:0:0:0:0:0:1 "GET /qr-capture HTTP/1.1" 200 (10 ms) - -
[30/Jul/2020:10:07:59 -0400] 0:0:0:0:0:0:0:1 "GET /view-user/http:?/rgprogramming.com HTTP/1.1" 400 (40 ms) - -
[30/Jul/2020:10:07:59 -0400] 0:0:0:0:0:0:0:1 "GET /favicon.ico HTTP/1.1" 404 (23 ms) - -
[30/Jul/2020:10:08:16 -0400] 0:0:0:0:0:0:0:1 "GET /view-user/http:?/rgprogramming.com HTTP/1.1" 400 (22 ms) - -
[30/Jul/2020:10:08:16 -0400] 0:0:0:0:0:0:0:1 "GET /view-user/img/error.gif HTTP/1.1" 404 (19 ms) - -
[30/Jul/2020:10:08:31 -0400] 0:0:0:0:0:0:0:1 "GET /view-user/http:?/rgprogramming.com HTTP/1.1" 400 (20 ms) - -
[30/Jul/2020:10:08:32 -0400] 0:0:0:0:0:0:0:1 "GET /img/error.gif HTTP/1.1" 304 (4 ms) - -
[30/Jul/2020:10:08:32 -0400] 0:0:0:0:0:0:0:1 "GET /img/vlol_icon.png HTTP/1.1" 200 (6 ms) - -
[30/Jul/2020:10:08:37 -0400] 0:0:0:0:0:0:0:1 "GET / HTTP/1.1" 200 (13 ms) - -
[30/Jul/2020:10:13:50 -0400] 0:0:0:0:0:0:0:1 "GET /logout HTTP/1.1" 302 (3 ms) - -
[30/Jul/2020:10:13:50 -0400] 0:0:0:0:0:0:0:1 "GET / HTTP/1.1" 200 (9 ms) - -
[30/Jul/2020:10:13:54 -0400] 0:0:0:0:0:0:0:1 "GET /login HTTP/1.1" 200 (9 ms) - -
[30/Jul/2020:10:14:05 -0400] 0:0:0:0:0:0:0:1 "POST /login HTTP/1.1" 302 (347 ms) - -
[30/Jul/2020:10:14:05 -0400] 0:0:0:0:0:0:0:1 "GET /admin-menu HTTP/1.1" 200 (11 ms) - -
[30/Jul/2020:10:14:09 -0400] 0:0:0:0:0:0:0:1 "GET /list-roles HTTP/1.1" 200 (69 ms) - -
[30/Jul/2020:10:14:11 -0400] 0:0:0:0:0:0:0:1 "GET /admin-menu HTTP/1.1" 200 (16 ms) - -
[30/Jul/2020:10:14:13 -0400] 0:0:0:0:0:0:0:1 "GET /list-users HTTP/1.1" 200 (38 ms) - -
[30/Jul/2020:10:14:20 -0400] 0:0:0:0:0:0:0:1 "GET /delete-user/5 HTTP/1.1" 302 (18 ms) - -
[30/Jul/2020:10:14:20 -0400] 0:0:0:0:0:0:0:1 "GET /list-users HTTP/1.1" 200 (20 ms) - -
[30/Jul/2020:10:14:25 -0400] 0:0:0:0:0:0:0:1 "GET /list-users HTTP/1.1" 200 (21 ms) - -
[30/Jul/2020:10:14:25 -0400] 0:0:0:0:0:0:0:1 "GET /img/vlol_icon.png HTTP/1.1" 200 (4 ms) - -
[30/Jul/2020:10:15:05 -0400] 0:0:0:0:0:0:0:1 "GET /admin-menu HTTP/1.1" 200 (17 ms) - -
[30/Jul/2020:10:15:07 -0400] 0:0:0:0:0:0:0:1 "GET /console HTTP/1.1" 302 (63 ms) - -
[30/Jul/2020:10:15:07 -0400] 0:0:0:0:0:0:0:1 "GET /console/ HTTP/1.1" 200 (22 ms) - -
[30/Jul/2020:10:15:07 -0400] 0:0:0:0:0:0:0:1 "GET /console/stylesheet.css HTTP/1.1" 200 (18 ms) - -
[30/Jul/2020:10:15:07 -0400] 0:0:0:0:0:0:0:1 "GET /console/login.jsp?jsessionid=990d8cb90c6b87bf0000b664afb918cb HTTP/1.1" 200 (6 ms) - -
[30/Jul/2020:10:15:07 -0400] 0:0:0:0:0:0:0:1 "GET /console/background.gif HTTP/1.1" 200 (6 ms) - -
[30/Jul/2020:10:15:37 -0400] 0:0:0:0:0:0:0:1 "POST /console/login.do?jsessionid=990d8cb90c6b87bf0000b664afb918cb HTTP/1.1" 200 (11 ms) - -
[30/Jul/2020:10:15:37 -0400] 0:0:0:0:0:0:0:1 "GET /console/stylesheet.css HTTP/1.1" 304 (2 ms) - -
[30/Jul/2020:10:15:37 -0400] 0:0:0:0:0:0:0:1 "GET /console/header.jsp?jsessionid=990d8cb90c6b87bf0000b664afb918cb HTTP/1.1" 200 (6 ms) - -
[30/Jul/2020:10:15:37 -0400] 0:0:0:0:0:0:0:1 "GET /console/query.jsp?jsessionid=990d8cb90c6b87bf0000b664afb918cb HTTP/1.1" 200 (10 ms) - -
[30/Jul/2020:10:15:37 -0400] 0:0:0:0:0:0:0:1 "GET /console/help.jsp?jsessionid=990d8cb90c6b87bf0000b664afb918cb HTTP/1.1" 200 (10 ms) - -
[30/Jul/2020:10:15:37 -0400] 0:0:0:0:0:0:0:1 "GET /console/tables.do?jsessionid=990d8cb90c6b87bf0000b664afb918cb HTTP/1.1" 200 (129 ms) - -
[30/Jul/2020:10:15:37 -0400] 0:0:0:0:0:0:0:1 "GET /console/icon_line.gif HTTP/1.1" 200 (9 ms) - -
[30/Jul/2020:10:15:37 -0400] 0:0:0:0:0:0:0:1 "GET /console/icon_disconnect.gif HTTP/1.1" 200 (12 ms) - -
[30/Jul/2020:10:15:37 -0400] 0:0:0:0:0:0:0:1 "GET /console/icon_rollback.gif HTTP/1.1" 200 (11 ms) - -
[30/Jul/2020:10:15:37 -0400] 0:0:0:0:0:0:0:1 "GET /console/icon_refresh.gif HTTP/1.1" 200 (15 ms) - -
[30/Jul/2020:10:15:37 -0400] 0:0:0:0:0:0:0:1 "GET /console/icon_commit.gif HTTP/1.1" 200 (13 ms) - -
[30/Jul/2020:10:15:37 -0400] 0:0:0:0:0:0:0:1 "GET /console/icon_run.gif HTTP/1.1" 200 (10 ms) - -
[30/Jul/2020:10:15:37 -0400] 0:0:0:0:0:0:0:1 "GET /console/icon_run_selected.gif HTTP/1.1" 200 (11 ms) - -
[30/Jul/2020:10:15:37 -0400] 0:0:0:0:0:0:0:1 "GET /console/icon_stop.gif HTTP/1.1" 200 (10 ms) - -
[30/Jul/2020:10:15:37 -0400] 0:0:0:0:0:0:0:1 "GET /console/icon_history.gif HTTP/1.1" 200 (8 ms) - -
[30/Jul/2020:10:15:37 -0400] 0:0:0:0:0:0:0:1 "GET /console/icon_help.gif HTTP/1.1" 200 (8 ms) - -
[30/Jul/2020:10:15:37 -0400] 0:0:0:0:0:0:0:1 "GET /console/tree.js HTTP/1.1" 200 (4 ms) - -
[30/Jul/2020:10:15:38 -0400] 0:0:0:0:0:0:0:1 "GET /console/tree_minus.gif HTTP/1.1" 200 (7 ms) - -
[30/Jul/2020:10:15:38 -0400] 0:0:0:0:0:0:0:1 "GET /console/tree_table.gif HTTP/1.1" 200 (5 ms) - -
[30/Jul/2020:10:15:38 -0400] 0:0:0:0:0:0:0:1 "GET /console/tree_empty.gif HTTP/1.1" 200 (7 ms) - -
[30/Jul/2020:10:15:38 -0400] 0:0:0:0:0:0:0:1 "GET /console/tree_column.gif HTTP/1.1" 200 (10 ms) - -
[30/Jul/2020:10:15:38 -0400] 0:0:0:0:0:0:0:1 "GET /console/tree_database.gif HTTP/1.1" 200 (13 ms) - -
[30/Jul/2020:10:15:38 -0400] 0:0:0:0:0:0:0:1 "GET /console/tree_plus.gif HTTP/1.1" 200 (14 ms) - -
[30/Jul/2020:10:15:38 -0400] 0:0:0:0:0:0:0:1 "GET /console/tree_type.gif HTTP/1.1" 200 (7 ms) - -
[30/Jul/2020:10:15:38 -0400] 0:0:0:0:0:0:0:1 "GET /console/tree_index_az.gif HTTP/1.1" 200 (8 ms) - -
[30/Jul/2020:10:15:38 -0400] 0:0:0:0:0:0:0:1 "GET /console/tree_users.gif HTTP/1.1" 200 (6 ms) - -
[30/Jul/2020:10:15:38 -0400] 0:0:0:0:0:0:0:1 "GET /console/tree_sequences.gif HTTP/1.1" 200 (8 ms) - -
[30/Jul/2020:10:15:38 -0400] 0:0:0:0:0:0:0:1 "GET /console/tree_folder.gif HTTP/1.1" 200 (6 ms) - -
[30/Jul/2020:10:15:38 -0400] 0:0:0:0:0:0:0:1 "GET /console/tree_info.gif HTTP/1.1" 200 (10 ms) - -
[30/Jul/2020:10:15:38 -0400] 0:0:0:0:0:0:0:1 "GET /console/tree_index.gif HTTP/1.1" 200 (7 ms) - -
[30/Jul/2020:10:15:38 -0400] 0:0:0:0:0:0:0:1 "GET /console/tree_sequence.gif HTTP/1.1" 200 (7 ms) - -
[30/Jul/2020:10:15:38 -0400] 0:0:0:0:0:0:0:1 "GET /console/tree_user.gif HTTP/1.1" 200 (10 ms) - -
[30/Jul/2020:10:17:17 -0400] 0:0:0:0:0:0:0:1 "POST /console/query.do?jsessionid=990d8cb90c6b87bf0000b664afb918cb HTTP/1.1" 200 (12 ms) - -
[30/Jul/2020:10:17:17 -0400] 0:0:0:0:0:0:0:1 "GET /console/stylesheet.css HTTP/1.1" 304 (2 ms) - -
[30/Jul/2020:10:17:17 -0400] 0:0:0:0:0:0:0:1 "GET /console/table.js HTTP/1.1" 200 (6 ms) - -
[30/Jul/2020:10:17:36 -0400] 0:0:0:0:0:0:0:1 "GET / HTTP/1.1" 200 (19 ms) - -
[30/Jul/2020:10:17:38 -0400] 0:0:0:0:0:0:0:1 "GET /admin-menu HTTP/1.1" 200 (16 ms) - -
[30/Jul/2020:10:17:40 -0400] 0:0:0:0:0:0:0:1 "GET /list-users HTTP/1.1" 200 (18 ms) - -
[30/Jul/2020:10:18:03 -0400] 0:0:0:0:0:0:0:1 "POST /console/query.do?jsessionid=990d8cb90c6b87bf0000b664afb918cb HTTP/1.1" 200 (6 ms) - -
[30/Jul/2020:10:18:03 -0400] 0:0:0:0:0:0:0:1 "GET /console/stylesheet.css HTTP/1.1" 304 (1 ms) - -
[30/Jul/2020:10:18:03 -0400] 0:0:0:0:0:0:0:1 "GET /console/table.js HTTP/1.1" 304 (3 ms) - -
[30/Jul/2020:10:18:15 -0400] 0:0:0:0:0:0:0:1 "POST /console/query.do?jsessionid=990d8cb90c6b87bf0000b664afb918cb HTTP/1.1" 200 (7 ms) - -
[30/Jul/2020:10:18:15 -0400] 0:0:0:0:0:0:0:1 "GET /console/stylesheet.css HTTP/1.1" 304 (2 ms) - -
[30/Jul/2020:10:18:15 -0400] 0:0:0:0:0:0:0:1 "GET /console/table.js HTTP/1.1" 304 (0 ms) - -
[30/Jul/2020:10:18:57 -0400] 0:0:0:0:0:0:0:1 "GET /admin-menu HTTP/1.1" 200 (13 ms) - -
[30/Jul/2020:10:18:59 -0400] 0:0:0:0:0:0:0:1 "GET /list-roles HTTP/1.1" 200 (11 ms) - -
[30/Jul/2020:10:19:21 -0400] 0:0:0:0:0:0:0:1 "POST /console/query.do?jsessionid=990d8cb90c6b87bf0000b664afb918cb HTTP/1.1" 200 (2 ms) - -
[30/Jul/2020:10:19:21 -0400] 0:0:0:0:0:0:0:1 "GET /console/table.js HTTP/1.1" 304 (2 ms) - -
[30/Jul/2020:10:19:21 -0400] 0:0:0:0:0:0:0:1 "GET /console/stylesheet.css HTTP/1.1" 304 (4 ms) - -
[30/Jul/2020:10:19:30 -0400] 0:0:0:0:0:0:0:1 "POST /console/query.do?jsessionid=990d8cb90c6b87bf0000b664afb918cb HTTP/1.1" 200 (5 ms) - -
[30/Jul/2020:10:19:30 -0400] 0:0:0:0:0:0:0:1 "GET /console/tables.do?jsessionid=990d8cb90c6b87bf0000b664afb918cb HTTP/1.1" 200 (39 ms) - -
[30/Jul/2020:10:19:30 -0400] 0:0:0:0:0:0:0:1 "GET /console/tree.js HTTP/1.1" 304 (2 ms) - -
[30/Jul/2020:10:19:30 -0400] 0:0:0:0:0:0:0:1 "GET /console/tree_minus.gif HTTP/1.1" 304 (2 ms) - -
[30/Jul/2020:10:19:30 -0400] 0:0:0:0:0:0:0:1 "GET /console/tree_plus.gif HTTP/1.1" 304 (2 ms) - -
[30/Jul/2020:10:19:30 -0400] 0:0:0:0:0:0:0:1 "GET /console/tree_database.gif HTTP/1.1" 304 (1 ms) - -
[30/Jul/2020:10:19:30 -0400] 0:0:0:0:0:0:0:1 "GET /console/tree_empty.gif HTTP/1.1" 304 (3 ms) - -
[30/Jul/2020:10:19:30 -0400] 0:0:0:0:0:0:0:1 "GET /console/tree_table.gif HTTP/1.1" 304 (1 ms) - -
[30/Jul/2020:10:19:30 -0400] 0:0:0:0:0:0:0:1 "GET /console/tree_column.gif HTTP/1.1" 304 (2 ms) - -
[30/Jul/2020:10:19:30 -0400] 0:0:0:0:0:0:0:1 "GET /console/tree_type.gif HTTP/1.1" 304 (1 ms) - -
[30/Jul/2020:10:19:30 -0400] 0:0:0:0:0:0:0:1 "GET /console/tree_index_az.gif HTTP/1.1" 304 (2 ms) - -
[30/Jul/2020:10:19:30 -0400] 0:0:0:0:0:0:0:1 "GET /console/tree_index.gif HTTP/1.1" 304 (1 ms) - -
[30/Jul/2020:10:19:30 -0400] 0:0:0:0:0:0:0:1 "GET /console/tree_folder.gif HTTP/1.1" 304 (1 ms) - -
[30/Jul/2020:10:19:30 -0400] 0:0:0:0:0:0:0:1 "GET /console/tree_sequences.gif HTTP/1.1" 304 (2 ms) - -
[30/Jul/2020:10:19:30 -0400] 0:0:0:0:0:0:0:1 "GET /console/tree_sequence.gif HTTP/1.1" 304 (1 ms) - -
[30/Jul/2020:10:19:30 -0400] 0:0:0:0:0:0:0:1 "GET /console/tree_info.gif HTTP/1.1" 304 (2 ms) - -
[30/Jul/2020:10:19:30 -0400] 0:0:0:0:0:0:0:1 "GET /console/tree_user.gif HTTP/1.1" 304 (1 ms) - -
[30/Jul/2020:10:19:30 -0400] 0:0:0:0:0:0:0:1 "GET /console/tree_users.gif HTTP/1.1" 304 (6 ms) - -
[30/Jul/2020:10:19:34 -0400] 0:0:0:0:0:0:0:1 "GET /list-roles HTTP/1.1" 200 (11 ms) - -
[30/Jul/2020:10:19:34 -0400] 0:0:0:0:0:0:0:1 "GET /img/vlol_icon.png HTTP/1.1" 200 (3 ms) - -
[30/Jul/2020:10:19:36 -0400] 0:0:0:0:0:0:0:1 "GET /admin-menu HTTP/1.1" 200 (13 ms) - -
[30/Jul/2020:10:32:39 -0400] 0:0:0:0:0:0:0:1 "GET /list-users HTTP/1.1" 200 (66 ms) - -
[30/Jul/2020:10:32:41 -0400] 0:0:0:0:0:0:0:1 "GET /add-user HTTP/1.1" 200 (231 ms) - -
[30/Jul/2020:10:34:31 -0400] 0:0:0:0:0:0:0:1 "POST /save-user HTTP/1.1" 302 (113 ms) - -
[30/Jul/2020:10:34:31 -0400] 0:0:0:0:0:0:0:1 "GET /list-users HTTP/1.1" 200 (22 ms) - -
[30/Jul/2020:10:34:34 -0400] 0:0:0:0:0:0:0:1 "GET /view-user/6 HTTP/1.1" 200 (70 ms) - -
[30/Jul/2020:10:34:40 -0400] 0:0:0:0:0:0:0:1 "GET /list-users HTTP/1.1" 200 (27 ms) - -
[30/Jul/2020:10:34:43 -0400] 0:0:0:0:0:0:0:1 "GET /edit-user/6 HTTP/1.1" 200 (167 ms) - -
[30/Jul/2020:10:34:52 -0400] 0:0:0:0:0:0:0:1 "POST /update-user HTTP/1.1" 500 (38 ms) - -
[30/Jul/2020:10:34:52 -0400] 0:0:0:0:0:0:0:1 "GET /img/error.gif HTTP/1.1" 304 (2 ms) - -
[30/Jul/2020:10:35:01 -0400] 0:0:0:0:0:0:0:1 "GET /edit-user/6 HTTP/1.1" 200 (214 ms) - -
[30/Jul/2020:10:35:37 -0400] 0:0:0:0:0:0:0:1 "GET /edit-user/6 HTTP/1.1" 200 (232 ms) - -
[30/Jul/2020:10:35:37 -0400] 0:0:0:0:0:0:0:1 "GET /img/vlol_icon.png HTTP/1.1" 200 (4 ms) - -
[30/Jul/2020:10:35:41 -0400] 0:0:0:0:0:0:0:1 "GET /admin-menu HTTP/1.1" 200 (17 ms) - -
[30/Jul/2020:10:35:43 -0400] 0:0:0:0:0:0:0:1 "GET /list-users HTTP/1.1" 200 (22 ms) - -
[30/Jul/2020:10:35:45 -0400] 0:0:0:0:0:0:0:1 "GET /edit-user/6 HTTP/1.1" 200 (122 ms) - -
[30/Jul/2020:10:35:53 -0400] 0:0:0:0:0:0:0:1 "POST /update-user HTTP/1.1" 500 (31 ms) - -
[30/Jul/2020:10:35:57 -0400] 0:0:0:0:0:0:0:1 "GET /edit-user/6 HTTP/1.1" 200 (111 ms) - -
[30/Jul/2020:10:36:37 -0400] 0:0:0:0:0:0:0:1 "GET /admin-menu HTTP/1.1" 200 (22 ms) - -
[30/Jul/2020:10:36:40 -0400] 0:0:0:0:0:0:0:1 "GET /admin-menu HTTP/1.1" 200 (38 ms) - -
[30/Jul/2020:10:36:40 -0400] 0:0:0:0:0:0:0:1 "GET /img/vlol_icon.png HTTP/1.1" 200 (4 ms) - -
[30/Jul/2020:10:36:44 -0400] 0:0:0:0:0:0:0:1 "GET /list-users HTTP/1.1" 200 (23 ms) - -
[30/Jul/2020:10:36:46 -0400] 0:0:0:0:0:0:0:1 "GET /edit-user/6 HTTP/1.1" 200 (132 ms) - -
[30/Jul/2020:10:36:53 -0400] 0:0:0:0:0:0:0:1 "POST /update-user HTTP/1.1" 302 (20 ms) - -
[30/Jul/2020:10:36:53 -0400] 0:0:0:0:0:0:0:1 "GET /list-users HTTP/1.1" 200 (18 ms) - -
[30/Jul/2020:10:36:59 -0400] 0:0:0:0:0:0:0:1 "GET /delete-user/6 HTTP/1.1" 302 (4 ms) - -
[30/Jul/2020:10:36:59 -0400] 0:0:0:0:0:0:0:1 "GET /list-users HTTP/1.1" 200 (18 ms) - -
[30/Jul/2020:10:37:04 -0400] 0:0:0:0:0:0:0:1 "GET /admin-menu HTTP/1.1" 200 (12 ms) - -
[30/Jul/2020:10:37:05 -0400] 0:0:0:0:0:0:0:1 "GET /list-roles HTTP/1.1" 200 (12 ms) - -
[30/Jul/2020:10:37:08 -0400] 0:0:0:0:0:0:0:1 "GET /admin-menu HTTP/1.1" 200 (10 ms) - -
[30/Jul/2020:19:48:02 -0400] 0:0:0:0:0:0:0:1 "GET / HTTP/1.1" 200 (1264 ms) - -
[30/Jul/2020:19:48:02 -0400] 0:0:0:0:0:0:0:1 "GET /js/scripts.js HTTP/1.1" 200 (30 ms) - -
[30/Jul/2020:19:48:02 -0400] 0:0:0:0:0:0:0:1 "GET /css/styles.css HTTP/1.1" 200 (32 ms) - -
[30/Jul/2020:19:48:03 -0400] 0:0:0:0:0:0:0:1 "GET /img/vlol_icon.png HTTP/1.1" 200 (11 ms) - -
[30/Jul/2020:19:48:03 -0400] 0:0:0:0:0:0:0:1 "GET /img/vlol_cover.jpg HTTP/1.1" 200 (18 ms) - -
[30/Jul/2020:19:48:06 -0400] 0:0:0:0:0:0:0:1 "GET /login HTTP/1.1" 200 (55 ms) - -
[30/Jul/2020:19:48:06 -0400] 0:0:0:0:0:0:0:1 "GET /img/vlol_logo.png HTTP/1.1" 200 (14 ms) - -
[30/Jul/2020:19:48:19 -0400] 0:0:0:0:0:0:0:1 "POST /login HTTP/1.1" 302 (732 ms) - -
[30/Jul/2020:19:48:19 -0400] 0:0:0:0:0:0:0:1 "GET /admin-menu HTTP/1.1" 200 (176 ms) - -
[30/Jul/2020:19:48:22 -0400] 0:0:0:0:0:0:0:1 "GET /list-allergies HTTP/1.1" 200 (118 ms) - -
[30/Jul/2020:19:48:22 -0400] 0:0:0:0:0:0:0:1 "GET /DataTables/datatables.min.css HTTP/1.1" 200 (13 ms) - -
[30/Jul/2020:19:48:22 -0400] 0:0:0:0:0:0:0:1 "GET /DataTables/datatables.min.js HTTP/1.1" 200 (51 ms) - -
[30/Jul/2020:19:48:22 -0400] 0:0:0:0:0:0:0:1 "GET /DataTables/DataTables-1.10.21/images/sort_both.png HTTP/1.1" 200 (8 ms) - -
[30/Jul/2020:19:48:23 -0400] 0:0:0:0:0:0:0:1 "GET /DataTables/DataTables-1.10.21/images/sort_asc.png HTTP/1.1" 200 (7 ms) - -
[30/Jul/2020:20:21:48 -0400] 0:0:0:0:0:0:0:1 "GET / HTTP/1.1" 200 (2083 ms) - -
[30/Jul/2020:20:21:48 -0400] 0:0:0:0:0:0:0:1 "GET /js/scripts.js HTTP/1.1" 304 (36 ms) - -
[30/Jul/2020:20:21:48 -0400] 0:0:0:0:0:0:0:1 "GET /css/styles.css HTTP/1.1" 304 (43 ms) - -
[30/Jul/2020:20:21:48 -0400] 0:0:0:0:0:0:0:1 "GET /img/vlol_icon.png HTTP/1.1" 304 (19 ms) - -
[30/Jul/2020:20:21:48 -0400] 0:0:0:0:0:0:0:1 "GET /img/vlol_cover.jpg HTTP/1.1" 304 (22 ms) - -
[30/Jul/2020:20:21:50 -0400] 0:0:0:0:0:0:0:1 "GET /login HTTP/1.1" 200 (75 ms) - -
[30/Jul/2020:20:21:50 -0400] 0:0:0:0:0:0:0:1 "GET /img/vlol_logo.png HTTP/1.1" 304 (9 ms) - -
[30/Jul/2020:20:21:56 -0400] 0:0:0:0:0:0:0:1 "GET / HTTP/1.1" 200 (51 ms) - -
[30/Jul/2020:20:21:58 -0400] 0:0:0:0:0:0:0:1 "GET /login HTTP/1.1" 200 (59 ms) - -
[30/Jul/2020:20:22:14 -0400] 0:0:0:0:0:0:0:1 "POST /login HTTP/1.1" 302 (813 ms) - -
[30/Jul/2020:20:22:14 -0400] 0:0:0:0:0:0:0:1 "GET /admin-menu HTTP/1.1" 200 (253 ms) - -
[30/Jul/2020:20:22:24 -0400] 0:0:0:0:0:0:0:1 "GET /list-allergies HTTP/1.1" 200 (121 ms) - -
[30/Jul/2020:20:22:25 -0400] 0:0:0:0:0:0:0:1 "GET /DataTables/datatables.min.css HTTP/1.1" 304 (12 ms) - -
[30/Jul/2020:20:22:25 -0400] 0:0:0:0:0:0:0:1 "GET /DataTables/datatables.min.js HTTP/1.1" 304 (11 ms) - -
[30/Jul/2020:20:22:25 -0400] 0:0:0:0:0:0:0:1 "GET /DataTables/DataTables-1.10.21/images/sort_both.png HTTP/1.1" 304 (7 ms) - -
[30/Jul/2020:20:22:25 -0400] 0:0:0:0:0:0:0:1 "GET /DataTables/DataTables-1.10.21/images/sort_asc.png HTTP/1.1" 304 (7 ms) - -
[30/Jul/2020:20:22:38 -0400] 0:0:0:0:0:0:0:1 "GET /view-allergy/2 HTTP/1.1" 200 (9759 ms) - -
[30/Jul/2020:20:58:50 -0400] 0:0:0:0:0:0:0:1 "GET / HTTP/1.1" 200 (2124 ms) - -
[30/Jul/2020:20:58:50 -0400] 0:0:0:0:0:0:0:1 "GET /js/scripts.js HTTP/1.1" 200 (58 ms) - -
[30/Jul/2020:20:58:50 -0400] 0:0:0:0:0:0:0:1 "GET /css/styles.css HTTP/1.1" 200 (74 ms) - -
[30/Jul/2020:20:58:50 -0400] 0:0:0:0:0:0:0:1 "GET /img/vlol_icon.png HTTP/1.1" 200 (13 ms) - -
[30/Jul/2020:20:58:50 -0400] 0:0:0:0:0:0:0:1 "GET /img/vlol_cover.jpg HTTP/1.1" 200 (21 ms) - -
[30/Jul/2020:20:58:53 -0400] 0:0:0:0:0:0:0:1 "GET /login HTTP/1.1" 200 (68 ms) - -
[30/Jul/2020:20:58:53 -0400] 0:0:0:0:0:0:0:1 "GET /img/vlol_logo.png HTTP/1.1" 200 (29 ms) - -
[30/Jul/2020:20:59:17 -0400] 0:0:0:0:0:0:0:1 "POST /login HTTP/1.1" 302 (827 ms) - -
[30/Jul/2020:20:59:18 -0400] 0:0:0:0:0:0:0:1 "GET /admin-menu HTTP/1.1" 200 (327 ms) - -
[30/Jul/2020:20:59:27 -0400] 0:0:0:0:0:0:0:1 "GET /list-allergies HTTP/1.1" 200 (139 ms) - -
[30/Jul/2020:20:59:28 -0400] 0:0:0:0:0:0:0:1 "GET /DataTables/datatables.min.css HTTP/1.1" 200 (28 ms) - -
[30/Jul/2020:20:59:28 -0400] 0:0:0:0:0:0:0:1 "GET /DataTables/datatables.min.js HTTP/1.1" 200 (74 ms) - -
[30/Jul/2020:20:59:28 -0400] 0:0:0:0:0:0:0:1 "GET /DataTables/DataTables-1.10.21/images/sort_both.png HTTP/1.1" 200 (11 ms) - -
[30/Jul/2020:20:59:29 -0400] 0:0:0:0:0:0:0:1 "GET /DataTables/DataTables-1.10.21/images/sort_asc.png HTTP/1.1" 200 (8 ms) - -
[30/Jul/2020:20:59:31 -0400] 0:0:0:0:0:0:0:1 "GET /edit-allergy/2 HTTP/1.1" 200 (87 ms) - -
[30/Jul/2020:20:59:40 -0400] 0:0:0:0:0:0:0:1 "POST /update-allergy HTTP/1.1" 500 (6581 ms) - -
[30/Jul/2020:20:59:41 -0400] 0:0:0:0:0:0:0:1 "GET /img/error.gif HTTP/1.1" 200 (98 ms) - -
[30/Jul/2020:22:13:15 -0400] 0:0:0:0:0:0:0:1 "GET / HTTP/1.1" 200 (2275 ms) - -
[30/Jul/2020:22:13:15 -0400] 0:0:0:0:0:0:0:1 "GET /css/styles.css HTTP/1.1" 200 (43 ms) - -
[30/Jul/2020:22:13:15 -0400] 0:0:0:0:0:0:0:1 "GET /js/scripts.js HTTP/1.1" 200 (45 ms) - -
[30/Jul/2020:22:13:15 -0400] 0:0:0:0:0:0:0:1 "GET /img/vlol_cover.jpg HTTP/1.1" 200 (8 ms) - -
[30/Jul/2020:22:13:15 -0400] 0:0:0:0:0:0:0:1 "GET /img/vlol_icon.png HTTP/1.1" 200 (13 ms) - -
[30/Jul/2020:22:13:19 -0400] 0:0:0:0:0:0:0:1 "GET /login HTTP/1.1" 200 (67 ms) - -
[30/Jul/2020:22:13:19 -0400] 0:0:0:0:0:0:0:1 "GET /img/vlol_logo.png HTTP/1.1" 200 (16 ms) - -
[30/Jul/2020:22:13:32 -0400] 0:0:0:0:0:0:0:1 "POST /login HTTP/1.1" 302 (809 ms) - -
[30/Jul/2020:22:13:32 -0400] 0:0:0:0:0:0:0:1 "GET /admin-menu HTTP/1.1" 200 (246 ms) - -
[30/Jul/2020:22:13:32 -0400] 0:0:0:0:0:0:0:1 "GET /css/styles.css HTTP/1.1" 304 (24 ms) - -
[30/Jul/2020:22:13:32 -0400] 0:0:0:0:0:0:0:1 "GET /js/scripts.js HTTP/1.1" 304 (24 ms) - -
[30/Jul/2020:22:13:32 -0400] 0:0:0:0:0:0:0:1 "GET /img/vlol_icon.png HTTP/1.1" 304 (6 ms) - -
[30/Jul/2020:22:13:36 -0400] 0:0:0:0:0:0:0:1 "GET /list-allergies HTTP/1.1" 200 (185 ms) - -
[30/Jul/2020:22:13:36 -0400] 0:0:0:0:0:0:0:1 "GET /DataTables/datatables.min.css HTTP/1.1" 200 (12 ms) - -
[30/Jul/2020:22:13:36 -0400] 0:0:0:0:0:0:0:1 "GET /DataTables/datatables.min.js HTTP/1.1" 200 (53 ms) - -
[30/Jul/2020:22:13:37 -0400] 0:0:0:0:0:0:0:1 "GET /DataTables/DataTables-1.10.21/images/sort_both.png HTTP/1.1" 200 (9 ms) - -
[30/Jul/2020:22:13:37 -0400] 0:0:0:0:0:0:0:1 "GET /DataTables/DataTables-1.10.21/images/sort_asc.png HTTP/1.1" 200 (7 ms) - -
[30/Jul/2020:22:13:40 -0400] 0:0:0:0:0:0:0:1 "GET /view-allergy/2 HTTP/1.1" 200 (72 ms) - -
[30/Jul/2020:22:13:42 -0400] 0:0:0:0:0:0:0:1 "GET /list-allergies HTTP/1.1" 200 (67 ms) - -
[30/Jul/2020:22:13:44 -0400] 0:0:0:0:0:0:0:1 "GET /edit-allergy/2 HTTP/1.1" 200 (55 ms) - -
[30/Jul/2020:22:13:58 -0400] 0:0:0:0:0:0:0:1 "POST /update-allergy HTTP/1.1" 302 (8299 ms) - -
[30/Jul/2020:22:13:58 -0400] 0:0:0:0:0:0:0:1 "GET /list-allergies HTTP/1.1" 200 (84 ms) - -
[30/Jul/2020:22:13:59 -0400] 0:0:0:0:0:0:0:1 "GET /css/styles.css HTTP/1.1" 304 (9 ms) - -
[30/Jul/2020:22:13:59 -0400] 0:0:0:0:0:0:0:1 "GET /DataTables/datatables.min.css HTTP/1.1" 304 (17 ms) - -
[30/Jul/2020:22:13:59 -0400] 0:0:0:0:0:0:0:1 "GET /DataTables/datatables.min.js HTTP/1.1" 304 (6 ms) - -
[30/Jul/2020:22:13:59 -0400] 0:0:0:0:0:0:0:1 "GET /img/vlol_icon.png HTTP/1.1" 304 (9 ms) - -
[30/Jul/2020:22:13:59 -0400] 0:0:0:0:0:0:0:1 "GET /DataTables/DataTables-1.10.21/images/sort_both.png HTTP/1.1" 304 (5 ms) - -
[30/Jul/2020:22:13:59 -0400] 0:0:0:0:0:0:0:1 "GET /DataTables/DataTables-1.10.21/images/sort_asc.png HTTP/1.1" 304 (7 ms) - -
[30/Jul/2020:22:14:05 -0400] 0:0:0:0:0:0:0:1 "GET /edit-allergy/2 HTTP/1.1" 200 (34 ms) - -
[30/Jul/2020:22:14:05 -0400] 0:0:0:0:0:0:0:1 "GET /js/scripts.js HTTP/1.1" 304 (10 ms) - -
[30/Jul/2020:22:14:18 -0400] 0:0:0:0:0:0:0:1 "POST /update-allergy HTTP/1.1" 302 (9819 ms) - -
[30/Jul/2020:22:14:18 -0400] 0:0:0:0:0:0:0:1 "GET /list-allergies HTTP/1.1" 200 (37 ms) - -
[30/Jul/2020:22:14:18 -0400] 0:0:0:0:0:0:0:1 "GET /DataTables/datatables.min.css HTTP/1.1" 304 (11 ms) - -
[30/Jul/2020:22:14:18 -0400] 0:0:0:0:0:0:0:1 "GET /css/styles.css HTTP/1.1" 304 (5 ms) - -
[30/Jul/2020:22:14:18 -0400] 0:0:0:0:0:0:0:1 "GET /img/vlol_icon.png HTTP/1.1" 304 (3 ms) - -
[30/Jul/2020:22:14:18 -0400] 0:0:0:0:0:0:0:1 "GET /DataTables/datatables.min.js HTTP/1.1" 304 (3 ms) - -
[30/Jul/2020:22:14:19 -0400] 0:0:0:0:0:0:0:1 "GET /DataTables/DataTables-1.10.21/images/sort_both.png HTTP/1.1" 304 (3 ms) - -
[30/Jul/2020:22:14:19 -0400] 0:0:0:0:0:0:0:1 "GET /DataTables/DataTables-1.10.21/images/sort_asc.png HTTP/1.1" 304 (4 ms) - -
[30/Jul/2020:22:16:26 -0400] 0:0:0:0:0:0:0:1 "GET / HTTP/1.1" 200 (31 ms) - -
[30/Jul/2020:22:16:26 -0400] 0:0:0:0:0:0:0:1 "GET /css/styles.css HTTP/1.1" 304 (6 ms) - -
[30/Jul/2020:22:16:26 -0400] 0:0:0:0:0:0:0:1 "GET /js/scripts.js HTTP/1.1" 304 (3 ms) - -
[30/Jul/2020:22:16:26 -0400] 0:0:0:0:0:0:0:1 "GET /img/vlol_icon.png HTTP/1.1" 304 (7 ms) - -
[30/Jul/2020:22:16:26 -0400] 0:0:0:0:0:0:0:1 "GET /img/vlol_cover.jpg HTTP/1.1" 304 (6 ms) - -
[30/Jul/2020:22:16:29 -0400] 0:0:0:0:0:0:0:1 "GET /admin-menu HTTP/1.1" 200 (42 ms) - -
[30/Jul/2020:22:16:35 -0400] 0:0:0:0:0:0:0:1 "GET /list-allergies HTTP/1.1" 200 (36 ms) - -
[30/Jul/2020:22:16:35 -0400] 0:0:0:0:0:0:0:1 "GET /DataTables/datatables.min.css HTTP/1.1" 304 (5 ms) - -
[30/Jul/2020:22:16:35 -0400] 0:0:0:0:0:0:0:1 "GET /DataTables/datatables.min.js HTTP/1.1" 304 (4 ms) - -
[30/Jul/2020:22:16:35 -0400] 0:0:0:0:0:0:0:1 "GET /DataTables/DataTables-1.10.21/images/sort_both.png HTTP/1.1" 304 (6 ms) - -
[30/Jul/2020:22:16:36 -0400] 0:0:0:0:0:0:0:1 "GET /DataTables/DataTables-1.10.21/images/sort_asc.png HTTP/1.1" 304 (4 ms) - -
[30/Jul/2020:22:16:40 -0400] 0:0:0:0:0:0:0:1 "GET /edit-allergy/10 HTTP/1.1" 200 (25 ms) - -
[30/Jul/2020:22:16:44 -0400] 0:0:0:0:0:0:0:1 "POST /update-allergy HTTP/1.1" 500 (230 ms) - -
[30/Jul/2020:22:16:44 -0400] 0:0:0:0:0:0:0:1 "GET /img/error.gif HTTP/1.1" 200 (25 ms) - -
[30/Jul/2020:22:16:52 -0400] 0:0:0:0:0:0:0:1 "GET /edit-allergy/10 HTTP/1.1" 200 (49 ms) - -
[30/Jul/2020:22:16:56 -0400] 0:0:0:0:0:0:0:1 "GET /list-allergies HTTP/1.1" 200 (35 ms) - -
[30/Jul/2020:22:16:59 -0400] 0:0:0:0:0:0:0:1 "GET /edit-allergy/10 HTTP/1.1" 200 (22 ms) - -
[30/Jul/2020:22:16:59 -0400] 0:0:0:0:0:0:0:1 "GET /css/styles.css HTTP/1.1" 304 (4 ms) - -
[30/Jul/2020:22:16:59 -0400] 0:0:0:0:0:0:0:1 "GET /js/scripts.js HTTP/1.1" 304 (7 ms) - -
[30/Jul/2020:22:16:59 -0400] 0:0:0:0:0:0:0:1 "GET /img/vlol_icon.png HTTP/1.1" 304 (3 ms) - -
[30/Jul/2020:22:17:05 -0400] 0:0:0:0:0:0:0:1 "POST /update-allergy HTTP/1.1" 500 (55 ms) - -
[30/Jul/2020:22:21:22 -0400] 0:0:0:0:0:0:0:1 "GET / HTTP/1.1" 200 (1949 ms) - -
[30/Jul/2020:22:21:23 -0400] 0:0:0:0:0:0:0:1 "GET /js/scripts.js HTTP/1.1" 304 (21 ms) - -
[30/Jul/2020:22:21:23 -0400] 0:0:0:0:0:0:0:1 "GET /css/styles.css HTTP/1.1" 304 (18 ms) - -
[30/Jul/2020:22:21:23 -0400] 0:0:0:0:0:0:0:1 "GET /img/vlol_icon.png HTTP/1.1" 304 (18 ms) - -
[30/Jul/2020:22:21:23 -0400] 0:0:0:0:0:0:0:1 "GET /img/vlol_cover.jpg HTTP/1.1" 304 (14 ms) - -
[30/Jul/2020:22:21:25 -0400] 0:0:0:0:0:0:0:1 "GET /login HTTP/1.1" 200 (80 ms) - -
[30/Jul/2020:22:21:25 -0400] 0:0:0:0:0:0:0:1 "GET /img/vlol_logo.png HTTP/1.1" 304 (5 ms) - -
[30/Jul/2020:22:21:40 -0400] 0:0:0:0:0:0:0:1 "POST /login HTTP/1.1" 302 (796 ms) - -
[30/Jul/2020:22:21:40 -0400] 0:0:0:0:0:0:0:1 "GET /admin-menu HTTP/1.1" 200 (258 ms) - -
[30/Jul/2020:22:21:45 -0400] 0:0:0:0:0:0:0:1 "GET /list-allergies HTTP/1.1" 200 (184 ms) - -
[30/Jul/2020:22:21:45 -0400] 0:0:0:0:0:0:0:1 "GET /DataTables/datatables.min.css HTTP/1.1" 304 (11 ms) - -
[30/Jul/2020:22:21:45 -0400] 0:0:0:0:0:0:0:1 "GET /DataTables/datatables.min.js HTTP/1.1" 304 (12 ms) - -
[30/Jul/2020:22:21:45 -0400] 0:0:0:0:0:0:0:1 "GET /DataTables/DataTables-1.10.21/images/sort_both.png HTTP/1.1" 304 (6 ms) - -
[30/Jul/2020:22:21:45 -0400] 0:0:0:0:0:0:0:1 "GET /DataTables/DataTables-1.10.21/images/sort_asc.png HTTP/1.1" 304 (4 ms) - -
[30/Jul/2020:22:21:50 -0400] 0:0:0:0:0:0:0:1 "GET /edit-allergy/2 HTTP/1.1" 200 (133 ms) - -
[30/Jul/2020:22:21:53 -0400] 0:0:0:0:0:0:0:1 "POST /update-allergy HTTP/1.1" 200 (95 ms) - -
[30/Jul/2020:22:23:34 -0400] 0:0:0:0:0:0:0:1 "GET /list-allergies HTTP/1.1" 200 (60 ms) - -
[30/Jul/2020:22:23:34 -0400] 0:0:0:0:0:0:0:1 "GET /DataTables/datatables.min.css HTTP/1.1" 304 (17 ms) - -
[30/Jul/2020:22:23:34 -0400] 0:0:0:0:0:0:0:1 "GET /css/styles.css HTTP/1.1" 304 (20 ms) - -
[30/Jul/2020:22:23:35 -0400] 0:0:0:0:0:0:0:1 "GET /img/vlol_icon.png HTTP/1.1" 304 (8 ms) - -
[30/Jul/2020:22:23:35 -0400] 0:0:0:0:0:0:0:1 "GET /DataTables/datatables.min.js HTTP/1.1" 304 (14 ms) - -
[30/Jul/2020:22:23:36 -0400] 0:0:0:0:0:0:0:1 "GET /DataTables/DataTables-1.10.21/images/sort_both.png HTTP/1.1" 304 (8 ms) - -
[30/Jul/2020:22:23:36 -0400] 0:0:0:0:0:0:0:1 "GET /DataTables/DataTables-1.10.21/images/sort_asc.png HTTP/1.1" 304 (4 ms) - -
[30/Jul/2020:23:04:39 -0400] 0:0:0:0:0:0:0:1 "GET / HTTP/1.1" 200 (2304 ms) - -
[30/Jul/2020:23:04:39 -0400] 0:0:0:0:0:0:0:1 "GET /css/styles.css HTTP/1.1" 200 (65 ms) - -
[30/Jul/2020:23:04:39 -0400] 0:0:0:0:0:0:0:1 "GET /js/scripts.js HTTP/1.1" 200 (64 ms) - -
[30/Jul/2020:23:04:39 -0400] 0:0:0:0:0:0:0:1 "GET /img/vlol_icon.png HTTP/1.1" 200 (31 ms) - -
[30/Jul/2020:23:04:39 -0400] 0:0:0:0:0:0:0:1 "GET /img/vlol_cover.jpg HTTP/1.1" 200 (29 ms) - -
[30/Jul/2020:23:04:41 -0400] 0:0:0:0:0:0:0:1 "GET /login HTTP/1.1" 200 (69 ms) - -
[30/Jul/2020:23:04:41 -0400] 0:0:0:0:0:0:0:1 "GET /img/vlol_logo.png HTTP/1.1" 200 (32 ms) - -
[30/Jul/2020:23:04:59 -0400] 0:0:0:0:0:0:0:1 "POST /login HTTP/1.1" 302 (840 ms) - -
[30/Jul/2020:23:04:59 -0400] 0:0:0:0:0:0:0:1 "GET /admin-menu HTTP/1.1" 200 (241 ms) - -
[30/Jul/2020:23:05:03 -0400] 0:0:0:0:0:0:0:1 "GET /list-allergies HTTP/1.1" 200 (133 ms) - -
[30/Jul/2020:23:05:03 -0400] 0:0:0:0:0:0:0:1 "GET /DataTables/datatables.min.css HTTP/1.1" 200 (18 ms) - -
[30/Jul/2020:23:05:04 -0400] 0:0:0:0:0:0:0:1 "GET /DataTables/datatables.min.js HTTP/1.1" 200 (110 ms) - -
[30/Jul/2020:23:05:04 -0400] 0:0:0:0:0:0:0:1 "GET /DataTables/DataTables-1.10.21/images/sort_both.png HTTP/1.1" 200 (9 ms) - -
[30/Jul/2020:23:05:04 -0400] 0:0:0:0:0:0:0:1 "GET /DataTables/DataTables-1.10.21/images/sort_asc.png HTTP/1.1" 200 (6 ms) - -
[30/Jul/2020:23:05:07 -0400] 0:0:0:0:0:0:0:1 "GET /edit-allergy/2 HTTP/1.1" 200 (90 ms) - -
[30/Jul/2020:23:05:10 -0400] 0:0:0:0:0:0:0:1 "POST /update-allergy HTTP/1.1" 500 (288 ms) - -
[30/Jul/2020:23:05:10 -0400] 0:0:0:0:0:0:0:1 "GET /img/error.gif HTTP/1.1" 200 (38 ms) - -
[30/Jul/2020:23:31:38 -0400] 0:0:0:0:0:0:0:1 "GET /js/scripts.js HTTP/1.1" 304 (28 ms) - -
[30/Jul/2020:23:31:38 -0400] 0:0:0:0:0:0:0:1 "GET / HTTP/1.1" 200 (1697 ms) - -
[30/Jul/2020:23:31:38 -0400] 0:0:0:0:0:0:0:1 "GET /css/styles.css HTTP/1.1" 304 (21 ms) - -
[30/Jul/2020:23:31:38 -0400] 0:0:0:0:0:0:0:1 "GET /img/vlol_icon.png HTTP/1.1" 304 (11 ms) - -
[30/Jul/2020:23:31:38 -0400] 0:0:0:0:0:0:0:1 "GET /img/vlol_cover.jpg HTTP/1.1" 304 (20 ms) - -
[30/Jul/2020:23:31:58 -0400] 0:0:0:0:0:0:0:1 "GET /login HTTP/1.1" 200 (57 ms) - -
[30/Jul/2020:23:31:58 -0400] 0:0:0:0:0:0:0:1 "GET /img/vlol_logo.png HTTP/1.1" 304 (8 ms) - -
[30/Jul/2020:23:32:16 -0400] 0:0:0:0:0:0:0:1 "POST /login HTTP/1.1" 302 (752 ms) - -
[30/Jul/2020:23:32:16 -0400] 0:0:0:0:0:0:0:1 "GET /admin-menu HTTP/1.1" 200 (155 ms) - -
[30/Jul/2020:23:32:20 -0400] 0:0:0:0:0:0:0:1 "GET /list-allergies HTTP/1.1" 200 (107 ms) - -
[30/Jul/2020:23:32:20 -0400] 0:0:0:0:0:0:0:1 "GET /DataTables/datatables.min.css HTTP/1.1" 304 (9 ms) - -
[30/Jul/2020:23:32:20 -0400] 0:0:0:0:0:0:0:1 "GET /DataTables/datatables.min.js HTTP/1.1" 304 (10 ms) - -
[30/Jul/2020:23:32:21 -0400] 0:0:0:0:0:0:0:1 "GET /DataTables/DataTables-1.10.21/images/sort_both.png HTTP/1.1" 304 (4 ms) - -
[30/Jul/2020:23:32:21 -0400] 0:0:0:0:0:0:0:1 "GET /DataTables/DataTables-1.10.21/images/sort_asc.png HTTP/1.1" 304 (4 ms) - -
[30/Jul/2020:23:32:22 -0400] 0:0:0:0:0:0:0:1 "GET /edit-allergy/1 HTTP/1.1" 200 (82 ms) - -
[30/Jul/2020:23:32:25 -0400] 0:0:0:0:0:0:0:1 "POST /update-allergy HTTP/1.1" 415 (80 ms) - -
[30/Jul/2020:23:32:25 -0400] 0:0:0:0:0:0:0:1 "GET /img/error.gif HTTP/1.1" 304 (7 ms) - -
[30/Jul/2020:23:32:46 -0400] 0:0:0:0:0:0:0:1 "GET /logout HTTP/1.1" 302 (8 ms) - -
[30/Jul/2020:23:32:46 -0400] 0:0:0:0:0:0:0:1 "GET / HTTP/1.1" 200 (22 ms) - -
[30/Jul/2020:23:51:57 -0400] 0:0:0:0:0:0:0:1 "GET / HTTP/1.1" 200 (1619 ms) - -
[30/Jul/2020:23:51:57 -0400] 0:0:0:0:0:0:0:1 "GET /css/styles.css HTTP/1.1" 304 (27 ms) - -
[30/Jul/2020:23:51:57 -0400] 0:0:0:0:0:0:0:1 "GET /js/scripts.js HTTP/1.1" 304 (10 ms) - -
[30/Jul/2020:23:51:57 -0400] 0:0:0:0:0:0:0:1 "GET /img/vlol_icon.png HTTP/1.1" 304 (10 ms) - -
[30/Jul/2020:23:51:57 -0400] 0:0:0:0:0:0:0:1 "GET /img/vlol_cover.jpg HTTP/1.1" 304 (15 ms) - -
[30/Jul/2020:23:52:24 -0400] 0:0:0:0:0:0:0:1 "GET /login HTTP/1.1" 200 (45 ms) - -
[30/Jul/2020:23:52:24 -0400] 0:0:0:0:0:0:0:1 "GET /img/vlol_logo.png HTTP/1.1" 304 (6 ms) - -
[30/Jul/2020:23:52:38 -0400] 0:0:0:0:0:0:0:1 "POST /login HTTP/1.1" 302 (693 ms) - -
[30/Jul/2020:23:52:38 -0400] 0:0:0:0:0:0:0:1 "GET /admin-menu HTTP/1.1" 200 (169 ms) - -
[30/Jul/2020:23:52:40 -0400] 0:0:0:0:0:0:0:1 "GET /list-allergies HTTP/1.1" 200 (102 ms) - -
[30/Jul/2020:23:52:40 -0400] 0:0:0:0:0:0:0:1 "GET /DataTables/datatables.min.css HTTP/1.1" 304 (10 ms) - -
[30/Jul/2020:23:52:40 -0400] 0:0:0:0:0:0:0:1 "GET /DataTables/datatables.min.js HTTP/1.1" 304 (8 ms) - -
[30/Jul/2020:23:52:41 -0400] 0:0:0:0:0:0:0:1 "GET /DataTables/DataTables-1.10.21/images/sort_both.png HTTP/1.1" 304 (6 ms) - -
[30/Jul/2020:23:52:41 -0400] 0:0:0:0:0:0:0:1 "GET /DataTables/DataTables-1.10.21/images/sort_asc.png HTTP/1.1" 304 (5 ms) - -
[30/Jul/2020:23:52:50 -0400] 0:0:0:0:0:0:0:1 "GET /admin-menu HTTP/1.1" 200 (34 ms) - -
[30/Jul/2020:23:52:52 -0400] 0:0:0:0:0:0:0:1 "GET /list-users HTTP/1.1" 200 (58 ms) - -
[30/Jul/2020:23:52:56 -0400] 0:0:0:0:0:0:0:1 "GET /edit-user/1 HTTP/1.1" 200 (751 ms) - -
[30/Jul/2020:23:53:04 -0400] 0:0:0:0:0:0:0:1 "POST /update-user HTTP/1.1" 400 (114 ms) - -
[30/Jul/2020:23:53:04 -0400] 0:0:0:0:0:0:0:1 "GET /img/error.gif HTTP/1.1" 304 (11 ms) - -
