[03/Aug/2020:21:12:47 -0400] 0:0:0:0:0:0:0:1 "GET / HTTP/1.1" 200 (1354 ms) - -
[03/Aug/2020:21:12:47 -0400] 0:0:0:0:0:0:0:1 "GET /css/styles.css HTTP/1.1" 200 (99 ms) - -
[03/Aug/2020:21:12:47 -0400] 0:0:0:0:0:0:0:1 "GET /js/scripts.js HTTP/1.1" 200 (90 ms) - -
[03/Aug/2020:21:12:48 -0400] 0:0:0:0:0:0:0:1 "GET /img/vlol_icon.png HTTP/1.1" 200 (19 ms) - -
[03/Aug/2020:21:12:48 -0400] 0:0:0:0:0:0:0:1 "GET /img/vlol_cover.jpg HTTP/1.1" 200 (22 ms) - -
[03/Aug/2020:21:12:49 -0400] 0:0:0:0:0:0:0:1 "GET /login HTTP/1.1" 200 (49 ms) - -
[03/Aug/2020:21:12:49 -0400] 0:0:0:0:0:0:0:1 "GET /img/vlol_logo.png HTTP/1.1" 200 (16 ms) - -
[03/Aug/2020:21:13:01 -0400] 0:0:0:0:0:0:0:1 "POST /login HTTP/1.1" 302 (698 ms) - -
[03/Aug/2020:21:13:01 -0400] 0:0:0:0:0:0:0:1 "GET /admin-menu HTTP/1.1" 200 (188 ms) - -
[03/Aug/2020:21:13:04 -0400] 0:0:0:0:0:0:0:1 "GET /list-allergies HTTP/1.1" 200 (101 ms) - -
[03/Aug/2020:21:13:07 -0400] 0:0:0:0:0:0:0:1 "GET /add-allergy HTTP/1.1" 200 (65 ms) - -
[03/Aug/2020:21:13:12 -0400] 0:0:0:0:0:0:0:1 "POST /save-allergy HTTP/1.1" 302 (96 ms) - -
[03/Aug/2020:21:13:12 -0400] 0:0:0:0:0:0:0:1 "GET /list-allergies HTTP/1.1" 200 (64 ms) - -
[03/Aug/2020:21:13:22 -0400] 0:0:0:0:0:0:0:1 "GET /view-allergy/77 HTTP/1.1" 200 (48 ms) - -
[03/Aug/2020:21:13:23 -0400] 0:0:0:0:0:0:0:1 "GET /list-allergies HTTP/1.1" 200 (94 ms) - -
[03/Aug/2020:21:13:29 -0400] 0:0:0:0:0:0:0:1 "GET /edit-allergy/77 HTTP/1.1" 200 (41 ms) - -
[03/Aug/2020:21:13:40 -0400] 0:0:0:0:0:0:0:1 "POST /update-allergy HTTP/1.1" 302 (23 ms) - -
[03/Aug/2020:21:13:40 -0400] 0:0:0:0:0:0:0:1 "GET /list-allergies HTTP/1.1" 200 (31 ms) - -
[03/Aug/2020:21:13:49 -0400] 0:0:0:0:0:0:0:1 "GET / HTTP/1.1" 200 (23 ms) - -
[03/Aug/2020:21:13:50 -0400] 0:0:0:0:0:0:0:1 "GET /admin-menu HTTP/1.1" 200 (21 ms) - -
[03/Aug/2020:21:13:51 -0400] 0:0:0:0:0:0:0:1 "GET /list-allergies HTTP/1.1" 200 (32 ms) - -
[03/Aug/2020:21:14:01 -0400] 0:0:0:0:0:0:0:1 "GET /search-allergies?keyword=bee HTTP/1.1" 200 (46 ms) - -
[03/Aug/2020:21:14:05 -0400] 0:0:0:0:0:0:0:1 "GET /delete-allergy/77 HTTP/1.1" 302 (22 ms) - -
[03/Aug/2020:21:14:05 -0400] 0:0:0:0:0:0:0:1 "GET /list-allergies HTTP/1.1" 200 (31 ms) - -
