[20/Jul/2020:17:08:20 -0400] 0:0:0:0:0:0:0:1 "GET / HTTP/1.1" 200 (555 ms) - -
[20/Jul/2020:17:08:20 -0400] 0:0:0:0:0:0:0:1 "GET /css/site.css HTTP/1.1" 200 (124 ms) - -
[20/Jul/2020:17:08:20 -0400] 0:0:0:0:0:0:0:1 "GET /img/vlol_cover.jpg HTTP/1.1" 200 (56 ms) - -
[20/Jul/2020:17:08:20 -0400] 0:0:0:0:0:0:0:1 "GET /css/bootstrap.min.css HTTP/1.1" 200 (182 ms) - -
[20/Jul/2020:17:08:20 -0400] 0:0:0:0:0:0:0:1 "GET /favicon.ico HTTP/1.1" 302 (43 ms) - -
[20/Jul/2020:17:08:20 -0400] 0:0:0:0:0:0:0:1 "GET /login HTTP/1.1" 500 (205 ms) - -
[20/Jul/2020:17:08:24 -0400] 0:0:0:0:0:0:0:1 "GET /login HTTP/1.1" 500 (61 ms) - -
[20/Jul/2020:17:08:24 -0400] 0:0:0:0:0:0:0:1 "GET /favicon.ico HTTP/1.1" 302 (6 ms) - -
[20/Jul/2020:17:08:24 -0400] 0:0:0:0:0:0:0:1 "GET /login HTTP/1.1" 500 (32 ms) - -
[20/Jul/2020:17:08:51 -0400] 0:0:0:0:0:0:0:1 "GET /login HTTP/1.1" 200 (29 ms) - -
[20/Jul/2020:17:08:51 -0400] 0:0:0:0:0:0:0:1 "GET /js/scripts.js HTTP/1.1" 200 (19 ms) - -
[20/Jul/2020:17:08:51 -0400] 0:0:0:0:0:0:0:1 "GET /img/vlol_logo.jpg HTTP/1.1" 404 (7 ms) - -
[20/Jul/2020:17:08:53 -0400] 0:0:0:0:0:0:0:1 "GET /favicon.ico HTTP/1.1" 302 (3 ms) - -
[20/Jul/2020:17:08:54 -0400] 0:0:0:0:0:0:0:1 "GET /login HTTP/1.1" 200 (12 ms) - -
[20/Jul/2020:17:18:51 -0400] 0:0:0:0:0:0:0:1 "GET /login HTTP/1.1" 200 (10 ms) - -
[20/Jul/2020:17:18:51 -0400] 0:0:0:0:0:0:0:1 "GET /img/vlol_logo.jpg HTTP/1.1" 404 (6 ms) - -
[20/Jul/2020:17:18:53 -0400] 0:0:0:0:0:0:0:1 "GET /favicon.ico HTTP/1.1" 302 (3 ms) - -
[20/Jul/2020:17:18:53 -0400] 0:0:0:0:0:0:0:1 "GET /login HTTP/1.1" 200 (8 ms) - -
[20/Jul/2020:17:19:10 -0400] 0:0:0:0:0:0:0:1 "GET /registration HTTP/1.1" 200 (201 ms) - -
[20/Jul/2020:17:19:11 -0400] 0:0:0:0:0:0:0:1 "GET /favicon.ico HTTP/1.1" 302 (2 ms) - -
[20/Jul/2020:17:19:11 -0400] 0:0:0:0:0:0:0:1 "GET /login HTTP/1.1" 200 (7 ms) - -
[20/Jul/2020:17:19:12 -0400] 0:0:0:0:0:0:0:1 "GET /login HTTP/1.1" 200 (7 ms) - -
[20/Jul/2020:17:19:14 -0400] 0:0:0:0:0:0:0:1 "GET /favicon.ico HTTP/1.1" 302 (2 ms) - -
[20/Jul/2020:17:19:14 -0400] 0:0:0:0:0:0:0:1 "GET /login HTTP/1.1" 200 (6 ms) - -
[20/Jul/2020:17:20:16 -0400] 0:0:0:0:0:0:0:1 "GET /login HTTP/1.1" 200 (9 ms) - -
[20/Jul/2020:17:20:16 -0400] 0:0:0:0:0:0:0:1 "GET /img/vlol_logo.jpg HTTP/1.1" 404 (6 ms) - -
[20/Jul/2020:17:20:17 -0400] 0:0:0:0:0:0:0:1 "GET /favicon.ico HTTP/1.1" 302 (3 ms) - -
[20/Jul/2020:17:20:17 -0400] 0:0:0:0:0:0:0:1 "GET /login HTTP/1.1" 200 (5 ms) - -
[20/Jul/2020:17:20:22 -0400] 0:0:0:0:0:0:0:1 "GET /login HTTP/1.1" 200 (5 ms) - -
[20/Jul/2020:17:20:22 -0400] 0:0:0:0:0:0:0:1 "GET /img/vlol_logo.jpg HTTP/1.1" 404 (8 ms) - -
[20/Jul/2020:17:20:24 -0400] 0:0:0:0:0:0:0:1 "GET /favicon.ico HTTP/1.1" 302 (7 ms) - -
[20/Jul/2020:17:20:24 -0400] 0:0:0:0:0:0:0:1 "GET /login HTTP/1.1" 200 (5 ms) - -
[20/Jul/2020:17:20:36 -0400] 0:0:0:0:0:0:0:1 "GET /login HTTP/1.1" 200 (10 ms) - -
[20/Jul/2020:17:20:36 -0400] 0:0:0:0:0:0:0:1 "GET /img/vlol_logo.jpg HTTP/1.1" 404 (5 ms) - -
[20/Jul/2020:17:20:38 -0400] 0:0:0:0:0:0:0:1 "GET /favicon.ico HTTP/1.1" 302 (2 ms) - -
[20/Jul/2020:17:20:38 -0400] 0:0:0:0:0:0:0:1 "GET /login HTTP/1.1" 200 (4 ms) - -
[20/Jul/2020:17:22:19 -0400] 0:0:0:0:0:0:0:1 "GET /login HTTP/1.1" 200 (6 ms) - -
[20/Jul/2020:17:22:19 -0400] 0:0:0:0:0:0:0:1 "GET /img/vlol_logo.jpg HTTP/1.1" 404 (7 ms) - -
[20/Jul/2020:17:22:25 -0400] 0:0:0:0:0:0:0:1 "GET / HTTP/1.1" 200 (11 ms) - -
[20/Jul/2020:17:22:26 -0400] 0:0:0:0:0:0:0:1 "GET /favicon.ico HTTP/1.1" 302 (2 ms) - -
[20/Jul/2020:17:22:26 -0400] 0:0:0:0:0:0:0:1 "GET /login HTTP/1.1" 200 (7 ms) - -
[20/Jul/2020:17:22:27 -0400] 0:0:0:0:0:0:0:1 "GET /login HTTP/1.1" 200 (8 ms) - -
[20/Jul/2020:17:22:28 -0400] 0:0:0:0:0:0:0:1 "GET /img/vlol_logo.jpg HTTP/1.1" 404 (6 ms) - -
[20/Jul/2020:17:22:29 -0400] 0:0:0:0:0:0:0:1 "GET /favicon.ico HTTP/1.1" 302 (2 ms) - -
[20/Jul/2020:17:22:29 -0400] 0:0:0:0:0:0:0:1 "GET /login HTTP/1.1" 200 (7 ms) - -
[20/Jul/2020:17:23:22 -0400] 0:0:0:0:0:0:0:1 "GET / HTTP/1.1" 200 (7 ms) - -
[20/Jul/2020:17:23:22 -0400] 0:0:0:0:0:0:0:1 "GET /favicon.ico HTTP/1.1" 302 (3 ms) - -
[20/Jul/2020:17:23:22 -0400] 0:0:0:0:0:0:0:1 "GET /login HTTP/1.1" 200 (5 ms) - -
[20/Jul/2020:17:23:23 -0400] 0:0:0:0:0:0:0:1 "GET /login HTTP/1.1" 200 (5 ms) - -
[20/Jul/2020:17:23:24 -0400] 0:0:0:0:0:0:0:1 "GET /img/vlol_logo.jpg HTTP/1.1" 404 (8 ms) - -
[20/Jul/2020:17:23:25 -0400] 0:0:0:0:0:0:0:1 "GET /favicon.ico HTTP/1.1" 302 (3 ms) - -
[20/Jul/2020:17:23:25 -0400] 0:0:0:0:0:0:0:1 "GET /login HTTP/1.1" 200 (5 ms) - -
[20/Jul/2020:17:24:26 -0400] 0:0:0:0:0:0:0:1 "GET /login HTTP/1.1" 200 (5 ms) - -
[20/Jul/2020:17:24:27 -0400] 0:0:0:0:0:0:0:1 "GET /img/vlol_logo.jpg HTTP/1.1" 404 (8 ms) - -
[20/Jul/2020:17:24:28 -0400] 0:0:0:0:0:0:0:1 "GET /favicon.ico HTTP/1.1" 302 (2 ms) - -
[20/Jul/2020:17:24:28 -0400] 0:0:0:0:0:0:0:1 "GET /login HTTP/1.1" 200 (9 ms) - -
[20/Jul/2020:17:25:48 -0400] 0:0:0:0:0:0:0:1 "GET /login HTTP/1.1" 500 (120 ms) - -
[20/Jul/2020:17:25:49 -0400] 0:0:0:0:0:0:0:1 "GET /favicon.ico HTTP/1.1" 302 (2 ms) - -
[20/Jul/2020:17:25:49 -0400] 0:0:0:0:0:0:0:1 "GET /login HTTP/1.1" 500 (20 ms) - -
[20/Jul/2020:17:26:03 -0400] 0:0:0:0:0:0:0:1 "GET /login HTTP/1.1" 200 (4 ms) - -
[20/Jul/2020:17:26:03 -0400] 0:0:0:0:0:0:0:1 "GET /img/vlol_logo.jpg HTTP/1.1" 404 (7 ms) - -
[20/Jul/2020:17:26:04 -0400] 0:0:0:0:0:0:0:1 "GET /favicon.ico HTTP/1.1" 302 (2 ms) - -
[20/Jul/2020:17:26:04 -0400] 0:0:0:0:0:0:0:1 "GET /login HTTP/1.1" 200 (6 ms) - -
[20/Jul/2020:17:26:57 -0400] 0:0:0:0:0:0:0:1 "GET /login HTTP/1.1" 200 (8 ms) - -
[20/Jul/2020:17:26:57 -0400] 0:0:0:0:0:0:0:1 "GET /img/vlol_logo.jpg HTTP/1.1" 404 (6 ms) - -
[20/Jul/2020:17:26:58 -0400] 0:0:0:0:0:0:0:1 "GET /favicon.ico HTTP/1.1" 302 (2 ms) - -
[20/Jul/2020:17:26:58 -0400] 0:0:0:0:0:0:0:1 "GET /login HTTP/1.1" 200 (6 ms) - -
[20/Jul/2020:17:27:47 -0400] 0:0:0:0:0:0:0:1 "GET /login HTTP/1.1" 200 (4 ms) - -
[20/Jul/2020:17:27:47 -0400] 0:0:0:0:0:0:0:1 "GET /img/vlol_logo.jpg HTTP/1.1" 404 (6 ms) - -
[20/Jul/2020:17:27:51 -0400] 0:0:0:0:0:0:0:1 "GET / HTTP/1.1" 200 (8 ms) - -
[20/Jul/2020:17:27:51 -0400] 0:0:0:0:0:0:0:1 "GET /favicon.ico HTTP/1.1" 302 (3 ms) - -
[20/Jul/2020:17:27:51 -0400] 0:0:0:0:0:0:0:1 "GET /login HTTP/1.1" 200 (8 ms) - -
[20/Jul/2020:17:27:53 -0400] 0:0:0:0:0:0:0:1 "GET /login HTTP/1.1" 200 (6 ms) - -
[20/Jul/2020:17:27:53 -0400] 0:0:0:0:0:0:0:1 "GET /img/vlol_logo.jpg HTTP/1.1" 404 (5 ms) - -
[20/Jul/2020:17:27:56 -0400] 0:0:0:0:0:0:0:1 "GET / HTTP/1.1" 200 (6 ms) - -
[20/Jul/2020:17:27:56 -0400] 0:0:0:0:0:0:0:1 "GET /favicon.ico HTTP/1.1" 302 (2 ms) - -
[20/Jul/2020:17:27:56 -0400] 0:0:0:0:0:0:0:1 "GET /login HTTP/1.1" 200 (7 ms) - -
[20/Jul/2020:17:27:57 -0400] 0:0:0:0:0:0:0:1 "GET /login HTTP/1.1" 200 (6 ms) - -
[20/Jul/2020:17:27:57 -0400] 0:0:0:0:0:0:0:1 "GET /img/vlol_logo.jpg HTTP/1.1" 404 (5 ms) - -
[20/Jul/2020:17:27:58 -0400] 0:0:0:0:0:0:0:1 "GET /favicon.ico HTTP/1.1" 302 (3 ms) - -
[20/Jul/2020:17:27:58 -0400] 0:0:0:0:0:0:0:1 "GET /login HTTP/1.1" 200 (6 ms) - -
[20/Jul/2020:17:29:11 -0400] 0:0:0:0:0:0:0:1 "GET /login HTTP/1.1" 200 (13 ms) - -
[20/Jul/2020:17:29:11 -0400] 0:0:0:0:0:0:0:1 "GET /img/vlol_logo.jpg HTTP/1.1" 404 (5 ms) - -
[20/Jul/2020:17:29:12 -0400] 0:0:0:0:0:0:0:1 "GET /favicon.ico HTTP/1.1" 302 (2 ms) - -
[20/Jul/2020:17:29:12 -0400] 0:0:0:0:0:0:0:1 "GET /login HTTP/1.1" 200 (5 ms) - -
[20/Jul/2020:17:29:46 -0400] 0:0:0:0:0:0:0:1 "GET /login HTTP/1.1" 200 (10 ms) - -
[20/Jul/2020:17:29:46 -0400] 0:0:0:0:0:0:0:1 "GET /img/vlol_logo.jpg HTTP/1.1" 404 (6 ms) - -
[20/Jul/2020:17:29:47 -0400] 0:0:0:0:0:0:0:1 "GET /favicon.ico HTTP/1.1" 302 (3 ms) - -
[20/Jul/2020:17:29:47 -0400] 0:0:0:0:0:0:0:1 "GET /login HTTP/1.1" 200 (4 ms) - -
[20/Jul/2020:17:29:59 -0400] 0:0:0:0:0:0:0:1 "GET /login HTTP/1.1" 200 (11 ms) - -
[20/Jul/2020:17:29:59 -0400] 0:0:0:0:0:0:0:1 "GET /img/vlol_logo.jpg HTTP/1.1" 404 (5 ms) - -
[20/Jul/2020:17:30:00 -0400] 0:0:0:0:0:0:0:1 "GET /favicon.ico HTTP/1.1" 302 (2 ms) - -
[20/Jul/2020:17:30:00 -0400] 0:0:0:0:0:0:0:1 "GET /login HTTP/1.1" 200 (6 ms) - -
[20/Jul/2020:17:30:15 -0400] 0:0:0:0:0:0:0:1 "GET /login HTTP/1.1" 200 (4 ms) - -
[20/Jul/2020:17:30:15 -0400] 0:0:0:0:0:0:0:1 "GET /img/vlol_logo.jpg HTTP/1.1" 404 (7 ms) - -
[20/Jul/2020:17:30:16 -0400] 0:0:0:0:0:0:0:1 "GET /favicon.ico HTTP/1.1" 302 (5 ms) - -
[20/Jul/2020:17:30:16 -0400] 0:0:0:0:0:0:0:1 "GET /login HTTP/1.1" 200 (3 ms) - -
[20/Jul/2020:17:30:31 -0400] 0:0:0:0:0:0:0:1 "GET /login HTTP/1.1" 200 (4 ms) - -
[20/Jul/2020:17:30:31 -0400] 0:0:0:0:0:0:0:1 "GET /img/vlol_logo.jpg HTTP/1.1" 404 (6 ms) - -
[20/Jul/2020:17:30:32 -0400] 0:0:0:0:0:0:0:1 "GET /favicon.ico HTTP/1.1" 302 (2 ms) - -
[20/Jul/2020:17:30:32 -0400] 0:0:0:0:0:0:0:1 "GET /login HTTP/1.1" 200 (4 ms) - -
[20/Jul/2020:17:31:06 -0400] 0:0:0:0:0:0:0:1 "GET /login HTTP/1.1" 200 (4 ms) - -
[20/Jul/2020:17:31:06 -0400] 0:0:0:0:0:0:0:1 "GET /img/vlol_logo.jpg HTTP/1.1" 404 (5 ms) - -
[20/Jul/2020:17:31:07 -0400] 0:0:0:0:0:0:0:1 "GET /favicon.ico HTTP/1.1" 302 (4 ms) - -
[20/Jul/2020:17:31:07 -0400] 0:0:0:0:0:0:0:1 "GET /login HTTP/1.1" 200 (5 ms) - -
[20/Jul/2020:17:31:39 -0400] 0:0:0:0:0:0:0:1 "GET /login HTTP/1.1" 200 (9 ms) - -
[20/Jul/2020:17:31:39 -0400] 0:0:0:0:0:0:0:1 "GET /img/vlol_logo.jpg HTTP/1.1" 404 (6 ms) - -
[20/Jul/2020:17:31:40 -0400] 0:0:0:0:0:0:0:1 "GET /favicon.ico HTTP/1.1" 302 (1 ms) - -
[20/Jul/2020:17:31:40 -0400] 0:0:0:0:0:0:0:1 "GET /login HTTP/1.1" 200 (4 ms) - -
[20/Jul/2020:17:32:02 -0400] 0:0:0:0:0:0:0:1 "GET /login HTTP/1.1" 200 (6 ms) - -
[20/Jul/2020:17:32:02 -0400] 0:0:0:0:0:0:0:1 "GET /img/vlol_logo.jpg HTTP/1.1" 404 (4 ms) - -
[20/Jul/2020:17:32:03 -0400] 0:0:0:0:0:0:0:1 "GET /favicon.ico HTTP/1.1" 302 (8 ms) - -
[20/Jul/2020:17:32:03 -0400] 0:0:0:0:0:0:0:1 "GET /login HTTP/1.1" 200 (5 ms) - -
[20/Jul/2020:17:32:30 -0400] 0:0:0:0:0:0:0:1 "GET /login HTTP/1.1" 200 (5 ms) - -
[20/Jul/2020:17:32:30 -0400] 0:0:0:0:0:0:0:1 "GET /img/vlol_logo.jpg HTTP/1.1" 404 (5 ms) - -
[20/Jul/2020:17:32:32 -0400] 0:0:0:0:0:0:0:1 "GET /favicon.ico HTTP/1.1" 302 (2 ms) - -
[20/Jul/2020:17:32:32 -0400] 0:0:0:0:0:0:0:1 "GET /login HTTP/1.1" 200 (4 ms) - -
[20/Jul/2020:17:32:55 -0400] 0:0:0:0:0:0:0:1 "GET /login HTTP/1.1" 200 (27 ms) - -
[20/Jul/2020:17:32:55 -0400] 0:0:0:0:0:0:0:1 "GET /img/vlol_logo.jpg HTTP/1.1" 404 (7 ms) - -
[20/Jul/2020:17:32:57 -0400] 0:0:0:0:0:0:0:1 "GET /favicon.ico HTTP/1.1" 302 (2 ms) - -
[20/Jul/2020:17:32:57 -0400] 0:0:0:0:0:0:0:1 "GET /login HTTP/1.1" 200 (5 ms) - -
[20/Jul/2020:17:33:37 -0400] 0:0:0:0:0:0:0:1 "GET /login HTTP/1.1" 200 (5 ms) - -
[20/Jul/2020:17:33:37 -0400] 0:0:0:0:0:0:0:1 "GET /img/vlol_logo.jpg HTTP/1.1" 404 (6 ms) - -
[20/Jul/2020:17:33:38 -0400] 0:0:0:0:0:0:0:1 "GET /favicon.ico HTTP/1.1" 302 (3 ms) - -
[20/Jul/2020:17:33:38 -0400] 0:0:0:0:0:0:0:1 "GET /login HTTP/1.1" 200 (3 ms) - -
[20/Jul/2020:17:33:59 -0400] 0:0:0:0:0:0:0:1 "GET /login HTTP/1.1" 200 (6 ms) - -
[20/Jul/2020:17:33:59 -0400] 0:0:0:0:0:0:0:1 "GET /img/vlol_logo.jpg HTTP/1.1" 404 (5 ms) - -
[20/Jul/2020:17:34:01 -0400] 0:0:0:0:0:0:0:1 "GET /favicon.ico HTTP/1.1" 302 (1 ms) - -
[20/Jul/2020:17:34:01 -0400] 0:0:0:0:0:0:0:1 "GET /login HTTP/1.1" 200 (10 ms) - -
[20/Jul/2020:17:34:31 -0400] 0:0:0:0:0:0:0:1 "GET /login HTTP/1.1" 200 (4 ms) - -
[20/Jul/2020:17:34:32 -0400] 0:0:0:0:0:0:0:1 "GET /img/vlol_logo.png HTTP/1.1" 200 (11 ms) - -
[20/Jul/2020:17:34:34 -0400] 0:0:0:0:0:0:0:1 "GET /favicon.ico HTTP/1.1" 302 (1 ms) - -
[20/Jul/2020:17:34:34 -0400] 0:0:0:0:0:0:0:1 "GET /login HTTP/1.1" 200 (5 ms) - -
[20/Jul/2020:17:34:56 -0400] 0:0:0:0:0:0:0:1 "GET /login HTTP/1.1" 200 (6 ms) - -
[20/Jul/2020:17:34:57 -0400] 0:0:0:0:0:0:0:1 "GET /favicon.ico HTTP/1.1" 302 (2 ms) - -
[20/Jul/2020:17:34:57 -0400] 0:0:0:0:0:0:0:1 "GET /login HTTP/1.1" 200 (5 ms) - -
[20/Jul/2020:17:35:16 -0400] 0:0:0:0:0:0:0:1 "GET /login HTTP/1.1" 200 (5 ms) - -
[20/Jul/2020:17:35:17 -0400] 0:0:0:0:0:0:0:1 "GET /favicon.ico HTTP/1.1" 302 (1 ms) - -
[20/Jul/2020:17:35:17 -0400] 0:0:0:0:0:0:0:1 "GET /login HTTP/1.1" 200 (6 ms) - -
[20/Jul/2020:17:35:42 -0400] 0:0:0:0:0:0:0:1 "POST /login HTTP/1.1" 302 (465 ms) - -
[20/Jul/2020:17:35:42 -0400] 0:0:0:0:0:0:0:1 "GET /login?error=true HTTP/1.1" 200 (6 ms) - -
[20/Jul/2020:17:35:45 -0400] 0:0:0:0:0:0:0:1 "GET /favicon.ico HTTP/1.1" 302 (1 ms) - -
[20/Jul/2020:17:35:45 -0400] 0:0:0:0:0:0:0:1 "GET /login HTTP/1.1" 200 (7 ms) - -
[20/Jul/2020:17:36:17 -0400] 0:0:0:0:0:0:0:1 "GET /login?error=true HTTP/1.1" 200 (6 ms) - -
[20/Jul/2020:17:36:18 -0400] 0:0:0:0:0:0:0:1 "GET /favicon.ico HTTP/1.1" 302 (1 ms) - -
[20/Jul/2020:17:36:18 -0400] 0:0:0:0:0:0:0:1 "GET /login HTTP/1.1" 200 (3 ms) - -
[20/Jul/2020:17:36:35 -0400] 0:0:0:0:0:0:0:1 "POST /login HTTP/1.1" 302 (402 ms) - -
[20/Jul/2020:17:36:35 -0400] 0:0:0:0:0:0:0:1 "GET /admin-menu HTTP/1.1" 200 (54 ms) - -
[20/Jul/2020:17:36:35 -0400] 0:0:0:0:0:0:0:1 "GET /lib/bootstrap/dist/js/bootstrap.bundle.min.js HTTP/1.1" 404 (4 ms) - -
[20/Jul/2020:17:36:35 -0400] 0:0:0:0:0:0:0:1 "GET /lib/jquery/dist/jquery.min.js HTTP/1.1" 404 (7 ms) - -
[20/Jul/2020:17:36:35 -0400] 0:0:0:0:0:0:0:1 "GET /js/site.js?v=dLGP40S79Xnx6GqUthRF6NWvjvhQ1nOvdVSwaNcgG18 HTTP/1.1" 404 (7 ms) - -
[20/Jul/2020:17:36:35 -0400] 0:0:0:0:0:0:0:1 "GET /lib/bootstrap/dist/js/bootstrap.bundle.min.js HTTP/1.1" 404 (3 ms) - -
[20/Jul/2020:17:36:35 -0400] 0:0:0:0:0:0:0:1 "GET /js/site.js?v=dLGP40S79Xnx6GqUthRF6NWvjvhQ1nOvdVSwaNcgG18 HTTP/1.1" 404 (6 ms) - -
[20/Jul/2020:17:36:35 -0400] 0:0:0:0:0:0:0:1 "GET /favicon.ico HTTP/1.1" 404 (6 ms) - -
[20/Jul/2020:17:36:36 -0400] 0:0:0:0:0:0:0:1 "GET /favicon.ico HTTP/1.1" 404 (2 ms) - -
[20/Jul/2020:17:36:38 -0400] 0:0:0:0:0:0:0:1 "GET /logout HTTP/1.1" 302 (6 ms) - -
[20/Jul/2020:17:36:38 -0400] 0:0:0:0:0:0:0:1 "GET / HTTP/1.1" 200 (5 ms) - -
[20/Jul/2020:17:36:40 -0400] 0:0:0:0:0:0:0:1 "GET /login HTTP/1.1" 200 (6 ms) - -
[20/Jul/2020:17:38:26 -0400] 0:0:0:0:0:0:0:1 "GET /login HTTP/1.1" 200 (7 ms) - -
[20/Jul/2020:17:38:47 -0400] 0:0:0:0:0:0:0:1 "GET /login HTTP/1.1" 200 (4 ms) - -
[20/Jul/2020:17:38:54 -0400] 0:0:0:0:0:0:0:1 "GET / HTTP/1.1" 200 (6 ms) - -
[20/Jul/2020:17:38:56 -0400] 0:0:0:0:0:0:0:1 "GET /login HTTP/1.1" 200 (5 ms) - -
[20/Jul/2020:23:21:11 -0400] 0:0:0:0:0:0:0:1 "GET / HTTP/1.1" 200 (456 ms) - -
[20/Jul/2020:23:21:11 -0400] 0:0:0:0:0:0:0:1 "GET /css/bootstrap.min.css HTTP/1.1" 200 (33 ms) - -
[20/Jul/2020:23:21:11 -0400] 0:0:0:0:0:0:0:1 "GET /css/site.css HTTP/1.1" 200 (33 ms) - -
[20/Jul/2020:23:21:11 -0400] 0:0:0:0:0:0:0:1 "GET /img/vlol_cover.jpg HTTP/1.1" 200 (11 ms) - -
[20/Jul/2020:23:21:12 -0400] 0:0:0:0:0:0:0:1 "GET /favicon.ico HTTP/1.1" 302 (30 ms) - -
[20/Jul/2020:23:21:12 -0400] 0:0:0:0:0:0:0:1 "GET /login HTTP/1.1" 200 (21 ms) - -
[20/Jul/2020:23:23:25 -0400] 0:0:0:0:0:0:0:1 "GET /login HTTP/1.1" 200 (13 ms) - -
[20/Jul/2020:23:23:25 -0400] 0:0:0:0:0:0:0:1 "GET /js/scripts.js HTTP/1.1" 200 (10 ms) - -
[20/Jul/2020:23:23:25 -0400] 0:0:0:0:0:0:0:1 "GET /img/vlol_logo.png HTTP/1.1" 200 (10 ms) - -
[20/Jul/2020:23:23:27 -0400] 0:0:0:0:0:0:0:1 "GET /favicon.ico HTTP/1.1" 302 (5 ms) - -
[20/Jul/2020:23:23:27 -0400] 0:0:0:0:0:0:0:1 "GET /login HTTP/1.1" 200 (16 ms) - -
[20/Jul/2020:23:23:38 -0400] 0:0:0:0:0:0:0:1 "POST /login HTTP/1.1" 302 (765 ms) - -
[20/Jul/2020:23:23:39 -0400] 0:0:0:0:0:0:0:1 "GET /admin-menu HTTP/1.1" 200 (81 ms) - -
[20/Jul/2020:23:23:39 -0400] 0:0:0:0:0:0:0:1 "GET /css/site.css HTTP/1.1" 304 (6 ms) - -
[20/Jul/2020:23:23:39 -0400] 0:0:0:0:0:0:0:1 "GET /css/bootstrap.min.css HTTP/1.1" 304 (4 ms) - -
[20/Jul/2020:23:23:39 -0400] 0:0:0:0:0:0:0:1 "GET /js/site.js?v=dLGP40S79Xnx6GqUthRF6NWvjvhQ1nOvdVSwaNcgG18 HTTP/1.1" 404 (83 ms) - -
[20/Jul/2020:23:23:39 -0400] 0:0:0:0:0:0:0:1 "GET /lib/bootstrap/dist/js/bootstrap.bundle.min.js HTTP/1.1" 404 (90 ms) - -
[20/Jul/2020:23:23:39 -0400] 0:0:0:0:0:0:0:1 "GET /lib/jquery/dist/jquery.min.js HTTP/1.1" 404 (90 ms) - -
[20/Jul/2020:23:23:39 -0400] 0:0:0:0:0:0:0:1 "GET /lib/bootstrap/dist/js/bootstrap.bundle.min.js HTTP/1.1" 404 (5 ms) - -
[20/Jul/2020:23:23:39 -0400] 0:0:0:0:0:0:0:1 "GET /js/site.js?v=dLGP40S79Xnx6GqUthRF6NWvjvhQ1nOvdVSwaNcgG18 HTTP/1.1" 404 (8 ms) - -
[20/Jul/2020:23:23:39 -0400] 0:0:0:0:0:0:0:1 "GET /favicon.ico HTTP/1.1" 404 (10 ms) - -
[20/Jul/2020:23:23:39 -0400] 0:0:0:0:0:0:0:1 "GET /favicon.ico HTTP/1.1" 404 (4 ms) - -
[20/Jul/2020:23:23:42 -0400] 0:0:0:0:0:0:0:1 "GET /list-allergies HTTP/1.1" 200 (37 ms) - -
[20/Jul/2020:23:23:42 -0400] 0:0:0:0:0:0:0:1 "GET /favicon.ico HTTP/1.1" 404 (4 ms) - -
[20/Jul/2020:23:24:11 -0400] 0:0:0:0:0:0:0:1 "GET /admin-menu HTTP/1.1" 200 (15 ms) - -
[20/Jul/2020:23:24:11 -0400] 0:0:0:0:0:0:0:1 "GET /css/site.css HTTP/1.1" 304 (5 ms) - -
[20/Jul/2020:23:24:11 -0400] 0:0:0:0:0:0:0:1 "GET /css/bootstrap.min.css HTTP/1.1" 304 (3 ms) - -
[20/Jul/2020:23:24:11 -0400] 0:0:0:0:0:0:0:1 "GET /lib/jquery/dist/jquery.min.js HTTP/1.1" 404 (10 ms) - -
[20/Jul/2020:23:24:11 -0400] 0:0:0:0:0:0:0:1 "GET /lib/bootstrap/dist/js/bootstrap.bundle.min.js HTTP/1.1" 404 (9 ms) - -
[20/Jul/2020:23:24:11 -0400] 0:0:0:0:0:0:0:1 "GET /js/site.js?v=dLGP40S79Xnx6GqUthRF6NWvjvhQ1nOvdVSwaNcgG18 HTTP/1.1" 404 (5 ms) - -
[20/Jul/2020:23:24:11 -0400] 0:0:0:0:0:0:0:1 "GET /lib/bootstrap/dist/js/bootstrap.bundle.min.js HTTP/1.1" 404 (6 ms) - -
[20/Jul/2020:23:24:11 -0400] 0:0:0:0:0:0:0:1 "GET /js/site.js?v=dLGP40S79Xnx6GqUthRF6NWvjvhQ1nOvdVSwaNcgG18 HTTP/1.1" 404 (8 ms) - -
[20/Jul/2020:23:24:13 -0400] 0:0:0:0:0:0:0:1 "GET /list-allergies HTTP/1.1" 200 (15 ms) - -
[20/Jul/2020:23:24:15 -0400] 0:0:0:0:0:0:0:1 "GET /admin-menu HTTP/1.1" 200 (13 ms) - -
[20/Jul/2020:23:24:15 -0400] 0:0:0:0:0:0:0:1 "GET /js/site.js?v=dLGP40S79Xnx6GqUthRF6NWvjvhQ1nOvdVSwaNcgG18 HTTP/1.1" 404 (6 ms) - -
[20/Jul/2020:23:24:15 -0400] 0:0:0:0:0:0:0:1 "GET /lib/bootstrap/dist/js/bootstrap.bundle.min.js HTTP/1.1" 404 (13 ms) - -
[20/Jul/2020:23:24:15 -0400] 0:0:0:0:0:0:0:1 "GET /lib/jquery/dist/jquery.min.js HTTP/1.1" 404 (16 ms) - -
[20/Jul/2020:23:24:15 -0400] 0:0:0:0:0:0:0:1 "GET /lib/jquery/dist/jquery.min.js HTTP/1.1" 404 (6 ms) - -
[20/Jul/2020:23:24:15 -0400] 0:0:0:0:0:0:0:1 "GET /lib/bootstrap/dist/js/bootstrap.bundle.min.js HTTP/1.1" 404 (6 ms) - -
[20/Jul/2020:23:24:15 -0400] 0:0:0:0:0:0:0:1 "GET /js/site.js?v=dLGP40S79Xnx6GqUthRF6NWvjvhQ1nOvdVSwaNcgG18 HTTP/1.1" 404 (4 ms) - -
[20/Jul/2020:23:24:16 -0400] 0:0:0:0:0:0:0:1 "GET /list-allergies HTTP/1.1" 200 (11 ms) - -
[20/Jul/2020:23:24:29 -0400] 0:0:0:0:0:0:0:1 "GET /admin-menu HTTP/1.1" 200 (12 ms) - -
[20/Jul/2020:23:24:29 -0400] 0:0:0:0:0:0:0:1 "GET /lib/jquery/dist/jquery.min.js HTTP/1.1" 404 (8 ms) - -
[20/Jul/2020:23:24:29 -0400] 0:0:0:0:0:0:0:1 "GET /lib/bootstrap/dist/js/bootstrap.bundle.min.js HTTP/1.1" 404 (10 ms) - -
[20/Jul/2020:23:24:29 -0400] 0:0:0:0:0:0:0:1 "GET /js/site.js?v=dLGP40S79Xnx6GqUthRF6NWvjvhQ1nOvdVSwaNcgG18 HTTP/1.1" 404 (7 ms) - -
[20/Jul/2020:23:24:29 -0400] 0:0:0:0:0:0:0:1 "GET /lib/bootstrap/dist/js/bootstrap.bundle.min.js HTTP/1.1" 404 (4 ms) - -
[20/Jul/2020:23:24:29 -0400] 0:0:0:0:0:0:0:1 "GET /js/site.js?v=dLGP40S79Xnx6GqUthRF6NWvjvhQ1nOvdVSwaNcgG18 HTTP/1.1" 404 (4 ms) - -
[20/Jul/2020:23:24:30 -0400] 0:0:0:0:0:0:0:1 "GET /logout HTTP/1.1" 302 (7 ms) - -
[20/Jul/2020:23:24:30 -0400] 0:0:0:0:0:0:0:1 "GET / HTTP/1.1" 200 (5 ms) - -
[20/Jul/2020:23:24:30 -0400] 0:0:0:0:0:0:0:1 "GET /img/vlol_cover.jpg HTTP/1.1" 304 (3 ms) - -
[20/Jul/2020:23:35:15 -0400] 0:0:0:0:0:0:0:1 "GET / HTTP/1.1" 200 (372 ms) - -
[20/Jul/2020:23:35:15 -0400] 0:0:0:0:0:0:0:1 "GET /css/site.css HTTP/1.1" 200 (25 ms) - -
[20/Jul/2020:23:35:15 -0400] 0:0:0:0:0:0:0:1 "GET /css/bootstrap.min.css HTTP/1.1" 200 (23 ms) - -
[20/Jul/2020:23:35:15 -0400] 0:0:0:0:0:0:0:1 "GET /img/vlol_cover.jpg HTTP/1.1" 200 (9 ms) - -
[20/Jul/2020:23:35:17 -0400] 0:0:0:0:0:0:0:1 "GET /login HTTP/1.1" 200 (19 ms) - -
[20/Jul/2020:23:35:17 -0400] 0:0:0:0:0:0:0:1 "GET /js/scripts.js HTTP/1.1" 200 (8 ms) - -
[20/Jul/2020:23:35:17 -0400] 0:0:0:0:0:0:0:1 "GET /img/vlol_logo.png HTTP/1.1" 200 (7 ms) - -
[20/Jul/2020:23:35:40 -0400] 0:0:0:0:0:0:0:1 "POST /login HTTP/1.1" 302 (775 ms) - -
[20/Jul/2020:23:35:40 -0400] 0:0:0:0:0:0:0:1 "GET /admin-menu HTTP/1.1" 200 (91 ms) - -
[20/Jul/2020:23:35:40 -0400] 0:0:0:0:0:0:0:1 "GET /css/site.css HTTP/1.1" 304 (10 ms) - -
[20/Jul/2020:23:35:40 -0400] 0:0:0:0:0:0:0:1 "GET /css/bootstrap.min.css HTTP/1.1" 304 (5 ms) - -
[20/Jul/2020:23:35:40 -0400] 0:0:0:0:0:0:0:1 "GET /lib/bootstrap/dist/js/bootstrap.bundle.min.js HTTP/1.1" 404 (101 ms) - -
[20/Jul/2020:23:35:40 -0400] 0:0:0:0:0:0:0:1 "GET /lib/jquery/dist/jquery.min.js HTTP/1.1" 404 (109 ms) - -
[20/Jul/2020:23:35:40 -0400] 0:0:0:0:0:0:0:1 "GET /js/site.js?v=dLGP40S79Xnx6GqUthRF6NWvjvhQ1nOvdVSwaNcgG18 HTTP/1.1" 404 (83 ms) - -
[20/Jul/2020:23:35:40 -0400] 0:0:0:0:0:0:0:1 "GET /lib/bootstrap/dist/js/bootstrap.bundle.min.js HTTP/1.1" 404 (5 ms) - -
[20/Jul/2020:23:35:40 -0400] 0:0:0:0:0:0:0:1 "GET /js/site.js?v=dLGP40S79Xnx6GqUthRF6NWvjvhQ1nOvdVSwaNcgG18 HTTP/1.1" 404 (4 ms) - -
[20/Jul/2020:23:35:41 -0400] 0:0:0:0:0:0:0:1 "GET /favicon.ico HTTP/1.1" 404 (17 ms) - -
[20/Jul/2020:23:35:43 -0400] 0:0:0:0:0:0:0:1 "GET /list-allergies HTTP/1.1" 200 (39 ms) - -
[20/Jul/2020:23:36:26 -0400] 0:0:0:0:0:0:0:1 "GET /about HTTP/1.1" 200 (11 ms) - -
[20/Jul/2020:23:36:26 -0400] 0:0:0:0:0:0:0:1 "GET /css/bootstrap.min.css HTTP/1.1" 304 (5 ms) - -
[20/Jul/2020:23:36:26 -0400] 0:0:0:0:0:0:0:1 "GET /css/site.css HTTP/1.1" 304 (6 ms) - -
[20/Jul/2020:23:36:27 -0400] 0:0:0:0:0:0:0:1 "GET /img/vlol_logo.png HTTP/1.1" 304 (3 ms) - -
[20/Jul/2020:23:36:27 -0400] 0:0:0:0:0:0:0:1 "GET /img/umgc_logo.png HTTP/1.1" 200 (6 ms) - -
[20/Jul/2020:23:36:28 -0400] 0:0:0:0:0:0:0:1 "GET /list-allergies HTTP/1.1" 200 (19 ms) - -
[20/Jul/2020:23:36:31 -0400] 0:0:0:0:0:0:0:1 "GET /about HTTP/1.1" 200 (8 ms) - -
[20/Jul/2020:23:36:32 -0400] 0:0:0:0:0:0:0:1 "GET /admin-menu HTTP/1.1" 200 (10 ms) - -
[20/Jul/2020:23:36:32 -0400] 0:0:0:0:0:0:0:1 "GET /lib/bootstrap/dist/js/bootstrap.bundle.min.js HTTP/1.1" 404 (8 ms) - -
[20/Jul/2020:23:36:32 -0400] 0:0:0:0:0:0:0:1 "GET /lib/jquery/dist/jquery.min.js HTTP/1.1" 404 (13 ms) - -
[20/Jul/2020:23:36:32 -0400] 0:0:0:0:0:0:0:1 "GET /js/site.js?v=dLGP40S79Xnx6GqUthRF6NWvjvhQ1nOvdVSwaNcgG18 HTTP/1.1" 404 (5 ms) - -
[20/Jul/2020:23:36:32 -0400] 0:0:0:0:0:0:0:1 "GET /lib/bootstrap/dist/js/bootstrap.bundle.min.js HTTP/1.1" 404 (4 ms) - -
[20/Jul/2020:23:36:32 -0400] 0:0:0:0:0:0:0:1 "GET /js/site.js?v=dLGP40S79Xnx6GqUthRF6NWvjvhQ1nOvdVSwaNcgG18 HTTP/1.1" 404 (5 ms) - -
[20/Jul/2020:23:36:33 -0400] 0:0:0:0:0:0:0:1 "GET /list-allergies HTTP/1.1" 200 (15 ms) - -
[20/Jul/2020:23:36:39 -0400] 0:0:0:0:0:0:0:1 "GET / HTTP/1.1" 200 (11 ms) - -
[20/Jul/2020:23:36:39 -0400] 0:0:0:0:0:0:0:1 "GET /img/vlol_cover.jpg HTTP/1.1" 304 (4 ms) - -
[20/Jul/2020:23:36:46 -0400] 0:0:0:0:0:0:0:1 "GET /admin-menu HTTP/1.1" 200 (13 ms) - -
[20/Jul/2020:23:36:46 -0400] 0:0:0:0:0:0:0:1 "GET /lib/bootstrap/dist/js/bootstrap.bundle.min.js HTTP/1.1" 404 (10 ms) - -
[20/Jul/2020:23:36:46 -0400] 0:0:0:0:0:0:0:1 "GET /lib/jquery/dist/jquery.min.js HTTP/1.1" 404 (15 ms) - -
[20/Jul/2020:23:36:46 -0400] 0:0:0:0:0:0:0:1 "GET /js/site.js?v=dLGP40S79Xnx6GqUthRF6NWvjvhQ1nOvdVSwaNcgG18 HTTP/1.1" 404 (6 ms) - -
[20/Jul/2020:23:36:47 -0400] 0:0:0:0:0:0:0:1 "GET /list-allergies HTTP/1.1" 200 (15 ms) - -
[20/Jul/2020:23:39:36 -0400] 0:0:0:0:0:0:0:1 "GET /list-allergies HTTP/1.1" 200 (16 ms) - -
[20/Jul/2020:23:40:13 -0400] 0:0:0:0:0:0:0:1 "GET /list-allergies HTTP/1.1" 200 (11 ms) - -
[20/Jul/2020:23:40:13 -0400] 0:0:0:0:0:0:0:1 "GET /css/site.css HTTP/1.1" 304 (8 ms) - -
[20/Jul/2020:23:40:18 -0400] 0:0:0:0:0:0:0:1 "GET /admin-menu HTTP/1.1" 200 (10 ms) - -
[20/Jul/2020:23:40:18 -0400] 0:0:0:0:0:0:0:1 "GET /lib/jquery/dist/jquery.min.js HTTP/1.1" 404 (10 ms) - -
[20/Jul/2020:23:40:18 -0400] 0:0:0:0:0:0:0:1 "GET /lib/bootstrap/dist/js/bootstrap.bundle.min.js HTTP/1.1" 404 (10 ms) - -
[20/Jul/2020:23:40:18 -0400] 0:0:0:0:0:0:0:1 "GET /css/bootstrap.min.css HTTP/1.1" 304 (12 ms) - -
[20/Jul/2020:23:40:18 -0400] 0:0:0:0:0:0:0:1 "GET /js/site.js?v=dLGP40S79Xnx6GqUthRF6NWvjvhQ1nOvdVSwaNcgG18 HTTP/1.1" 404 (8 ms) - -
[20/Jul/2020:23:40:18 -0400] 0:0:0:0:0:0:0:1 "GET /lib/bootstrap/dist/js/bootstrap.bundle.min.js HTTP/1.1" 404 (5 ms) - -
[20/Jul/2020:23:40:18 -0400] 0:0:0:0:0:0:0:1 "GET /js/site.js?v=dLGP40S79Xnx6GqUthRF6NWvjvhQ1nOvdVSwaNcgG18 HTTP/1.1" 404 (8 ms) - -
[20/Jul/2020:23:40:20 -0400] 0:0:0:0:0:0:0:1 "GET / HTTP/1.1" 200 (6 ms) - -
[20/Jul/2020:23:40:20 -0400] 0:0:0:0:0:0:0:1 "GET /img/vlol_cover.jpg HTTP/1.1" 304 (5 ms) - -
[20/Jul/2020:23:40:23 -0400] 0:0:0:0:0:0:0:1 "GET /admin-menu HTTP/1.1" 200 (12 ms) - -
[20/Jul/2020:23:40:23 -0400] 0:0:0:0:0:0:0:1 "GET /lib/jquery/dist/jquery.min.js HTTP/1.1" 404 (5 ms) - -
[20/Jul/2020:23:40:23 -0400] 0:0:0:0:0:0:0:1 "GET /lib/bootstrap/dist/js/bootstrap.bundle.min.js HTTP/1.1" 404 (5 ms) - -
[20/Jul/2020:23:40:23 -0400] 0:0:0:0:0:0:0:1 "GET /js/site.js?v=dLGP40S79Xnx6GqUthRF6NWvjvhQ1nOvdVSwaNcgG18 HTTP/1.1" 404 (7 ms) - -
[20/Jul/2020:23:40:23 -0400] 0:0:0:0:0:0:0:1 "GET /lib/jquery/dist/jquery.min.js HTTP/1.1" 404 (5 ms) - -
[20/Jul/2020:23:40:23 -0400] 0:0:0:0:0:0:0:1 "GET /lib/bootstrap/dist/js/bootstrap.bundle.min.js HTTP/1.1" 404 (7 ms) - -
[20/Jul/2020:23:40:23 -0400] 0:0:0:0:0:0:0:1 "GET /js/site.js?v=dLGP40S79Xnx6GqUthRF6NWvjvhQ1nOvdVSwaNcgG18 HTTP/1.1" 404 (5 ms) - -
[20/Jul/2020:23:40:25 -0400] 0:0:0:0:0:0:0:1 "GET /list-allergies HTTP/1.1" 200 (11 ms) - -
[20/Jul/2020:23:43:20 -0400] 0:0:0:0:0:0:0:1 "GET /list-allergies HTTP/1.1" 200 (18 ms) - -
[20/Jul/2020:23:43:20 -0400] 0:0:0:0:0:0:0:1 "GET /css/site.css HTTP/1.1" 304 (4 ms) - -
[20/Jul/2020:23:43:34 -0400] 0:0:0:0:0:0:0:1 "GET /list-allergies HTTP/1.1" 200 (16 ms) - -
[20/Jul/2020:23:43:55 -0400] 0:0:0:0:0:0:0:1 "GET /list-allergies HTTP/1.1" 200 (12 ms) - -
[20/Jul/2020:23:44:10 -0400] 0:0:0:0:0:0:0:1 "GET /list-allergies HTTP/1.1" 200 (10 ms) - -
[20/Jul/2020:23:44:47 -0400] 0:0:0:0:0:0:0:1 "GET /list-allergies HTTP/1.1" 200 (14 ms) - -
[20/Jul/2020:23:44:47 -0400] 0:0:0:0:0:0:0:1 "GET /css/site.css HTTP/1.1" 304 (7 ms) - -
[20/Jul/2020:23:45:17 -0400] 0:0:0:0:0:0:0:1 "GET /list-allergies HTTP/1.1" 200 (11 ms) - -
[20/Jul/2020:23:45:58 -0400] 0:0:0:0:0:0:0:1 "GET /list-allergies HTTP/1.1" 500 (69 ms) - -
[20/Jul/2020:23:46:07 -0400] 0:0:0:0:0:0:0:1 "GET /list-allergies HTTP/1.1" 500 (50 ms) - -
[20/Jul/2020:23:46:09 -0400] 0:0:0:0:0:0:0:1 "GET /list-allergies HTTP/1.1" 500 (43 ms) - -
[20/Jul/2020:23:47:00 -0400] 0:0:0:0:0:0:0:1 "GET /list-allergies HTTP/1.1" 500 (41 ms) - -
[20/Jul/2020:23:47:02 -0400] 0:0:0:0:0:0:0:1 "GET /list-allergies HTTP/1.1" 500 (40 ms) - -
[20/Jul/2020:23:47:06 -0400] 0:0:0:0:0:0:0:1 "GET /list-allergies HTTP/1.1" 200 (8 ms) - -
[20/Jul/2020:23:47:06 -0400] 0:0:0:0:0:0:0:1 "GET /css/site.css HTTP/1.1" 304 (6 ms) - -
[20/Jul/2020:23:47:09 -0400] 0:0:0:0:0:0:0:1 "GET /list-allergies HTTP/1.1" 200 (11 ms) - -
[20/Jul/2020:23:48:31 -0400] 0:0:0:0:0:0:0:1 "GET /list-allergies HTTP/1.1" 200 (9 ms) - -
[20/Jul/2020:23:50:18 -0400] 0:0:0:0:0:0:0:1 "GET /list-allergies HTTP/1.1" 200 (15 ms) - -
[20/Jul/2020:23:50:18 -0400] 0:0:0:0:0:0:0:1 "GET /css/site.css HTTP/1.1" 200 (10 ms) - -
[20/Jul/2020:23:51:45 -0400] 0:0:0:0:0:0:0:1 "GET /list-allergies HTTP/1.1" 200 (11 ms) - -
[20/Jul/2020:23:51:45 -0400] 0:0:0:0:0:0:0:1 "GET /css/site.css HTTP/1.1" 304 (9 ms) - -
[20/Jul/2020:23:53:09 -0400] 0:0:0:0:0:0:0:1 "GET /list-allergies HTTP/1.1" 200 (10 ms) - -
[20/Jul/2020:23:53:09 -0400] 0:0:0:0:0:0:0:1 "GET /css/site.css HTTP/1.1" 304 (5 ms) - -
