[29/Jul/2020:09:03:36 -0400] 0:0:0:0:0:0:0:1 "GET / HTTP/1.1" 200 (1769 ms) - -
[29/Jul/2020:09:03:36 -0400] 0:0:0:0:0:0:0:1 "GET /css/styles.css HTTP/1.1" 200 (166 ms) - -
[29/Jul/2020:09:03:36 -0400] 0:0:0:0:0:0:0:1 "GET /img/vlol_icon.png HTTP/1.1" 200 (8 ms) - -
[29/Jul/2020:09:03:36 -0400] 0:0:0:0:0:0:0:1 "GET /img/vlol_cover.jpg HTTP/1.1" 200 (8 ms) - -
[29/Jul/2020:09:03:37 -0400] 0:0:0:0:0:0:0:1 "GET /img/vlol_icon.png HTTP/1.1" 200 (8 ms) - -
[29/Jul/2020:09:05:32 -0400] 0:0:0:0:0:0:0:1 "GET /registration HTTP/1.1" 200 (338 ms) - -
[29/Jul/2020:09:05:32 -0400] 0:0:0:0:0:0:0:1 "GET /css/styles.css HTTP/1.1" 304 (10 ms) - -
[29/Jul/2020:09:05:32 -0400] 0:0:0:0:0:0:0:1 "GET /img/vlol_icon.png HTTP/1.1" 304 (5 ms) - -
[29/Jul/2020:09:06:47 -0400] 0:0:0:0:0:0:0:1 "GET /registration HTTP/1.1" 200 (98 ms) - -
[29/Jul/2020:09:06:47 -0400] 0:0:0:0:0:0:0:1 "GET /css/styles.css HTTP/1.1" 304 (8 ms) - -
[29/Jul/2020:09:06:47 -0400] 0:0:0:0:0:0:0:1 "GET /img/vlol_icon.png HTTP/1.1" 304 (7 ms) - -
[29/Jul/2020:09:06:47 -0400] 0:0:0:0:0:0:0:1 "GET /img/vlol_icon.png HTTP/1.1" 200 (9 ms) - -
[29/Jul/2020:09:07:20 -0400] 0:0:0:0:0:0:0:1 "GET /registration HTTP/1.1" 200 (72 ms) - -
[29/Jul/2020:09:07:20 -0400] 0:0:0:0:0:0:0:1 "GET /img/vlol_icon.png HTTP/1.1" 200 (7 ms) - -
[29/Jul/2020:09:07:38 -0400] 0:0:0:0:0:0:0:1 "GET /registration HTTP/1.1" 200 (90 ms) - -
[29/Jul/2020:09:07:39 -0400] 0:0:0:0:0:0:0:1 "GET /img/vlol_icon.png HTTP/1.1" 200 (5 ms) - -
[29/Jul/2020:09:08:00 -0400] 0:0:0:0:0:0:0:1 "GET /registration HTTP/1.1" 200 (87 ms) - -
[29/Jul/2020:09:08:01 -0400] 0:0:0:0:0:0:0:1 "GET /img/vlol_icon.png HTTP/1.1" 200 (6 ms) - -
[29/Jul/2020:09:11:42 -0400] 0:0:0:0:0:0:0:1 "POST /registration HTTP/1.1" 200 (253 ms) - -
[29/Jul/2020:09:11:42 -0400] 0:0:0:0:0:0:0:1 "GET /css/styles.css HTTP/1.1" 304 (8 ms) - -
[29/Jul/2020:09:11:42 -0400] 0:0:0:0:0:0:0:1 "GET /img/vlol_icon.png HTTP/1.1" 304 (4 ms) - -
[29/Jul/2020:09:19:42 -0400] 0:0:0:0:0:0:0:1 "GET /registration HTTP/1.1" 200 (73 ms) - -
[29/Jul/2020:09:19:42 -0400] 0:0:0:0:0:0:0:1 "GET /css/styles.css HTTP/1.1" 304 (5 ms) - -
[29/Jul/2020:09:19:42 -0400] 0:0:0:0:0:0:0:1 "GET /img/vlol_icon.png HTTP/1.1" 304 (3 ms) - -
[29/Jul/2020:09:22:39 -0400] 0:0:0:0:0:0:0:1 "GET /registration HTTP/1.1" 200 (58 ms) - -
[29/Jul/2020:09:22:39 -0400] 0:0:0:0:0:0:0:1 "GET /css/styles.css HTTP/1.1" 304 (8 ms) - -
[29/Jul/2020:09:22:39 -0400] 0:0:0:0:0:0:0:1 "GET /img/vlol_icon.png HTTP/1.1" 304 (6 ms) - -
[29/Jul/2020:09:22:39 -0400] 0:0:0:0:0:0:0:1 "GET /img/vlol_icon.png HTTP/1.1" 200 (8 ms) - -
[29/Jul/2020:09:23:25 -0400] 0:0:0:0:0:0:0:1 "GET /registration HTTP/1.1" 200 (45 ms) - -
[29/Jul/2020:09:23:25 -0400] 0:0:0:0:0:0:0:1 "GET /img/vlol_icon.png HTTP/1.1" 200 (4 ms) - -
[29/Jul/2020:09:24:56 -0400] 0:0:0:0:0:0:0:1 "GET /registration HTTP/1.1" 200 (53 ms) - -
[29/Jul/2020:09:24:56 -0400] 0:0:0:0:0:0:0:1 "GET /img/vlol_icon.png HTTP/1.1" 200 (7 ms) - -
[29/Jul/2020:09:25:19 -0400] 0:0:0:0:0:0:0:1 "GET /registration HTTP/1.1" 200 (51 ms) - -
[29/Jul/2020:09:25:19 -0400] 0:0:0:0:0:0:0:1 "GET /img/vlol_icon.png HTTP/1.1" 200 (5 ms) - -
[29/Jul/2020:09:25:51 -0400] 0:0:0:0:0:0:0:1 "GET /registration HTTP/1.1" 200 (37 ms) - -
[29/Jul/2020:09:25:51 -0400] 0:0:0:0:0:0:0:1 "GET /css/styles.css HTTP/1.1" 304 (5 ms) - -
[29/Jul/2020:09:25:51 -0400] 0:0:0:0:0:0:0:1 "GET /img/vlol_icon.png HTTP/1.1" 200 (4 ms) - -
[29/Jul/2020:09:26:56 -0400] 0:0:0:0:0:0:0:1 "GET /registration HTTP/1.1" 200 (71 ms) - -
[29/Jul/2020:09:26:57 -0400] 0:0:0:0:0:0:0:1 "GET /img/vlol_icon.png HTTP/1.1" 200 (6 ms) - -
[29/Jul/2020:09:28:55 -0400] 0:0:0:0:0:0:0:1 "GET /registration HTTP/1.1" 200 (64 ms) - -
[29/Jul/2020:09:28:56 -0400] 0:0:0:0:0:0:0:1 "GET /img/vlol_icon.png HTTP/1.1" 200 (4 ms) - -
[29/Jul/2020:09:37:02 -0400] 0:0:0:0:0:0:0:1 "GET /registration HTTP/1.1" 200 (59 ms) - -
[29/Jul/2020:09:37:02 -0400] 0:0:0:0:0:0:0:1 "GET /css/styles.css HTTP/1.1" 304 (6 ms) - -
[29/Jul/2020:09:37:02 -0400] 0:0:0:0:0:0:0:1 "GET /img/vlol_icon.png HTTP/1.1" 304 (3 ms) - -
[29/Jul/2020:09:37:02 -0400] 0:0:0:0:0:0:0:1 "GET /img/vlol_icon.png HTTP/1.1" 200 (5 ms) - -
[29/Jul/2020:09:37:42 -0400] 0:0:0:0:0:0:0:1 "GET /registration HTTP/1.1" 200 (44 ms) - -
[29/Jul/2020:09:37:42 -0400] 0:0:0:0:0:0:0:1 "GET /img/vlol_icon.png HTTP/1.1" 200 (8 ms) - -
[29/Jul/2020:09:39:18 -0400] 0:0:0:0:0:0:0:1 "GET /registration HTTP/1.1" 200 (60 ms) - -
[29/Jul/2020:09:39:18 -0400] 0:0:0:0:0:0:0:1 "GET /img/vlol_icon.png HTTP/1.1" 200 (5 ms) - -
[29/Jul/2020:09:42:59 -0400] 0:0:0:0:0:0:0:1 "GET /registration HTTP/1.1" 200 (36 ms) - -
[29/Jul/2020:09:42:59 -0400] 0:0:0:0:0:0:0:1 "GET /css/styles.css HTTP/1.1" 304 (4 ms) - -
[29/Jul/2020:09:43:00 -0400] 0:0:0:0:0:0:0:1 "GET /img/vlol_icon.png HTTP/1.1" 200 (41 ms) - -
[29/Jul/2020:12:32:33 -0400] 0:0:0:0:0:0:0:1 "GET / HTTP/1.1" 200 (1322 ms) - -
[29/Jul/2020:12:32:33 -0400] 0:0:0:0:0:0:0:1 "GET /css/styles.css HTTP/1.1" 200 (33 ms) - -
[29/Jul/2020:12:32:33 -0400] 0:0:0:0:0:0:0:1 "GET /img/vlol_icon.png HTTP/1.1" 200 (16 ms) - -
[29/Jul/2020:12:32:33 -0400] 0:0:0:0:0:0:0:1 "GET /img/vlol_cover.jpg HTTP/1.1" 200 (18 ms) - -
[29/Jul/2020:12:32:35 -0400] 0:0:0:0:0:0:0:1 "GET /registration HTTP/1.1" 200 (328 ms) - -
[29/Jul/2020:12:33:52 -0400] 0:0:0:0:0:0:0:1 "GET /registration HTTP/1.1" 200 (216 ms) - -
[29/Jul/2020:12:33:53 -0400] 0:0:0:0:0:0:0:1 "GET /img/vlol_icon.png HTTP/1.1" 200 (6 ms) - -
[29/Jul/2020:12:35:36 -0400] 0:0:0:0:0:0:0:1 "GET /registration HTTP/1.1" 200 (84 ms) - -
[29/Jul/2020:12:35:36 -0400] 0:0:0:0:0:0:0:1 "GET /img/vlol_icon.png HTTP/1.1" 200 (7 ms) - -
[29/Jul/2020:12:37:24 -0400] 0:0:0:0:0:0:0:1 "GET /registration HTTP/1.1" 200 (116 ms) - -
[29/Jul/2020:12:37:24 -0400] 0:0:0:0:0:0:0:1 "GET /img/vlol_icon.png HTTP/1.1" 200 (11 ms) - -
[29/Jul/2020:12:37:34 -0400] 0:0:0:0:0:0:0:1 "GET /registration HTTP/1.1" 200 (62 ms) - -
[29/Jul/2020:12:37:34 -0400] 0:0:0:0:0:0:0:1 "GET /img/vlol_icon.png HTTP/1.1" 200 (6 ms) - -
[29/Jul/2020:12:37:47 -0400] 0:0:0:0:0:0:0:1 "GET /registration HTTP/1.1" 500 (163 ms) - -
[29/Jul/2020:12:37:47 -0400] 0:0:0:0:0:0:0:1 "GET /favicon.ico HTTP/1.1" 302 (43 ms) - -
[29/Jul/2020:12:37:47 -0400] 0:0:0:0:0:0:0:1 "GET /login HTTP/1.1" 200 (22 ms) - -
[29/Jul/2020:12:37:52 -0400] 0:0:0:0:0:0:0:1 "GET / HTTP/1.1" 200 (21 ms) - -
[29/Jul/2020:12:40:34 -0400] 0:0:0:0:0:0:0:1 "GET /registration HTTP/1.1" 200 (171 ms) - -
[29/Jul/2020:12:40:52 -0400] 0:0:0:0:0:0:0:1 "GET /registration HTTP/1.1" 200 (98 ms) - -
[29/Jul/2020:12:40:52 -0400] 0:0:0:0:0:0:0:1 "GET /img/vlol_icon.png HTTP/1.1" 200 (5 ms) - -
[29/Jul/2020:12:41:12 -0400] 0:0:0:0:0:0:0:1 "GET /registration HTTP/1.1" 200 (57 ms) - -
[29/Jul/2020:12:41:12 -0400] 0:0:0:0:0:0:0:1 "GET /img/vlol_icon.png HTTP/1.1" 200 (27 ms) - -
[29/Jul/2020:12:42:12 -0400] 0:0:0:0:0:0:0:1 "GET /registration HTTP/1.1" 200 (49 ms) - -
[29/Jul/2020:12:42:12 -0400] 0:0:0:0:0:0:0:1 "GET /img/vlol_icon.png HTTP/1.1" 200 (8 ms) - -
[29/Jul/2020:12:42:34 -0400] 0:0:0:0:0:0:0:1 "GET /registration HTTP/1.1" 200 (44 ms) - -
[29/Jul/2020:12:42:34 -0400] 0:0:0:0:0:0:0:1 "GET /img/vlol_icon.png HTTP/1.1" 200 (7 ms) - -
[29/Jul/2020:12:50:31 -0400] 0:0:0:0:0:0:0:1 "GET /registration HTTP/1.1" 200 (59 ms) - -
[29/Jul/2020:12:50:31 -0400] 0:0:0:0:0:0:0:1 "GET /img/vlol_icon.png HTTP/1.1" 200 (6 ms) - -
[29/Jul/2020:12:54:00 -0400] 0:0:0:0:0:0:0:1 "GET /registration HTTP/1.1" 200 (46 ms) - -
[29/Jul/2020:12:54:00 -0400] 0:0:0:0:0:0:0:1 "GET /img/vlol_icon.png HTTP/1.1" 200 (6 ms) - -
[29/Jul/2020:12:54:21 -0400] 0:0:0:0:0:0:0:1 "GET /registration HTTP/1.1" 200 (45 ms) - -
[29/Jul/2020:12:54:21 -0400] 0:0:0:0:0:0:0:1 "GET /img/vlol_icon.png HTTP/1.1" 200 (5 ms) - -
[29/Jul/2020:12:54:22 -0400] 0:0:0:0:0:0:0:1 "GET /registration HTTP/1.1" 200 (34 ms) - -
[29/Jul/2020:12:54:23 -0400] 0:0:0:0:0:0:0:1 "GET /img/vlol_icon.png HTTP/1.1" 200 (5 ms) - -
[29/Jul/2020:12:54:31 -0400] 0:0:0:0:0:0:0:1 "GET /registration HTTP/1.1" 200 (55 ms) - -
[29/Jul/2020:12:54:31 -0400] 0:0:0:0:0:0:0:1 "GET /css/styles.css HTTP/1.1" 304 (11 ms) - -
[29/Jul/2020:12:54:31 -0400] 0:0:0:0:0:0:0:1 "GET /img/vlol_icon.png HTTP/1.1" 200 (6 ms) - -
[29/Jul/2020:12:54:51 -0400] 0:0:0:0:0:0:0:1 "GET /registration HTTP/1.1" 200 (39 ms) - -
[29/Jul/2020:12:54:51 -0400] 0:0:0:0:0:0:0:1 "GET /img/vlol_icon.png HTTP/1.1" 200 (6 ms) - -
[29/Jul/2020:12:55:54 -0400] 0:0:0:0:0:0:0:1 "GET /registration HTTP/1.1" 200 (55 ms) - -
[29/Jul/2020:12:55:55 -0400] 0:0:0:0:0:0:0:1 "GET /img/vlol_icon.png HTTP/1.1" 200 (19 ms) - -
[29/Jul/2020:12:56:40 -0400] 0:0:0:0:0:0:0:1 "GET /registration HTTP/1.1" 200 (33 ms) - -
[29/Jul/2020:12:56:40 -0400] 0:0:0:0:0:0:0:1 "GET /img/vlol_icon.png HTTP/1.1" 200 (6 ms) - -
[29/Jul/2020:12:56:51 -0400] 0:0:0:0:0:0:0:1 "GET /registration HTTP/1.1" 200 (35 ms) - -
[29/Jul/2020:12:56:51 -0400] 0:0:0:0:0:0:0:1 "GET /img/vlol_icon.png HTTP/1.1" 200 (5 ms) - -
[29/Jul/2020:12:57:33 -0400] 0:0:0:0:0:0:0:1 "GET /registration HTTP/1.1" 200 (68 ms) - -
[29/Jul/2020:12:57:34 -0400] 0:0:0:0:0:0:0:1 "GET /img/vlol_icon.png HTTP/1.1" 200 (4 ms) - -
[29/Jul/2020:12:57:50 -0400] 0:0:0:0:0:0:0:1 "GET /registration HTTP/1.1" 200 (47 ms) - -
[29/Jul/2020:12:57:50 -0400] 0:0:0:0:0:0:0:1 "GET /img/vlol_icon.png HTTP/1.1" 200 (4 ms) - -
[29/Jul/2020:12:58:50 -0400] 0:0:0:0:0:0:0:1 "GET /registration HTTP/1.1" 200 (27 ms) - -
[29/Jul/2020:12:58:50 -0400] 0:0:0:0:0:0:0:1 "GET /img/vlol_icon.png HTTP/1.1" 200 (5 ms) - -
[29/Jul/2020:12:59:10 -0400] 0:0:0:0:0:0:0:1 "GET /registration HTTP/1.1" 200 (29 ms) - -
[29/Jul/2020:12:59:11 -0400] 0:0:0:0:0:0:0:1 "GET /img/vlol_icon.png HTTP/1.1" 200 (7 ms) - -
[29/Jul/2020:13:07:24 -0400] 0:0:0:0:0:0:0:1 "GET /registration HTTP/1.1" 200 (55 ms) - -
[29/Jul/2020:13:07:24 -0400] 0:0:0:0:0:0:0:1 "GET /img/vlol_icon.png HTTP/1.1" 200 (4 ms) - -
[29/Jul/2020:13:09:45 -0400] 0:0:0:0:0:0:0:1 "GET /registration HTTP/1.1" 200 (75 ms) - -
[29/Jul/2020:13:09:45 -0400] 0:0:0:0:0:0:0:1 "GET /img/vlol_icon.png HTTP/1.1" 200 (8 ms) - -
[29/Jul/2020:13:10:24 -0400] 0:0:0:0:0:0:0:1 "GET /registration HTTP/1.1" 200 (30 ms) - -
[29/Jul/2020:13:10:24 -0400] 0:0:0:0:0:0:0:1 "GET /img/vlol_icon.png HTTP/1.1" 200 (4 ms) - -
[29/Jul/2020:13:10:38 -0400] 0:0:0:0:0:0:0:1 "GET /registration HTTP/1.1" 200 (33 ms) - -
[29/Jul/2020:13:10:38 -0400] 0:0:0:0:0:0:0:1 "GET /img/vlol_icon.png HTTP/1.1" 200 (6 ms) - -
[29/Jul/2020:13:11:06 -0400] 0:0:0:0:0:0:0:1 "GET /registration HTTP/1.1" 200 (33 ms) - -
[29/Jul/2020:13:11:06 -0400] 0:0:0:0:0:0:0:1 "GET /img/vlol_icon.png HTTP/1.1" 200 (9 ms) - -
[29/Jul/2020:13:11:18 -0400] 0:0:0:0:0:0:0:1 "GET /registration HTTP/1.1" 200 (30 ms) - -
[29/Jul/2020:13:11:19 -0400] 0:0:0:0:0:0:0:1 "GET /img/vlol_icon.png HTTP/1.1" 200 (7 ms) - -
[29/Jul/2020:13:12:36 -0400] 0:0:0:0:0:0:0:1 "GET /registration HTTP/1.1" 200 (51 ms) - -
[29/Jul/2020:13:12:36 -0400] 0:0:0:0:0:0:0:1 "GET /img/vlol_icon.png HTTP/1.1" 200 (5 ms) - -
[29/Jul/2020:13:14:43 -0400] 0:0:0:0:0:0:0:1 "GET /registration HTTP/1.1" 200 (37 ms) - -
[29/Jul/2020:13:14:43 -0400] 0:0:0:0:0:0:0:1 "GET /img/vlol_icon.png HTTP/1.1" 200 (6 ms) - -
[29/Jul/2020:13:31:10 -0400] 0:0:0:0:0:0:0:1 "GET / HTTP/1.1" 200 (1285 ms) - -
[29/Jul/2020:13:31:10 -0400] 0:0:0:0:0:0:0:1 "GET /css/styles.css HTTP/1.1" 304 (18 ms) - -
[29/Jul/2020:13:31:10 -0400] 0:0:0:0:0:0:0:1 "GET /img/vlol_cover.jpg HTTP/1.1" 304 (9 ms) - -
[29/Jul/2020:13:31:12 -0400] 0:0:0:0:0:0:0:1 "GET /registration HTTP/1.1" 200 (472 ms) - -
[29/Jul/2020:13:33:28 -0400] 0:0:0:0:0:0:0:1 "GET /registration HTTP/1.1" 200 (740 ms) - -
[29/Jul/2020:13:33:28 -0400] 0:0:0:0:0:0:0:1 "GET /img/vlol_icon.png HTTP/1.1" 200 (18 ms) - -
[29/Jul/2020:13:34:08 -0400] 0:0:0:0:0:0:0:1 "GET /registration HTTP/1.1" 200 (305 ms) - -
[29/Jul/2020:13:34:09 -0400] 0:0:0:0:0:0:0:1 "GET /img/vlol_icon.png HTTP/1.1" 200 (7 ms) - -
[29/Jul/2020:13:36:11 -0400] 0:0:0:0:0:0:0:1 "GET /registration HTTP/1.1" 200 (236 ms) - -
[29/Jul/2020:13:36:12 -0400] 0:0:0:0:0:0:0:1 "GET /img/vlol_icon.png HTTP/1.1" 200 (7 ms) - -
[29/Jul/2020:13:36:59 -0400] 0:0:0:0:0:0:0:1 "GET / HTTP/1.1" 200 (27 ms) - -
[29/Jul/2020:13:37:01 -0400] 0:0:0:0:0:0:0:1 "GET /registration HTTP/1.1" 200 (171 ms) - -
[29/Jul/2020:13:37:47 -0400] 0:0:0:0:0:0:0:1 "GET /registration HTTP/1.1" 200 (231 ms) - -
[29/Jul/2020:13:37:48 -0400] 0:0:0:0:0:0:0:1 "GET /img/vlol_icon.png HTTP/1.1" 200 (6 ms) - -
[29/Jul/2020:13:41:07 -0400] 0:0:0:0:0:0:0:1 "GET /registration HTTP/1.1" 200 (191 ms) - -
[29/Jul/2020:13:41:07 -0400] 0:0:0:0:0:0:0:1 "GET /img/vlol_icon.png HTTP/1.1" 200 (5 ms) - -
[29/Jul/2020:13:41:37 -0400] 0:0:0:0:0:0:0:1 "GET /registration HTTP/1.1" 200 (151 ms) - -
[29/Jul/2020:13:41:37 -0400] 0:0:0:0:0:0:0:1 "GET /img/vlol_icon.png HTTP/1.1" 200 (7 ms) - -
[29/Jul/2020:13:41:46 -0400] 0:0:0:0:0:0:0:1 "GET /registration HTTP/1.1" 200 (184 ms) - -
[29/Jul/2020:13:41:47 -0400] 0:0:0:0:0:0:0:1 "GET /img/vlol_icon.png HTTP/1.1" 200 (8 ms) - -
[29/Jul/2020:13:44:28 -0400] 0:0:0:0:0:0:0:1 "GET /registration HTTP/1.1" 200 (174 ms) - -
[29/Jul/2020:13:44:28 -0400] 0:0:0:0:0:0:0:1 "GET /img/vlol_icon.png HTTP/1.1" 200 (5 ms) - -
[29/Jul/2020:13:45:53 -0400] 0:0:0:0:0:0:0:1 "GET /registration HTTP/1.1" 200 (189 ms) - -
[29/Jul/2020:13:45:54 -0400] 0:0:0:0:0:0:0:1 "GET /img/vlol_icon.png HTTP/1.1" 200 (10 ms) - -
[29/Jul/2020:13:46:21 -0400] 0:0:0:0:0:0:0:1 "GET /registration HTTP/1.1" 200 (151 ms) - -
[29/Jul/2020:13:46:22 -0400] 0:0:0:0:0:0:0:1 "GET /img/vlol_icon.png HTTP/1.1" 200 (6 ms) - -
[29/Jul/2020:13:46:47 -0400] 0:0:0:0:0:0:0:1 "GET /registration HTTP/1.1" 200 (174 ms) - -
[29/Jul/2020:13:46:48 -0400] 0:0:0:0:0:0:0:1 "GET /favicon.ico HTTP/1.1" 302 (47 ms) - -
[29/Jul/2020:13:46:48 -0400] 0:0:0:0:0:0:0:1 "GET /login HTTP/1.1" 200 (24 ms) - -
[29/Jul/2020:14:16:28 -0400] 0:0:0:0:0:0:0:1 "GET /registration HTTP/1.1" 200 (252 ms) - -
[29/Jul/2020:14:16:28 -0400] 0:0:0:0:0:0:0:1 "GET /css/styles.css HTTP/1.1" 304 (8 ms) - -
[29/Jul/2020:14:16:28 -0400] 0:0:0:0:0:0:0:1 "GET /img/vlol_icon.png HTTP/1.1" 304 (3 ms) - -
[29/Jul/2020:14:16:29 -0400] 0:0:0:0:0:0:0:1 "GET /img/vlol_icon.png HTTP/1.1" 200 (6 ms) - -
[29/Jul/2020:14:16:38 -0400] 0:0:0:0:0:0:0:1 "GET /login HTTP/1.1" 200 (16 ms) - -
[29/Jul/2020:14:16:38 -0400] 0:0:0:0:0:0:0:1 "GET /img/vlol_logo.png HTTP/1.1" 200 (4 ms) - -
[29/Jul/2020:14:16:49 -0400] 0:0:0:0:0:0:0:1 "POST /login HTTP/1.1" 302 (692 ms) - -
[29/Jul/2020:14:16:49 -0400] 0:0:0:0:0:0:0:1 "GET /admin-menu HTTP/1.1" 200 (50 ms) - -
[29/Jul/2020:14:16:55 -0400] 0:0:0:0:0:0:0:1 "GET /list-users HTTP/1.1" 200 (37 ms) - -
[29/Jul/2020:14:16:55 -0400] 0:0:0:0:0:0:0:1 "GET /favicon.ico HTTP/1.1" 404 (68 ms) - -
[29/Jul/2020:14:16:59 -0400] 0:0:0:0:0:0:0:1 "GET /edit-user/1 HTTP/1.1" 200 (63 ms) - -
[29/Jul/2020:14:17:14 -0400] 0:0:0:0:0:0:0:1 "GET /list-users HTTP/1.1" 200 (19 ms) - -
[29/Jul/2020:14:17:23 -0400] 0:0:0:0:0:0:0:1 "GET /admin-menu HTTP/1.1" 200 (14 ms) - -
[29/Jul/2020:14:17:27 -0400] 0:0:0:0:0:0:0:1 "GET /list-allergies HTTP/1.1" 200 (19 ms) - -
[29/Jul/2020:14:17:27 -0400] 0:0:0:0:0:0:0:1 "GET /DataTables/datatables.min.css HTTP/1.1" 200 (13 ms) - -
[29/Jul/2020:14:17:27 -0400] 0:0:0:0:0:0:0:1 "GET /DataTables/datatables.min.js HTTP/1.1" 200 (33 ms) - -
[29/Jul/2020:14:17:28 -0400] 0:0:0:0:0:0:0:1 "GET /DataTables/DataTables-1.10.21/images/sort_both.png HTTP/1.1" 200 (7 ms) - -
[29/Jul/2020:14:17:28 -0400] 0:0:0:0:0:0:0:1 "GET /DataTables/DataTables-1.10.21/images/sort_asc.png HTTP/1.1" 200 (6 ms) - -
[29/Jul/2020:14:17:30 -0400] 0:0:0:0:0:0:0:1 "GET /admin-menu HTTP/1.1" 200 (16 ms) - -
[29/Jul/2020:15:15:21 -0400] 0:0:0:0:0:0:0:1 "GET / HTTP/1.1" 200 (1303 ms) - -
[29/Jul/2020:15:15:21 -0400] 0:0:0:0:0:0:0:1 "GET /css/styles.css HTTP/1.1" 304 (21 ms) - -
[29/Jul/2020:15:15:21 -0400] 0:0:0:0:0:0:0:1 "GET /img/vlol_icon.png HTTP/1.1" 304 (10 ms) - -
[29/Jul/2020:15:15:21 -0400] 0:0:0:0:0:0:0:1 "GET /img/vlol_cover.jpg HTTP/1.1" 304 (14 ms) - -
[29/Jul/2020:15:15:23 -0400] 0:0:0:0:0:0:0:1 "GET /login HTTP/1.1" 200 (47 ms) - -
[29/Jul/2020:15:15:23 -0400] 0:0:0:0:0:0:0:1 "GET /img/vlol_logo.png HTTP/1.1" 304 (8 ms) - -
[29/Jul/2020:15:15:35 -0400] 0:0:0:0:0:0:0:1 "POST /login HTTP/1.1" 302 (717 ms) - -
[29/Jul/2020:15:15:35 -0400] 0:0:0:0:0:0:0:1 "GET /admin-menu HTTP/1.1" 200 (148 ms) - -
[29/Jul/2020:15:15:41 -0400] 0:0:0:0:0:0:0:1 "GET /list-users HTTP/1.1" 200 (108 ms) - -
[29/Jul/2020:15:15:41 -0400] 0:0:0:0:0:0:0:1 "GET /DataTables/datatables.min.css HTTP/1.1" 304 (12 ms) - -
[29/Jul/2020:15:15:41 -0400] 0:0:0:0:0:0:0:1 "GET /DataTables/datatables.min.js HTTP/1.1" 304 (7 ms) - -
[29/Jul/2020:15:15:42 -0400] 0:0:0:0:0:0:0:1 "GET /DataTables/DataTables-1.10.21/images/sort_both.png HTTP/1.1" 304 (6 ms) - -
[29/Jul/2020:15:15:42 -0400] 0:0:0:0:0:0:0:1 "GET /DataTables/DataTables-1.10.21/images/sort_asc.png HTTP/1.1" 304 (5 ms) - -
[29/Jul/2020:15:16:17 -0400] 0:0:0:0:0:0:0:1 "GET /list-users HTTP/1.1" 200 (107 ms) - -
[29/Jul/2020:15:16:18 -0400] 0:0:0:0:0:0:0:1 "GET /img/vlol_icon.png HTTP/1.1" 200 (15 ms) - -
[29/Jul/2020:15:16:42 -0400] 0:0:0:0:0:0:0:1 "GET /admin-menu HTTP/1.1" 200 (39 ms) - -
[29/Jul/2020:15:16:44 -0400] 0:0:0:0:0:0:0:1 "GET /list-users HTTP/1.1" 200 (37 ms) - -
[29/Jul/2020:15:16:47 -0400] 0:0:0:0:0:0:0:1 "GET /view-user/1 HTTP/1.1" 500 (587 ms) - -
[29/Jul/2020:15:17:55 -0400] 0:0:0:0:0:0:0:1 "GET /view-user/1 HTTP/1.1" 500 (141 ms) - -
[29/Jul/2020:15:21:29 -0400] 0:0:0:0:0:0:0:1 "GET /view-user/1 HTTP/1.1" 500 (262 ms) - -
[29/Jul/2020:15:21:33 -0400] 0:0:0:0:0:0:0:1 "GET /list-users HTTP/1.1" 200 (37 ms) - -
[29/Jul/2020:15:21:36 -0400] 0:0:0:0:0:0:0:1 "GET /list-users HTTP/1.1" 200 (41 ms) - -
[29/Jul/2020:15:21:36 -0400] 0:0:0:0:0:0:0:1 "GET /img/vlol_icon.png HTTP/1.1" 200 (5 ms) - -
[29/Jul/2020:15:21:59 -0400] 0:0:0:0:0:0:0:1 "GET /view-user/1 HTTP/1.1" 500 (172 ms) - -
[29/Jul/2020:15:24:42 -0400] 0:0:0:0:0:0:0:1 "GET /list-users HTTP/1.1" 200 (34 ms) - -
[29/Jul/2020:15:24:44 -0400] 0:0:0:0:0:0:0:1 "GET /list-users HTTP/1.1" 200 (31 ms) - -
[29/Jul/2020:15:24:45 -0400] 0:0:0:0:0:0:0:1 "GET /img/vlol_icon.png HTTP/1.1" 200 (6 ms) - -
[29/Jul/2020:15:24:46 -0400] 0:0:0:0:0:0:0:1 "GET /view-user/1 HTTP/1.1" 200 (192 ms) - -
[29/Jul/2020:15:25:22 -0400] 0:0:0:0:0:0:0:1 "GET /view-user/1 HTTP/1.1" 200 (160 ms) - -
[29/Jul/2020:15:25:23 -0400] 0:0:0:0:0:0:0:1 "GET /img/vlol_icon.png HTTP/1.1" 200 (7 ms) - -
[29/Jul/2020:15:26:00 -0400] 0:0:0:0:0:0:0:1 "GET /view-user/1 HTTP/1.1" 200 (174 ms) - -
[29/Jul/2020:15:26:01 -0400] 0:0:0:0:0:0:0:1 "GET /img/vlol_icon.png HTTP/1.1" 200 (5 ms) - -
[29/Jul/2020:15:26:08 -0400] 0:0:0:0:0:0:0:1 "GET /view-user/1 HTTP/1.1" 200 (115 ms) - -
[29/Jul/2020:15:26:09 -0400] 0:0:0:0:0:0:0:1 "GET /img/vlol_icon.png HTTP/1.1" 200 (6 ms) - -
[29/Jul/2020:15:27:54 -0400] 0:0:0:0:0:0:0:1 "GET /view-user/1 HTTP/1.1" 200 (191 ms) - -
[29/Jul/2020:15:27:54 -0400] 0:0:0:0:0:0:0:1 "GET /img/vlol_icon.png HTTP/1.1" 200 (8 ms) - -
[29/Jul/2020:15:28:12 -0400] 0:0:0:0:0:0:0:1 "GET /list-users HTTP/1.1" 200 (21 ms) - -
[29/Jul/2020:15:28:14 -0400] 0:0:0:0:0:0:0:1 "GET /view-user/2 HTTP/1.1" 200 (92 ms) - -
[29/Jul/2020:15:29:41 -0400] 0:0:0:0:0:0:0:1 "GET /view-user/2 HTTP/1.1" 200 (120 ms) - -
[29/Jul/2020:15:29:42 -0400] 0:0:0:0:0:0:0:1 "GET /img/vlol_icon.png HTTP/1.1" 200 (5 ms) - -
[29/Jul/2020:15:30:40 -0400] 0:0:0:0:0:0:0:1 "GET /view-user/2 HTTP/1.1" 200 (121 ms) - -
[29/Jul/2020:15:30:40 -0400] 0:0:0:0:0:0:0:1 "GET /img/vlol_icon.png HTTP/1.1" 200 (4 ms) - -
[29/Jul/2020:15:30:58 -0400] 0:0:0:0:0:0:0:1 "GET /list-users HTTP/1.1" 200 (21 ms) - -
[29/Jul/2020:15:31:02 -0400] 0:0:0:0:0:0:0:1 "GET /view-user/4 HTTP/1.1" 500 (56 ms) - -
[29/Jul/2020:15:37:39 -0400] 0:0:0:0:0:0:0:1 "GET /list-users HTTP/1.1" 200 (28 ms) - -
[29/Jul/2020:15:37:42 -0400] 0:0:0:0:0:0:0:1 "GET /list-users HTTP/1.1" 200 (21 ms) - -
[29/Jul/2020:15:37:42 -0400] 0:0:0:0:0:0:0:1 "GET /img/vlol_icon.png HTTP/1.1" 200 (6 ms) - -
[29/Jul/2020:15:40:29 -0400] 127.0.0.1 "GET /view-user/1 HTTP/1.1" 200 (200 ms) - -
[29/Jul/2020:15:40:31 -0400] 127.0.0.1 "GET /list-users HTTP/1.1" 200 (24 ms) - -
[29/Jul/2020:15:40:32 -0400] 127.0.0.1 "GET /img/vlol_icon.png HTTP/1.1" 200 (4 ms) - -
[29/Jul/2020:15:40:34 -0400] 127.0.0.1 "GET /list-users HTTP/1.1" 200 (17 ms) - -
[29/Jul/2020:15:40:34 -0400] 127.0.0.1 "GET /img/vlol_icon.png HTTP/1.1" 200 (8 ms) - -
[29/Jul/2020:15:40:36 -0400] 127.0.0.1 "GET /view-user/1 HTTP/1.1" 200 (65 ms) - -
[29/Jul/2020:15:40:45 -0400] 127.0.0.1 "GET /list-users HTTP/1.1" 200 (43 ms) - -
[29/Jul/2020:15:40:48 -0400] 127.0.0.1 "GET /view-user/4 HTTP/1.1" 200 (83 ms) - -
[29/Jul/2020:15:42:39 -0400] 0:0:0:0:0:0:0:1 "GET /view-user/4 HTTP/1.1" 200 (98 ms) - -
[29/Jul/2020:15:42:39 -0400] 0:0:0:0:0:0:0:1 "GET /img/vlol_icon.png HTTP/1.1" 200 (6 ms) - -
[29/Jul/2020:15:42:53 -0400] 0:0:0:0:0:0:0:1 "GET /view-user/4 HTTP/1.1" 200 (47 ms) - -
[29/Jul/2020:15:42:53 -0400] 0:0:0:0:0:0:0:1 "GET /img/vlol_icon.png HTTP/1.1" 200 (7 ms) - -
[29/Jul/2020:15:43:04 -0400] 0:0:0:0:0:0:0:1 "GET /list-users HTTP/1.1" 200 (23 ms) - -
[29/Jul/2020:15:43:07 -0400] 0:0:0:0:0:0:0:1 "GET /view-user/1 HTTP/1.1" 200 (109 ms) - -
[29/Jul/2020:15:43:10 -0400] 0:0:0:0:0:0:0:1 "GET /list-users HTTP/1.1" 200 (17 ms) - -
[29/Jul/2020:15:43:12 -0400] 0:0:0:0:0:0:0:1 "GET /view-user/2 HTTP/1.1" 200 (51 ms) - -
[29/Jul/2020:15:44:13 -0400] 0:0:0:0:0:0:0:1 "GET /view-user/2 HTTP/1.1" 200 (51 ms) - -
[29/Jul/2020:15:44:13 -0400] 0:0:0:0:0:0:0:1 "GET /img/vlol_icon.png HTTP/1.1" 200 (5 ms) - -
[29/Jul/2020:15:44:18 -0400] 0:0:0:0:0:0:0:1 "GET /list-users HTTP/1.1" 200 (20 ms) - -
[29/Jul/2020:15:44:20 -0400] 0:0:0:0:0:0:0:1 "GET /view-user/4 HTTP/1.1" 200 (55 ms) - -
[29/Jul/2020:15:44:26 -0400] 0:0:0:0:0:0:0:1 "GET /list-users HTTP/1.1" 200 (18 ms) - -
[29/Jul/2020:15:45:46 -0400] 0:0:0:0:0:0:0:1 "GET /view-user/4 HTTP/1.1" 200 (56 ms) - -
[29/Jul/2020:15:45:50 -0400] 0:0:0:0:0:0:0:1 "GET /list-users HTTP/1.1" 200 (16 ms) - -
[29/Jul/2020:15:46:42 -0400] 0:0:0:0:0:0:0:1 "GET /list-users HTTP/1.1" 200 (19 ms) - -
[29/Jul/2020:15:46:43 -0400] 0:0:0:0:0:0:0:1 "GET /img/vlol_icon.png HTTP/1.1" 200 (4 ms) - -
[29/Jul/2020:15:46:45 -0400] 0:0:0:0:0:0:0:1 "GET /view-user/1 HTTP/1.1" 500 (78 ms) - -
[29/Jul/2020:15:47:07 -0400] 0:0:0:0:0:0:0:1 "GET /view-user/1 HTTP/1.1" 200 (53 ms) - -
[29/Jul/2020:15:47:20 -0400] 0:0:0:0:0:0:0:1 "GET /list-users HTTP/1.1" 200 (19 ms) - -
[29/Jul/2020:15:47:22 -0400] 0:0:0:0:0:0:0:1 "GET /view-user/4 HTTP/1.1" 200 (44 ms) - -
[29/Jul/2020:15:47:33 -0400] 0:0:0:0:0:0:0:1 "GET /list-users HTTP/1.1" 200 (16 ms) - -
[29/Jul/2020:15:47:36 -0400] 0:0:0:0:0:0:0:1 "GET /view-user/2 HTTP/1.1" 200 (61 ms) - -
[29/Jul/2020:15:48:15 -0400] 0:0:0:0:0:0:0:1 "GET /view-user/2 HTTP/1.1" 200 (52 ms) - -
[29/Jul/2020:15:48:15 -0400] 0:0:0:0:0:0:0:1 "GET /img/vlol_icon.png HTTP/1.1" 200 (6 ms) - -
[29/Jul/2020:15:51:25 -0400] 0:0:0:0:0:0:0:1 "GET /view-user/2 HTTP/1.1" 200 (44 ms) - -
[29/Jul/2020:15:51:25 -0400] 0:0:0:0:0:0:0:1 "GET /img/vlol_icon.png HTTP/1.1" 200 (4 ms) - -
[29/Jul/2020:15:51:52 -0400] 0:0:0:0:0:0:0:1 "GET /view-user/2 HTTP/1.1" 200 (49 ms) - -
[29/Jul/2020:15:51:52 -0400] 0:0:0:0:0:0:0:1 "GET /img/vlol_icon.png HTTP/1.1" 200 (4 ms) - -
[29/Jul/2020:15:52:07 -0400] 0:0:0:0:0:0:0:1 "GET /admin-menu HTTP/1.1" 200 (17 ms) - -
[29/Jul/2020:15:52:09 -0400] 0:0:0:0:0:0:0:1 "GET /list-conditions HTTP/1.1" 200 (14 ms) - -
[29/Jul/2020:15:52:12 -0400] 0:0:0:0:0:0:0:1 "GET /view-condition/3 HTTP/1.1" 404 (26 ms) - -
[29/Jul/2020:16:00:14 -0400] 0:0:0:0:0:0:0:1 "GET /view-condition/3 HTTP/1.1" 200 (55 ms) - -
[29/Jul/2020:16:00:14 -0400] 0:0:0:0:0:0:0:1 "GET /css/styles.css HTTP/1.1" 304 (4 ms) - -
[29/Jul/2020:16:00:19 -0400] 0:0:0:0:0:0:0:1 "GET /list-conditions HTTP/1.1" 200 (23 ms) - -
[29/Jul/2020:16:00:19 -0400] 0:0:0:0:0:0:0:1 "GET /DataTables/datatables.min.css HTTP/1.1" 304 (4 ms) - -
[29/Jul/2020:16:00:19 -0400] 0:0:0:0:0:0:0:1 "GET /DataTables/datatables.min.js HTTP/1.1" 304 (6 ms) - -
[29/Jul/2020:16:00:19 -0400] 0:0:0:0:0:0:0:1 "GET /DataTables/DataTables-1.10.21/images/sort_both.png HTTP/1.1" 304 (3 ms) - -
[29/Jul/2020:16:00:19 -0400] 0:0:0:0:0:0:0:1 "GET /DataTables/DataTables-1.10.21/images/sort_asc.png HTTP/1.1" 304 (3 ms) - -
[29/Jul/2020:16:00:23 -0400] 0:0:0:0:0:0:0:1 "GET /edit-condition/1 HTTP/1.1" 200 (16 ms) - -
[29/Jul/2020:16:00:25 -0400] 0:0:0:0:0:0:0:1 "GET /list-conditions HTTP/1.1" 200 (17 ms) - -
[29/Jul/2020:16:00:29 -0400] 0:0:0:0:0:0:0:1 "GET /admin-menu HTTP/1.1" 200 (21 ms) - -
[29/Jul/2020:16:00:31 -0400] 0:0:0:0:0:0:0:1 "GET /list-medications HTTP/1.1" 200 (76 ms) - -
[29/Jul/2020:16:01:14 -0400] 0:0:0:0:0:0:0:1 "GET /list-medications HTTP/1.1" 200 (263 ms) - -
[29/Jul/2020:16:01:16 -0400] 0:0:0:0:0:0:0:1 "GET /img/vlol_icon.png HTTP/1.1" 200 (7 ms) - -
[29/Jul/2020:16:01:22 -0400] 0:0:0:0:0:0:0:1 "GET /view-medication/3 HTTP/1.1" 200 (19 ms) - -
[29/Jul/2020:16:01:25 -0400] 0:0:0:0:0:0:0:1 "GET /list-medications HTTP/1.1" 200 (56 ms) - -
[29/Jul/2020:16:02:02 -0400] 0:0:0:0:0:0:0:1 "GET /list-medications HTTP/1.1" 200 (37 ms) - -
[29/Jul/2020:16:02:04 -0400] 0:0:0:0:0:0:0:1 "GET /img/vlol_icon.png HTTP/1.1" 200 (4 ms) - -
[29/Jul/2020:16:02:06 -0400] 0:0:0:0:0:0:0:1 "GET /admin-menu HTTP/1.1" 200 (20 ms) - -
[29/Jul/2020:16:02:07 -0400] 0:0:0:0:0:0:0:1 "GET /list-medications HTTP/1.1" 200 (42 ms) - -
[29/Jul/2020:16:02:58 -0400] 0:0:0:0:0:0:0:1 "GET /list-medications HTTP/1.1" 200 (46 ms) - -
[29/Jul/2020:16:03:00 -0400] 0:0:0:0:0:0:0:1 "GET /img/vlol_icon.png HTTP/1.1" 200 (6 ms) - -
[29/Jul/2020:16:03:04 -0400] 0:0:0:0:0:0:0:1 "GET /DataTables/DataTables-1.10.21/images/sort_desc.png HTTP/1.1" 200 (4 ms) - -
[29/Jul/2020:16:03:22 -0400] 0:0:0:0:0:0:0:1 "GET /view-medication/2 HTTP/1.1" 200 (13 ms) - -
[29/Jul/2020:16:03:23 -0400] 0:0:0:0:0:0:0:1 "GET /list-medications HTTP/1.1" 200 (51 ms) - -
[29/Jul/2020:16:11:27 -0400] 0:0:0:0:0:0:0:1 "GET /list-medications HTTP/1.1" 200 (44 ms) - -
[29/Jul/2020:16:11:29 -0400] 0:0:0:0:0:0:0:1 "GET /img/vlol_icon.png HTTP/1.1" 200 (4 ms) - -
[29/Jul/2020:16:11:32 -0400] 0:0:0:0:0:0:0:1 "GET /view-medication/3 HTTP/1.1" 200 (17 ms) - -
[29/Jul/2020:16:12:10 -0400] 0:0:0:0:0:0:0:1 "GET /view-medication/3 HTTP/1.1" 200 (12 ms) - -
[29/Jul/2020:16:12:11 -0400] 0:0:0:0:0:0:0:1 "GET /img/vlol_icon.png HTTP/1.1" 200 (4 ms) - -
[29/Jul/2020:16:12:22 -0400] 0:0:0:0:0:0:0:1 "GET /list-medications HTTP/1.1" 200 (41 ms) - -
[29/Jul/2020:16:12:25 -0400] 0:0:0:0:0:0:0:1 "GET /admin-menu HTTP/1.1" 200 (10 ms) - -
[29/Jul/2020:16:12:27 -0400] 0:0:0:0:0:0:0:1 "GET /list-roles HTTP/1.1" 200 (23 ms) - -
[29/Jul/2020:16:12:30 -0400] 0:0:0:0:0:0:0:1 "GET /view-role/2 HTTP/1.1" 200 (14 ms) - -
[29/Jul/2020:16:14:42 -0400] 0:0:0:0:0:0:0:1 "GET /view-role/2 HTTP/1.1" 200 (13 ms) - -
[29/Jul/2020:16:14:42 -0400] 0:0:0:0:0:0:0:1 "GET /img/vlol_icon.png HTTP/1.1" 200 (7 ms) - -
[29/Jul/2020:16:14:59 -0400] 0:0:0:0:0:0:0:1 "GET /list-roles HTTP/1.1" 200 (12 ms) - -
[29/Jul/2020:16:15:00 -0400] 0:0:0:0:0:0:0:1 "GET /admin-menu HTTP/1.1" 200 (11 ms) - -
[29/Jul/2020:16:15:02 -0400] 0:0:0:0:0:0:0:1 "GET /list-users HTTP/1.1" 200 (28 ms) - -
[29/Jul/2020:16:15:05 -0400] 0:0:0:0:0:0:0:1 "GET /view-user/1 HTTP/1.1" 200 (65 ms) - -
[29/Jul/2020:16:15:09 -0400] 0:0:0:0:0:0:0:1 "GET /list-users HTTP/1.1" 200 (15 ms) - -
[29/Jul/2020:16:15:14 -0400] 0:0:0:0:0:0:0:1 "GET /admin-menu HTTP/1.1" 200 (14 ms) - -
[29/Jul/2020:16:15:19 -0400] 0:0:0:0:0:0:0:1 "GET /qr-capture HTTP/1.1" 200 (11 ms) - -
[29/Jul/2020:16:15:19 -0400] 0:0:0:0:0:0:0:1 "GET /js/html5-qrcode.min.js HTTP/1.1" 200 (8 ms) - -
[29/Jul/2020:16:15:36 -0400] 0:0:0:0:0:0:0:1 "GET /view-user/2 HTTP/1.1" 200 (107 ms) - -
[29/Jul/2020:16:16:00 -0400] 0:0:0:0:0:0:0:1 "GET /list-users HTTP/1.1" 200 (20 ms) - -
[29/Jul/2020:16:16:03 -0400] 0:0:0:0:0:0:0:1 "GET /admin-menu HTTP/1.1" 200 (10 ms) - -
[29/Jul/2020:16:16:06 -0400] 0:0:0:0:0:0:0:1 "GET /list-allergies HTTP/1.1" 200 (11 ms) - -
[29/Jul/2020:16:16:09 -0400] 0:0:0:0:0:0:0:1 "GET /edit-allergy/1 HTTP/1.1" 200 (20 ms) - -
[29/Jul/2020:16:16:10 -0400] 0:0:0:0:0:0:0:1 "GET /list-allergies HTTP/1.1" 200 (16 ms) - -
[29/Jul/2020:16:16:14 -0400] 0:0:0:0:0:0:0:1 "GET /edit-allergy/1 HTTP/1.1" 200 (13 ms) - -
[29/Jul/2020:16:16:16 -0400] 0:0:0:0:0:0:0:1 "GET /list-allergies HTTP/1.1" 200 (12 ms) - -
[29/Jul/2020:16:16:19 -0400] 0:0:0:0:0:0:0:1 "GET /admin-menu HTTP/1.1" 200 (15 ms) - -
[29/Jul/2020:16:16:20 -0400] 0:0:0:0:0:0:0:1 "GET /list-conditions HTTP/1.1" 200 (13 ms) - -
[29/Jul/2020:16:16:22 -0400] 0:0:0:0:0:0:0:1 "GET /edit-condition/1 HTTP/1.1" 200 (9 ms) - -
[29/Jul/2020:16:16:27 -0400] 0:0:0:0:0:0:0:1 "GET /list-conditions HTTP/1.1" 200 (10 ms) - -
[29/Jul/2020:16:16:36 -0400] 0:0:0:0:0:0:0:1 "GET /admin-menu HTTP/1.1" 200 (9 ms) - -
[29/Jul/2020:16:16:38 -0400] 0:0:0:0:0:0:0:1 "GET /list-users HTTP/1.1" 200 (15 ms) - -
[29/Jul/2020:16:16:44 -0400] 0:0:0:0:0:0:0:1 "GET /edit-user/2 HTTP/1.1" 200 (57 ms) - -
[29/Jul/2020:16:16:49 -0400] 0:0:0:0:0:0:0:1 "GET /list-users HTTP/1.1" 200 (16 ms) - -
[29/Jul/2020:16:24:04 -0400] 0:0:0:0:0:0:0:1 "GET /list-users HTTP/1.1" 200 (21 ms) - -
[29/Jul/2020:16:24:04 -0400] 0:0:0:0:0:0:0:1 "GET /img/vlol_icon.png HTTP/1.1" 200 (4 ms) - -
[29/Jul/2020:16:24:08 -0400] 0:0:0:0:0:0:0:1 "GET /admin-menu HTTP/1.1" 200 (11 ms) - -
[29/Jul/2020:16:24:11 -0400] 0:0:0:0:0:0:0:1 "GET /list-allergies HTTP/1.1" 200 (12 ms) - -
[29/Jul/2020:16:24:12 -0400] 0:0:0:0:0:0:0:1 "GET /edit-allergy/1 HTTP/1.1" 200 (14 ms) - -
[29/Jul/2020:16:24:14 -0400] 0:0:0:0:0:0:0:1 "GET /list-allergies HTTP/1.1" 200 (12 ms) - -
[29/Jul/2020:16:24:16 -0400] 0:0:0:0:0:0:0:1 "GET /edit-allergy/1 HTTP/1.1" 200 (12 ms) - -
[29/Jul/2020:16:24:19 -0400] 0:0:0:0:0:0:0:1 "GET /list-allergies HTTP/1.1" 200 (14 ms) - -
[29/Jul/2020:16:24:22 -0400] 0:0:0:0:0:0:0:1 "GET /admin-menu HTTP/1.1" 200 (9 ms) - -
[29/Jul/2020:16:24:23 -0400] 0:0:0:0:0:0:0:1 "GET /list-conditions HTTP/1.1" 200 (13 ms) - -
[29/Jul/2020:16:24:25 -0400] 0:0:0:0:0:0:0:1 "GET /edit-condition/2 HTTP/1.1" 200 (13 ms) - -
[29/Jul/2020:16:27:23 -0400] 0:0:0:0:0:0:0:1 "GET /edit-condition/2 HTTP/1.1" 200 (17 ms) - -
[29/Jul/2020:16:27:23 -0400] 0:0:0:0:0:0:0:1 "GET /img/vlol_icon.png HTTP/1.1" 200 (4 ms) - -
[29/Jul/2020:16:27:27 -0400] 0:0:0:0:0:0:0:1 "GET /list-allergies HTTP/1.1" 200 (10 ms) - -
[29/Jul/2020:16:27:35 -0400] 0:0:0:0:0:0:0:1 "GET /edit-allergy/2 HTTP/1.1" 200 (15 ms) - -
[29/Jul/2020:16:27:37 -0400] 0:0:0:0:0:0:0:1 "GET /list-allergies HTTP/1.1" 200 (10 ms) - -
[29/Jul/2020:16:27:40 -0400] 0:0:0:0:0:0:0:1 "GET /admin-menu HTTP/1.1" 200 (13 ms) - -
[29/Jul/2020:16:27:41 -0400] 0:0:0:0:0:0:0:1 "GET /list-conditions HTTP/1.1" 200 (10 ms) - -
[29/Jul/2020:16:27:46 -0400] 0:0:0:0:0:0:0:1 "GET /edit-condition/1 HTTP/1.1" 200 (11 ms) - -
[29/Jul/2020:16:29:03 -0400] 0:0:0:0:0:0:0:1 "GET /edit-condition/1 HTTP/1.1" 200 (16 ms) - -
[29/Jul/2020:16:29:04 -0400] 0:0:0:0:0:0:0:1 "GET /img/vlol_icon.png HTTP/1.1" 200 (3 ms) - -
[29/Jul/2020:16:31:50 -0400] 0:0:0:0:0:0:0:1 "GET /edit-condition/1 HTTP/1.1" 200 (14 ms) - -
[29/Jul/2020:16:31:50 -0400] 0:0:0:0:0:0:0:1 "GET /img/vlol_icon.png HTTP/1.1" 200 (4 ms) - -
[29/Jul/2020:16:32:01 -0400] 0:0:0:0:0:0:0:1 "GET /list-conditions HTTP/1.1" 200 (12 ms) - -
[29/Jul/2020:16:32:05 -0400] 0:0:0:0:0:0:0:1 "GET /admin-menu HTTP/1.1" 200 (14 ms) - -
[29/Jul/2020:16:32:07 -0400] 0:0:0:0:0:0:0:1 "GET /list-medications HTTP/1.1" 200 (65 ms) - -
[29/Jul/2020:16:32:09 -0400] 0:0:0:0:0:0:0:1 "GET /edit-medication/1 HTTP/1.1" 200 (17 ms) - -
[29/Jul/2020:16:32:25 -0400] 0:0:0:0:0:0:0:1 "GET /list-medications HTTP/1.1" 200 (66 ms) - -
[29/Jul/2020:16:32:30 -0400] 0:0:0:0:0:0:0:1 "GET /add-medication HTTP/1.1" 200 (10 ms) - -
[29/Jul/2020:16:32:35 -0400] 0:0:0:0:0:0:0:1 "GET /list-medications HTTP/1.1" 200 (57 ms) - -
[29/Jul/2020:16:32:41 -0400] 0:0:0:0:0:0:0:1 "GET /edit-medication/2 HTTP/1.1" 200 (15 ms) - -
[29/Jul/2020:16:32:46 -0400] 0:0:0:0:0:0:0:1 "POST /update-medication HTTP/1.1" 302 (107 ms) - -
[29/Jul/2020:16:32:46 -0400] 0:0:0:0:0:0:0:1 "GET /list-medications HTTP/1.1" 200 (84 ms) - -
[29/Jul/2020:16:32:50 -0400] 0:0:0:0:0:0:0:1 "GET /edit-medication/2 HTTP/1.1" 200 (16 ms) - -
[29/Jul/2020:16:32:56 -0400] 0:0:0:0:0:0:0:1 "POST /update-medication HTTP/1.1" 302 (11 ms) - -
[29/Jul/2020:16:32:56 -0400] 0:0:0:0:0:0:0:1 "GET /list-medications HTTP/1.1" 200 (41 ms) - -
[29/Jul/2020:16:32:59 -0400] 0:0:0:0:0:0:0:1 "GET /edit-medication/2 HTTP/1.1" 200 (10 ms) - -
[29/Jul/2020:16:33:02 -0400] 0:0:0:0:0:0:0:1 "POST /update-medication HTTP/1.1" 302 (8 ms) - -
[29/Jul/2020:16:33:02 -0400] 0:0:0:0:0:0:0:1 "GET /list-medications HTTP/1.1" 200 (32 ms) - -
[29/Jul/2020:16:33:10 -0400] 0:0:0:0:0:0:0:1 "GET /list-medications HTTP/1.1" 200 (29 ms) - -
[29/Jul/2020:16:33:11 -0400] 0:0:0:0:0:0:0:1 "GET /img/vlol_icon.png HTTP/1.1" 200 (4 ms) - -
[29/Jul/2020:16:34:59 -0400] 0:0:0:0:0:0:0:1 "GET /admin-menu HTTP/1.1" 200 (14 ms) - -
[29/Jul/2020:16:35:01 -0400] 0:0:0:0:0:0:0:1 "GET /list-allergies HTTP/1.1" 200 (11 ms) - -
[29/Jul/2020:16:35:03 -0400] 0:0:0:0:0:0:0:1 "GET /add-allergy HTTP/1.1" 200 (13 ms) - -
[29/Jul/2020:16:49:28 -0400] 0:0:0:0:0:0:0:1 "GET /add-allergy HTTP/1.1" 200 (13 ms) - -
[29/Jul/2020:16:49:28 -0400] 0:0:0:0:0:0:0:1 "GET /css/styles.css HTTP/1.1" 304 (7 ms) - -
[29/Jul/2020:16:49:29 -0400] 0:0:0:0:0:0:0:1 "GET /img/vlol_icon.png HTTP/1.1" 200 (3 ms) - -
[29/Jul/2020:16:49:32 -0400] 0:0:0:0:0:0:0:1 "GET /admin-menu HTTP/1.1" 200 (10 ms) - -
[29/Jul/2020:16:49:34 -0400] 0:0:0:0:0:0:0:1 "GET /list-conditions HTTP/1.1" 200 (13 ms) - -
[29/Jul/2020:16:49:34 -0400] 0:0:0:0:0:0:0:1 "GET /DataTables/datatables.min.css HTTP/1.1" 304 (6 ms) - -
[29/Jul/2020:16:49:34 -0400] 0:0:0:0:0:0:0:1 "GET /DataTables/datatables.min.js HTTP/1.1" 304 (4 ms) - -
[29/Jul/2020:16:49:35 -0400] 0:0:0:0:0:0:0:1 "GET /DataTables/DataTables-1.10.21/images/sort_both.png HTTP/1.1" 304 (2 ms) - -
[29/Jul/2020:16:49:35 -0400] 0:0:0:0:0:0:0:1 "GET /DataTables/DataTables-1.10.21/images/sort_asc.png HTTP/1.1" 304 (2 ms) - -
[29/Jul/2020:16:49:37 -0400] 0:0:0:0:0:0:0:1 "GET /add-condition HTTP/1.1" 200 (10 ms) - -
[29/Jul/2020:16:49:40 -0400] 0:0:0:0:0:0:0:1 "GET /list-conditions HTTP/1.1" 200 (11 ms) - -
[29/Jul/2020:16:49:42 -0400] 0:0:0:0:0:0:0:1 "GET /admin-menu HTTP/1.1" 200 (9 ms) - -
[29/Jul/2020:16:49:44 -0400] 0:0:0:0:0:0:0:1 "GET /list-medications HTTP/1.1" 200 (30 ms) - -
[29/Jul/2020:16:49:46 -0400] 0:0:0:0:0:0:0:1 "GET /add-medication HTTP/1.1" 200 (11 ms) - -
[29/Jul/2020:16:49:53 -0400] 0:0:0:0:0:0:0:1 "GET /list-medications HTTP/1.1" 200 (36 ms) - -
[29/Jul/2020:16:49:57 -0400] 0:0:0:0:0:0:0:1 "GET /admin-menu HTTP/1.1" 200 (10 ms) - -
[29/Jul/2020:16:49:58 -0400] 0:0:0:0:0:0:0:1 "GET /list-roles HTTP/1.1" 200 (10 ms) - -
[29/Jul/2020:16:50:01 -0400] 0:0:0:0:0:0:0:1 "GET /add-role HTTP/1.1" 200 (16 ms) - -
[29/Jul/2020:16:50:11 -0400] 0:0:0:0:0:0:0:1 "GET /list-roles HTTP/1.1" 200 (10 ms) - -
[29/Jul/2020:16:50:17 -0400] 0:0:0:0:0:0:0:1 "GET /admin-menu HTTP/1.1" 200 (11 ms) - -
[29/Jul/2020:16:50:19 -0400] 0:0:0:0:0:0:0:1 "GET /list-users HTTP/1.1" 200 (13 ms) - -
[29/Jul/2020:16:50:21 -0400] 0:0:0:0:0:0:0:1 "GET /add-user HTTP/1.1" 200 (140 ms) - -
[29/Jul/2020:16:51:25 -0400] 0:0:0:0:0:0:0:1 "GET /add-user HTTP/1.1" 200 (117 ms) - -
[29/Jul/2020:16:51:26 -0400] 0:0:0:0:0:0:0:1 "GET /img/vlol_icon.png HTTP/1.1" 200 (5 ms) - -
[29/Jul/2020:16:51:46 -0400] 0:0:0:0:0:0:0:1 "GET /admin-menu HTTP/1.1" 200 (14 ms) - -
[29/Jul/2020:16:51:48 -0400] 0:0:0:0:0:0:0:1 "GET /list-users HTTP/1.1" 200 (12 ms) - -
[29/Jul/2020:16:53:39 -0400] 0:0:0:0:0:0:0:1 "GET /list-users HTTP/1.1" 200 (16 ms) - -
[29/Jul/2020:16:53:40 -0400] 0:0:0:0:0:0:0:1 "GET /img/vlol_icon.png HTTP/1.1" 200 (3 ms) - -
[29/Jul/2020:16:53:41 -0400] 0:0:0:0:0:0:0:1 "GET /add-user HTTP/1.1" 200 (110 ms) - -
[29/Jul/2020:16:53:50 -0400] 0:0:0:0:0:0:0:1 "GET /add-user HTTP/1.1" 200 (101 ms) - -
[29/Jul/2020:16:53:51 -0400] 0:0:0:0:0:0:0:1 "GET /img/vlol_icon.png HTTP/1.1" 200 (3 ms) - -
[29/Jul/2020:16:54:51 -0400] 0:0:0:0:0:0:0:1 "GET /add-user HTTP/1.1" 200 (112 ms) - -
[29/Jul/2020:16:54:52 -0400] 0:0:0:0:0:0:0:1 "GET /img/vlol_icon.png HTTP/1.1" 200 (3 ms) - -
[29/Jul/2020:16:55:11 -0400] 0:0:0:0:0:0:0:1 "GET /list-users HTTP/1.1" 200 (13 ms) - -
[29/Jul/2020:17:12:14 -0400] 0:0:0:0:0:0:0:1 "GET /list-users HTTP/1.1" 200 (20 ms) - -
[29/Jul/2020:17:12:15 -0400] 0:0:0:0:0:0:0:1 "GET /img/vlol_icon.png HTTP/1.1" 200 (3 ms) - -
[29/Jul/2020:17:12:20 -0400] 0:0:0:0:0:0:0:1 "GET /search-users?keyword=br HTTP/1.1" 200 (37 ms) - -
[29/Jul/2020:17:12:23 -0400] 0:0:0:0:0:0:0:1 "GET /list-users HTTP/1.1" 200 (15 ms) - -
[29/Jul/2020:17:12:35 -0400] 0:0:0:0:0:0:0:1 "GET /search-users?keyword=Br HTTP/1.1" 200 (15 ms) - -
[29/Jul/2020:17:12:37 -0400] 0:0:0:0:0:0:0:1 "GET /list-users HTTP/1.1" 200 (14 ms) - -
[29/Jul/2020:17:15:20 -0400] 0:0:0:0:0:0:0:1 "GET /list-users HTTP/1.1" 200 (18 ms) - -
[29/Jul/2020:17:15:21 -0400] 0:0:0:0:0:0:0:1 "GET /img/vlol_icon.png HTTP/1.1" 200 (5 ms) - -
[29/Jul/2020:17:15:24 -0400] 0:0:0:0:0:0:0:1 "GET /search-users?keyword=br HTTP/1.1" 200 (17 ms) - -
[29/Jul/2020:17:15:38 -0400] 0:0:0:0:0:0:0:1 "GET /search-users?keyword=brown HTTP/1.1" 200 (15 ms) - -
[29/Jul/2020:17:15:48 -0400] 0:0:0:0:0:0:0:1 "GET /search-users?keyword=provider HTTP/1.1" 200 (14 ms) - -
[29/Jul/2020:17:15:55 -0400] 0:0:0:0:0:0:0:1 "GET /view-user/2 HTTP/1.1" 200 (68 ms) - -
[29/Jul/2020:17:16:11 -0400] 0:0:0:0:0:0:0:1 "GET /admin-menu HTTP/1.1" 200 (11 ms) - -
[29/Jul/2020:17:16:19 -0400] 0:0:0:0:0:0:0:1 "GET / HTTP/1.1" 200 (11 ms) - -
[29/Jul/2020:17:16:19 -0400] 0:0:0:0:0:0:0:1 "GET /img/vlol_cover.jpg HTTP/1.1" 304 (4 ms) - -
[29/Jul/2020:17:35:36 -0400] 0:0:0:0:0:0:0:1 "GET / HTTP/1.1" 200 (1428 ms) - -
[29/Jul/2020:17:35:39 -0400] 0:0:0:0:0:0:0:1 "GET / HTTP/1.1" 200 (38 ms) - -
[29/Jul/2020:17:35:41 -0400] 0:0:0:0:0:0:0:1 "GET /registration HTTP/1.1" 200 (666 ms) - -
[29/Jul/2020:17:35:46 -0400] 0:0:0:0:0:0:0:1 "GET /login HTTP/1.1" 200 (30 ms) - -
[29/Jul/2020:17:35:46 -0400] 0:0:0:0:0:0:0:1 "GET /img/vlol_logo.png HTTP/1.1" 304 (22 ms) - -
[29/Jul/2020:17:36:15 -0400] 0:0:0:0:0:0:0:1 "POST /login HTTP/1.1" 302 (695 ms) - -
[29/Jul/2020:17:36:15 -0400] 0:0:0:0:0:0:0:1 "GET /admin-menu HTTP/1.1" 200 (61 ms) - -
[29/Jul/2020:17:36:24 -0400] 0:0:0:0:0:0:0:1 "GET /list-users HTTP/1.1" 200 (97 ms) - -
[29/Jul/2020:17:36:29 -0400] 0:0:0:0:0:0:0:1 "GET /search-users?keyword=provider HTTP/1.1" 200 (101 ms) - -
[29/Jul/2020:17:36:31 -0400] 0:0:0:0:0:0:0:1 "GET /view-user/2 HTTP/1.1" 200 (262 ms) - -
[29/Jul/2020:17:36:34 -0400] 0:0:0:0:0:0:0:1 "GET /logout HTTP/1.1" 302 (8 ms) - -
[29/Jul/2020:17:36:34 -0400] 0:0:0:0:0:0:0:1 "GET / HTTP/1.1" 200 (21 ms) - -
