[05/Sep/2020:15:57:24 -0400] 0:0:0:0:0:0:0:1 "GET / HTTP/1.1" 200 (4538 ms) - -
[05/Sep/2020:15:57:24 -0400] 0:0:0:0:0:0:0:1 "GET /css/styles.css HTTP/1.1" 200 (94 ms) - -
[05/Sep/2020:15:57:24 -0400] 0:0:0:0:0:0:0:1 "GET /js/scripts.js HTTP/1.1" 200 (91 ms) - -
[05/Sep/2020:15:57:24 -0400] 0:0:0:0:0:0:0:1 "GET /js/validators.js HTTP/1.1" 200 (22 ms) - -
[05/Sep/2020:15:57:24 -0400] 0:0:0:0:0:0:0:1 "GET /img/vlol_cover.jpg HTTP/1.1" 200 (28 ms) - -
[05/Sep/2020:15:57:25 -0400] 0:0:0:0:0:0:0:1 "GET /img/vlol_icon.png HTTP/1.1" 200 (150 ms) - -
[05/Sep/2020:15:57:30 -0400] 0:0:0:0:0:0:0:1 "GET /login HTTP/1.1" 200 (139 ms) - -
[05/Sep/2020:15:57:30 -0400] 0:0:0:0:0:0:0:1 "GET /img/vlol_logo.png HTTP/1.1" 200 (18 ms) - -
[05/Sep/2020:15:57:45 -0400] 0:0:0:0:0:0:0:1 "POST /login HTTP/1.1" 302 (1021 ms) - -
[05/Sep/2020:15:57:45 -0400] 0:0:0:0:0:0:0:1 "GET /login?error=true HTTP/1.1" 200 (118 ms) - -
[05/Sep/2020:15:57:49 -0400] 0:0:0:0:0:0:0:1 "GET /registration HTTP/1.1" 200 (222 ms) - -
[05/Sep/2020:15:58:09 -0400] 0:0:0:0:0:0:0:1 "POST /registration HTTP/1.1" 200 (836 ms) - -
[05/Sep/2020:15:58:09 -0400] 0:0:0:0:0:0:0:1 "GET /css/styles.css HTTP/1.1" 304 (50 ms) - -
[05/Sep/2020:15:58:09 -0400] 0:0:0:0:0:0:0:1 "GET /js/scripts.js HTTP/1.1" 304 (42 ms) - -
[05/Sep/2020:15:58:09 -0400] 0:0:0:0:0:0:0:1 "GET /js/validators.js HTTP/1.1" 304 (14 ms) - -
[05/Sep/2020:15:58:09 -0400] 0:0:0:0:0:0:0:1 "GET /img/vlol_icon.png HTTP/1.1" 304 (28 ms) - -
[05/Sep/2020:15:58:28 -0400] 0:0:0:0:0:0:0:1 "POST /registration HTTP/1.1" 200 (133 ms) - -
[05/Sep/2020:15:59:48 -0400] 0:0:0:0:0:0:0:1 "GET / HTTP/1.1" 200 (198 ms) - -
[05/Sep/2020:15:59:49 -0400] 0:0:0:0:0:0:0:1 "GET /css/styles.css HTTP/1.1" 304 (20 ms) - -
[05/Sep/2020:15:59:49 -0400] 0:0:0:0:0:0:0:1 "GET /js/scripts.js HTTP/1.1" 304 (22 ms) - -
[05/Sep/2020:15:59:49 -0400] 0:0:0:0:0:0:0:1 "GET /js/validators.js HTTP/1.1" 304 (19 ms) - -
[05/Sep/2020:15:59:49 -0400] 0:0:0:0:0:0:0:1 "GET /img/vlol_icon.png HTTP/1.1" 304 (17 ms) - -
[05/Sep/2020:15:59:49 -0400] 0:0:0:0:0:0:0:1 "GET /img/vlol_cover.jpg HTTP/1.1" 304 (16 ms) - -
[05/Sep/2020:15:59:54 -0400] 0:0:0:0:0:0:0:1 "GET /registration HTTP/1.1" 200 (157 ms) - -
[05/Sep/2020:16:00:13 -0400] 0:0:0:0:0:0:0:1 "POST /registration HTTP/1.1" 500 (754 ms) - -
[05/Sep/2020:16:00:13 -0400] 0:0:0:0:0:0:0:1 "GET /img/error.gif HTTP/1.1" 200 (152 ms) - -
[05/Sep/2020:16:00:19 -0400] 0:0:0:0:0:0:0:1 "GET / HTTP/1.1" 200 (70 ms) - -
[05/Sep/2020:16:00:25 -0400] 0:0:0:0:0:0:0:1 "GET /login HTTP/1.1" 200 (72 ms) - -
[05/Sep/2020:16:00:25 -0400] 0:0:0:0:0:0:0:1 "GET /img/vlol_logo.png HTTP/1.1" 304 (11 ms) - -
[05/Sep/2020:16:21:04 -0400] 0:0:0:0:0:0:0:1 "GET / HTTP/1.1" 200 (1551 ms) - -
[05/Sep/2020:16:21:04 -0400] 0:0:0:0:0:0:0:1 "GET / HTTP/1.1" 200 (5404 ms) - -
[05/Sep/2020:16:21:04 -0400] 0:0:0:0:0:0:0:1 "GET /js/scripts.js HTTP/1.1" 304 (83 ms) - -
[05/Sep/2020:16:21:04 -0400] 0:0:0:0:0:0:0:1 "GET /css/styles.css HTTP/1.1" 304 (97 ms) - -
[05/Sep/2020:16:21:04 -0400] 0:0:0:0:0:0:0:1 "GET /js/validators.js HTTP/1.1" 304 (28 ms) - -
[05/Sep/2020:16:21:04 -0400] 0:0:0:0:0:0:0:1 "GET /img/vlol_icon.png HTTP/1.1" 304 (21 ms) - -
[05/Sep/2020:16:21:04 -0400] 0:0:0:0:0:0:0:1 "GET /img/vlol_cover.jpg HTTP/1.1" 304 (15 ms) - -
[05/Sep/2020:16:21:08 -0400] 0:0:0:0:0:0:0:1 "GET /registration HTTP/1.1" 200 (286 ms) - -
[05/Sep/2020:16:21:24 -0400] 0:0:0:0:0:0:0:1 "POST /registration HTTP/1.1" 500 (1117 ms) - -
[05/Sep/2020:16:21:24 -0400] 0:0:0:0:0:0:0:1 "GET /img/error.gif HTTP/1.1" 304 (14 ms) - -
