[19/Jul/2020:02:20:33 -0400] 0:0:0:0:0:0:0:1 "GET / HTTP/1.1" 200 (451 ms) - -
[19/Jul/2020:02:20:34 -0400] 0:0:0:0:0:0:0:1 "GET /img/vlol_cover.jpg HTTP/1.1" 302 (197 ms) - -
[19/Jul/2020:02:20:34 -0400] 0:0:0:0:0:0:0:1 "GET /login HTTP/1.1" 200 (19 ms) - -
[19/Jul/2020:02:20:34 -0400] 0:0:0:0:0:0:0:1 "GET /css/site.css HTTP/1.1" 401 (484 ms) - -
[19/Jul/2020:02:20:34 -0400] 0:0:0:0:0:0:0:1 "GET /css/bootstrap.min.css HTTP/1.1" 401 (485 ms) - -
[19/Jul/2020:02:20:55 -0400] 0:0:0:0:0:0:0:1 "GET /css/site.css HTTP/1.1" 401 (269 ms) - -
[19/Jul/2020:02:20:55 -0400] 0:0:0:0:0:0:0:1 "GET /css/bootstrap.min.css HTTP/1.1" 401 (275 ms) - -
[19/Jul/2020:02:21:23 -0400] 0:0:0:0:0:0:0:1 "GET /admin-menu HTTP/1.1" 302 (6 ms) - -
[19/Jul/2020:02:21:23 -0400] 0:0:0:0:0:0:0:1 "GET /login HTTP/1.1" 200 (13 ms) - -
[19/Jul/2020:02:21:27 -0400] 0:0:0:0:0:0:0:1 "GET / HTTP/1.1" 200 (15 ms) - -
[19/Jul/2020:02:21:27 -0400] 0:0:0:0:0:0:0:1 "GET /css/bootstrap.min.css HTTP/1.1" 401 (5 ms) - -
[19/Jul/2020:02:21:27 -0400] 0:0:0:0:0:0:0:1 "GET /css/site.css HTTP/1.1" 401 (5 ms) - -
[19/Jul/2020:02:21:27 -0400] 0:0:0:0:0:0:0:1 "GET /img/vlol_cover.jpg HTTP/1.1" 302 (3 ms) - -
[19/Jul/2020:02:21:27 -0400] 0:0:0:0:0:0:0:1 "GET /login HTTP/1.1" 200 (17 ms) - -
[19/Jul/2020:02:25:22 -0400] 0:0:0:0:0:0:0:1 "GET / HTTP/1.1" 200 (452 ms) - -
[19/Jul/2020:02:25:22 -0400] 0:0:0:0:0:0:0:1 "GET /img/vlol_cover.jpg HTTP/1.1" 302 (213 ms) - -
[19/Jul/2020:02:25:22 -0400] 0:0:0:0:0:0:0:1 "GET /login HTTP/1.1" 200 (18 ms) - -
[19/Jul/2020:02:25:22 -0400] 0:0:0:0:0:0:0:1 "GET /css/site.css HTTP/1.1" 401 (496 ms) - -
[19/Jul/2020:02:25:22 -0400] 0:0:0:0:0:0:0:1 "GET /css/bootstrap.min.css HTTP/1.1" 401 (494 ms) - -
[19/Jul/2020:02:25:33 -0400] 0:0:0:0:0:0:0:1 "GET /console HTTP/1.1" 302 (8 ms) - -
[19/Jul/2020:02:25:33 -0400] 0:0:0:0:0:0:0:1 "GET /console/ HTTP/1.1" 200 (19 ms) - -
[19/Jul/2020:02:25:33 -0400] 0:0:0:0:0:0:0:1 "GET /console/stylesheet.css HTTP/1.1" 200 (16 ms) - -
[19/Jul/2020:02:25:34 -0400] 0:0:0:0:0:0:0:1 "GET /console/login.jsp?jsessionid=267ad79a034bfc05adb0920da9dfdbf9 HTTP/1.1" 200 (10 ms) - -
[19/Jul/2020:02:25:34 -0400] 0:0:0:0:0:0:0:1 "GET /console/background.gif HTTP/1.1" 200 (10 ms) - -
[19/Jul/2020:02:25:35 -0400] 0:0:0:0:0:0:0:1 "POST /console/test.do?jsessionid=267ad79a034bfc05adb0920da9dfdbf9 HTTP/1.1" 200 (17 ms) - -
[19/Jul/2020:02:25:50 -0400] 0:0:0:0:0:0:0:1 "POST /console/test.do?jsessionid=267ad79a034bfc05adb0920da9dfdbf9 HTTP/1.1" 200 (11 ms) - -
[19/Jul/2020:02:25:50 -0400] 0:0:0:0:0:0:0:1 "GET /console/stylesheet.css HTTP/1.1" 304 (4 ms) - -
[19/Jul/2020:02:25:51 -0400] 0:0:0:0:0:0:0:1 "POST /console/login.do?jsessionid=267ad79a034bfc05adb0920da9dfdbf9 HTTP/1.1" 200 (8 ms) - -
[19/Jul/2020:02:25:51 -0400] 0:0:0:0:0:0:0:1 "GET /console/header.jsp?jsessionid=267ad79a034bfc05adb0920da9dfdbf9 HTTP/1.1" 200 (7 ms) - -
[19/Jul/2020:02:25:51 -0400] 0:0:0:0:0:0:0:1 "GET /console/query.jsp?jsessionid=267ad79a034bfc05adb0920da9dfdbf9 HTTP/1.1" 200 (5 ms) - -
[19/Jul/2020:02:25:51 -0400] 0:0:0:0:0:0:0:1 "GET /console/help.jsp?jsessionid=267ad79a034bfc05adb0920da9dfdbf9 HTTP/1.1" 200 (5 ms) - -
[19/Jul/2020:02:25:51 -0400] 0:0:0:0:0:0:0:1 "GET /console/tables.do?jsessionid=267ad79a034bfc05adb0920da9dfdbf9 HTTP/1.1" 200 (95 ms) - -
[19/Jul/2020:02:25:51 -0400] 0:0:0:0:0:0:0:1 "GET /console/icon_disconnect.gif HTTP/1.1" 200 (9 ms) - -
[19/Jul/2020:02:25:51 -0400] 0:0:0:0:0:0:0:1 "GET /console/icon_line.gif HTTP/1.1" 200 (7 ms) - -
[19/Jul/2020:02:25:51 -0400] 0:0:0:0:0:0:0:1 "GET /console/icon_rollback.gif HTTP/1.1" 200 (7 ms) - -
[19/Jul/2020:02:25:51 -0400] 0:0:0:0:0:0:0:1 "GET /console/icon_commit.gif HTTP/1.1" 200 (9 ms) - -
[19/Jul/2020:02:25:51 -0400] 0:0:0:0:0:0:0:1 "GET /console/icon_refresh.gif HTTP/1.1" 200 (12 ms) - -
[19/Jul/2020:02:25:51 -0400] 0:0:0:0:0:0:0:1 "GET /console/icon_run_selected.gif HTTP/1.1" 200 (8 ms) - -
[19/Jul/2020:02:25:51 -0400] 0:0:0:0:0:0:0:1 "GET /console/icon_run.gif HTTP/1.1" 200 (12 ms) - -
[19/Jul/2020:02:25:51 -0400] 0:0:0:0:0:0:0:1 "GET /console/icon_stop.gif HTTP/1.1" 200 (9 ms) - -
[19/Jul/2020:02:25:51 -0400] 0:0:0:0:0:0:0:1 "GET /console/icon_history.gif HTTP/1.1" 200 (9 ms) - -
[19/Jul/2020:02:25:51 -0400] 0:0:0:0:0:0:0:1 "GET /console/icon_help.gif HTTP/1.1" 200 (9 ms) - -
[19/Jul/2020:02:25:52 -0400] 0:0:0:0:0:0:0:1 "GET /console/tree.js HTTP/1.1" 200 (5 ms) - -
[19/Jul/2020:02:25:52 -0400] 0:0:0:0:0:0:0:1 "GET /console/tree_minus.gif HTTP/1.1" 200 (6 ms) - -
[19/Jul/2020:02:25:52 -0400] 0:0:0:0:0:0:0:1 "GET /console/tree_plus.gif HTTP/1.1" 200 (6 ms) - -
[19/Jul/2020:02:25:52 -0400] 0:0:0:0:0:0:0:1 "GET /console/tree_database.gif HTTP/1.1" 200 (6 ms) - -
[19/Jul/2020:02:25:52 -0400] 0:0:0:0:0:0:0:1 "GET /console/tree_empty.gif HTTP/1.1" 200 (6 ms) - -
[19/Jul/2020:02:25:52 -0400] 0:0:0:0:0:0:0:1 "GET /console/tree_table.gif HTTP/1.1" 200 (9 ms) - -
[19/Jul/2020:02:25:52 -0400] 0:0:0:0:0:0:0:1 "GET /console/tree_column.gif HTTP/1.1" 200 (7 ms) - -
[19/Jul/2020:02:25:52 -0400] 0:0:0:0:0:0:0:1 "GET /console/tree_index.gif HTTP/1.1" 200 (4 ms) - -
[19/Jul/2020:02:25:52 -0400] 0:0:0:0:0:0:0:1 "GET /console/tree_index_az.gif HTTP/1.1" 200 (5 ms) - -
[19/Jul/2020:02:25:52 -0400] 0:0:0:0:0:0:0:1 "GET /console/tree_type.gif HTTP/1.1" 200 (6 ms) - -
[19/Jul/2020:02:25:52 -0400] 0:0:0:0:0:0:0:1 "GET /console/tree_folder.gif HTTP/1.1" 200 (7 ms) - -
[19/Jul/2020:02:25:52 -0400] 0:0:0:0:0:0:0:1 "GET /console/tree_sequence.gif HTTP/1.1" 200 (5 ms) - -
[19/Jul/2020:02:25:52 -0400] 0:0:0:0:0:0:0:1 "GET /console/tree_sequences.gif HTTP/1.1" 200 (8 ms) - -
[19/Jul/2020:02:25:52 -0400] 0:0:0:0:0:0:0:1 "GET /console/tree_users.gif HTTP/1.1" 200 (7 ms) - -
[19/Jul/2020:02:25:52 -0400] 0:0:0:0:0:0:0:1 "GET /console/tree_user.gif HTTP/1.1" 200 (8 ms) - -
[19/Jul/2020:02:25:52 -0400] 0:0:0:0:0:0:0:1 "GET /console/tree_info.gif HTTP/1.1" 200 (6 ms) - -
[19/Jul/2020:02:26:01 -0400] 0:0:0:0:0:0:0:1 "POST /console/query.do?jsessionid=267ad79a034bfc05adb0920da9dfdbf9 HTTP/1.1" 200 (10 ms) - -
[19/Jul/2020:02:26:01 -0400] 0:0:0:0:0:0:0:1 "GET /console/stylesheet.css HTTP/1.1" 304 (1 ms) - -
[19/Jul/2020:02:26:01 -0400] 0:0:0:0:0:0:0:1 "GET /console/table.js HTTP/1.1" 200 (5 ms) - -
[19/Jul/2020:02:26:28 -0400] 0:0:0:0:0:0:0:1 "POST /console/query.do?jsessionid=267ad79a034bfc05adb0920da9dfdbf9 HTTP/1.1" 200 (117 ms) - -
[19/Jul/2020:02:26:28 -0400] 0:0:0:0:0:0:0:1 "GET /console/stylesheet.css HTTP/1.1" 304 (2 ms) - -
[19/Jul/2020:02:26:28 -0400] 0:0:0:0:0:0:0:1 "GET /console/table.js HTTP/1.1" 304 (3 ms) - -
[19/Jul/2020:02:26:28 -0400] 0:0:0:0:0:0:0:1 "GET /console/tables.do?jsessionid=267ad79a034bfc05adb0920da9dfdbf9 HTTP/1.1" 200 (72 ms) - -
[19/Jul/2020:02:26:28 -0400] 0:0:0:0:0:0:0:1 "GET /console/tree.js HTTP/1.1" 304 (2 ms) - -
[19/Jul/2020:02:26:28 -0400] 0:0:0:0:0:0:0:1 "GET /console/tree_minus.gif HTTP/1.1" 304 (2 ms) - -
[19/Jul/2020:02:26:28 -0400] 0:0:0:0:0:0:0:1 "GET /console/tree_database.gif HTTP/1.1" 304 (2 ms) - -
[19/Jul/2020:02:26:28 -0400] 0:0:0:0:0:0:0:1 "GET /console/tree_table.gif HTTP/1.1" 304 (3 ms) - -
[19/Jul/2020:02:26:28 -0400] 0:0:0:0:0:0:0:1 "GET /console/tree_plus.gif HTTP/1.1" 304 (5 ms) - -
[19/Jul/2020:02:26:28 -0400] 0:0:0:0:0:0:0:1 "GET /console/tree_column.gif HTTP/1.1" 304 (1 ms) - -
[19/Jul/2020:02:26:28 -0400] 0:0:0:0:0:0:0:1 "GET /console/tree_empty.gif HTTP/1.1" 304 (2 ms) - -
[19/Jul/2020:02:26:28 -0400] 0:0:0:0:0:0:0:1 "GET /console/tree_type.gif HTTP/1.1" 304 (2 ms) - -
[19/Jul/2020:02:26:28 -0400] 0:0:0:0:0:0:0:1 "GET /console/tree_index_az.gif HTTP/1.1" 304 (1 ms) - -
[19/Jul/2020:02:26:28 -0400] 0:0:0:0:0:0:0:1 "GET /console/tree_index.gif HTTP/1.1" 304 (2 ms) - -
[19/Jul/2020:02:26:28 -0400] 0:0:0:0:0:0:0:1 "GET /console/tree_folder.gif HTTP/1.1" 304 (1 ms) - -
[19/Jul/2020:02:26:28 -0400] 0:0:0:0:0:0:0:1 "GET /console/tree_sequence.gif HTTP/1.1" 304 (1 ms) - -
[19/Jul/2020:02:26:28 -0400] 0:0:0:0:0:0:0:1 "GET /console/tree_sequences.gif HTTP/1.1" 304 (1 ms) - -
[19/Jul/2020:02:26:28 -0400] 0:0:0:0:0:0:0:1 "GET /console/tree_users.gif HTTP/1.1" 304 (1 ms) - -
[19/Jul/2020:02:26:28 -0400] 0:0:0:0:0:0:0:1 "GET /console/tree_user.gif HTTP/1.1" 304 (2 ms) - -
[19/Jul/2020:02:26:28 -0400] 0:0:0:0:0:0:0:1 "GET /console/tree_info.gif HTTP/1.1" 304 (2 ms) - -
[19/Jul/2020:02:26:38 -0400] 0:0:0:0:0:0:0:1 "GET / HTTP/1.1" 200 (14 ms) - -
[19/Jul/2020:02:26:38 -0400] 0:0:0:0:0:0:0:1 "GET /css/bootstrap.min.css HTTP/1.1" 401 (10 ms) - -
[19/Jul/2020:02:26:38 -0400] 0:0:0:0:0:0:0:1 "GET /css/site.css HTTP/1.1" 401 (11 ms) - -
[19/Jul/2020:02:26:38 -0400] 0:0:0:0:0:0:0:1 "GET /img/vlol_cover.jpg HTTP/1.1" 302 (3 ms) - -
[19/Jul/2020:02:26:38 -0400] 0:0:0:0:0:0:0:1 "GET /login HTTP/1.1" 200 (12 ms) - -
[19/Jul/2020:02:26:48 -0400] 0:0:0:0:0:0:0:1 "GET /login HTTP/1.1" 200 (11 ms) - -
[19/Jul/2020:02:27:02 -0400] 0:0:0:0:0:0:0:1 "POST /login HTTP/1.1" 302 (557 ms) - -
[19/Jul/2020:02:27:02 -0400] 0:0:0:0:0:0:0:1 "GET /login?error=true HTTP/1.1" 200 (8 ms) - -
[19/Jul/2020:02:27:55 -0400] 0:0:0:0:0:0:0:1 "POST /login HTTP/1.1" 302 (417 ms) - -
[19/Jul/2020:02:27:55 -0400] 0:0:0:0:0:0:0:1 "GET /img/vlol_cover.jpg HTTP/1.1" 200 (11 ms) - -
[19/Jul/2020:02:27:56 -0400] 0:0:0:0:0:0:0:1 "GET /favicon.ico HTTP/1.1" 404 (17 ms) - -
[19/Jul/2020:02:28:12 -0400] 0:0:0:0:0:0:0:1 "GET / HTTP/1.1" 200 (14 ms) - -
[19/Jul/2020:02:28:12 -0400] 0:0:0:0:0:0:0:1 "GET /css/site.css HTTP/1.1" 200 (12 ms) - -
[19/Jul/2020:02:28:12 -0400] 0:0:0:0:0:0:0:1 "GET /css/bootstrap.min.css HTTP/1.1" 200 (13 ms) - -
[19/Jul/2020:02:28:12 -0400] 0:0:0:0:0:0:0:1 "GET /img/vlol_cover.jpg HTTP/1.1" 200 (7 ms) - -
[19/Jul/2020:02:28:20 -0400] 0:0:0:0:0:0:0:1 "GET /admin-menu HTTP/1.1" 200 (98 ms) - -
[19/Jul/2020:02:28:20 -0400] 0:0:0:0:0:0:0:1 "GET /lib/bootstrap/dist/js/bootstrap.bundle.min.js HTTP/1.1" 404 (4 ms) - -
[19/Jul/2020:02:28:20 -0400] 0:0:0:0:0:0:0:1 "GET /css/site.css HTTP/1.1" 200 (17 ms) - -
[19/Jul/2020:02:28:20 -0400] 0:0:0:0:0:0:0:1 "GET /lib/jquery/dist/jquery.min.js HTTP/1.1" 404 (12 ms) - -
[19/Jul/2020:02:28:20 -0400] 0:0:0:0:0:0:0:1 "GET /js/site.js?v=dLGP40S79Xnx6GqUthRF6NWvjvhQ1nOvdVSwaNcgG18 HTTP/1.1" 404 (16 ms) - -
[19/Jul/2020:02:28:20 -0400] 0:0:0:0:0:0:0:1 "GET /css/bootstrap.min.css HTTP/1.1" 200 (23 ms) - -
[19/Jul/2020:02:28:20 -0400] 0:0:0:0:0:0:0:1 "GET /lib/bootstrap/dist/js/bootstrap.bundle.min.js HTTP/1.1" 404 (3 ms) - -
[19/Jul/2020:02:28:20 -0400] 0:0:0:0:0:0:0:1 "GET /js/site.js?v=dLGP40S79Xnx6GqUthRF6NWvjvhQ1nOvdVSwaNcgG18 HTTP/1.1" 404 (7 ms) - -
[19/Jul/2020:02:28:23 -0400] 0:0:0:0:0:0:0:1 "GET /list-allergies HTTP/1.1" 200 (46 ms) - -
[19/Jul/2020:02:28:25 -0400] 0:0:0:0:0:0:0:1 "GET /admin-menu HTTP/1.1" 200 (13 ms) - -
[19/Jul/2020:02:28:25 -0400] 0:0:0:0:0:0:0:1 "GET /lib/bootstrap/dist/js/bootstrap.bundle.min.js HTTP/1.1" 404 (7 ms) - -
[19/Jul/2020:02:28:25 -0400] 0:0:0:0:0:0:0:1 "GET /lib/jquery/dist/jquery.min.js HTTP/1.1" 404 (11 ms) - -
[19/Jul/2020:02:28:25 -0400] 0:0:0:0:0:0:0:1 "GET /css/site.css HTTP/1.1" 200 (26 ms) - -
[19/Jul/2020:02:28:25 -0400] 0:0:0:0:0:0:0:1 "GET /js/site.js?v=dLGP40S79Xnx6GqUthRF6NWvjvhQ1nOvdVSwaNcgG18 HTTP/1.1" 404 (12 ms) - -
[19/Jul/2020:02:28:25 -0400] 0:0:0:0:0:0:0:1 "GET /css/bootstrap.min.css HTTP/1.1" 200 (30 ms) - -
[19/Jul/2020:02:28:25 -0400] 0:0:0:0:0:0:0:1 "GET /lib/bootstrap/dist/js/bootstrap.bundle.min.js HTTP/1.1" 404 (8 ms) - -
[19/Jul/2020:02:28:25 -0400] 0:0:0:0:0:0:0:1 "GET /js/site.js?v=dLGP40S79Xnx6GqUthRF6NWvjvhQ1nOvdVSwaNcgG18 HTTP/1.1" 404 (8 ms) - -
[19/Jul/2020:02:28:26 -0400] 0:0:0:0:0:0:0:1 "GET /list-users HTTP/1.1" 200 (29 ms) - -
[19/Jul/2020:02:28:28 -0400] 0:0:0:0:0:0:0:1 "GET /admin-menu HTTP/1.1" 200 (10 ms) - -
[19/Jul/2020:02:28:28 -0400] 0:0:0:0:0:0:0:1 "GET /lib/jquery/dist/jquery.min.js HTTP/1.1" 404 (7 ms) - -
[19/Jul/2020:02:28:28 -0400] 0:0:0:0:0:0:0:1 "GET /lib/bootstrap/dist/js/bootstrap.bundle.min.js HTTP/1.1" 404 (5 ms) - -
[19/Jul/2020:02:28:28 -0400] 0:0:0:0:0:0:0:1 "GET /css/bootstrap.min.css HTTP/1.1" 200 (28 ms) - -
[19/Jul/2020:02:28:28 -0400] 0:0:0:0:0:0:0:1 "GET /js/site.js?v=dLGP40S79Xnx6GqUthRF6NWvjvhQ1nOvdVSwaNcgG18 HTTP/1.1" 404 (13 ms) - -
[19/Jul/2020:02:28:28 -0400] 0:0:0:0:0:0:0:1 "GET /css/site.css HTTP/1.1" 200 (33 ms) - -
[19/Jul/2020:02:28:28 -0400] 0:0:0:0:0:0:0:1 "GET /lib/bootstrap/dist/js/bootstrap.bundle.min.js HTTP/1.1" 404 (4 ms) - -
[19/Jul/2020:02:28:28 -0400] 0:0:0:0:0:0:0:1 "GET /js/site.js?v=dLGP40S79Xnx6GqUthRF6NWvjvhQ1nOvdVSwaNcgG18 HTTP/1.1" 404 (8 ms) - -
[19/Jul/2020:02:28:29 -0400] 0:0:0:0:0:0:0:1 "GET / HTTP/1.1" 200 (9 ms) - -
[19/Jul/2020:02:28:29 -0400] 0:0:0:0:0:0:0:1 "GET /css/site.css HTTP/1.1" 200 (12 ms) - -
[19/Jul/2020:02:28:29 -0400] 0:0:0:0:0:0:0:1 "GET /css/bootstrap.min.css HTTP/1.1" 200 (11 ms) - -
[19/Jul/2020:02:28:29 -0400] 0:0:0:0:0:0:0:1 "GET /img/vlol_cover.jpg HTTP/1.1" 200 (6 ms) - -
[19/Jul/2020:02:28:37 -0400] 0:0:0:0:0:0:0:1 "GET /contact HTTP/1.1" 200 (9 ms) - -
[19/Jul/2020:02:28:37 -0400] 0:0:0:0:0:0:0:1 "GET /css/site.css HTTP/1.1" 200 (10 ms) - -
[19/Jul/2020:02:28:37 -0400] 0:0:0:0:0:0:0:1 "GET /css/bootstrap.min.css HTTP/1.1" 200 (9 ms) - -
[19/Jul/2020:02:28:37 -0400] 0:0:0:0:0:0:0:1 "GET /lib/bootstrap/dist/js/bootstrap.bundle.min.js HTTP/1.1" 404 (4 ms) - -
[19/Jul/2020:02:28:37 -0400] 0:0:0:0:0:0:0:1 "GET /js/site.js?v=dLGP40S79Xnx6GqUthRF6NWvjvhQ1nOvdVSwaNcgG18 HTTP/1.1" 404 (7 ms) - -
[19/Jul/2020:02:28:37 -0400] 0:0:0:0:0:0:0:1 "GET /lib/jquery/dist/jquery.min.js HTTP/1.1" 404 (12 ms) - -
[19/Jul/2020:02:28:37 -0400] 0:0:0:0:0:0:0:1 "GET /img/umgc_logo.png HTTP/1.1" 200 (8 ms) - -
[19/Jul/2020:02:28:37 -0400] 0:0:0:0:0:0:0:1 "GET /img/vlol_logo.png HTTP/1.1" 200 (15 ms) - -
[19/Jul/2020:02:28:37 -0400] 0:0:0:0:0:0:0:1 "GET /lib/bootstrap/dist/js/bootstrap.bundle.min.js HTTP/1.1" 404 (3 ms) - -
[19/Jul/2020:02:28:37 -0400] 0:0:0:0:0:0:0:1 "GET /js/site.js?v=dLGP40S79Xnx6GqUthRF6NWvjvhQ1nOvdVSwaNcgG18 HTTP/1.1" 404 (5 ms) - -
[19/Jul/2020:02:28:39 -0400] 0:0:0:0:0:0:0:1 "GET /Identity/Account/Register HTTP/1.1" 404 (36 ms) - -
[19/Jul/2020:02:28:42 -0400] 0:0:0:0:0:0:0:1 "GET /contact HTTP/1.1" 200 (8 ms) - -
[19/Jul/2020:02:28:42 -0400] 0:0:0:0:0:0:0:1 "GET /css/site.css HTTP/1.1" 200 (15 ms) - -
[19/Jul/2020:02:28:42 -0400] 0:0:0:0:0:0:0:1 "GET /css/bootstrap.min.css HTTP/1.1" 200 (16 ms) - -
[19/Jul/2020:02:28:42 -0400] 0:0:0:0:0:0:0:1 "GET /lib/jquery/dist/jquery.min.js HTTP/1.1" 404 (7 ms) - -
[19/Jul/2020:02:28:42 -0400] 0:0:0:0:0:0:0:1 "GET /lib/bootstrap/dist/js/bootstrap.bundle.min.js HTTP/1.1" 404 (9 ms) - -
[19/Jul/2020:02:28:42 -0400] 0:0:0:0:0:0:0:1 "GET /js/site.js?v=dLGP40S79Xnx6GqUthRF6NWvjvhQ1nOvdVSwaNcgG18 HTTP/1.1" 404 (5 ms) - -
[19/Jul/2020:02:28:43 -0400] 0:0:0:0:0:0:0:1 "GET /lib/bootstrap/dist/js/bootstrap.bundle.min.js HTTP/1.1" 404 (3 ms) - -
[19/Jul/2020:02:28:43 -0400] 0:0:0:0:0:0:0:1 "GET /js/site.js?v=dLGP40S79Xnx6GqUthRF6NWvjvhQ1nOvdVSwaNcgG18 HTTP/1.1" 404 (9 ms) - -
[19/Jul/2020:02:29:22 -0400] 0:0:0:0:0:0:0:1 "GET / HTTP/1.1" 200 (7 ms) - -
[19/Jul/2020:02:29:22 -0400] 0:0:0:0:0:0:0:1 "GET /css/site.css HTTP/1.1" 200 (6 ms) - -
[19/Jul/2020:02:29:22 -0400] 0:0:0:0:0:0:0:1 "GET /css/bootstrap.min.css HTTP/1.1" 200 (6 ms) - -
[19/Jul/2020:02:29:22 -0400] 0:0:0:0:0:0:0:1 "GET /img/vlol_cover.jpg HTTP/1.1" 200 (5 ms) - -
[19/Jul/2020:02:29:43 -0400] 0:0:0:0:0:0:0:1 "GET /registration HTTP/1.1" 200 (65 ms) - -
[19/Jul/2020:02:29:47 -0400] 0:0:0:0:0:0:0:1 "GET / HTTP/1.1" 200 (7 ms) - -
[19/Jul/2020:02:29:47 -0400] 0:0:0:0:0:0:0:1 "GET /css/bootstrap.min.css HTTP/1.1" 200 (9 ms) - -
[19/Jul/2020:02:29:47 -0400] 0:0:0:0:0:0:0:1 "GET /css/site.css HTTP/1.1" 200 (10 ms) - -
[19/Jul/2020:02:29:47 -0400] 0:0:0:0:0:0:0:1 "GET /img/vlol_cover.jpg HTTP/1.1" 200 (6 ms) - -
[19/Jul/2020:02:29:51 -0400] 0:0:0:0:0:0:0:1 "GET / HTTP/1.1" 200 (6 ms) - -
[19/Jul/2020:02:29:51 -0400] 0:0:0:0:0:0:0:1 "GET /css/site.css HTTP/1.1" 200 (7 ms) - -
[19/Jul/2020:02:29:51 -0400] 0:0:0:0:0:0:0:1 "GET /css/bootstrap.min.css HTTP/1.1" 200 (12 ms) - -
[19/Jul/2020:02:29:51 -0400] 0:0:0:0:0:0:0:1 "GET /img/vlol_cover.jpg HTTP/1.1" 200 (7 ms) - -
[19/Jul/2020:02:29:53 -0400] 0:0:0:0:0:0:0:1 "GET /about HTTP/1.1" 200 (6 ms) - -
[19/Jul/2020:02:29:53 -0400] 0:0:0:0:0:0:0:1 "GET /css/site.css HTTP/1.1" 200 (11 ms) - -
[19/Jul/2020:02:29:53 -0400] 0:0:0:0:0:0:0:1 "GET /css/bootstrap.min.css HTTP/1.1" 200 (16 ms) - -
[19/Jul/2020:02:29:53 -0400] 0:0:0:0:0:0:0:1 "GET /js/site.js?v=dLGP40S79Xnx6GqUthRF6NWvjvhQ1nOvdVSwaNcgG18 HTTP/1.1" 404 (7 ms) - -
[19/Jul/2020:02:29:53 -0400] 0:0:0:0:0:0:0:1 "GET /lib/jquery/dist/jquery.min.js HTTP/1.1" 404 (9 ms) - -
[19/Jul/2020:02:29:53 -0400] 0:0:0:0:0:0:0:1 "GET /lib/bootstrap/dist/js/bootstrap.bundle.min.js HTTP/1.1" 404 (9 ms) - -
[19/Jul/2020:02:29:53 -0400] 0:0:0:0:0:0:0:1 "GET /img/vlol_logo.png HTTP/1.1" 200 (7 ms) - -
[19/Jul/2020:02:29:53 -0400] 0:0:0:0:0:0:0:1 "GET /img/umgc_logo.png HTTP/1.1" 200 (6 ms) - -
[19/Jul/2020:02:29:53 -0400] 0:0:0:0:0:0:0:1 "GET /lib/bootstrap/dist/js/bootstrap.bundle.min.js HTTP/1.1" 404 (2 ms) - -
[19/Jul/2020:02:29:53 -0400] 0:0:0:0:0:0:0:1 "GET /js/site.js?v=dLGP40S79Xnx6GqUthRF6NWvjvhQ1nOvdVSwaNcgG18 HTTP/1.1" 404 (3 ms) - -
[19/Jul/2020:02:29:57 -0400] 0:0:0:0:0:0:0:1 "GET /contact HTTP/1.1" 200 (5 ms) - -
[19/Jul/2020:02:29:57 -0400] 0:0:0:0:0:0:0:1 "GET /css/site.css HTTP/1.1" 200 (11 ms) - -
[19/Jul/2020:02:29:57 -0400] 0:0:0:0:0:0:0:1 "GET /css/bootstrap.min.css HTTP/1.1" 200 (12 ms) - -
[19/Jul/2020:02:29:57 -0400] 0:0:0:0:0:0:0:1 "GET /lib/bootstrap/dist/js/bootstrap.bundle.min.js HTTP/1.1" 404 (4 ms) - -
[19/Jul/2020:02:29:57 -0400] 0:0:0:0:0:0:0:1 "GET /lib/jquery/dist/jquery.min.js HTTP/1.1" 404 (10 ms) - -
[19/Jul/2020:02:29:57 -0400] 0:0:0:0:0:0:0:1 "GET /js/site.js?v=dLGP40S79Xnx6GqUthRF6NWvjvhQ1nOvdVSwaNcgG18 HTTP/1.1" 404 (11 ms) - -
[19/Jul/2020:02:29:57 -0400] 0:0:0:0:0:0:0:1 "GET /img/umgc_logo.png HTTP/1.1" 200 (11 ms) - -
[19/Jul/2020:02:29:57 -0400] 0:0:0:0:0:0:0:1 "GET /img/vlol_logo.png HTTP/1.1" 200 (15 ms) - -
[19/Jul/2020:02:29:57 -0400] 0:0:0:0:0:0:0:1 "GET /lib/bootstrap/dist/js/bootstrap.bundle.min.js HTTP/1.1" 404 (6 ms) - -
[19/Jul/2020:02:29:57 -0400] 0:0:0:0:0:0:0:1 "GET /js/site.js?v=dLGP40S79Xnx6GqUthRF6NWvjvhQ1nOvdVSwaNcgG18 HTTP/1.1" 404 (6 ms) - -
[19/Jul/2020:02:29:59 -0400] 0:0:0:0:0:0:0:1 "GET /admin-menu HTTP/1.1" 200 (10 ms) - -
[19/Jul/2020:02:29:59 -0400] 0:0:0:0:0:0:0:1 "GET /lib/jquery/dist/jquery.min.js HTTP/1.1" 404 (3 ms) - -
[19/Jul/2020:02:29:59 -0400] 0:0:0:0:0:0:0:1 "GET /lib/bootstrap/dist/js/bootstrap.bundle.min.js HTTP/1.1" 404 (6 ms) - -
[19/Jul/2020:02:29:59 -0400] 0:0:0:0:0:0:0:1 "GET /js/site.js?v=dLGP40S79Xnx6GqUthRF6NWvjvhQ1nOvdVSwaNcgG18 HTTP/1.1" 404 (8 ms) - -
[19/Jul/2020:02:29:59 -0400] 0:0:0:0:0:0:0:1 "GET /css/site.css HTTP/1.1" 200 (13 ms) - -
[19/Jul/2020:02:29:59 -0400] 0:0:0:0:0:0:0:1 "GET /css/bootstrap.min.css HTTP/1.1" 200 (12 ms) - -
[19/Jul/2020:02:29:59 -0400] 0:0:0:0:0:0:0:1 "GET /lib/bootstrap/dist/js/bootstrap.bundle.min.js HTTP/1.1" 404 (3 ms) - -
[19/Jul/2020:02:29:59 -0400] 0:0:0:0:0:0:0:1 "GET /js/site.js?v=dLGP40S79Xnx6GqUthRF6NWvjvhQ1nOvdVSwaNcgG18 HTTP/1.1" 404 (6 ms) - -
[19/Jul/2020:02:30:01 -0400] 0:0:0:0:0:0:0:1 "GET / HTTP/1.1" 200 (7 ms) - -
[19/Jul/2020:02:30:01 -0400] 0:0:0:0:0:0:0:1 "GET /css/site.css HTTP/1.1" 200 (7 ms) - -
[19/Jul/2020:02:30:01 -0400] 0:0:0:0:0:0:0:1 "GET /css/bootstrap.min.css HTTP/1.1" 200 (6 ms) - -
[19/Jul/2020:02:30:01 -0400] 0:0:0:0:0:0:0:1 "GET /img/vlol_cover.jpg HTTP/1.1" 200 (4 ms) - -
[19/Jul/2020:02:30:03 -0400] 0:0:0:0:0:0:0:1 "GET /logout HTTP/1.1" 302 (5 ms) - -
[19/Jul/2020:02:30:03 -0400] 0:0:0:0:0:0:0:1 "GET / HTTP/1.1" 200 (4 ms) - -
[19/Jul/2020:02:30:03 -0400] 0:0:0:0:0:0:0:1 "GET /css/bootstrap.min.css HTTP/1.1" 401 (38 ms) - -
[19/Jul/2020:02:30:03 -0400] 0:0:0:0:0:0:0:1 "GET /css/site.css HTTP/1.1" 401 (39 ms) - -
[19/Jul/2020:02:30:03 -0400] 0:0:0:0:0:0:0:1 "GET /img/vlol_cover.jpg HTTP/1.1" 302 (1 ms) - -
[19/Jul/2020:02:30:03 -0400] 0:0:0:0:0:0:0:1 "GET /login HTTP/1.1" 200 (6 ms) - -
[19/Jul/2020:02:42:22 -0400] 0:0:0:0:0:0:0:1 "GET / HTTP/1.1" 200 (482 ms) - -
[19/Jul/2020:02:42:22 -0400] 0:0:0:0:0:0:0:1 "GET /img/vlol_cover.jpg HTTP/1.1" 302 (172 ms) - -
[19/Jul/2020:02:42:22 -0400] 0:0:0:0:0:0:0:1 "GET /login HTTP/1.1" 200 (25 ms) - -
[19/Jul/2020:02:42:22 -0400] 0:0:0:0:0:0:0:1 "GET /css/bootstrap.min.css HTTP/1.1" 401 (405 ms) - -
[19/Jul/2020:02:42:22 -0400] 0:0:0:0:0:0:0:1 "GET /css/site.css HTTP/1.1" 401 (406 ms) - -
[19/Jul/2020:02:43:06 -0400] 0:0:0:0:0:0:0:1 "GET /favicon.ico HTTP/1.1" 302 (15 ms) - -
[19/Jul/2020:02:43:06 -0400] 0:0:0:0:0:0:0:1 "GET /login HTTP/1.1" 200 (12 ms) - -
[19/Jul/2020:02:47:26 -0400] 0:0:0:0:0:0:0:1 "GET / HTTP/1.1" 200 (378 ms) - -
[19/Jul/2020:02:47:26 -0400] 0:0:0:0:0:0:0:1 "GET /css/site.css HTTP/1.1" 200 (23 ms) - -
[19/Jul/2020:02:47:26 -0400] 0:0:0:0:0:0:0:1 "GET /css/bootstrap.min.css HTTP/1.1" 200 (25 ms) - -
[19/Jul/2020:02:47:26 -0400] 0:0:0:0:0:0:0:1 "GET /img/vlol_cover.jpg HTTP/1.1" 302 (285 ms) - -
[19/Jul/2020:02:47:26 -0400] 0:0:0:0:0:0:0:1 "GET /login HTTP/1.1" 200 (16 ms) - -
[19/Jul/2020:02:47:26 -0400] 0:0:0:0:0:0:0:1 "GET /favicon.ico HTTP/1.1" 302 (14 ms) - -
[19/Jul/2020:02:47:26 -0400] 0:0:0:0:0:0:0:1 "GET /login HTTP/1.1" 200 (8 ms) - -
[19/Jul/2020:02:47:32 -0400] 0:0:0:0:0:0:0:1 "GET / HTTP/1.1" 200 (12 ms) - -
[19/Jul/2020:02:47:32 -0400] 0:0:0:0:0:0:0:1 "GET /img/vlol_cover.jpg HTTP/1.1" 302 (8 ms) - -
[19/Jul/2020:02:47:32 -0400] 0:0:0:0:0:0:0:1 "GET /login HTTP/1.1" 200 (13 ms) - -
[19/Jul/2020:02:47:33 -0400] 0:0:0:0:0:0:0:1 "GET /favicon.ico HTTP/1.1" 302 (1 ms) - -
[19/Jul/2020:02:47:33 -0400] 0:0:0:0:0:0:0:1 "GET /login HTTP/1.1" 200 (6 ms) - -
[19/Jul/2020:02:49:40 -0400] 0:0:0:0:0:0:0:1 "GET / HTTP/1.1" 200 (397 ms) - -
[19/Jul/2020:02:49:41 -0400] 0:0:0:0:0:0:0:1 "GET /img/vlol_cover.jpg HTTP/1.1" 200 (19 ms) - -
[19/Jul/2020:02:49:41 -0400] 0:0:0:0:0:0:0:1 "GET /favicon.ico HTTP/1.1" 302 (32 ms) - -
[19/Jul/2020:02:49:41 -0400] 0:0:0:0:0:0:0:1 "GET /login HTTP/1.1" 200 (19 ms) - -
[19/Jul/2020:02:49:45 -0400] 0:0:0:0:0:0:0:1 "GET /console HTTP/1.1" 302 (7 ms) - -
[19/Jul/2020:02:49:45 -0400] 0:0:0:0:0:0:0:1 "GET /console/ HTTP/1.1" 200 (17 ms) - -
[19/Jul/2020:02:49:45 -0400] 0:0:0:0:0:0:0:1 "GET /console/stylesheet.css HTTP/1.1" 200 (13 ms) - -
[19/Jul/2020:02:49:45 -0400] 0:0:0:0:0:0:0:1 "GET /console/login.jsp?jsessionid=578da0b65e6d9cdeb33c309b3ccf12a4 HTTP/1.1" 200 (7 ms) - -
[19/Jul/2020:02:49:45 -0400] 0:0:0:0:0:0:0:1 "GET /console/background.gif HTTP/1.1" 200 (7 ms) - -
[19/Jul/2020:02:49:45 -0400] 0:0:0:0:0:0:0:1 "GET /favicon.ico HTTP/1.1" 302 (2 ms) - -
[19/Jul/2020:02:49:45 -0400] 0:0:0:0:0:0:0:1 "GET /login HTTP/1.1" 200 (7 ms) - -
[19/Jul/2020:02:49:52 -0400] 0:0:0:0:0:0:0:1 "GET / HTTP/1.1" 200 (11 ms) - -
[19/Jul/2020:02:49:53 -0400] 0:0:0:0:0:0:0:1 "GET /favicon.ico HTTP/1.1" 302 (1 ms) - -
[19/Jul/2020:02:49:53 -0400] 0:0:0:0:0:0:0:1 "GET /login HTTP/1.1" 200 (7 ms) - -
[19/Jul/2020:02:49:55 -0400] 0:0:0:0:0:0:0:1 "GET /console HTTP/1.1" 302 (1 ms) - -
[19/Jul/2020:02:49:55 -0400] 0:0:0:0:0:0:0:1 "GET /console/ HTTP/1.1" 200 (2 ms) - -
[19/Jul/2020:02:49:55 -0400] 0:0:0:0:0:0:0:1 "GET /console/stylesheet.css HTTP/1.1" 304 (2 ms) - -
[19/Jul/2020:02:49:55 -0400] 0:0:0:0:0:0:0:1 "GET /console/login.jsp?jsessionid=a2a9654e2046ab8a5022edca2700834e HTTP/1.1" 200 (3 ms) - -
[19/Jul/2020:02:49:55 -0400] 0:0:0:0:0:0:0:1 "GET /favicon.ico HTTP/1.1" 302 (3 ms) - -
[19/Jul/2020:02:49:55 -0400] 0:0:0:0:0:0:0:1 "GET /login HTTP/1.1" 200 (9 ms) - -
[19/Jul/2020:02:49:56 -0400] 0:0:0:0:0:0:0:1 "POST /console/test.do?jsessionid=a2a9654e2046ab8a5022edca2700834e HTTP/1.1" 200 (16 ms) - -
[19/Jul/2020:02:49:56 -0400] 0:0:0:0:0:0:0:1 "GET /favicon.ico HTTP/1.1" 302 (5 ms) - -
[19/Jul/2020:02:49:56 -0400] 0:0:0:0:0:0:0:1 "GET /login HTTP/1.1" 200 (9 ms) - -
[19/Jul/2020:02:49:57 -0400] 0:0:0:0:0:0:0:1 "POST /console/login.do?jsessionid=a2a9654e2046ab8a5022edca2700834e HTTP/1.1" 200 (9 ms) - -
[19/Jul/2020:02:49:57 -0400] 0:0:0:0:0:0:0:1 "GET /console/header.jsp?jsessionid=a2a9654e2046ab8a5022edca2700834e HTTP/1.1" 200 (9 ms) - -
[19/Jul/2020:02:49:57 -0400] 0:0:0:0:0:0:0:1 "GET /console/help.jsp?jsessionid=a2a9654e2046ab8a5022edca2700834e HTTP/1.1" 200 (6 ms) - -
[19/Jul/2020:02:49:57 -0400] 0:0:0:0:0:0:0:1 "GET /console/query.jsp?jsessionid=a2a9654e2046ab8a5022edca2700834e HTTP/1.1" 200 (15 ms) - -
[19/Jul/2020:02:49:57 -0400] 0:0:0:0:0:0:0:1 "GET /console/tables.do?jsessionid=a2a9654e2046ab8a5022edca2700834e HTTP/1.1" 200 (92 ms) - -
[19/Jul/2020:02:49:57 -0400] 0:0:0:0:0:0:0:1 "GET /console/icon_line.gif HTTP/1.1" 200 (5 ms) - -
[19/Jul/2020:02:49:57 -0400] 0:0:0:0:0:0:0:1 "GET /console/icon_disconnect.gif HTTP/1.1" 200 (7 ms) - -
[19/Jul/2020:02:49:57 -0400] 0:0:0:0:0:0:0:1 "GET /console/icon_refresh.gif HTTP/1.1" 200 (8 ms) - -
[19/Jul/2020:02:49:57 -0400] 0:0:0:0:0:0:0:1 "GET /console/icon_run_selected.gif HTTP/1.1" 200 (7 ms) - -
[19/Jul/2020:02:49:57 -0400] 0:0:0:0:0:0:0:1 "GET /console/icon_rollback.gif HTTP/1.1" 200 (11 ms) - -
[19/Jul/2020:02:49:57 -0400] 0:0:0:0:0:0:0:1 "GET /console/icon_run.gif HTTP/1.1" 200 (9 ms) - -
[19/Jul/2020:02:49:57 -0400] 0:0:0:0:0:0:0:1 "GET /console/icon_commit.gif HTTP/1.1" 200 (10 ms) - -
[19/Jul/2020:02:49:57 -0400] 0:0:0:0:0:0:0:1 "GET /console/icon_stop.gif HTTP/1.1" 200 (7 ms) - -
[19/Jul/2020:02:49:57 -0400] 0:0:0:0:0:0:0:1 "GET /console/icon_history.gif HTTP/1.1" 200 (7 ms) - -
[19/Jul/2020:02:49:57 -0400] 0:0:0:0:0:0:0:1 "GET /console/icon_help.gif HTTP/1.1" 200 (7 ms) - -
[19/Jul/2020:02:49:58 -0400] 0:0:0:0:0:0:0:1 "GET /console/tree.js HTTP/1.1" 200 (4 ms) - -
[19/Jul/2020:02:49:58 -0400] 0:0:0:0:0:0:0:1 "GET /console/tree_database.gif HTTP/1.1" 200 (7 ms) - -
[19/Jul/2020:02:49:58 -0400] 0:0:0:0:0:0:0:1 "GET /console/tree_plus.gif HTTP/1.1" 200 (8 ms) - -
[19/Jul/2020:02:49:58 -0400] 0:0:0:0:0:0:0:1 "GET /console/tree_minus.gif HTTP/1.1" 200 (11 ms) - -
[19/Jul/2020:02:49:58 -0400] 0:0:0:0:0:0:0:1 "GET /console/tree_table.gif HTTP/1.1" 200 (11 ms) - -
[19/Jul/2020:02:49:58 -0400] 0:0:0:0:0:0:0:1 "GET /console/tree_empty.gif HTTP/1.1" 200 (9 ms) - -
[19/Jul/2020:02:49:58 -0400] 0:0:0:0:0:0:0:1 "GET /console/tree_column.gif HTTP/1.1" 200 (9 ms) - -
[19/Jul/2020:02:49:58 -0400] 0:0:0:0:0:0:0:1 "GET /console/tree_type.gif HTTP/1.1" 200 (7 ms) - -
[19/Jul/2020:02:49:58 -0400] 0:0:0:0:0:0:0:1 "GET /console/tree_index.gif HTTP/1.1" 200 (4 ms) - -
[19/Jul/2020:02:49:58 -0400] 0:0:0:0:0:0:0:1 "GET /console/tree_index_az.gif HTTP/1.1" 200 (5 ms) - -
[19/Jul/2020:02:49:58 -0400] 0:0:0:0:0:0:0:1 "GET /console/tree_folder.gif HTTP/1.1" 200 (7 ms) - -
[19/Jul/2020:02:49:58 -0400] 0:0:0:0:0:0:0:1 "GET /console/tree_sequences.gif HTTP/1.1" 200 (11 ms) - -
[19/Jul/2020:02:49:58 -0400] 0:0:0:0:0:0:0:1 "GET /console/tree_user.gif HTTP/1.1" 200 (7 ms) - -
[19/Jul/2020:02:49:58 -0400] 0:0:0:0:0:0:0:1 "GET /console/tree_sequence.gif HTTP/1.1" 200 (11 ms) - -
[19/Jul/2020:02:49:58 -0400] 0:0:0:0:0:0:0:1 "GET /console/tree_info.gif HTTP/1.1" 200 (9 ms) - -
[19/Jul/2020:02:49:58 -0400] 0:0:0:0:0:0:0:1 "GET /console/tree_users.gif HTTP/1.1" 200 (14 ms) - -
[19/Jul/2020:02:49:58 -0400] 0:0:0:0:0:0:0:1 "GET /favicon.ico HTTP/1.1" 302 (2 ms) - -
[19/Jul/2020:02:49:58 -0400] 0:0:0:0:0:0:0:1 "GET /login HTTP/1.1" 200 (5 ms) - -
[19/Jul/2020:02:50:06 -0400] 0:0:0:0:0:0:0:1 "POST /console/query.do?jsessionid=a2a9654e2046ab8a5022edca2700834e HTTP/1.1" 200 (11 ms) - -
[19/Jul/2020:02:50:06 -0400] 0:0:0:0:0:0:0:1 "GET /console/stylesheet.css HTTP/1.1" 304 (1 ms) - -
[19/Jul/2020:02:50:06 -0400] 0:0:0:0:0:0:0:1 "GET /console/table.js HTTP/1.1" 200 (6 ms) - -
[19/Jul/2020:02:50:15 -0400] 0:0:0:0:0:0:0:1 "GET / HTTP/1.1" 200 (12 ms) - -
[19/Jul/2020:02:50:15 -0400] 0:0:0:0:0:0:0:1 "GET /img/vlol_cover.jpg HTTP/1.1" 304 (16 ms) - -
[19/Jul/2020:02:50:15 -0400] 0:0:0:0:0:0:0:1 "GET /css/site.css HTTP/1.1" 200 (67 ms) - -
[19/Jul/2020:02:50:15 -0400] 0:0:0:0:0:0:0:1 "GET /css/bootstrap.min.css HTTP/1.1" 200 (67 ms) - -
[19/Jul/2020:02:50:15 -0400] 0:0:0:0:0:0:0:1 "GET /favicon.ico HTTP/1.1" 302 (2 ms) - -
[19/Jul/2020:02:50:15 -0400] 0:0:0:0:0:0:0:1 "GET /login HTTP/1.1" 200 (8 ms) - -
[19/Jul/2020:02:50:19 -0400] 0:0:0:0:0:0:0:1 "GET /about HTTP/1.1" 200 (8 ms) - -
[19/Jul/2020:02:50:19 -0400] 0:0:0:0:0:0:0:1 "GET /img/vlol_logo.png HTTP/1.1" 200 (8 ms) - -
[19/Jul/2020:02:50:19 -0400] 0:0:0:0:0:0:0:1 "GET /img/umgc_logo.png HTTP/1.1" 200 (11 ms) - -
[19/Jul/2020:02:50:19 -0400] 0:0:0:0:0:0:0:1 "GET /js/site.js?v=dLGP40S79Xnx6GqUthRF6NWvjvhQ1nOvdVSwaNcgG18 HTTP/1.1" 404 (79 ms) - -
[19/Jul/2020:02:50:20 -0400] 0:0:0:0:0:0:0:1 "GET /lib/jquery/dist/jquery.min.js HTTP/1.1" 401 (256 ms) - -
[19/Jul/2020:02:50:20 -0400] 0:0:0:0:0:0:0:1 "GET /lib/bootstrap/dist/js/bootstrap.bundle.min.js HTTP/1.1" 401 (256 ms) - -
[19/Jul/2020:02:50:47 -0400] 0:0:0:0:0:0:0:1 "GET /lib/bootstrap/dist/js/bootstrap.bundle.min.js HTTP/1.1" 401 (5 ms) - -
[19/Jul/2020:02:50:49 -0400] 0:0:0:0:0:0:0:1 "GET /js/site.js?v=dLGP40S79Xnx6GqUthRF6NWvjvhQ1nOvdVSwaNcgG18 HTTP/1.1" 404 (5 ms) - -
[19/Jul/2020:02:50:49 -0400] 0:0:0:0:0:0:0:1 "GET /favicon.ico HTTP/1.1" 302 (2 ms) - -
[19/Jul/2020:02:50:49 -0400] 0:0:0:0:0:0:0:1 "GET /login HTTP/1.1" 200 (8 ms) - -
[19/Jul/2020:02:50:59 -0400] 0:0:0:0:0:0:0:1 "GET /about HTTP/1.1" 200 (9 ms) - -
[19/Jul/2020:02:51:00 -0400] 0:0:0:0:0:0:0:1 "GET /favicon.ico HTTP/1.1" 302 (2 ms) - -
[19/Jul/2020:02:51:00 -0400] 0:0:0:0:0:0:0:1 "GET /login HTTP/1.1" 200 (11 ms) - -
[19/Jul/2020:02:52:18 -0400] 0:0:0:0:0:0:0:1 "GET / HTTP/1.1" 200 (8 ms) - -
[19/Jul/2020:02:52:18 -0400] 0:0:0:0:0:0:0:1 "GET /css/bootstrap.min.css HTTP/1.1" 304 (4 ms) - -
[19/Jul/2020:02:52:18 -0400] 0:0:0:0:0:0:0:1 "GET /css/site.css HTTP/1.1" 304 (6 ms) - -
[19/Jul/2020:02:52:18 -0400] 0:0:0:0:0:0:0:1 "GET /img/vlol_cover.jpg HTTP/1.1" 304 (3 ms) - -
[19/Jul/2020:02:52:18 -0400] 0:0:0:0:0:0:0:1 "GET /favicon.ico HTTP/1.1" 302 (2 ms) - -
[19/Jul/2020:02:52:18 -0400] 0:0:0:0:0:0:0:1 "GET /login HTTP/1.1" 200 (7 ms) - -
[19/Jul/2020:02:52:19 -0400] 0:0:0:0:0:0:0:1 "GET /about HTTP/1.1" 200 (6 ms) - -
[19/Jul/2020:02:52:19 -0400] 0:0:0:0:0:0:0:1 "GET /img/umgc_logo.png HTTP/1.1" 304 (3 ms) - -
[19/Jul/2020:02:52:19 -0400] 0:0:0:0:0:0:0:1 "GET /img/vlol_logo.png HTTP/1.1" 304 (6 ms) - -
[19/Jul/2020:02:52:19 -0400] 0:0:0:0:0:0:0:1 "GET /lib/jquery/dist/jquery.min.js HTTP/1.1" 401 (7 ms) - -
[19/Jul/2020:02:52:19 -0400] 0:0:0:0:0:0:0:1 "GET /lib/bootstrap/dist/js/bootstrap.bundle.min.js HTTP/1.1" 401 (8 ms) - -
[19/Jul/2020:02:52:19 -0400] 0:0:0:0:0:0:0:1 "GET /js/site.js?v=dLGP40S79Xnx6GqUthRF6NWvjvhQ1nOvdVSwaNcgG18 HTTP/1.1" 404 (9 ms) - -
[19/Jul/2020:02:52:21 -0400] 0:0:0:0:0:0:0:1 "GET /lib/bootstrap/dist/js/bootstrap.bundle.min.js HTTP/1.1" 401 (3 ms) - -
[19/Jul/2020:02:52:22 -0400] 0:0:0:0:0:0:0:1 "GET /js/site.js?v=dLGP40S79Xnx6GqUthRF6NWvjvhQ1nOvdVSwaNcgG18 HTTP/1.1" 404 (4 ms) - -
[19/Jul/2020:02:52:22 -0400] 0:0:0:0:0:0:0:1 "GET /favicon.ico HTTP/1.1" 302 (1 ms) - -
[19/Jul/2020:02:52:22 -0400] 0:0:0:0:0:0:0:1 "GET /login HTTP/1.1" 200 (7 ms) - -
[19/Jul/2020:02:52:24 -0400] 0:0:0:0:0:0:0:1 "GET /about HTTP/1.1" 200 (9 ms) - -
[19/Jul/2020:02:52:25 -0400] 0:0:0:0:0:0:0:1 "GET /favicon.ico HTTP/1.1" 302 (2 ms) - -
[19/Jul/2020:02:52:25 -0400] 0:0:0:0:0:0:0:1 "GET /login HTTP/1.1" 200 (8 ms) - -
[19/Jul/2020:02:54:10 -0400] 0:0:0:0:0:0:0:1 "GET / HTTP/1.1" 200 (7 ms) - -
[19/Jul/2020:02:54:10 -0400] 0:0:0:0:0:0:0:1 "GET /css/bootstrap.min.css HTTP/1.1" 304 (5 ms) - -
[19/Jul/2020:02:54:10 -0400] 0:0:0:0:0:0:0:1 "GET /css/site.css HTTP/1.1" 304 (5 ms) - -
[19/Jul/2020:02:54:10 -0400] 0:0:0:0:0:0:0:1 "GET /img/vlol_cover.jpg HTTP/1.1" 304 (3 ms) - -
[19/Jul/2020:02:54:10 -0400] 0:0:0:0:0:0:0:1 "GET /favicon.ico HTTP/1.1" 302 (2 ms) - -
[19/Jul/2020:02:54:10 -0400] 0:0:0:0:0:0:0:1 "GET /login HTTP/1.1" 200 (4 ms) - -
[19/Jul/2020:02:54:15 -0400] 0:0:0:0:0:0:0:1 "GET /about HTTP/1.1" 200 (7 ms) - -
[19/Jul/2020:02:54:15 -0400] 0:0:0:0:0:0:0:1 "GET /img/umgc_logo.png HTTP/1.1" 304 (4 ms) - -
[19/Jul/2020:02:54:15 -0400] 0:0:0:0:0:0:0:1 "GET /img/vlol_logo.png HTTP/1.1" 304 (6 ms) - -
[19/Jul/2020:02:54:15 -0400] 0:0:0:0:0:0:0:1 "GET /lib/jquery/dist/jquery.min.js HTTP/1.1" 401 (5 ms) - -
[19/Jul/2020:02:54:15 -0400] 0:0:0:0:0:0:0:1 "GET /js/site.js?v=dLGP40S79Xnx6GqUthRF6NWvjvhQ1nOvdVSwaNcgG18 HTTP/1.1" 404 (5 ms) - -
[19/Jul/2020:02:54:15 -0400] 0:0:0:0:0:0:0:1 "GET /lib/bootstrap/dist/js/bootstrap.bundle.min.js HTTP/1.1" 401 (7 ms) - -
[19/Jul/2020:02:54:16 -0400] 0:0:0:0:0:0:0:1 "GET /lib/bootstrap/dist/js/bootstrap.bundle.min.js HTTP/1.1" 401 (5 ms) - -
[19/Jul/2020:02:54:17 -0400] 0:0:0:0:0:0:0:1 "GET /js/site.js?v=dLGP40S79Xnx6GqUthRF6NWvjvhQ1nOvdVSwaNcgG18 HTTP/1.1" 404 (4 ms) - -
[19/Jul/2020:02:54:17 -0400] 0:0:0:0:0:0:0:1 "GET /favicon.ico HTTP/1.1" 302 (2 ms) - -
[19/Jul/2020:02:54:17 -0400] 0:0:0:0:0:0:0:1 "GET /login HTTP/1.1" 200 (4 ms) - -
[19/Jul/2020:02:54:20 -0400] 0:0:0:0:0:0:0:1 "GET /about HTTP/1.1" 200 (7 ms) - -
[19/Jul/2020:02:54:20 -0400] 0:0:0:0:0:0:0:1 "GET /favicon.ico HTTP/1.1" 302 (2 ms) - -
[19/Jul/2020:02:54:20 -0400] 0:0:0:0:0:0:0:1 "GET /login HTTP/1.1" 200 (8 ms) - -
[19/Jul/2020:02:57:59 -0400] 0:0:0:0:0:0:0:1 "GET / HTTP/1.1" 200 (378 ms) - -
[19/Jul/2020:02:58:00 -0400] 0:0:0:0:0:0:0:1 "GET /css/site.css HTTP/1.1" 200 (24 ms) - -
[19/Jul/2020:02:58:00 -0400] 0:0:0:0:0:0:0:1 "GET /css/bootstrap.min.css HTTP/1.1" 200 (27 ms) - -
[19/Jul/2020:02:58:00 -0400] 0:0:0:0:0:0:0:1 "GET /img/vlol_cover.jpg HTTP/1.1" 200 (9 ms) - -
[19/Jul/2020:02:58:00 -0400] 0:0:0:0:0:0:0:1 "GET /favicon.ico HTTP/1.1" 302 (32 ms) - -
[19/Jul/2020:02:58:00 -0400] 0:0:0:0:0:0:0:1 "GET /login HTTP/1.1" 200 (17 ms) - -
[19/Jul/2020:02:58:02 -0400] 0:0:0:0:0:0:0:1 "GET /about HTTP/1.1" 200 (10 ms) - -
[19/Jul/2020:02:58:02 -0400] 0:0:0:0:0:0:0:1 "GET /img/vlol_logo.png HTTP/1.1" 200 (10 ms) - -
[19/Jul/2020:02:58:02 -0400] 0:0:0:0:0:0:0:1 "GET /img/umgc_logo.png HTTP/1.1" 200 (14 ms) - -
[19/Jul/2020:02:58:02 -0400] 0:0:0:0:0:0:0:1 "GET /js/site.js?v=dLGP40S79Xnx6GqUthRF6NWvjvhQ1nOvdVSwaNcgG18 HTTP/1.1" 404 (91 ms) - -
[19/Jul/2020:02:58:02 -0400] 0:0:0:0:0:0:0:1 "GET /lib/bootstrap/dist/js/bootstrap.bundle.min.js HTTP/1.1" 401 (285 ms) - -
[19/Jul/2020:02:58:02 -0400] 0:0:0:0:0:0:0:1 "GET /lib/jquery/dist/jquery.min.js HTTP/1.1" 401 (286 ms) - -
[19/Jul/2020:02:58:16 -0400] 0:0:0:0:0:0:0:1 "GET /js/site.js?v=dLGP40S79Xnx6GqUthRF6NWvjvhQ1nOvdVSwaNcgG18 HTTP/1.1" 404 (6 ms) - -
[19/Jul/2020:02:58:16 -0400] 0:0:0:0:0:0:0:1 "GET /favicon.ico HTTP/1.1" 302 (3 ms) - -
[19/Jul/2020:02:58:16 -0400] 0:0:0:0:0:0:0:1 "GET /login HTTP/1.1" 200 (6 ms) - -
[19/Jul/2020:02:58:23 -0400] 0:0:0:0:0:0:0:1 "GET /contact HTTP/1.1" 200 (12 ms) - -
[19/Jul/2020:02:58:23 -0400] 0:0:0:0:0:0:0:1 "GET /css/site.css HTTP/1.1" 304 (7 ms) - -
[19/Jul/2020:02:58:23 -0400] 0:0:0:0:0:0:0:1 "GET /css/bootstrap.min.css HTTP/1.1" 304 (8 ms) - -
[19/Jul/2020:02:58:23 -0400] 0:0:0:0:0:0:0:1 "GET /lib/bootstrap/dist/js/bootstrap.bundle.min.js HTTP/1.1" 401 (6 ms) - -
[19/Jul/2020:02:58:23 -0400] 0:0:0:0:0:0:0:1 "GET /lib/jquery/dist/jquery.min.js HTTP/1.1" 401 (11 ms) - -
[19/Jul/2020:02:58:23 -0400] 0:0:0:0:0:0:0:1 "GET /js/site.js?v=dLGP40S79Xnx6GqUthRF6NWvjvhQ1nOvdVSwaNcgG18 HTTP/1.1" 404 (8 ms) - -
[19/Jul/2020:02:58:23 -0400] 0:0:0:0:0:0:0:1 "GET /img/vlol_logo.png HTTP/1.1" 304 (6 ms) - -
[19/Jul/2020:02:58:23 -0400] 0:0:0:0:0:0:0:1 "GET /img/umgc_logo.png HTTP/1.1" 304 (5 ms) - -
[19/Jul/2020:02:58:24 -0400] 0:0:0:0:0:0:0:1 "GET /js/site.js?v=dLGP40S79Xnx6GqUthRF6NWvjvhQ1nOvdVSwaNcgG18 HTTP/1.1" 404 (4 ms) - -
[19/Jul/2020:02:58:24 -0400] 0:0:0:0:0:0:0:1 "GET /favicon.ico HTTP/1.1" 302 (2 ms) - -
[19/Jul/2020:02:58:24 -0400] 0:0:0:0:0:0:0:1 "GET /login HTTP/1.1" 200 (9 ms) - -
[19/Jul/2020:03:00:23 -0400] 0:0:0:0:0:0:0:1 "GET / HTTP/1.1" 200 (9 ms) - -
[19/Jul/2020:03:00:23 -0400] 0:0:0:0:0:0:0:1 "GET /css/bootstrap.min.css HTTP/1.1" 304 (4 ms) - -
[19/Jul/2020:03:00:23 -0400] 0:0:0:0:0:0:0:1 "GET /css/site.css HTTP/1.1" 304 (4 ms) - -
[19/Jul/2020:03:00:23 -0400] 0:0:0:0:0:0:0:1 "GET /img/vlol_cover.jpg HTTP/1.1" 304 (5 ms) - -
[19/Jul/2020:03:00:23 -0400] 0:0:0:0:0:0:0:1 "GET /favicon.ico HTTP/1.1" 302 (2 ms) - -
[19/Jul/2020:03:00:23 -0400] 0:0:0:0:0:0:0:1 "GET /login HTTP/1.1" 200 (12 ms) - -
[19/Jul/2020:03:00:24 -0400] 0:0:0:0:0:0:0:1 "GET /contact HTTP/1.1" 200 (8 ms) - -
[19/Jul/2020:03:00:24 -0400] 0:0:0:0:0:0:0:1 "GET /img/vlol_logo.png HTTP/1.1" 304 (4 ms) - -
[19/Jul/2020:03:00:24 -0400] 0:0:0:0:0:0:0:1 "GET /img/umgc_logo.png HTTP/1.1" 304 (4 ms) - -
[19/Jul/2020:03:00:24 -0400] 0:0:0:0:0:0:0:1 "GET /favicon.ico HTTP/1.1" 302 (2 ms) - -
[19/Jul/2020:03:00:24 -0400] 0:0:0:0:0:0:0:1 "GET /login HTTP/1.1" 200 (6 ms) - -
[19/Jul/2020:03:00:27 -0400] 0:0:0:0:0:0:0:1 "GET /contact HTTP/1.1" 200 (10 ms) - -
[19/Jul/2020:03:00:27 -0400] 0:0:0:0:0:0:0:1 "GET /favicon.ico HTTP/1.1" 302 (2 ms) - -
[19/Jul/2020:03:00:27 -0400] 0:0:0:0:0:0:0:1 "GET /login HTTP/1.1" 200 (12 ms) - -
[19/Jul/2020:03:00:55 -0400] 0:0:0:0:0:0:0:1 "GET / HTTP/1.1" 200 (8 ms) - -
[19/Jul/2020:03:00:55 -0400] 0:0:0:0:0:0:0:1 "GET /favicon.ico HTTP/1.1" 302 (5 ms) - -
[19/Jul/2020:03:00:55 -0400] 0:0:0:0:0:0:0:1 "GET /login HTTP/1.1" 200 (8 ms) - -
[19/Jul/2020:03:00:56 -0400] 0:0:0:0:0:0:0:1 "GET /about HTTP/1.1" 200 (9 ms) - -
[19/Jul/2020:03:00:56 -0400] 0:0:0:0:0:0:0:1 "GET /favicon.ico HTTP/1.1" 302 (1 ms) - -
[19/Jul/2020:03:00:56 -0400] 0:0:0:0:0:0:0:1 "GET /login HTTP/1.1" 200 (6 ms) - -
[19/Jul/2020:03:01:01 -0400] 0:0:0:0:0:0:0:1 "GET / HTTP/1.1" 200 (6 ms) - -
[19/Jul/2020:03:01:01 -0400] 0:0:0:0:0:0:0:1 "GET /css/bootstrap.min.css HTTP/1.1" 304 (5 ms) - -
[19/Jul/2020:03:01:01 -0400] 0:0:0:0:0:0:0:1 "GET /css/site.css HTTP/1.1" 304 (5 ms) - -
[19/Jul/2020:03:01:01 -0400] 0:0:0:0:0:0:0:1 "GET /img/vlol_cover.jpg HTTP/1.1" 304 (3 ms) - -
[19/Jul/2020:03:01:01 -0400] 0:0:0:0:0:0:0:1 "GET /favicon.ico HTTP/1.1" 302 (2 ms) - -
[19/Jul/2020:03:01:01 -0400] 0:0:0:0:0:0:0:1 "GET /login HTTP/1.1" 200 (9 ms) - -
[19/Jul/2020:03:01:22 -0400] 0:0:0:0:0:0:0:1 "GET / HTTP/1.1" 200 (9 ms) - -
[19/Jul/2020:03:01:23 -0400] 0:0:0:0:0:0:0:1 "GET /favicon.ico HTTP/1.1" 302 (1 ms) - -
[19/Jul/2020:03:01:23 -0400] 0:0:0:0:0:0:0:1 "GET /login HTTP/1.1" 200 (7 ms) - -
[19/Jul/2020:03:01:38 -0400] 0:0:0:0:0:0:0:1 "GET /admin-menu HTTP/1.1" 302 (5 ms) - -
[19/Jul/2020:03:01:38 -0400] 0:0:0:0:0:0:0:1 "GET /login HTTP/1.1" 200 (6 ms) - -
[19/Jul/2020:03:01:38 -0400] 0:0:0:0:0:0:0:1 "GET /js/scripts.js HTTP/1.1" 200 (8 ms) - -
[19/Jul/2020:03:01:44 -0400] 0:0:0:0:0:0:0:1 "GET /favicon.ico HTTP/1.1" 302 (2 ms) - -
[19/Jul/2020:03:01:44 -0400] 0:0:0:0:0:0:0:1 "GET /login HTTP/1.1" 200 (7 ms) - -
[19/Jul/2020:03:15:48 -0400] 0:0:0:0:0:0:0:1 "GET / HTTP/1.1" 200 (377 ms) - -
[19/Jul/2020:03:15:48 -0400] 0:0:0:0:0:0:0:1 "GET /css/bootstrap.min.css HTTP/1.1" 304 (15 ms) - -
[19/Jul/2020:03:15:48 -0400] 0:0:0:0:0:0:0:1 "GET /css/site.css HTTP/1.1" 304 (15 ms) - -
[19/Jul/2020:03:15:48 -0400] 0:0:0:0:0:0:0:1 "GET /img/vlol_cover.jpg HTTP/1.1" 304 (7 ms) - -
[19/Jul/2020:03:15:48 -0400] 0:0:0:0:0:0:0:1 "GET /favicon.ico HTTP/1.1" 302 (31 ms) - -
[19/Jul/2020:03:15:48 -0400] 0:0:0:0:0:0:0:1 "GET /login HTTP/1.1" 200 (16 ms) - -
[19/Jul/2020:03:15:50 -0400] 0:0:0:0:0:0:0:1 "GET /about HTTP/1.1" 200 (15 ms) - -
[19/Jul/2020:03:15:50 -0400] 0:0:0:0:0:0:0:1 "GET /img/umgc_logo.png HTTP/1.1" 304 (5 ms) - -
[19/Jul/2020:03:15:50 -0400] 0:0:0:0:0:0:0:1 "GET /img/vlol_logo.png HTTP/1.1" 304 (10 ms) - -
[19/Jul/2020:03:15:50 -0400] 0:0:0:0:0:0:0:1 "GET /favicon.ico HTTP/1.1" 302 (2 ms) - -
[19/Jul/2020:03:15:50 -0400] 0:0:0:0:0:0:0:1 "GET /login HTTP/1.1" 200 (10 ms) - -
[19/Jul/2020:03:15:52 -0400] 0:0:0:0:0:0:0:1 "GET / HTTP/1.1" 200 (9 ms) - -
[19/Jul/2020:03:15:52 -0400] 0:0:0:0:0:0:0:1 "GET /favicon.ico HTTP/1.1" 302 (8 ms) - -
[19/Jul/2020:03:15:52 -0400] 0:0:0:0:0:0:0:1 "GET /login HTTP/1.1" 200 (14 ms) - -
[19/Jul/2020:03:15:53 -0400] 0:0:0:0:0:0:0:1 "GET /contact HTTP/1.1" 200 (9 ms) - -
[19/Jul/2020:03:15:53 -0400] 0:0:0:0:0:0:0:1 "GET /favicon.ico HTTP/1.1" 302 (5 ms) - -
[19/Jul/2020:03:15:53 -0400] 0:0:0:0:0:0:0:1 "GET /login HTTP/1.1" 200 (9 ms) - -
[19/Jul/2020:03:15:55 -0400] 0:0:0:0:0:0:0:1 "GET / HTTP/1.1" 200 (9 ms) - -
[19/Jul/2020:03:15:55 -0400] 0:0:0:0:0:0:0:1 "GET /favicon.ico HTTP/1.1" 302 (3 ms) - -
[19/Jul/2020:03:15:55 -0400] 0:0:0:0:0:0:0:1 "GET /login HTTP/1.1" 200 (12 ms) - -
[19/Jul/2020:03:15:57 -0400] 0:0:0:0:0:0:0:1 "GET /login HTTP/1.1" 200 (8 ms) - -
[19/Jul/2020:03:15:57 -0400] 0:0:0:0:0:0:0:1 "GET /js/scripts.js HTTP/1.1" 200 (14 ms) - -
[19/Jul/2020:03:16:20 -0400] 0:0:0:0:0:0:0:1 "GET /favicon.ico HTTP/1.1" 302 (2 ms) - -
[19/Jul/2020:03:16:20 -0400] 0:0:0:0:0:0:0:1 "GET /login HTTP/1.1" 200 (9 ms) - -
[19/Jul/2020:03:16:22 -0400] 0:0:0:0:0:0:0:1 "GET / HTTP/1.1" 200 (8 ms) - -
[19/Jul/2020:03:16:22 -0400] 0:0:0:0:0:0:0:1 "GET /favicon.ico HTTP/1.1" 302 (2 ms) - -
[19/Jul/2020:03:16:22 -0400] 0:0:0:0:0:0:0:1 "GET /login HTTP/1.1" 200 (9 ms) - -
[19/Jul/2020:03:17:00 -0400] 0:0:0:0:0:0:0:1 "GET / HTTP/1.1" 200 (10 ms) - -
[19/Jul/2020:03:17:00 -0400] 0:0:0:0:0:0:0:1 "GET /favicon.ico HTTP/1.1" 302 (4 ms) - -
[19/Jul/2020:03:17:01 -0400] 0:0:0:0:0:0:0:1 "GET /login HTTP/1.1" 200 (9 ms) - -
[19/Jul/2020:03:17:02 -0400] 0:0:0:0:0:0:0:1 "GET /login HTTP/1.1" 200 (5 ms) - -
[19/Jul/2020:03:17:02 -0400] 0:0:0:0:0:0:0:1 "GET /js/scripts.js HTTP/1.1" 200 (12 ms) - -
[19/Jul/2020:03:17:17 -0400] 0:0:0:0:0:0:0:1 "GET /index HTTP/1.1" 200 (17 ms) - -
[19/Jul/2020:03:17:17 -0400] 0:0:0:0:0:0:0:1 "GET /favicon.ico HTTP/1.1" 302 (3 ms) - -
[19/Jul/2020:03:17:17 -0400] 0:0:0:0:0:0:0:1 "GET /login HTTP/1.1" 200 (7 ms) - -
[19/Jul/2020:03:19:17 -0400] 0:0:0:0:0:0:0:1 "GET /index HTTP/1.1" 200 (8 ms) - -
[19/Jul/2020:03:19:18 -0400] 0:0:0:0:0:0:0:1 "GET /css/site.css HTTP/1.1" 304 (5 ms) - -
[19/Jul/2020:03:19:18 -0400] 0:0:0:0:0:0:0:1 "GET /css/bootstrap.min.css HTTP/1.1" 304 (4 ms) - -
[19/Jul/2020:03:19:18 -0400] 0:0:0:0:0:0:0:1 "GET /img/vlol_cover.jpg HTTP/1.1" 304 (3 ms) - -
[19/Jul/2020:03:19:18 -0400] 0:0:0:0:0:0:0:1 "GET /favicon.ico HTTP/1.1" 302 (3 ms) - -
[19/Jul/2020:03:19:18 -0400] 0:0:0:0:0:0:0:1 "GET /login HTTP/1.1" 200 (5 ms) - -
[19/Jul/2020:03:19:19 -0400] 0:0:0:0:0:0:0:1 "GET /login HTTP/1.1" 200 (6 ms) - -
[19/Jul/2020:03:19:19 -0400] 0:0:0:0:0:0:0:1 "GET /js/scripts.js HTTP/1.1" 200 (8 ms) - -
[19/Jul/2020:03:19:26 -0400] 0:0:0:0:0:0:0:1 "GET /index HTTP/1.1" 200 (7 ms) - -
[19/Jul/2020:03:19:26 -0400] 0:0:0:0:0:0:0:1 "GET /favicon.ico HTTP/1.1" 302 (2 ms) - -
[19/Jul/2020:03:19:26 -0400] 0:0:0:0:0:0:0:1 "GET /login HTTP/1.1" 200 (6 ms) - -
[19/Jul/2020:03:19:39 -0400] 0:0:0:0:0:0:0:1 "GET /login HTTP/1.1" 200 (5 ms) - -
[19/Jul/2020:03:19:39 -0400] 0:0:0:0:0:0:0:1 "GET /js/scripts.js HTTP/1.1" 304 (4 ms) - -
[19/Jul/2020:03:19:43 -0400] 0:0:0:0:0:0:0:1 "GET /favicon.ico HTTP/1.1" 302 (2 ms) - -
[19/Jul/2020:03:19:43 -0400] 0:0:0:0:0:0:0:1 "GET /login HTTP/1.1" 200 (7 ms) - -
