[01/Aug/2020:07:59:25 -0400] 0:0:0:0:0:0:0:1 "GET / HTTP/1.1" 200 (1323 ms) - -
[01/Aug/2020:07:59:25 -0400] 0:0:0:0:0:0:0:1 "GET /js/scripts.js HTTP/1.1" 304 (123 ms) - -
[01/Aug/2020:07:59:25 -0400] 0:0:0:0:0:0:0:1 "GET /css/styles.css HTTP/1.1" 304 (126 ms) - -
[01/Aug/2020:07:59:25 -0400] 0:0:0:0:0:0:0:1 "GET /img/vlol_icon.png HTTP/1.1" 304 (7 ms) - -
[01/Aug/2020:07:59:25 -0400] 0:0:0:0:0:0:0:1 "GET /img/vlol_cover.jpg HTTP/1.1" 304 (11 ms) - -
[01/Aug/2020:07:59:27 -0400] 0:0:0:0:0:0:0:1 "GET /login HTTP/1.1" 200 (101 ms) - -
[01/Aug/2020:07:59:28 -0400] 0:0:0:0:0:0:0:1 "GET /img/vlol_logo.png HTTP/1.1" 304 (6 ms) - -
[01/Aug/2020:07:59:42 -0400] 0:0:0:0:0:0:0:1 "POST /login HTTP/1.1" 302 (756 ms) - -
[01/Aug/2020:07:59:42 -0400] 0:0:0:0:0:0:0:1 "GET /admin-menu HTTP/1.1" 200 (206 ms) - -
[01/Aug/2020:07:59:46 -0400] 0:0:0:0:0:0:0:1 "GET /list-users HTTP/1.1" 200 (156 ms) - -
[01/Aug/2020:07:59:48 -0400] 0:0:0:0:0:0:0:1 "GET /edit-user/1 HTTP/1.1" 200 (708 ms) - -
[01/Aug/2020:07:59:59 -0400] 0:0:0:0:0:0:0:1 "GET /edit-user/1 HTTP/1.1" 200 (379 ms) - -
[01/Aug/2020:08:00:00 -0400] 0:0:0:0:0:0:0:1 "GET /favicon.ico HTTP/1.1" 404 (141 ms) - -
[01/Aug/2020:08:00:14 -0400] 0:0:0:0:0:0:0:1 "GET /list-users HTTP/1.1" 200 (66 ms) - -
[01/Aug/2020:08:02:35 -0400] 0:0:0:0:0:0:0:1 "GET /edit-user/1 HTTP/1.1" 200 (425 ms) - -
[01/Aug/2020:08:02:41 -0400] 0:0:0:0:0:0:0:1 "GET /edit-user/1 HTTP/1.1" 200 (472 ms) - -
[01/Aug/2020:08:06:13 -0400] 0:0:0:0:0:0:0:1 "GET /list-users HTTP/1.1" 302 (420 ms) - -
[01/Aug/2020:08:06:14 -0400] 0:0:0:0:0:0:0:1 "GET /login HTTP/1.1" 200 (1330 ms) - -
[01/Aug/2020:08:06:26 -0400] 0:0:0:0:0:0:0:1 "POST /login HTTP/1.1" 302 (510 ms) - -
[01/Aug/2020:08:06:26 -0400] 0:0:0:0:0:0:0:1 "GET /list-users HTTP/1.1" 200 (298 ms) - -
[01/Aug/2020:08:08:25 -0400] 0:0:0:0:0:0:0:1 "GET /edit-user/1 HTTP/1.1" 302 (429 ms) - -
[01/Aug/2020:08:08:27 -0400] 0:0:0:0:0:0:0:1 "GET /login HTTP/1.1" 200 (1284 ms) - -
[01/Aug/2020:08:12:34 -0400] 0:0:0:0:0:0:0:1 "POST /login HTTP/1.1" 302 (471 ms) - -
[01/Aug/2020:08:16:01 -0400] 0:0:0:0:0:0:0:1 "GET /edit-user/1 HTTP/1.1" 200 (206904 ms) - -
[01/Aug/2020:08:16:08 -0400] 0:0:0:0:0:0:0:1 "GET /login HTTP/1.1" 200 (33 ms) - -
[01/Aug/2020:08:16:22 -0400] 0:0:0:0:0:0:0:1 "POST /login HTTP/1.1" 302 (347 ms) - -
[01/Aug/2020:08:16:22 -0400] 0:0:0:0:0:0:0:1 "GET /admin-menu HTTP/1.1" 200 (45 ms) - -
[01/Aug/2020:08:16:26 -0400] 0:0:0:0:0:0:0:1 "GET /list-allergies HTTP/1.1" 200 (92 ms) - -
[01/Aug/2020:08:16:29 -0400] 0:0:0:0:0:0:0:1 "GET /admin-menu HTTP/1.1" 200 (31 ms) - -
[01/Aug/2020:08:19:59 -0400] 0:0:0:0:0:0:0:1 "GET /admin-menu HTTP/1.1" 200 (99 ms) - -
[01/Aug/2020:08:19:59 -0400] 0:0:0:0:0:0:0:1 "GET /img/vlol_icon.png HTTP/1.1" 200 (107 ms) - -
[01/Aug/2020:08:20:06 -0400] 0:0:0:0:0:0:0:1 "GET /list-users HTTP/1.1" 200 (55 ms) - -
[01/Aug/2020:08:21:08 -0400] 0:0:0:0:0:0:0:1 "GET /edit-user/1 HTTP/1.1" 200 (59571 ms) - -
[01/Aug/2020:08:21:12 -0400] 0:0:0:0:0:0:0:1 "GET /list-users HTTP/1.1" 200 (51 ms) - -
[01/Aug/2020:08:23:11 -0400] 0:0:0:0:0:0:0:1 "GET /edit-user/1 HTTP/1.1" 200 (34268 ms) - -
[01/Aug/2020:08:23:18 -0400] 0:0:0:0:0:0:0:1 "GET /list-users HTTP/1.1" 200 (39 ms) - -
[01/Aug/2020:08:23:41 -0400] 0:0:0:0:0:0:0:1 "GET /list-users HTTP/1.1" 200 (40 ms) - -
[01/Aug/2020:08:23:42 -0400] 0:0:0:0:0:0:0:1 "GET /img/vlol_icon.png HTTP/1.1" 200 (8 ms) - -
[01/Aug/2020:08:23:45 -0400] 0:0:0:0:0:0:0:1 "GET /edit-user/1 HTTP/1.1" 200 (2555 ms) - -
[01/Aug/2020:08:24:02 -0400] 0:0:0:0:0:0:0:1 "GET /edit-user/1 HTTP/1.1" 200 (9886 ms) - -
[01/Aug/2020:08:24:29 -0400] 0:0:0:0:0:0:0:1 "GET /list-users HTTP/1.1" 200 (43 ms) - -
[01/Aug/2020:08:26:06 -0400] 0:0:0:0:0:0:0:1 "GET /list-users HTTP/1.1" 200 (30 ms) - -
[01/Aug/2020:08:26:07 -0400] 0:0:0:0:0:0:0:1 "GET /img/vlol_icon.png HTTP/1.1" 200 (6 ms) - -
[01/Aug/2020:08:26:11 -0400] 0:0:0:0:0:0:0:1 "GET /edit-user/1 HTTP/1.1" 200 (2630 ms) - -
[01/Aug/2020:08:26:20 -0400] 0:0:0:0:0:0:0:1 "GET /list-users HTTP/1.1" 200 (26 ms) - -
[01/Aug/2020:08:26:37 -0400] 0:0:0:0:0:0:0:1 "GET /list-users HTTP/1.1" 200 (25 ms) - -
[01/Aug/2020:08:26:38 -0400] 0:0:0:0:0:0:0:1 "GET /img/vlol_icon.png HTTP/1.1" 200 (6 ms) - -
[01/Aug/2020:08:26:40 -0400] 0:0:0:0:0:0:0:1 "GET /edit-user/2 HTTP/1.1" 200 (2399 ms) - -
[01/Aug/2020:08:26:51 -0400] 0:0:0:0:0:0:0:1 "GET /edit-user/2 HTTP/1.1" 200 (2334 ms) - -
[01/Aug/2020:08:27:13 -0400] 0:0:0:0:0:0:0:1 "GET /list-users HTTP/1.1" 200 (23 ms) - -
[01/Aug/2020:08:27:37 -0400] 0:0:0:0:0:0:0:1 "GET /list-users HTTP/1.1" 200 (28 ms) - -
[01/Aug/2020:08:27:38 -0400] 0:0:0:0:0:0:0:1 "GET /img/vlol_icon.png HTTP/1.1" 200 (8 ms) - -
[01/Aug/2020:08:27:41 -0400] 0:0:0:0:0:0:0:1 "GET /edit-user/1 HTTP/1.1" 200 (2081 ms) - -
[01/Aug/2020:08:30:11 -0400] 0:0:0:0:0:0:0:1 "GET /edit-user/1 HTTP/1.1" 200 (2857 ms) - -
[01/Aug/2020:08:30:11 -0400] 0:0:0:0:0:0:0:1 "GET /img/vlol_icon.png HTTP/1.1" 200 (7 ms) - -
[01/Aug/2020:08:30:18 -0400] 0:0:0:0:0:0:0:1 "GET /list-users HTTP/1.1" 200 (27 ms) - -
[01/Aug/2020:08:31:01 -0400] 0:0:0:0:0:0:0:1 "GET /list-users HTTP/1.1" 200 (31 ms) - -
[01/Aug/2020:08:31:02 -0400] 0:0:0:0:0:0:0:1 "GET /img/vlol_icon.png HTTP/1.1" 200 (5 ms) - -
[01/Aug/2020:08:31:06 -0400] 0:0:0:0:0:0:0:1 "GET /edit-user/1 HTTP/1.1" 500 (2600 ms) - -
[01/Aug/2020:08:31:06 -0400] 0:0:0:0:0:0:0:1 "GET /img/error.gif HTTP/1.1" 304 (14 ms) - -
[01/Aug/2020:08:31:43 -0400] 0:0:0:0:0:0:0:1 "GET /list-users HTTP/1.1" 200 (23 ms) - -
[01/Aug/2020:08:33:37 -0400] 0:0:0:0:0:0:0:1 "GET /list-users HTTP/1.1" 200 (34 ms) - -
[01/Aug/2020:08:33:38 -0400] 0:0:0:0:0:0:0:1 "GET /img/vlol_icon.png HTTP/1.1" 200 (4 ms) - -
[01/Aug/2020:08:33:42 -0400] 0:0:0:0:0:0:0:1 "GET /edit-user/1 HTTP/1.1" 200 (3278 ms) - -
[01/Aug/2020:08:33:58 -0400] 0:0:0:0:0:0:0:1 "GET /list-users HTTP/1.1" 200 (26 ms) - -
[01/Aug/2020:08:37:42 -0400] 0:0:0:0:0:0:0:1 "GET /list-users HTTP/1.1" 200 (22 ms) - -
[01/Aug/2020:08:37:43 -0400] 0:0:0:0:0:0:0:1 "GET /img/vlol_icon.png HTTP/1.1" 200 (6 ms) - -
[01/Aug/2020:08:37:46 -0400] 0:0:0:0:0:0:0:1 "GET /edit-user/1 HTTP/1.1" 200 (2626 ms) - -
[01/Aug/2020:08:37:59 -0400] 0:0:0:0:0:0:0:1 "POST /update-user HTTP/1.1" 302 (95 ms) - -
[01/Aug/2020:08:37:59 -0400] 0:0:0:0:0:0:0:1 "GET /list-users HTTP/1.1" 200 (19 ms) - -
[01/Aug/2020:08:38:03 -0400] 0:0:0:0:0:0:0:1 "GET /view-user/1 HTTP/1.1" 200 (124 ms) - -
[01/Aug/2020:08:38:06 -0400] 0:0:0:0:0:0:0:1 "GET /list-users HTTP/1.1" 200 (23 ms) - -
[01/Aug/2020:08:39:18 -0400] 0:0:0:0:0:0:0:1 "GET /list-users HTTP/1.1" 200 (23 ms) - -
[01/Aug/2020:08:39:19 -0400] 0:0:0:0:0:0:0:1 "GET /img/vlol_icon.png HTTP/1.1" 200 (5 ms) - -
[01/Aug/2020:08:39:20 -0400] 0:0:0:0:0:0:0:1 "GET /view-user/1 HTTP/1.1" 200 (107 ms) - -
[01/Aug/2020:08:39:27 -0400] 0:0:0:0:0:0:0:1 "GET /view-user/1 HTTP/1.1" 200 (93 ms) - -
[01/Aug/2020:08:39:27 -0400] 0:0:0:0:0:0:0:1 "GET /img/vlol_icon.png HTTP/1.1" 200 (7 ms) - -
[01/Aug/2020:08:39:33 -0400] 0:0:0:0:0:0:0:1 "GET /list-users HTTP/1.1" 200 (21 ms) - -
[01/Aug/2020:08:40:37 -0400] 0:0:0:0:0:0:0:1 "GET /edit-user/1 HTTP/1.1" 200 (271 ms) - -
[01/Aug/2020:08:40:43 -0400] 0:0:0:0:0:0:0:1 "GET /edit-user/1 HTTP/1.1" 200 (172 ms) - -
[01/Aug/2020:08:40:43 -0400] 0:0:0:0:0:0:0:1 "GET /img/vlol_icon.png HTTP/1.1" 200 (5 ms) - -
[01/Aug/2020:08:40:51 -0400] 0:0:0:0:0:0:0:1 "GET /list-users HTTP/1.1" 200 (31 ms) - -
[01/Aug/2020:08:42:46 -0400] 0:0:0:0:0:0:0:1 "GET /list-users HTTP/1.1" 302 (420 ms) - -
[01/Aug/2020:08:42:47 -0400] 0:0:0:0:0:0:0:1 "GET /login HTTP/1.1" 200 (1283 ms) - -
[01/Aug/2020:08:43:03 -0400] 0:0:0:0:0:0:0:1 "POST /login HTTP/1.1" 302 (455 ms) - -
[01/Aug/2020:08:43:03 -0400] 0:0:0:0:0:0:0:1 "GET /list-users HTTP/1.1" 200 (234 ms) - -
[01/Aug/2020:08:43:09 -0400] 0:0:0:0:0:0:0:1 "GET /edit-user/1 HTTP/1.1" 200 (588 ms) - -
[01/Aug/2020:08:43:20 -0400] 0:0:0:0:0:0:0:1 "GET /list-users HTTP/1.1" 200 (50 ms) - -
[01/Aug/2020:08:44:18 -0400] 0:0:0:0:0:0:0:1 "GET /list-users HTTP/1.1" 200 (50 ms) - -
[01/Aug/2020:08:44:19 -0400] 0:0:0:0:0:0:0:1 "GET /img/vlol_icon.png HTTP/1.1" 200 (26 ms) - -
[01/Aug/2020:08:44:20 -0400] 0:0:0:0:0:0:0:1 "GET /edit-user/1 HTTP/1.1" 200 (353 ms) - -
[01/Aug/2020:08:44:25 -0400] 0:0:0:0:0:0:0:1 "GET /list-users HTTP/1.1" 200 (36 ms) - -
[01/Aug/2020:08:44:27 -0400] 0:0:0:0:0:0:0:1 "GET /list-users HTTP/1.1" 200 (39 ms) - -
[01/Aug/2020:08:44:28 -0400] 0:0:0:0:0:0:0:1 "GET /img/vlol_icon.png HTTP/1.1" 200 (7 ms) - -
[01/Aug/2020:08:44:40 -0400] 0:0:0:0:0:0:0:1 "GET /list-users HTTP/1.1" 200 (34 ms) - -
[01/Aug/2020:08:44:41 -0400] 0:0:0:0:0:0:0:1 "GET /img/vlol_icon.png HTTP/1.1" 200 (8 ms) - -
[01/Aug/2020:08:44:42 -0400] 0:0:0:0:0:0:0:1 "GET /edit-user/1 HTTP/1.1" 200 (234 ms) - -
[01/Aug/2020:08:44:45 -0400] 0:0:0:0:0:0:0:1 "GET /admin-menu HTTP/1.1" 200 (29 ms) - -
[01/Aug/2020:08:44:47 -0400] 0:0:0:0:0:0:0:1 "GET /console HTTP/1.1" 302 (64 ms) - -
[01/Aug/2020:08:44:47 -0400] 0:0:0:0:0:0:0:1 "GET /console/ HTTP/1.1" 200 (29 ms) - -
[01/Aug/2020:08:44:47 -0400] 0:0:0:0:0:0:0:1 "GET /console/stylesheet.css HTTP/1.1" 200 (17 ms) - -
[01/Aug/2020:08:44:47 -0400] 0:0:0:0:0:0:0:1 "GET /console/login.jsp?jsessionid=8b9bf00c894d818eed54c77191227806 HTTP/1.1" 200 (5 ms) - -
[01/Aug/2020:08:44:47 -0400] 0:0:0:0:0:0:0:1 "GET /console/background.gif HTTP/1.1" 200 (7 ms) - -
[01/Aug/2020:08:44:48 -0400] 0:0:0:0:0:0:0:1 "POST /console/login.do?jsessionid=8b9bf00c894d818eed54c77191227806 HTTP/1.1" 200 (10 ms) - -
[01/Aug/2020:08:44:48 -0400] 0:0:0:0:0:0:0:1 "GET /console/header.jsp?jsessionid=8b9bf00c894d818eed54c77191227806 HTTP/1.1" 200 (8 ms) - -
[01/Aug/2020:08:44:48 -0400] 0:0:0:0:0:0:0:1 "GET /console/help.jsp?jsessionid=8b9bf00c894d818eed54c77191227806 HTTP/1.1" 200 (7 ms) - -
[01/Aug/2020:08:44:48 -0400] 0:0:0:0:0:0:0:1 "GET /console/query.jsp?jsessionid=8b9bf00c894d818eed54c77191227806 HTTP/1.1" 200 (10 ms) - -
[01/Aug/2020:08:44:48 -0400] 0:0:0:0:0:0:0:1 "GET /console/tables.do?jsessionid=8b9bf00c894d818eed54c77191227806 HTTP/1.1" 200 (164 ms) - -
[01/Aug/2020:08:44:49 -0400] 0:0:0:0:0:0:0:1 "GET /console/icon_line.gif HTTP/1.1" 200 (6 ms) - -
[01/Aug/2020:08:44:49 -0400] 0:0:0:0:0:0:0:1 "GET /console/icon_disconnect.gif HTTP/1.1" 200 (7 ms) - -
[01/Aug/2020:08:44:49 -0400] 0:0:0:0:0:0:0:1 "GET /console/icon_refresh.gif HTTP/1.1" 200 (11 ms) - -
[01/Aug/2020:08:44:49 -0400] 0:0:0:0:0:0:0:1 "GET /console/icon_rollback.gif HTTP/1.1" 200 (12 ms) - -
[01/Aug/2020:08:44:49 -0400] 0:0:0:0:0:0:0:1 "GET /console/icon_run_selected.gif HTTP/1.1" 200 (7 ms) - -
[01/Aug/2020:08:44:49 -0400] 0:0:0:0:0:0:0:1 "GET /console/icon_stop.gif HTTP/1.1" 200 (5 ms) - -
[01/Aug/2020:08:44:49 -0400] 0:0:0:0:0:0:0:1 "GET /console/icon_commit.gif HTTP/1.1" 200 (5 ms) - -
[01/Aug/2020:08:44:49 -0400] 0:0:0:0:0:0:0:1 "GET /console/icon_run.gif HTTP/1.1" 200 (13 ms) - -
[01/Aug/2020:08:44:49 -0400] 0:0:0:0:0:0:0:1 "GET /console/icon_history.gif HTTP/1.1" 200 (6 ms) - -
[01/Aug/2020:08:44:49 -0400] 0:0:0:0:0:0:0:1 "GET /console/icon_help.gif HTTP/1.1" 200 (10 ms) - -
[01/Aug/2020:08:44:49 -0400] 0:0:0:0:0:0:0:1 "GET /console/tree.js HTTP/1.1" 200 (5 ms) - -
[01/Aug/2020:08:44:49 -0400] 0:0:0:0:0:0:0:1 "GET /console/tree_minus.gif HTTP/1.1" 200 (10 ms) - -
[01/Aug/2020:08:44:49 -0400] 0:0:0:0:0:0:0:1 "GET /console/tree_database.gif HTTP/1.1" 200 (7 ms) - -
[01/Aug/2020:08:44:49 -0400] 0:0:0:0:0:0:0:1 "GET /console/tree_plus.gif HTTP/1.1" 200 (7 ms) - -
[01/Aug/2020:08:44:49 -0400] 0:0:0:0:0:0:0:1 "GET /console/tree_table.gif HTTP/1.1" 200 (8 ms) - -
[01/Aug/2020:08:44:49 -0400] 0:0:0:0:0:0:0:1 "GET /console/tree_empty.gif HTTP/1.1" 200 (7 ms) - -
[01/Aug/2020:08:44:49 -0400] 0:0:0:0:0:0:0:1 "GET /console/tree_column.gif HTTP/1.1" 200 (9 ms) - -
[01/Aug/2020:08:44:49 -0400] 0:0:0:0:0:0:0:1 "GET /console/tree_type.gif HTTP/1.1" 200 (8 ms) - -
[01/Aug/2020:08:44:49 -0400] 0:0:0:0:0:0:0:1 "GET /console/tree_index.gif HTTP/1.1" 200 (4 ms) - -
[01/Aug/2020:08:44:49 -0400] 0:0:0:0:0:0:0:1 "GET /console/tree_index_az.gif HTTP/1.1" 200 (6 ms) - -
[01/Aug/2020:08:44:49 -0400] 0:0:0:0:0:0:0:1 "GET /console/tree_folder.gif HTTP/1.1" 200 (14 ms) - -
[01/Aug/2020:08:44:49 -0400] 0:0:0:0:0:0:0:1 "GET /console/tree_info.gif HTTP/1.1" 200 (11 ms) - -
[01/Aug/2020:08:44:49 -0400] 0:0:0:0:0:0:0:1 "GET /console/tree_sequences.gif HTTP/1.1" 200 (17 ms) - -
[01/Aug/2020:08:44:49 -0400] 0:0:0:0:0:0:0:1 "GET /console/tree_users.gif HTTP/1.1" 200 (10 ms) - -
[01/Aug/2020:08:44:49 -0400] 0:0:0:0:0:0:0:1 "GET /console/tree_sequence.gif HTTP/1.1" 200 (5 ms) - -
[01/Aug/2020:08:44:49 -0400] 0:0:0:0:0:0:0:1 "GET /console/tree_user.gif HTTP/1.1" 200 (8 ms) - -
[01/Aug/2020:08:45:00 -0400] 0:0:0:0:0:0:0:1 "POST /console/query.do?jsessionid=8b9bf00c894d818eed54c77191227806 HTTP/1.1" 200 (10 ms) - -
[01/Aug/2020:08:45:00 -0400] 0:0:0:0:0:0:0:1 "GET /console/stylesheet.css HTTP/1.1" 304 (3 ms) - -
[01/Aug/2020:08:45:00 -0400] 0:0:0:0:0:0:0:1 "GET /console/table.js HTTP/1.1" 200 (8 ms) - -
[01/Aug/2020:08:45:37 -0400] 0:0:0:0:0:0:0:1 "GET /admin-menu HTTP/1.1" 200 (21 ms) - -
[01/Aug/2020:08:45:40 -0400] 0:0:0:0:0:0:0:1 "GET /console HTTP/1.1" 302 (2 ms) - -
[01/Aug/2020:08:45:40 -0400] 0:0:0:0:0:0:0:1 "GET /console/ HTTP/1.1" 200 (3 ms) - -
[01/Aug/2020:08:45:40 -0400] 0:0:0:0:0:0:0:1 "GET /console/stylesheet.css HTTP/1.1" 304 (2 ms) - -
[01/Aug/2020:08:45:40 -0400] 0:0:0:0:0:0:0:1 "GET /console/login.jsp?jsessionid=d9cb1b5de88c6d1a52517de0e60071a8 HTTP/1.1" 200 (1 ms) - -
[01/Aug/2020:08:45:40 -0400] 0:0:0:0:0:0:0:1 "GET /console/background.gif HTTP/1.1" 304 (1 ms) - -
[01/Aug/2020:08:45:41 -0400] 0:0:0:0:0:0:0:1 "GET /list-users HTTP/1.1" 200 (28 ms) - -
[01/Aug/2020:08:50:26 -0400] 0:0:0:0:0:0:0:1 "GET /list-users HTTP/1.1" 200 (33 ms) - -
[01/Aug/2020:08:50:27 -0400] 0:0:0:0:0:0:0:1 "GET /img/vlol_icon.png HTTP/1.1" 200 (9 ms) - -
[01/Aug/2020:08:50:28 -0400] 0:0:0:0:0:0:0:1 "GET /edit-user/1 HTTP/1.1" 200 (270 ms) - -
[01/Aug/2020:08:50:44 -0400] 0:0:0:0:0:0:0:1 "POST /update-user HTTP/1.1" 302 (98 ms) - -
[01/Aug/2020:08:50:44 -0400] 0:0:0:0:0:0:0:1 "GET /list-users HTTP/1.1" 200 (52 ms) - -
[01/Aug/2020:08:50:47 -0400] 0:0:0:0:0:0:0:1 "GET /view-user/1 HTTP/1.1" 200 (142 ms) - -
[01/Aug/2020:08:50:51 -0400] 0:0:0:0:0:0:0:1 "GET /list-users HTTP/1.1" 200 (31 ms) - -
[01/Aug/2020:08:50:54 -0400] 0:0:0:0:0:0:0:1 "POST /console/login.do?jsessionid=d9cb1b5de88c6d1a52517de0e60071a8 HTTP/1.1" 200 (7 ms) - -
[01/Aug/2020:08:50:54 -0400] 0:0:0:0:0:0:0:1 "GET /console/stylesheet.css HTTP/1.1" 304 (1 ms) - -
[01/Aug/2020:08:50:54 -0400] 0:0:0:0:0:0:0:1 "GET /console/header.jsp?jsessionid=d9cb1b5de88c6d1a52517de0e60071a8 HTTP/1.1" 200 (3 ms) - -
[01/Aug/2020:08:50:54 -0400] 0:0:0:0:0:0:0:1 "GET /console/query.jsp?jsessionid=d9cb1b5de88c6d1a52517de0e60071a8 HTTP/1.1" 200 (4 ms) - -
[01/Aug/2020:08:50:54 -0400] 0:0:0:0:0:0:0:1 "GET /console/help.jsp?jsessionid=d9cb1b5de88c6d1a52517de0e60071a8 HTTP/1.1" 200 (3 ms) - -
[01/Aug/2020:08:50:54 -0400] 0:0:0:0:0:0:0:1 "GET /console/tables.do?jsessionid=d9cb1b5de88c6d1a52517de0e60071a8 HTTP/1.1" 200 (63 ms) - -
[01/Aug/2020:08:50:54 -0400] 0:0:0:0:0:0:0:1 "GET /console/icon_disconnect.gif HTTP/1.1" 304 (1 ms) - -
[01/Aug/2020:08:50:54 -0400] 0:0:0:0:0:0:0:1 "GET /console/icon_line.gif HTTP/1.1" 304 (2 ms) - -
[01/Aug/2020:08:50:54 -0400] 0:0:0:0:0:0:0:1 "GET /console/icon_refresh.gif HTTP/1.1" 304 (2 ms) - -
[01/Aug/2020:08:50:54 -0400] 0:0:0:0:0:0:0:1 "GET /console/icon_rollback.gif HTTP/1.1" 304 (3 ms) - -
[01/Aug/2020:08:50:54 -0400] 0:0:0:0:0:0:0:1 "GET /console/icon_commit.gif HTTP/1.1" 304 (1 ms) - -
[01/Aug/2020:08:50:54 -0400] 0:0:0:0:0:0:0:1 "GET /console/icon_run.gif HTTP/1.1" 304 (2 ms) - -
[01/Aug/2020:08:50:54 -0400] 0:0:0:0:0:0:0:1 "GET /console/icon_run_selected.gif HTTP/1.1" 304 (3 ms) - -
[01/Aug/2020:08:50:54 -0400] 0:0:0:0:0:0:0:1 "GET /console/icon_stop.gif HTTP/1.1" 304 (2 ms) - -
[01/Aug/2020:08:50:55 -0400] 0:0:0:0:0:0:0:1 "GET /console/icon_history.gif HTTP/1.1" 304 (3 ms) - -
[01/Aug/2020:08:50:55 -0400] 0:0:0:0:0:0:0:1 "GET /console/icon_help.gif HTTP/1.1" 304 (2 ms) - -
[01/Aug/2020:08:50:55 -0400] 0:0:0:0:0:0:0:1 "GET /console/tree.js HTTP/1.1" 304 (3 ms) - -
[01/Aug/2020:08:50:55 -0400] 0:0:0:0:0:0:0:1 "GET /console/tree_minus.gif HTTP/1.1" 304 (1 ms) - -
[01/Aug/2020:08:50:55 -0400] 0:0:0:0:0:0:0:1 "GET /console/tree_plus.gif HTTP/1.1" 304 (2 ms) - -
[01/Aug/2020:08:50:55 -0400] 0:0:0:0:0:0:0:1 "GET /console/tree_database.gif HTTP/1.1" 304 (1 ms) - -
[01/Aug/2020:08:50:55 -0400] 0:0:0:0:0:0:0:1 "GET /console/tree_table.gif HTTP/1.1" 304 (1 ms) - -
[01/Aug/2020:08:50:55 -0400] 0:0:0:0:0:0:0:1 "GET /console/tree_empty.gif HTTP/1.1" 304 (3 ms) - -
[01/Aug/2020:08:50:55 -0400] 0:0:0:0:0:0:0:1 "GET /console/tree_column.gif HTTP/1.1" 304 (1 ms) - -
[01/Aug/2020:08:50:55 -0400] 0:0:0:0:0:0:0:1 "GET /console/tree_type.gif HTTP/1.1" 304 (2 ms) - -
[01/Aug/2020:08:50:55 -0400] 0:0:0:0:0:0:0:1 "GET /console/tree_index_az.gif HTTP/1.1" 304 (1 ms) - -
[01/Aug/2020:08:50:55 -0400] 0:0:0:0:0:0:0:1 "GET /console/tree_index.gif HTTP/1.1" 304 (2 ms) - -
[01/Aug/2020:08:50:55 -0400] 0:0:0:0:0:0:0:1 "GET /console/tree_folder.gif HTTP/1.1" 304 (1 ms) - -
[01/Aug/2020:08:50:55 -0400] 0:0:0:0:0:0:0:1 "GET /console/tree_sequences.gif HTTP/1.1" 304 (1 ms) - -
[01/Aug/2020:08:50:55 -0400] 0:0:0:0:0:0:0:1 "GET /console/tree_sequence.gif HTTP/1.1" 304 (2 ms) - -
[01/Aug/2020:08:50:55 -0400] 0:0:0:0:0:0:0:1 "GET /console/tree_users.gif HTTP/1.1" 304 (2 ms) - -
[01/Aug/2020:08:50:55 -0400] 0:0:0:0:0:0:0:1 "GET /console/tree_user.gif HTTP/1.1" 304 (2 ms) - -
[01/Aug/2020:08:50:55 -0400] 0:0:0:0:0:0:0:1 "GET /console/tree_info.gif HTTP/1.1" 304 (2 ms) - -
[01/Aug/2020:08:51:10 -0400] 0:0:0:0:0:0:0:1 "POST /console/query.do?jsessionid=d9cb1b5de88c6d1a52517de0e60071a8 HTTP/1.1" 200 (5 ms) - -
[01/Aug/2020:08:51:10 -0400] 0:0:0:0:0:0:0:1 "GET /console/table.js HTTP/1.1" 304 (1 ms) - -
[01/Aug/2020:08:51:10 -0400] 0:0:0:0:0:0:0:1 "GET /console/stylesheet.css HTTP/1.1" 304 (2 ms) - -
[01/Aug/2020:08:52:24 -0400] 0:0:0:0:0:0:0:1 "GET /list-users HTTP/1.1" 200 (28 ms) - -
[01/Aug/2020:08:52:25 -0400] 0:0:0:0:0:0:0:1 "GET /img/vlol_icon.png HTTP/1.1" 200 (5 ms) - -
[01/Aug/2020:08:52:26 -0400] 0:0:0:0:0:0:0:1 "GET /edit-user/1 HTTP/1.1" 200 (165 ms) - -
[01/Aug/2020:08:52:33 -0400] 0:0:0:0:0:0:0:1 "POST /update-user HTTP/1.1" 302 (48 ms) - -
[01/Aug/2020:08:52:33 -0400] 0:0:0:0:0:0:0:1 "GET /list-users HTTP/1.1" 200 (29 ms) - -
[01/Aug/2020:08:52:35 -0400] 0:0:0:0:0:0:0:1 "GET /edit-user/1 HTTP/1.1" 200 (177 ms) - -
[01/Aug/2020:08:52:40 -0400] 0:0:0:0:0:0:0:1 "GET /list-users HTTP/1.1" 200 (32 ms) - -
[01/Aug/2020:08:52:42 -0400] 0:0:0:0:0:0:0:1 "POST /console/query.do?jsessionid=d9cb1b5de88c6d1a52517de0e60071a8 HTTP/1.1" 200 (4 ms) - -
[01/Aug/2020:08:52:42 -0400] 0:0:0:0:0:0:0:1 "GET /console/stylesheet.css HTTP/1.1" 304 (1 ms) - -
[01/Aug/2020:08:52:42 -0400] 0:0:0:0:0:0:0:1 "GET /console/table.js HTTP/1.1" 304 (1 ms) - -
[01/Aug/2020:08:53:11 -0400] 0:0:0:0:0:0:0:1 "GET /list-users HTTP/1.1" 200 (27 ms) - -
[01/Aug/2020:08:53:11 -0400] 0:0:0:0:0:0:0:1 "GET /css/styles.css HTTP/1.1" 304 (18 ms) - -
[01/Aug/2020:08:53:12 -0400] 0:0:0:0:0:0:0:1 "GET /img/vlol_icon.png HTTP/1.1" 200 (5 ms) - -
[01/Aug/2020:08:53:13 -0400] 0:0:0:0:0:0:0:1 "POST /console/query.do?jsessionid=d9cb1b5de88c6d1a52517de0e60071a8 HTTP/1.1" 200 (3 ms) - -
[01/Aug/2020:08:53:13 -0400] 0:0:0:0:0:0:0:1 "GET /console/stylesheet.css HTTP/1.1" 304 (1 ms) - -
[01/Aug/2020:08:53:13 -0400] 0:0:0:0:0:0:0:1 "GET /console/table.js HTTP/1.1" 304 (2 ms) - -
[01/Aug/2020:08:53:16 -0400] 0:0:0:0:0:0:0:1 "GET /view-user/1 HTTP/1.1" 200 (105 ms) - -
[01/Aug/2020:08:53:16 -0400] 0:0:0:0:0:0:0:1 "GET /js/scripts.js HTTP/1.1" 304 (4 ms) - -
[01/Aug/2020:08:53:22 -0400] 0:0:0:0:0:0:0:1 "GET /list-users HTTP/1.1" 200 (23 ms) - -
[01/Aug/2020:08:53:24 -0400] 0:0:0:0:0:0:0:1 "GET /edit-user/1 HTTP/1.1" 200 (193 ms) - -
[01/Aug/2020:08:53:33 -0400] 0:0:0:0:0:0:0:1 "POST /update-user HTTP/1.1" 302 (16 ms) - -
[01/Aug/2020:08:53:33 -0400] 0:0:0:0:0:0:0:1 "GET /list-users HTTP/1.1" 200 (19 ms) - -
[01/Aug/2020:08:53:35 -0400] 0:0:0:0:0:0:0:1 "GET /view-user/1 HTTP/1.1" 200 (101 ms) - -
[01/Aug/2020:08:54:00 -0400] 0:0:0:0:0:0:0:1 "GET /admin-menu HTTP/1.1" 200 (23 ms) - -
[01/Aug/2020:08:54:01 -0400] 0:0:0:0:0:0:0:1 "GET /list-users HTTP/1.1" 200 (26 ms) - -
[01/Aug/2020:08:54:07 -0400] 0:0:0:0:0:0:0:1 "GET /edit-user/2 HTTP/1.1" 200 (147 ms) - -
[01/Aug/2020:08:54:14 -0400] 0:0:0:0:0:0:0:1 "POST /update-user HTTP/1.1" 302 (21 ms) - -
[01/Aug/2020:08:54:14 -0400] 0:0:0:0:0:0:0:1 "GET /list-users HTTP/1.1" 200 (26 ms) - -
[01/Aug/2020:08:54:16 -0400] 0:0:0:0:0:0:0:1 "GET /view-user/2 HTTP/1.1" 200 (94 ms) - -
[01/Aug/2020:08:54:34 -0400] 0:0:0:0:0:0:0:1 "GET /logout HTTP/1.1" 302 (4 ms) - -
[01/Aug/2020:08:54:34 -0400] 0:0:0:0:0:0:0:1 "GET / HTTP/1.1" 200 (11 ms) - -
[01/Aug/2020:08:54:34 -0400] 0:0:0:0:0:0:0:1 "GET /img/vlol_cover.jpg HTTP/1.1" 304 (6 ms) - -
[01/Aug/2020:11:01:45 -0400] 0:0:0:0:0:0:0:1 "GET / HTTP/1.1" 200 (1323 ms) - -
[01/Aug/2020:11:01:45 -0400] 0:0:0:0:0:0:0:1 "GET /css/styles.css HTTP/1.1" 304 (17 ms) - -
[01/Aug/2020:11:01:45 -0400] 0:0:0:0:0:0:0:1 "GET /js/scripts.js HTTP/1.1" 304 (16 ms) - -
[01/Aug/2020:11:01:45 -0400] 0:0:0:0:0:0:0:1 "GET /img/vlol_cover.jpg HTTP/1.1" 304 (7 ms) - -
[01/Aug/2020:11:01:45 -0400] 0:0:0:0:0:0:0:1 "GET /img/vlol_icon.png HTTP/1.1" 304 (7 ms) - -
[01/Aug/2020:11:01:47 -0400] 0:0:0:0:0:0:0:1 "GET /login HTTP/1.1" 200 (44 ms) - -
[01/Aug/2020:11:01:47 -0400] 0:0:0:0:0:0:0:1 "GET /img/vlol_logo.png HTTP/1.1" 304 (5 ms) - -
[01/Aug/2020:11:01:58 -0400] 0:0:0:0:0:0:0:1 "POST /login HTTP/1.1" 302 (691 ms) - -
[01/Aug/2020:11:01:58 -0400] 0:0:0:0:0:0:0:1 "GET /admin-menu HTTP/1.1" 200 (158 ms) - -
[01/Aug/2020:11:02:01 -0400] 0:0:0:0:0:0:0:1 "GET /list-users HTTP/1.1" 200 (98 ms) - -
[01/Aug/2020:11:02:04 -0400] 0:0:0:0:0:0:0:1 "GET /view-user/1 HTTP/1.1" 200 (367 ms) - -
[01/Aug/2020:11:02:08 -0400] 0:0:0:0:0:0:0:1 "GET /list-users HTTP/1.1" 200 (53 ms) - -
[01/Aug/2020:11:02:11 -0400] 0:0:0:0:0:0:0:1 "GET /edit-user/1 HTTP/1.1" 200 (416 ms) - -
[01/Aug/2020:11:02:21 -0400] 0:0:0:0:0:0:0:1 "POST /update-user HTTP/1.1" 302 (125 ms) - -
[01/Aug/2020:11:02:21 -0400] 0:0:0:0:0:0:0:1 "GET /list-users HTTP/1.1" 200 (58 ms) - -
[01/Aug/2020:11:02:22 -0400] 0:0:0:0:0:0:0:1 "GET /view-user/1 HTTP/1.1" 200 (141 ms) - -
[01/Aug/2020:11:28:41 -0400] 0:0:0:0:0:0:0:1 "GET / HTTP/1.1" 200 (1190 ms) - -
[01/Aug/2020:11:28:43 -0400] 0:0:0:0:0:0:0:1 "GET /login HTTP/1.1" 200 (50 ms) - -
[01/Aug/2020:11:28:56 -0400] 0:0:0:0:0:0:0:1 "POST /login HTTP/1.1" 302 (701 ms) - -
[01/Aug/2020:11:28:56 -0400] 0:0:0:0:0:0:0:1 "GET /admin-menu HTTP/1.1" 200 (181 ms) - -
[01/Aug/2020:11:29:00 -0400] 0:0:0:0:0:0:0:1 "GET /list-users HTTP/1.1" 200 (148 ms) - -
[01/Aug/2020:11:29:05 -0400] 0:0:0:0:0:0:0:1 "GET /edit-user/2 HTTP/1.1" 200 (582 ms) - -
[01/Aug/2020:11:33:48 -0400] 0:0:0:0:0:0:0:1 "POST /update-user HTTP/1.1" 302 (162 ms) - -
[01/Aug/2020:11:33:48 -0400] 0:0:0:0:0:0:0:1 "GET /list-users HTTP/1.1" 200 (50 ms) - -
[01/Aug/2020:11:33:51 -0400] 0:0:0:0:0:0:0:1 "GET /view-user/2 HTTP/1.1" 200 (363 ms) - -
