[27/Jul/2020:14:47:42 -0400] 0:0:0:0:0:0:0:1 "GET / HTTP/1.1" 200 (757 ms) - -
[27/Jul/2020:14:47:42 -0400] 0:0:0:0:0:0:0:1 "GET /css/site.css HTTP/1.1" 200 (113 ms) - -
[27/Jul/2020:14:47:42 -0400] 0:0:0:0:0:0:0:1 "GET /css/bootstrap.min.css HTTP/1.1" 200 (112 ms) - -
[27/Jul/2020:14:47:42 -0400] 0:0:0:0:0:0:0:1 "GET /img/vlol_cover.jpg HTTP/1.1" 200 (41 ms) - -
[27/Jul/2020:14:47:42 -0400] 0:0:0:0:0:0:0:1 "GET /favicon.ico HTTP/1.1" 404 (322 ms) - -
[27/Jul/2020:15:02:15 -0400] 0:0:0:0:0:0:0:1 "GET / HTTP/1.1" 200 (16 ms) - -
[27/Jul/2020:15:02:26 -0400] 0:0:0:0:0:0:0:1 "GET / HTTP/1.1" 200 (13 ms) - -
[27/Jul/2020:15:09:03 -0400] 0:0:0:0:0:0:0:1 "GET / HTTP/1.1" 200 (16 ms) - -
[27/Jul/2020:15:21:45 -0400] 0:0:0:0:0:0:0:1 "GET /test HTTP/1.1" 200 (43 ms) - -
[27/Jul/2020:15:21:45 -0400] 0:0:0:0:0:0:0:1 "GET /css/styles.css HTTP/1.1" 200 (9 ms) - -
[27/Jul/2020:15:23:32 -0400] 0:0:0:0:0:0:0:1 "GET /test HTTP/1.1" 200 (13 ms) - -
[27/Jul/2020:15:23:32 -0400] 0:0:0:0:0:0:0:1 "GET /css/styles.css HTTP/1.1" 304 (68 ms) - -
[27/Jul/2020:15:25:21 -0400] 0:0:0:0:0:0:0:1 "GET /test HTTP/1.1" 200 (9 ms) - -
[27/Jul/2020:15:25:21 -0400] 0:0:0:0:0:0:0:1 "GET /css/styles.css HTTP/1.1" 304 (9 ms) - -
[27/Jul/2020:15:27:55 -0400] 0:0:0:0:0:0:0:1 "GET /test HTTP/1.1" 200 (10 ms) - -
[27/Jul/2020:15:27:55 -0400] 0:0:0:0:0:0:0:1 "GET /css/styles.css HTTP/1.1" 304 (6 ms) - -
[27/Jul/2020:15:27:55 -0400] 0:0:0:0:0:0:0:1 "GET /img/toyota_ipsum.jpg HTTP/1.1" 200 (13 ms) - -
[27/Jul/2020:15:28:11 -0400] 0:0:0:0:0:0:0:1 "GET /test HTTP/1.1" 200 (11 ms) - -
[27/Jul/2020:15:28:11 -0400] 0:0:0:0:0:0:0:1 "GET /img/toyota_ipsum.jpg HTTP/1.1" 304 (7 ms) - -
[27/Jul/2020:15:28:32 -0400] 0:0:0:0:0:0:0:1 "GET /test HTTP/1.1" 200 (9 ms) - -
[27/Jul/2020:15:28:32 -0400] 0:0:0:0:0:0:0:1 "GET /img/toyota_ipsum.jpg HTTP/1.1" 304 (3 ms) - -
[27/Jul/2020:15:31:48 -0400] 0:0:0:0:0:0:0:1 "GET / HTTP/1.1" 200 (12 ms) - -
[27/Jul/2020:15:31:51 -0400] 0:0:0:0:0:0:0:1 "GET /test HTTP/1.1" 200 (8 ms) - -
[27/Jul/2020:15:37:10 -0400] 0:0:0:0:0:0:0:1 "GET /test HTTP/1.1" 500 (163 ms) - -
[27/Jul/2020:15:46:41 -0400] 0:0:0:0:0:0:0:1 "GET /test HTTP/1.1" 200 (10 ms) - -
[27/Jul/2020:15:46:41 -0400] 0:0:0:0:0:0:0:1 "GET /css/styles.css HTTP/1.1" 304 (8 ms) - -
[27/Jul/2020:15:46:41 -0400] 0:0:0:0:0:0:0:1 "GET /img/toyota_ipsum.jpg HTTP/1.1" 304 (4 ms) - -
[27/Jul/2020:15:47:22 -0400] 0:0:0:0:0:0:0:1 "GET /test HTTP/1.1" 200 (13 ms) - -
[27/Jul/2020:15:54:03 -0400] 0:0:0:0:0:0:0:1 "GET / HTTP/1.1" 200 (800 ms) - -
[27/Jul/2020:15:54:09 -0400] 0:0:0:0:0:0:0:1 "GET /test HTTP/1.1" 200 (526 ms) - -
[27/Jul/2020:15:54:09 -0400] 0:0:0:0:0:0:0:1 "GET /css/styles.css HTTP/1.1" 200 (49 ms) - -
[27/Jul/2020:15:54:09 -0400] 0:0:0:0:0:0:0:1 "GET /img/toyota_ipsum.jpg HTTP/1.1" 200 (16 ms) - -
[27/Jul/2020:15:54:35 -0400] 0:0:0:0:0:0:0:1 "GET / HTTP/1.1" 200 (18 ms) - -
[27/Jul/2020:15:54:36 -0400] 0:0:0:0:0:0:0:1 "GET /test HTTP/1.1" 200 (34 ms) - -
[27/Jul/2020:15:55:16 -0400] 0:0:0:0:0:0:0:1 "GET /test HTTP/1.1" 200 (45 ms) - -
[27/Jul/2020:15:55:16 -0400] 0:0:0:0:0:0:0:1 "GET /img/toyota_ipsum.jpg HTTP/1.1" 304 (13 ms) - -
[27/Jul/2020:15:55:16 -0400] 0:0:0:0:0:0:0:1 "GET /css/styles.css HTTP/1.1" 200 (24 ms) - -
[27/Jul/2020:15:55:29 -0400] 0:0:0:0:0:0:0:1 "GET /test HTTP/1.1" 200 (34 ms) - -
[27/Jul/2020:15:55:29 -0400] 0:0:0:0:0:0:0:1 "GET /css/styles.css HTTP/1.1" 200 (15 ms) - -
[27/Jul/2020:15:56:23 -0400] 0:0:0:0:0:0:0:1 "GET /test HTTP/1.1" 200 (34 ms) - -
[27/Jul/2020:15:56:23 -0400] 0:0:0:0:0:0:0:1 "GET /css/styles.css HTTP/1.1" 200 (16 ms) - -
[27/Jul/2020:15:56:23 -0400] 0:0:0:0:0:0:0:1 "GET /img/toyota_ipsum.jpg HTTP/1.1" 304 (20 ms) - -
[27/Jul/2020:15:58:22 -0400] 0:0:0:0:0:0:0:1 "GET /test HTTP/1.1" 200 (88 ms) - -
[27/Jul/2020:15:58:22 -0400] 0:0:0:0:0:0:0:1 "GET /css/styles.css HTTP/1.1" 200 (21 ms) - -
[27/Jul/2020:15:58:22 -0400] 0:0:0:0:0:0:0:1 "GET /img/toyota_ipsum.jpg HTTP/1.1" 304 (11 ms) - -
[27/Jul/2020:15:58:55 -0400] 0:0:0:0:0:0:0:1 "GET /test HTTP/1.1" 200 (27 ms) - -
[27/Jul/2020:15:58:55 -0400] 0:0:0:0:0:0:0:1 "GET /css/styles.css HTTP/1.1" 200 (9 ms) - -
[27/Jul/2020:16:00:51 -0400] 0:0:0:0:0:0:0:1 "GET /test HTTP/1.1" 200 (31 ms) - -
[27/Jul/2020:16:00:52 -0400] 0:0:0:0:0:0:0:1 "GET /css/styles.css HTTP/1.1" 200 (11 ms) - -
[27/Jul/2020:16:00:52 -0400] 0:0:0:0:0:0:0:1 "GET /img/toyota_ipsum.jpg HTTP/1.1" 304 (15 ms) - -
[27/Jul/2020:16:01:10 -0400] 0:0:0:0:0:0:0:1 "GET / HTTP/1.1" 200 (13 ms) - -
[27/Jul/2020:16:01:13 -0400] 0:0:0:0:0:0:0:1 "GET /test HTTP/1.1" 200 (19 ms) - -
[27/Jul/2020:16:01:42 -0400] 0:0:0:0:0:0:0:1 "GET / HTTP/1.1" 200 (10 ms) - -
[27/Jul/2020:16:02:12 -0400] 0:0:0:0:0:0:0:1 "GET /test HTTP/1.1" 200 (31 ms) - -
[27/Jul/2020:16:02:31 -0400] 0:0:0:0:0:0:0:1 "GET /test HTTP/1.1" 200 (18 ms) - -
[27/Jul/2020:16:02:31 -0400] 0:0:0:0:0:0:0:1 "GET /img/toyota_ipsum.jpg HTTP/1.1" 304 (4 ms) - -
[27/Jul/2020:16:02:31 -0400] 0:0:0:0:0:0:0:1 "GET /css/styles.css HTTP/1.1" 200 (8 ms) - -
[27/Jul/2020:16:03:17 -0400] 0:0:0:0:0:0:0:1 "GET /test HTTP/1.1" 200 (22 ms) - -
[27/Jul/2020:16:03:17 -0400] 0:0:0:0:0:0:0:1 "GET /css/styles.css HTTP/1.1" 200 (9 ms) - -
[27/Jul/2020:16:04:41 -0400] 0:0:0:0:0:0:0:1 "GET /test HTTP/1.1" 200 (21 ms) - -
[27/Jul/2020:16:04:41 -0400] 0:0:0:0:0:0:0:1 "GET /css/styles.css HTTP/1.1" 200 (9 ms) - -
[27/Jul/2020:16:04:41 -0400] 0:0:0:0:0:0:0:1 "GET /img/toyota_ipsum.jpg HTTP/1.1" 304 (5 ms) - -
[27/Jul/2020:16:05:16 -0400] 0:0:0:0:0:0:0:1 "GET /test HTTP/1.1" 200 (17 ms) - -
[27/Jul/2020:16:05:16 -0400] 0:0:0:0:0:0:0:1 "GET /css/styles.css HTTP/1.1" 200 (7 ms) - -
[27/Jul/2020:16:05:47 -0400] 0:0:0:0:0:0:0:1 "GET /test HTTP/1.1" 200 (20 ms) - -
[27/Jul/2020:16:05:47 -0400] 0:0:0:0:0:0:0:1 "GET /css/styles.css HTTP/1.1" 200 (4 ms) - -
[27/Jul/2020:16:07:04 -0400] 0:0:0:0:0:0:0:1 "GET /test HTTP/1.1" 200 (25 ms) - -
[27/Jul/2020:16:07:04 -0400] 0:0:0:0:0:0:0:1 "GET /css/styles.css HTTP/1.1" 200 (7 ms) - -
[27/Jul/2020:16:07:04 -0400] 0:0:0:0:0:0:0:1 "GET /img/toyota_ipsum.jpg HTTP/1.1" 304 (6 ms) - -
[27/Jul/2020:16:07:42 -0400] 0:0:0:0:0:0:0:1 "GET /test HTTP/1.1" 200 (17 ms) - -
[27/Jul/2020:16:07:42 -0400] 0:0:0:0:0:0:0:1 "GET /css/styles.css HTTP/1.1" 200 (5 ms) - -
[27/Jul/2020:16:09:17 -0400] 0:0:0:0:0:0:0:1 "GET /test HTTP/1.1" 200 (17 ms) - -
[27/Jul/2020:16:09:17 -0400] 0:0:0:0:0:0:0:1 "GET /css/styles.css HTTP/1.1" 304 (8 ms) - -
[27/Jul/2020:16:09:17 -0400] 0:0:0:0:0:0:0:1 "GET /img/toyota_ipsum.jpg HTTP/1.1" 304 (4 ms) - -
[27/Jul/2020:16:09:53 -0400] 0:0:0:0:0:0:0:1 "GET /test HTTP/1.1" 200 (19 ms) - -
[27/Jul/2020:16:09:53 -0400] 0:0:0:0:0:0:0:1 "GET /css/styles.css HTTP/1.1" 200 (4 ms) - -
[27/Jul/2020:16:11:18 -0400] 0:0:0:0:0:0:0:1 "GET /test HTTP/1.1" 200 (17 ms) - -
[27/Jul/2020:16:11:18 -0400] 0:0:0:0:0:0:0:1 "GET /img/toyota_ipsum.jpg HTTP/1.1" 304 (8 ms) - -
[27/Jul/2020:16:11:18 -0400] 0:0:0:0:0:0:0:1 "GET /css/styles.css HTTP/1.1" 200 (13 ms) - -
[27/Jul/2020:16:12:05 -0400] 0:0:0:0:0:0:0:1 "GET /test HTTP/1.1" 200 (19 ms) - -
[27/Jul/2020:16:12:05 -0400] 0:0:0:0:0:0:0:1 "GET /css/styles.css HTTP/1.1" 200 (7 ms) - -
[27/Jul/2020:16:12:44 -0400] 0:0:0:0:0:0:0:1 "GET /test HTTP/1.1" 200 (14 ms) - -
[27/Jul/2020:16:12:44 -0400] 0:0:0:0:0:0:0:1 "GET /css/styles.css HTTP/1.1" 304 (7 ms) - -
[27/Jul/2020:16:13:01 -0400] 0:0:0:0:0:0:0:1 "GET /test HTTP/1.1" 200 (15 ms) - -
[27/Jul/2020:16:13:01 -0400] 0:0:0:0:0:0:0:1 "GET /css/styles.css HTTP/1.1" 200 (6 ms) - -
[27/Jul/2020:16:13:15 -0400] 0:0:0:0:0:0:0:1 "GET /css/styles.css HTTP/1.1" 304 (4 ms) - -
[27/Jul/2020:16:13:21 -0400] 0:0:0:0:0:0:0:1 "GET /test HTTP/1.1" 200 (17 ms) - -
[27/Jul/2020:16:13:21 -0400] 0:0:0:0:0:0:0:1 "GET /css/styles.css HTTP/1.1" 304 (3 ms) - -
[27/Jul/2020:16:13:21 -0400] 0:0:0:0:0:0:0:1 "GET /img/toyota_ipsum.jpg HTTP/1.1" 304 (9 ms) - -
[27/Jul/2020:16:13:25 -0400] 0:0:0:0:0:0:0:1 "GET /test HTTP/1.1" 200 (14 ms) - -
[27/Jul/2020:16:13:26 -0400] 0:0:0:0:0:0:0:1 "GET /css/styles.css HTTP/1.1" 304 (3 ms) - -
[27/Jul/2020:16:13:37 -0400] 0:0:0:0:0:0:0:1 "GET /test HTTP/1.1" 200 (15 ms) - -
[27/Jul/2020:16:13:37 -0400] 0:0:0:0:0:0:0:1 "GET /css/styles.css HTTP/1.1" 304 (4 ms) - -
[27/Jul/2020:16:14:11 -0400] 0:0:0:0:0:0:0:1 "GET /test HTTP/1.1" 200 (15 ms) - -
[27/Jul/2020:16:14:11 -0400] 0:0:0:0:0:0:0:1 "GET /css/styles.css HTTP/1.1" 304 (4 ms) - -
[27/Jul/2020:16:14:58 -0400] 0:0:0:0:0:0:0:1 "GET /test HTTP/1.1" 200 (16 ms) - -
[27/Jul/2020:16:14:58 -0400] 0:0:0:0:0:0:0:1 "GET /css/styles.css HTTP/1.1" 304 (7 ms) - -
[27/Jul/2020:16:15:02 -0400] 0:0:0:0:0:0:0:1 "GET /test HTTP/1.1" 200 (15 ms) - -
[27/Jul/2020:16:15:34 -0400] 0:0:0:0:0:0:0:1 "GET /test HTTP/1.1" 200 (20 ms) - -
[27/Jul/2020:16:15:34 -0400] 0:0:0:0:0:0:0:1 "GET /css/styles.css HTTP/1.1" 304 (7 ms) - -
[27/Jul/2020:16:15:34 -0400] 0:0:0:0:0:0:0:1 "GET /img/toyota_ipsum.jpg HTTP/1.1" 304 (6 ms) - -
[27/Jul/2020:16:17:34 -0400] 0:0:0:0:0:0:0:1 "GET /test HTTP/1.1" 200 (19 ms) - -
[27/Jul/2020:16:17:34 -0400] 0:0:0:0:0:0:0:1 "GET /css/styles.css HTTP/1.1" 200 (14 ms) - -
[27/Jul/2020:16:17:53 -0400] 0:0:0:0:0:0:0:1 "GET /test HTTP/1.1" 200 (16 ms) - -
[27/Jul/2020:16:17:53 -0400] 0:0:0:0:0:0:0:1 "GET /css/styles.css HTTP/1.1" 200 (7 ms) - -
[27/Jul/2020:16:18:31 -0400] 0:0:0:0:0:0:0:1 "GET /test HTTP/1.1" 200 (13 ms) - -
[27/Jul/2020:16:18:31 -0400] 0:0:0:0:0:0:0:1 "GET /css/styles.css HTTP/1.1" 200 (6 ms) - -
[27/Jul/2020:16:18:31 -0400] 0:0:0:0:0:0:0:1 "GET /img/toyota_ipsum.jpg HTTP/1.1" 304 (4 ms) - -
[27/Jul/2020:16:18:59 -0400] 0:0:0:0:0:0:0:1 "GET /test HTTP/1.1" 200 (13 ms) - -
[27/Jul/2020:16:18:59 -0400] 0:0:0:0:0:0:0:1 "GET /css/styles.css HTTP/1.1" 200 (9 ms) - -
[27/Jul/2020:16:19:16 -0400] 0:0:0:0:0:0:0:1 "GET /test HTTP/1.1" 200 (22 ms) - -
[27/Jul/2020:16:19:16 -0400] 0:0:0:0:0:0:0:1 "GET /css/styles.css HTTP/1.1" 200 (8 ms) - -
[27/Jul/2020:16:19:40 -0400] 0:0:0:0:0:0:0:1 "GET /test HTTP/1.1" 200 (12 ms) - -
[27/Jul/2020:16:19:40 -0400] 0:0:0:0:0:0:0:1 "GET /css/styles.css HTTP/1.1" 200 (12 ms) - -
[27/Jul/2020:16:20:00 -0400] 0:0:0:0:0:0:0:1 "GET /test HTTP/1.1" 200 (17 ms) - -
[27/Jul/2020:16:20:00 -0400] 0:0:0:0:0:0:0:1 "GET /css/styles.css HTTP/1.1" 200 (9 ms) - -
[27/Jul/2020:16:20:30 -0400] 0:0:0:0:0:0:0:1 "GET /test HTTP/1.1" 200 (12 ms) - -
[27/Jul/2020:16:20:30 -0400] 0:0:0:0:0:0:0:1 "GET /css/styles.css HTTP/1.1" 200 (6 ms) - -
[27/Jul/2020:16:21:27 -0400] 0:0:0:0:0:0:0:1 "GET /test HTTP/1.1" 200 (11 ms) - -
[27/Jul/2020:16:21:27 -0400] 0:0:0:0:0:0:0:1 "GET /img/toyota_ipsum.jpg HTTP/1.1" 304 (2 ms) - -
[27/Jul/2020:16:21:27 -0400] 0:0:0:0:0:0:0:1 "GET /css/styles.css HTTP/1.1" 304 (5 ms) - -
[27/Jul/2020:16:21:33 -0400] 0:0:0:0:0:0:0:1 "GET /test HTTP/1.1" 200 (15 ms) - -
[27/Jul/2020:16:22:31 -0400] 0:0:0:0:0:0:0:1 "GET /test HTTP/1.1" 200 (12 ms) - -
[27/Jul/2020:16:22:31 -0400] 0:0:0:0:0:0:0:1 "GET /css/styles.css HTTP/1.1" 304 (4 ms) - -
[27/Jul/2020:16:26:14 -0400] 0:0:0:0:0:0:0:1 "GET /test HTTP/1.1" 200 (13 ms) - -
[27/Jul/2020:16:26:14 -0400] 0:0:0:0:0:0:0:1 "GET /css/styles.css HTTP/1.1" 200 (6 ms) - -
[27/Jul/2020:16:26:14 -0400] 0:0:0:0:0:0:0:1 "GET /img/toyota_ipsum.jpg HTTP/1.1" 304 (5 ms) - -
[27/Jul/2020:16:26:20 -0400] 0:0:0:0:0:0:0:1 "GET /test HTTP/1.1" 200 (14 ms) - -
[27/Jul/2020:16:27:07 -0400] 0:0:0:0:0:0:0:1 "GET /test HTTP/1.1" 200 (16 ms) - -
[27/Jul/2020:16:27:07 -0400] 0:0:0:0:0:0:0:1 "GET /css/styles.css HTTP/1.1" 200 (9 ms) - -
[27/Jul/2020:16:28:30 -0400] 0:0:0:0:0:0:0:1 "GET /test HTTP/1.1" 200 (9 ms) - -
[27/Jul/2020:16:28:30 -0400] 0:0:0:0:0:0:0:1 "GET /css/styles.css HTTP/1.1" 304 (6 ms) - -
[27/Jul/2020:16:29:39 -0400] 0:0:0:0:0:0:0:1 "GET /test HTTP/1.1" 200 (14 ms) - -
[27/Jul/2020:16:29:39 -0400] 0:0:0:0:0:0:0:1 "GET /css/styles.css HTTP/1.1" 200 (7 ms) - -
[27/Jul/2020:16:31:17 -0400] 0:0:0:0:0:0:0:1 "GET /test HTTP/1.1" 200 (15 ms) - -
[27/Jul/2020:16:31:17 -0400] 0:0:0:0:0:0:0:1 "GET /css/styles.css HTTP/1.1" 304 (13 ms) - -
[27/Jul/2020:16:31:17 -0400] 0:0:0:0:0:0:0:1 "GET /img/toyota_ipsum.jpg HTTP/1.1" 304 (5 ms) - -
[27/Jul/2020:16:31:57 -0400] 0:0:0:0:0:0:0:1 "GET /login HTTP/1.1" 200 (27 ms) - -
[27/Jul/2020:16:31:58 -0400] 0:0:0:0:0:0:0:1 "GET /js/scripts.js HTTP/1.1" 200 (9 ms) - -
[27/Jul/2020:16:31:58 -0400] 0:0:0:0:0:0:0:1 "GET /img/vlol_logo.png HTTP/1.1" 200 (11 ms) - -
[27/Jul/2020:16:32:12 -0400] 0:0:0:0:0:0:0:1 "POST /login HTTP/1.1" 302 (694 ms) - -
[27/Jul/2020:16:32:12 -0400] 0:0:0:0:0:0:0:1 "GET /admin-menu HTTP/1.1" 200 (135 ms) - -
[27/Jul/2020:16:32:13 -0400] 0:0:0:0:0:0:0:1 "GET /favicon.ico HTTP/1.1" 404 (101 ms) - -
[27/Jul/2020:16:32:23 -0400] 0:0:0:0:0:0:0:1 "GET /test HTTP/1.1" 200 (21 ms) - -
[27/Jul/2020:16:32:24 -0400] 0:0:0:0:0:0:0:1 "GET /css/styles.css HTTP/1.1" 304 (4 ms) - -
[27/Jul/2020:16:32:47 -0400] 0:0:0:0:0:0:0:1 "GET /test HTTP/1.1" 200 (12 ms) - -
[27/Jul/2020:16:32:47 -0400] 0:0:0:0:0:0:0:1 "GET /css/styles.css HTTP/1.1" 304 (4 ms) - -
[27/Jul/2020:16:35:21 -0400] 0:0:0:0:0:0:0:1 "GET /test HTTP/1.1" 200 (14 ms) - -
[27/Jul/2020:16:35:21 -0400] 0:0:0:0:0:0:0:1 "GET /css/styles.css HTTP/1.1" 200 (5 ms) - -
[27/Jul/2020:16:35:22 -0400] 0:0:0:0:0:0:0:1 "GET /img/toyota_ipsum.jpg HTTP/1.1" 304 (4 ms) - -
[27/Jul/2020:16:46:11 -0400] 0:0:0:0:0:0:0:1 "GET /test HTTP/1.1" 200 (13 ms) - -
[27/Jul/2020:16:46:11 -0400] 0:0:0:0:0:0:0:1 "GET /css/styles.css HTTP/1.1" 200 (10 ms) - -
[27/Jul/2020:16:46:11 -0400] 0:0:0:0:0:0:0:1 "GET /img/toyota_ipsum.jpg HTTP/1.1" 304 (5 ms) - -
[27/Jul/2020:16:46:11 -0400] 0:0:0:0:0:0:0:1 "GET /vlol_icon.png HTTP/1.1" 404 (5 ms) - -
[27/Jul/2020:16:47:08 -0400] 0:0:0:0:0:0:0:1 "GET /test HTTP/1.1" 200 (12 ms) - -
[27/Jul/2020:16:47:08 -0400] 0:0:0:0:0:0:0:1 "GET /img/vlol_icon.png HTTP/1.1" 200 (5 ms) - -
[27/Jul/2020:16:47:39 -0400] 0:0:0:0:0:0:0:1 "GET /test HTTP/1.1" 200 (242 ms) - -
[27/Jul/2020:16:47:39 -0400] 127.0.0.1 "GET /css/styles.css HTTP/1.1" 304 (17 ms) - -
[27/Jul/2020:16:47:40 -0400] 127.0.0.1 "GET /img/vlol_icon.png HTTP/1.1" 200 (4 ms) - -
[27/Jul/2020:16:52:08 -0400] 0:0:0:0:0:0:0:1 "GET / HTTP/1.1" 200 (13 ms) - -
[27/Jul/2020:16:52:08 -0400] 0:0:0:0:0:0:0:1 "GET /css/styles.css HTTP/1.1" 304 (5 ms) - -
[27/Jul/2020:16:52:21 -0400] 0:0:0:0:0:0:0:1 "GET / HTTP/1.1" 200 (14 ms) - -
[27/Jul/2020:16:52:21 -0400] 0:0:0:0:0:0:0:1 "GET /img/vlol_icon.png HTTP/1.1" 200 (5 ms) - -
[27/Jul/2020:16:52:33 -0400] 0:0:0:0:0:0:0:1 "GET / HTTP/1.1" 200 (12 ms) - -
[27/Jul/2020:16:52:34 -0400] 0:0:0:0:0:0:0:1 "GET /img/vlol_icon.png HTTP/1.1" 200 (6 ms) - -
[27/Jul/2020:16:52:45 -0400] 0:0:0:0:0:0:0:1 "GET / HTTP/1.1" 200 (10 ms) - -
[27/Jul/2020:16:52:45 -0400] 0:0:0:0:0:0:0:1 "GET /img/vlol_icon.png HTTP/1.1" 200 (3 ms) - -
[27/Jul/2020:16:53:11 -0400] 0:0:0:0:0:0:0:1 "GET / HTTP/1.1" 200 (12 ms) - -
[27/Jul/2020:16:53:12 -0400] 0:0:0:0:0:0:0:1 "GET /img/vlol_icon.png HTTP/1.1" 200 (4 ms) - -
[27/Jul/2020:16:53:32 -0400] 0:0:0:0:0:0:0:1 "GET / HTTP/1.1" 200 (10 ms) - -
[27/Jul/2020:16:53:32 -0400] 0:0:0:0:0:0:0:1 "GET /img/vlol_icon.png HTTP/1.1" 200 (3 ms) - -
[27/Jul/2020:16:53:46 -0400] 0:0:0:0:0:0:0:1 "GET / HTTP/1.1" 200 (11 ms) - -
[27/Jul/2020:16:53:46 -0400] 0:0:0:0:0:0:0:1 "GET /css/styles.css HTTP/1.1" 304 (3 ms) - -
[27/Jul/2020:16:53:46 -0400] 0:0:0:0:0:0:0:1 "GET /img/vlol_icon.png HTTP/1.1" 200 (3 ms) - -
[27/Jul/2020:16:54:01 -0400] 0:0:0:0:0:0:0:1 "GET / HTTP/1.1" 200 (12 ms) - -
[27/Jul/2020:16:54:01 -0400] 0:0:0:0:0:0:0:1 "GET /img/vlol_icon.png HTTP/1.1" 200 (4 ms) - -
[27/Jul/2020:16:57:17 -0400] 0:0:0:0:0:0:0:1 "GET / HTTP/1.1" 200 (14 ms) - -
[27/Jul/2020:16:57:17 -0400] 0:0:0:0:0:0:0:1 "GET /css/styles.css HTTP/1.1" 304 (4 ms) - -
[27/Jul/2020:16:57:17 -0400] 0:0:0:0:0:0:0:1 "GET /img/vlol_icon.png HTTP/1.1" 200 (4 ms) - -
[27/Jul/2020:16:58:15 -0400] 0:0:0:0:0:0:0:1 "GET / HTTP/1.1" 200 (11 ms) - -
[27/Jul/2020:16:58:16 -0400] 0:0:0:0:0:0:0:1 "GET /img/vlol_icon.png HTTP/1.1" 200 (3 ms) - -
[27/Jul/2020:16:58:43 -0400] 0:0:0:0:0:0:0:1 "GET / HTTP/1.1" 200 (13 ms) - -
[27/Jul/2020:16:58:43 -0400] 0:0:0:0:0:0:0:1 "GET /img/vlol_icon.png HTTP/1.1" 200 (5 ms) - -
[27/Jul/2020:16:59:41 -0400] 0:0:0:0:0:0:0:1 "GET / HTTP/1.1" 200 (13 ms) - -
[27/Jul/2020:16:59:41 -0400] 0:0:0:0:0:0:0:1 "GET /css/styles.css HTTP/1.1" 304 (6 ms) - -
[27/Jul/2020:16:59:41 -0400] 0:0:0:0:0:0:0:1 "GET /img/vlol_icon.png HTTP/1.1" 200 (3 ms) - -
[27/Jul/2020:16:59:52 -0400] 0:0:0:0:0:0:0:1 "GET / HTTP/1.1" 200 (14 ms) - -
[27/Jul/2020:16:59:52 -0400] 0:0:0:0:0:0:0:1 "GET /img/vlol_icon.png HTTP/1.1" 200 (3 ms) - -
[27/Jul/2020:17:00:05 -0400] 0:0:0:0:0:0:0:1 "GET / HTTP/1.1" 200 (16 ms) - -
[27/Jul/2020:17:00:05 -0400] 0:0:0:0:0:0:0:1 "GET /img/vlol_icon.png HTTP/1.1" 200 (3 ms) - -
[27/Jul/2020:17:00:27 -0400] 0:0:0:0:0:0:0:1 "GET / HTTP/1.1" 200 (13 ms) - -
[27/Jul/2020:17:00:27 -0400] 0:0:0:0:0:0:0:1 "GET /img/vlol_icon.png HTTP/1.1" 200 (3 ms) - -
[27/Jul/2020:17:00:28 -0400] 0:0:0:0:0:0:0:1 "GET / HTTP/1.1" 200 (10 ms) - -
[27/Jul/2020:17:00:29 -0400] 0:0:0:0:0:0:0:1 "GET /img/vlol_icon.png HTTP/1.1" 200 (3 ms) - -
[27/Jul/2020:17:00:40 -0400] 0:0:0:0:0:0:0:1 "GET / HTTP/1.1" 200 (8 ms) - -
[27/Jul/2020:17:00:40 -0400] 0:0:0:0:0:0:0:1 "GET /img/vlol_icon.png HTTP/1.1" 200 (4 ms) - -
[27/Jul/2020:17:00:44 -0400] 0:0:0:0:0:0:0:1 "GET / HTTP/1.1" 200 (8 ms) - -
[27/Jul/2020:17:00:45 -0400] 0:0:0:0:0:0:0:1 "GET /img/vlol_icon.png HTTP/1.1" 200 (6 ms) - -
[27/Jul/2020:17:01:07 -0400] 0:0:0:0:0:0:0:1 "GET /logout HTTP/1.1" 302 (8 ms) - -
[27/Jul/2020:17:01:07 -0400] 0:0:0:0:0:0:0:1 "GET / HTTP/1.1" 200 (9 ms) - -
[27/Jul/2020:17:05:04 -0400] 0:0:0:0:0:0:0:1 "GET / HTTP/1.1" 200 (12 ms) - -
[27/Jul/2020:17:05:04 -0400] 0:0:0:0:0:0:0:1 "GET /css/styles.css HTTP/1.1" 304 (4 ms) - -
[27/Jul/2020:17:05:04 -0400] 0:0:0:0:0:0:0:1 "GET /img/vlol_icon.png HTTP/1.1" 200 (4 ms) - -
[27/Jul/2020:17:12:01 -0400] 0:0:0:0:0:0:0:1 "GET /login HTTP/1.1" 200 (9 ms) - -
[27/Jul/2020:17:12:01 -0400] 0:0:0:0:0:0:0:1 "GET /js/scripts.js HTTP/1.1" 304 (4 ms) - -
[27/Jul/2020:17:12:01 -0400] 0:0:0:0:0:0:0:1 "GET /img/vlol_logo.png HTTP/1.1" 304 (4 ms) - -
[27/Jul/2020:17:12:41 -0400] 0:0:0:0:0:0:0:1 "GET / HTTP/1.1" 200 (11 ms) - -
[27/Jul/2020:17:12:43 -0400] 0:0:0:0:0:0:0:1 "GET / HTTP/1.1" 200 (9 ms) - -
[27/Jul/2020:17:12:43 -0400] 0:0:0:0:0:0:0:1 "GET /css/styles.css HTTP/1.1" 304 (4 ms) - -
[27/Jul/2020:17:12:47 -0400] 0:0:0:0:0:0:0:1 "GET /about HTTP/1.1" 200 (7 ms) - -
[27/Jul/2020:17:12:47 -0400] 0:0:0:0:0:0:0:1 "GET /img/umgc_logo.png HTTP/1.1" 200 (8 ms) - -
[27/Jul/2020:17:16:51 -0400] 0:0:0:0:0:0:0:1 "GET /about HTTP/1.1" 200 (13 ms) - -
[27/Jul/2020:17:16:51 -0400] 0:0:0:0:0:0:0:1 "GET /css/styles.css HTTP/1.1" 304 (5 ms) - -
[27/Jul/2020:17:17:10 -0400] 0:0:0:0:0:0:0:1 "GET /about HTTP/1.1" 200 (12 ms) - -
[27/Jul/2020:17:17:11 -0400] 0:0:0:0:0:0:0:1 "GET /img/vlol_icon.png HTTP/1.1" 200 (5 ms) - -
[27/Jul/2020:17:18:38 -0400] 0:0:0:0:0:0:0:1 "GET /about HTTP/1.1" 200 (13 ms) - -
[27/Jul/2020:17:18:39 -0400] 0:0:0:0:0:0:0:1 "GET /img/vlol_icon.png HTTP/1.1" 200 (4 ms) - -
[27/Jul/2020:17:18:40 -0400] 0:0:0:0:0:0:0:1 "GET /about HTTP/1.1" 200 (10 ms) - -
[27/Jul/2020:17:18:40 -0400] 0:0:0:0:0:0:0:1 "GET /img/vlol_icon.png HTTP/1.1" 200 (4 ms) - -
[27/Jul/2020:17:18:52 -0400] 0:0:0:0:0:0:0:1 "GET /about HTTP/1.1" 200 (8 ms) - -
[27/Jul/2020:17:18:52 -0400] 0:0:0:0:0:0:0:1 "GET /img/vlol_icon.png HTTP/1.1" 200 (3 ms) - -
[27/Jul/2020:17:19:01 -0400] 0:0:0:0:0:0:0:1 "GET /about HTTP/1.1" 200 (9 ms) - -
[27/Jul/2020:17:19:01 -0400] 0:0:0:0:0:0:0:1 "GET /img/vlol_icon.png HTTP/1.1" 200 (6 ms) - -
[27/Jul/2020:17:19:02 -0400] 0:0:0:0:0:0:0:1 "GET /about HTTP/1.1" 200 (7 ms) - -
[27/Jul/2020:17:19:02 -0400] 0:0:0:0:0:0:0:1 "GET /img/vlol_icon.png HTTP/1.1" 200 (4 ms) - -
[27/Jul/2020:17:19:05 -0400] 0:0:0:0:0:0:0:1 "GET / HTTP/1.1" 200 (9 ms) - -
[27/Jul/2020:17:19:06 -0400] 0:0:0:0:0:0:0:1 "GET /about HTTP/1.1" 200 (9 ms) - -
[27/Jul/2020:17:20:16 -0400] 0:0:0:0:0:0:0:1 "GET /about HTTP/1.1" 200 (12 ms) - -
[27/Jul/2020:17:20:16 -0400] 0:0:0:0:0:0:0:1 "GET /img/vlol_logo.png HTTP/1.1" 304 (7 ms) - -
[27/Jul/2020:17:20:16 -0400] 0:0:0:0:0:0:0:1 "GET /img/vlol_icon.png HTTP/1.1" 200 (4 ms) - -
[27/Jul/2020:17:20:17 -0400] 0:0:0:0:0:0:0:1 "GET /about HTTP/1.1" 200 (13 ms) - -
[27/Jul/2020:17:20:17 -0400] 0:0:0:0:0:0:0:1 "GET /img/vlol_icon.png HTTP/1.1" 200 (4 ms) - -
[27/Jul/2020:17:20:26 -0400] 0:0:0:0:0:0:0:1 "GET /about HTTP/1.1" 200 (11 ms) - -
[27/Jul/2020:17:20:26 -0400] 0:0:0:0:0:0:0:1 "GET /img/vlol_icon.png HTTP/1.1" 200 (4 ms) - -
[27/Jul/2020:17:20:27 -0400] 0:0:0:0:0:0:0:1 "GET /about HTTP/1.1" 200 (9 ms) - -
[27/Jul/2020:17:20:27 -0400] 0:0:0:0:0:0:0:1 "GET /img/vlol_icon.png HTTP/1.1" 200 (4 ms) - -
[27/Jul/2020:17:20:35 -0400] 0:0:0:0:0:0:0:1 "GET /about HTTP/1.1" 200 (9 ms) - -
[27/Jul/2020:17:20:35 -0400] 0:0:0:0:0:0:0:1 "GET /img/vlol_icon.png HTTP/1.1" 200 (3 ms) - -
[27/Jul/2020:17:20:36 -0400] 0:0:0:0:0:0:0:1 "GET /about HTTP/1.1" 200 (10 ms) - -
[27/Jul/2020:17:20:36 -0400] 0:0:0:0:0:0:0:1 "GET /img/vlol_icon.png HTTP/1.1" 200 (3 ms) - -
[27/Jul/2020:17:23:08 -0400] 0:0:0:0:0:0:0:1 "GET /about HTTP/1.1" 200 (16 ms) - -
[27/Jul/2020:17:23:08 -0400] 0:0:0:0:0:0:0:1 "GET /css/styles.css HTTP/1.1" 200 (4 ms) - -
[27/Jul/2020:17:23:09 -0400] 0:0:0:0:0:0:0:1 "GET /img/umgc_logo.png HTTP/1.1" 304 (5 ms) - -
[27/Jul/2020:17:23:10 -0400] 0:0:0:0:0:0:0:1 "GET /img/vlol_icon.png HTTP/1.1" 200 (4 ms) - -
[27/Jul/2020:17:23:18 -0400] 0:0:0:0:0:0:0:1 "GET / HTTP/1.1" 200 (11 ms) - -
[27/Jul/2020:17:23:18 -0400] 0:0:0:0:0:0:0:1 "GET /css/styles.css HTTP/1.1" 304 (6 ms) - -
[27/Jul/2020:17:23:26 -0400] 0:0:0:0:0:0:0:1 "GET /about HTTP/1.1" 200 (12 ms) - -
[27/Jul/2020:17:23:26 -0400] 0:0:0:0:0:0:0:1 "GET /css/styles.css HTTP/1.1" 304 (5 ms) - -
[27/Jul/2020:17:23:47 -0400] 0:0:0:0:0:0:0:1 "GET /about HTTP/1.1" 200 (14 ms) - -
[27/Jul/2020:17:23:47 -0400] 0:0:0:0:0:0:0:1 "GET /css/styles.css HTTP/1.1" 304 (14 ms) - -
[27/Jul/2020:17:23:47 -0400] 0:0:0:0:0:0:0:1 "GET /img/vlol_icon.png HTTP/1.1" 200 (3 ms) - -
[27/Jul/2020:17:23:48 -0400] 0:0:0:0:0:0:0:1 "GET /about HTTP/1.1" 200 (8 ms) - -
[27/Jul/2020:17:23:49 -0400] 0:0:0:0:0:0:0:1 "GET /img/vlol_icon.png HTTP/1.1" 200 (4 ms) - -
[27/Jul/2020:17:24:03 -0400] 0:0:0:0:0:0:0:1 "GET /about HTTP/1.1" 200 (10 ms) - -
[27/Jul/2020:17:24:03 -0400] 0:0:0:0:0:0:0:1 "GET /css/styles.css HTTP/1.1" 304 (3 ms) - -
[27/Jul/2020:17:24:03 -0400] 0:0:0:0:0:0:0:1 "GET /img/vlol_icon.png HTTP/1.1" 200 (4 ms) - -
[27/Jul/2020:17:24:04 -0400] 0:0:0:0:0:0:0:1 "GET /about HTTP/1.1" 200 (10 ms) - -
[27/Jul/2020:17:24:04 -0400] 0:0:0:0:0:0:0:1 "GET /img/vlol_icon.png HTTP/1.1" 200 (5 ms) - -
[27/Jul/2020:17:24:09 -0400] 0:0:0:0:0:0:0:1 "GET /about HTTP/1.1" 200 (10 ms) - -
[27/Jul/2020:17:24:10 -0400] 0:0:0:0:0:0:0:1 "GET /css/styles.css HTTP/1.1" 304 (3 ms) - -
[27/Jul/2020:17:24:10 -0400] 0:0:0:0:0:0:0:1 "GET /img/vlol_icon.png HTTP/1.1" 200 (5 ms) - -
[27/Jul/2020:17:24:10 -0400] 0:0:0:0:0:0:0:1 "GET /about HTTP/1.1" 200 (6 ms) - -
[27/Jul/2020:17:24:11 -0400] 0:0:0:0:0:0:0:1 "GET /img/vlol_icon.png HTTP/1.1" 200 (3 ms) - -
[27/Jul/2020:17:24:11 -0400] 0:0:0:0:0:0:0:1 "GET /about HTTP/1.1" 200 (6 ms) - -
[27/Jul/2020:17:24:11 -0400] 0:0:0:0:0:0:0:1 "GET /img/vlol_icon.png HTTP/1.1" 200 (3 ms) - -
[27/Jul/2020:17:24:19 -0400] 0:0:0:0:0:0:0:1 "GET /about HTTP/1.1" 200 (6 ms) - -
[27/Jul/2020:17:24:19 -0400] 0:0:0:0:0:0:0:1 "GET /css/styles.css HTTP/1.1" 304 (3 ms) - -
[27/Jul/2020:17:24:20 -0400] 0:0:0:0:0:0:0:1 "GET /img/vlol_icon.png HTTP/1.1" 200 (5 ms) - -
[27/Jul/2020:17:24:21 -0400] 0:0:0:0:0:0:0:1 "GET /about HTTP/1.1" 200 (9 ms) - -
[27/Jul/2020:17:24:21 -0400] 0:0:0:0:0:0:0:1 "GET /img/vlol_icon.png HTTP/1.1" 200 (4 ms) - -
[27/Jul/2020:17:25:31 -0400] 0:0:0:0:0:0:0:1 "GET /about HTTP/1.1" 200 (13 ms) - -
[27/Jul/2020:17:25:31 -0400] 0:0:0:0:0:0:0:1 "GET /css/styles.css HTTP/1.1" 304 (3 ms) - -
[27/Jul/2020:17:25:31 -0400] 0:0:0:0:0:0:0:1 "GET /img/vlol_icon.png HTTP/1.1" 200 (3 ms) - -
[27/Jul/2020:17:25:32 -0400] 0:0:0:0:0:0:0:1 "GET /about HTTP/1.1" 200 (7 ms) - -
[27/Jul/2020:17:25:32 -0400] 0:0:0:0:0:0:0:1 "GET /img/vlol_icon.png HTTP/1.1" 200 (3 ms) - -
[27/Jul/2020:17:25:37 -0400] 0:0:0:0:0:0:0:1 "GET /about HTTP/1.1" 200 (11 ms) - -
[27/Jul/2020:17:25:38 -0400] 0:0:0:0:0:0:0:1 "GET /img/vlol_icon.png HTTP/1.1" 200 (3 ms) - -
[27/Jul/2020:17:25:39 -0400] 0:0:0:0:0:0:0:1 "GET /about HTTP/1.1" 200 (10 ms) - -
[27/Jul/2020:17:25:39 -0400] 0:0:0:0:0:0:0:1 "GET /img/vlol_icon.png HTTP/1.1" 200 (3 ms) - -
[27/Jul/2020:17:26:19 -0400] 0:0:0:0:0:0:0:1 "GET /about HTTP/1.1" 200 (7 ms) - -
[27/Jul/2020:17:26:19 -0400] 0:0:0:0:0:0:0:1 "GET /css/styles.css HTTP/1.1" 304 (5 ms) - -
[27/Jul/2020:17:26:19 -0400] 0:0:0:0:0:0:0:1 "GET /img/vlol_icon.png HTTP/1.1" 200 (4 ms) - -
[27/Jul/2020:17:26:52 -0400] 0:0:0:0:0:0:0:1 "GET /about HTTP/1.1" 200 (12 ms) - -
[27/Jul/2020:17:26:52 -0400] 0:0:0:0:0:0:0:1 "GET /css/styles.css HTTP/1.1" 304 (10 ms) - -
[27/Jul/2020:17:26:52 -0400] 0:0:0:0:0:0:0:1 "GET /img/vlol_icon.png HTTP/1.1" 200 (4 ms) - -
[27/Jul/2020:17:26:56 -0400] 0:0:0:0:0:0:0:1 "GET /about HTTP/1.1" 200 (8 ms) - -
[27/Jul/2020:17:26:56 -0400] 0:0:0:0:0:0:0:1 "GET /img/vlol_icon.png HTTP/1.1" 200 (3 ms) - -
[27/Jul/2020:17:28:09 -0400] 0:0:0:0:0:0:0:1 "GET /about HTTP/1.1" 200 (11 ms) - -
[27/Jul/2020:17:28:09 -0400] 0:0:0:0:0:0:0:1 "GET /css/styles.css HTTP/1.1" 304 (4 ms) - -
[27/Jul/2020:17:28:09 -0400] 0:0:0:0:0:0:0:1 "GET /img/vlol_icon.png HTTP/1.1" 200 (3 ms) - -
[27/Jul/2020:17:28:10 -0400] 0:0:0:0:0:0:0:1 "GET /about HTTP/1.1" 200 (8 ms) - -
[27/Jul/2020:17:28:10 -0400] 0:0:0:0:0:0:0:1 "GET /img/vlol_icon.png HTTP/1.1" 200 (2 ms) - -
[27/Jul/2020:17:28:26 -0400] 0:0:0:0:0:0:0:1 "GET /about HTTP/1.1" 200 (13 ms) - -
[27/Jul/2020:17:28:26 -0400] 0:0:0:0:0:0:0:1 "GET /img/vlol_icon.png HTTP/1.1" 200 (3 ms) - -
[27/Jul/2020:17:28:27 -0400] 0:0:0:0:0:0:0:1 "GET /about HTTP/1.1" 200 (8 ms) - -
[27/Jul/2020:17:28:27 -0400] 0:0:0:0:0:0:0:1 "GET /img/vlol_icon.png HTTP/1.1" 200 (3 ms) - -
[27/Jul/2020:17:28:54 -0400] 0:0:0:0:0:0:0:1 "GET /about HTTP/1.1" 200 (8 ms) - -
[27/Jul/2020:17:28:54 -0400] 0:0:0:0:0:0:0:1 "GET /css/styles.css HTTP/1.1" 304 (4 ms) - -
[27/Jul/2020:17:28:54 -0400] 0:0:0:0:0:0:0:1 "GET /img/vlol_icon.png HTTP/1.1" 200 (2 ms) - -
[27/Jul/2020:17:28:55 -0400] 0:0:0:0:0:0:0:1 "GET /about HTTP/1.1" 200 (10 ms) - -
[27/Jul/2020:17:28:56 -0400] 0:0:0:0:0:0:0:1 "GET /img/vlol_icon.png HTTP/1.1" 200 (4 ms) - -
[27/Jul/2020:17:29:03 -0400] 0:0:0:0:0:0:0:1 "GET /about HTTP/1.1" 200 (6 ms) - -
[27/Jul/2020:17:29:03 -0400] 0:0:0:0:0:0:0:1 "GET /img/vlol_icon.png HTTP/1.1" 200 (3 ms) - -
[27/Jul/2020:17:29:28 -0400] 0:0:0:0:0:0:0:1 "GET /about HTTP/1.1" 200 (7 ms) - -
[27/Jul/2020:17:29:29 -0400] 0:0:0:0:0:0:0:1 "GET /css/styles.css HTTP/1.1" 304 (3 ms) - -
[27/Jul/2020:17:29:29 -0400] 0:0:0:0:0:0:0:1 "GET /img/vlol_logo.png HTTP/1.1" 304 (3 ms) - -
[27/Jul/2020:17:29:29 -0400] 0:0:0:0:0:0:0:1 "GET /img/vlol_icon.png HTTP/1.1" 200 (3 ms) - -
[27/Jul/2020:17:30:04 -0400] 0:0:0:0:0:0:0:1 "GET /about HTTP/1.1" 200 (13 ms) - -
[27/Jul/2020:17:30:05 -0400] 0:0:0:0:0:0:0:1 "GET /img/vlol_icon.png HTTP/1.1" 200 (4 ms) - -
[27/Jul/2020:17:30:53 -0400] 0:0:0:0:0:0:0:1 "GET /about HTTP/1.1" 200 (13 ms) - -
[27/Jul/2020:17:30:53 -0400] 0:0:0:0:0:0:0:1 "GET /css/styles.css HTTP/1.1" 200 (7 ms) - -
[27/Jul/2020:17:30:54 -0400] 0:0:0:0:0:0:0:1 "GET /img/vlol_icon.png HTTP/1.1" 200 (4 ms) - -
[27/Jul/2020:17:31:31 -0400] 0:0:0:0:0:0:0:1 "GET /about HTTP/1.1" 200 (13 ms) - -
[27/Jul/2020:17:31:31 -0400] 0:0:0:0:0:0:0:1 "GET /css/styles.css HTTP/1.1" 304 (4 ms) - -
[27/Jul/2020:17:31:31 -0400] 0:0:0:0:0:0:0:1 "GET /img/vlol_icon.png HTTP/1.1" 200 (5 ms) - -
[27/Jul/2020:17:31:36 -0400] 0:0:0:0:0:0:0:1 "GET /test HTTP/1.1" 200 (10 ms) - -
[27/Jul/2020:17:31:36 -0400] 0:0:0:0:0:0:0:1 "GET /css/styles.css HTTP/1.1" 304 (8 ms) - -
[27/Jul/2020:17:31:36 -0400] 0:0:0:0:0:0:0:1 "GET /img/toyota_ipsum.jpg HTTP/1.1" 304 (3 ms) - -
[27/Jul/2020:17:31:46 -0400] 0:0:0:0:0:0:0:1 "GET /test HTTP/1.1" 200 (9 ms) - -
[27/Jul/2020:17:31:46 -0400] 0:0:0:0:0:0:0:1 "GET /css/styles.css HTTP/1.1" 304 (3 ms) - -
[27/Jul/2020:17:31:46 -0400] 0:0:0:0:0:0:0:1 "GET /img/vlol_icon.png HTTP/1.1" 200 (3 ms) - -
[27/Jul/2020:17:31:51 -0400] 0:0:0:0:0:0:0:1 "GET /about HTTP/1.1" 200 (9 ms) - -
[27/Jul/2020:17:31:51 -0400] 0:0:0:0:0:0:0:1 "GET /css/styles.css HTTP/1.1" 304 (3 ms) - -
[27/Jul/2020:17:32:04 -0400] 0:0:0:0:0:0:0:1 "GET /test HTTP/1.1" 200 (11 ms) - -
[27/Jul/2020:17:32:04 -0400] 0:0:0:0:0:0:0:1 "GET /css/styles.css HTTP/1.1" 200 (6 ms) - -
[27/Jul/2020:17:32:09 -0400] 0:0:0:0:0:0:0:1 "GET /about HTTP/1.1" 200 (9 ms) - -
[27/Jul/2020:17:32:09 -0400] 0:0:0:0:0:0:0:1 "GET /css/styles.css HTTP/1.1" 304 (4 ms) - -
[27/Jul/2020:17:33:50 -0400] 0:0:0:0:0:0:0:1 "GET /about HTTP/1.1" 200 (13 ms) - -
[27/Jul/2020:17:33:50 -0400] 0:0:0:0:0:0:0:1 "GET /css/styles.css HTTP/1.1" 304 (4 ms) - -
[27/Jul/2020:17:33:50 -0400] 0:0:0:0:0:0:0:1 "GET /img/umgc_logo.png HTTP/1.1" 304 (4 ms) - -
[27/Jul/2020:17:33:50 -0400] 0:0:0:0:0:0:0:1 "GET /img/vlol_icon.png HTTP/1.1" 200 (2 ms) - -
[27/Jul/2020:17:34:27 -0400] 0:0:0:0:0:0:0:1 "GET /about HTTP/1.1" 200 (10 ms) - -
[27/Jul/2020:17:34:27 -0400] 0:0:0:0:0:0:0:1 "GET /css/styles.css HTTP/1.1" 304 (4 ms) - -
[27/Jul/2020:17:34:27 -0400] 0:0:0:0:0:0:0:1 "GET /img/vlol_icon.png HTTP/1.1" 200 (5 ms) - -
[27/Jul/2020:17:35:26 -0400] 0:0:0:0:0:0:0:1 "GET /about HTTP/1.1" 200 (17 ms) - -
[27/Jul/2020:17:35:26 -0400] 0:0:0:0:0:0:0:1 "GET /css/styles.css HTTP/1.1" 304 (5 ms) - -
[27/Jul/2020:17:35:27 -0400] 0:0:0:0:0:0:0:1 "GET /img/vlol_icon.png HTTP/1.1" 200 (5 ms) - -
[27/Jul/2020:17:35:31 -0400] 0:0:0:0:0:0:0:1 "GET /test HTTP/1.1" 200 (11 ms) - -
[27/Jul/2020:17:35:54 -0400] 0:0:0:0:0:0:0:1 "GET /test HTTP/1.1" 200 (8 ms) - -
[27/Jul/2020:17:35:54 -0400] 0:0:0:0:0:0:0:1 "GET /css/styles.css HTTP/1.1" 304 (7 ms) - -
[27/Jul/2020:17:35:55 -0400] 0:0:0:0:0:0:0:1 "GET /img/vlol_icon.png HTTP/1.1" 200 (3 ms) - -
[27/Jul/2020:17:36:22 -0400] 0:0:0:0:0:0:0:1 "GET /about HTTP/1.1" 200 (11 ms) - -
[27/Jul/2020:17:36:22 -0400] 0:0:0:0:0:0:0:1 "GET /css/styles.css HTTP/1.1" 304 (4 ms) - -
[27/Jul/2020:17:36:24 -0400] 0:0:0:0:0:0:0:1 "GET / HTTP/1.1" 200 (8 ms) - -
[27/Jul/2020:17:36:44 -0400] 0:0:0:0:0:0:0:1 "GET / HTTP/1.1" 200 (9 ms) - -
[27/Jul/2020:17:36:44 -0400] 0:0:0:0:0:0:0:1 "GET /img/vlol_icon.png HTTP/1.1" 200 (3 ms) - -
[27/Jul/2020:17:36:53 -0400] 0:0:0:0:0:0:0:1 "GET /about HTTP/1.1" 200 (10 ms) - -
[27/Jul/2020:17:36:53 -0400] 0:0:0:0:0:0:0:1 "GET /css/styles.css HTTP/1.1" 304 (4 ms) - -
[27/Jul/2020:17:48:08 -0400] 0:0:0:0:0:0:0:1 "GET / HTTP/1.1" 200 (1317 ms) - -
[27/Jul/2020:17:48:08 -0400] 0:0:0:0:0:0:0:1 "GET /css/styles.css HTTP/1.1" 200 (31 ms) - -
[27/Jul/2020:17:48:10 -0400] 0:0:0:0:0:0:0:1 "GET / HTTP/1.1" 200 (29 ms) - -
[27/Jul/2020:17:48:11 -0400] 0:0:0:0:0:0:0:1 "GET /img/vlol_icon.png HTTP/1.1" 200 (10 ms) - -
[27/Jul/2020:17:48:12 -0400] 0:0:0:0:0:0:0:1 "GET /about HTTP/1.1" 200 (45 ms) - -
[27/Jul/2020:17:48:12 -0400] 0:0:0:0:0:0:0:1 "GET /img/vlol_logo.png HTTP/1.1" 200 (23 ms) - -
[27/Jul/2020:17:48:12 -0400] 0:0:0:0:0:0:0:1 "GET /img/umgc_logo.png HTTP/1.1" 200 (10 ms) - -
[27/Jul/2020:17:49:58 -0400] 0:0:0:0:0:0:0:1 "GET /about HTTP/1.1" 200 (54 ms) - -
[27/Jul/2020:17:49:58 -0400] 0:0:0:0:0:0:0:1 "GET /css/styles.css HTTP/1.1" 304 (6 ms) - -
[27/Jul/2020:17:49:58 -0400] 0:0:0:0:0:0:0:1 "GET /img/vlol_logo.png HTTP/1.1" 304 (12 ms) - -
[27/Jul/2020:17:49:58 -0400] 0:0:0:0:0:0:0:1 "GET /img/umgc_logo.png HTTP/1.1" 304 (4 ms) - -
[27/Jul/2020:17:49:58 -0400] 0:0:0:0:0:0:0:1 "GET /img/vlol_icon.png HTTP/1.1" 200 (7 ms) - -
[27/Jul/2020:17:50:07 -0400] 0:0:0:0:0:0:0:1 "GET /about HTTP/1.1" 200 (27 ms) - -
[27/Jul/2020:17:50:08 -0400] 0:0:0:0:0:0:0:1 "GET /img/vlol_icon.png HTTP/1.1" 200 (6 ms) - -
[27/Jul/2020:17:53:20 -0400] 0:0:0:0:0:0:0:1 "GET /about HTTP/1.1" 200 (30 ms) - -
[27/Jul/2020:17:53:20 -0400] 0:0:0:0:0:0:0:1 "GET /img/vlol_icon.png HTTP/1.1" 304 (11 ms) - -
[27/Jul/2020:17:53:20 -0400] 0:0:0:0:0:0:0:1 "GET /css/styles.css HTTP/1.1" 304 (23 ms) - -
[27/Jul/2020:17:53:20 -0400] 0:0:0:0:0:0:0:1 "GET /img/vlol_logo.png HTTP/1.1" 304 (4 ms) - -
[27/Jul/2020:17:53:20 -0400] 0:0:0:0:0:0:0:1 "GET /img/umgc_logo.png HTTP/1.1" 304 (5 ms) - -
[27/Jul/2020:17:53:20 -0400] 0:0:0:0:0:0:0:1 "GET /img/vlol_icon.png HTTP/1.1" 200 (9 ms) - -
[27/Jul/2020:17:53:26 -0400] 0:0:0:0:0:0:0:1 "GET / HTTP/1.1" 200 (27 ms) - -
[27/Jul/2020:17:53:40 -0400] 0:0:0:0:0:0:0:1 "GET /about HTTP/1.1" 200 (30 ms) - -
[27/Jul/2020:17:54:00 -0400] 0:0:0:0:0:0:0:1 "GET /about HTTP/1.1" 200 (20 ms) - -
[27/Jul/2020:17:54:00 -0400] 0:0:0:0:0:0:0:1 "GET /img/vlol_icon.png HTTP/1.1" 200 (8 ms) - -
[27/Jul/2020:17:54:43 -0400] 0:0:0:0:0:0:0:1 "GET /about HTTP/1.1" 200 (18 ms) - -
[27/Jul/2020:17:54:43 -0400] 0:0:0:0:0:0:0:1 "GET /img/vlol_icon.png HTTP/1.1" 200 (5 ms) - -
[27/Jul/2020:17:55:46 -0400] 0:0:0:0:0:0:0:1 "GET /about HTTP/1.1" 200 (20 ms) - -
[27/Jul/2020:17:55:46 -0400] 0:0:0:0:0:0:0:1 "GET /css/styles.css HTTP/1.1" 200 (5 ms) - -
[27/Jul/2020:17:55:46 -0400] 0:0:0:0:0:0:0:1 "GET /img/umgc_logo.png HTTP/1.1" 304 (3 ms) - -
[27/Jul/2020:17:55:46 -0400] 0:0:0:0:0:0:0:1 "GET /img/vlol_logo.png HTTP/1.1" 304 (5 ms) - -
[27/Jul/2020:17:55:46 -0400] 0:0:0:0:0:0:0:1 "GET /img/vlol_icon.png HTTP/1.1" 200 (7 ms) - -
[27/Jul/2020:17:56:04 -0400] 0:0:0:0:0:0:0:1 "GET /css/styles.css HTTP/1.1" 304 (5 ms) - -
[27/Jul/2020:17:56:38 -0400] 0:0:0:0:0:0:0:1 "GET /about HTTP/1.1" 200 (27 ms) - -
[27/Jul/2020:17:56:38 -0400] 0:0:0:0:0:0:0:1 "GET /css/styles.css HTTP/1.1" 304 (8 ms) - -
[27/Jul/2020:17:56:38 -0400] 0:0:0:0:0:0:0:1 "GET /img/vlol_icon.png HTTP/1.1" 200 (8 ms) - -
[27/Jul/2020:17:56:54 -0400] 0:0:0:0:0:0:0:1 "GET / HTTP/1.1" 200 (17 ms) - -
[27/Jul/2020:17:56:54 -0400] 0:0:0:0:0:0:0:1 "GET /css/styles.css HTTP/1.1" 304 (5 ms) - -
[27/Jul/2020:17:57:34 -0400] 0:0:0:0:0:0:0:1 "GET /contact HTTP/1.1" 200 (13 ms) - -
[27/Jul/2020:17:59:10 -0400] 0:0:0:0:0:0:0:1 "GET /contact HTTP/1.1" 200 (24 ms) - -
[27/Jul/2020:17:59:10 -0400] 0:0:0:0:0:0:0:1 "GET /css/styles.css HTTP/1.1" 304 (5 ms) - -
[27/Jul/2020:17:59:10 -0400] 0:0:0:0:0:0:0:1 "GET /img/vlol_icon.png HTTP/1.1" 304 (5 ms) - -
[27/Jul/2020:17:59:10 -0400] 0:0:0:0:0:0:0:1 "GET /img/vlol_logo.png HTTP/1.1" 304 (6 ms) - -
[27/Jul/2020:17:59:10 -0400] 0:0:0:0:0:0:0:1 "GET /img/umgc_logo.png HTTP/1.1" 304 (7 ms) - -
[27/Jul/2020:17:59:15 -0400] 0:0:0:0:0:0:0:1 "GET / HTTP/1.1" 200 (17 ms) - -
[27/Jul/2020:17:59:20 -0400] 0:0:0:0:0:0:0:1 "GET /contact HTTP/1.1" 200 (20 ms) - -
[27/Jul/2020:18:00:30 -0400] 0:0:0:0:0:0:0:1 "GET /registration HTTP/1.1" 200 (209 ms) - -
[27/Jul/2020:18:01:59 -0400] 0:0:0:0:0:0:0:1 "GET /registration HTTP/1.1" 200 (46 ms) - -
[27/Jul/2020:18:01:59 -0400] 0:0:0:0:0:0:0:1 "GET /css/styles.css HTTP/1.1" 304 (8 ms) - -
[27/Jul/2020:18:01:59 -0400] 0:0:0:0:0:0:0:1 "GET /img/vlol_icon.png HTTP/1.1" 304 (8 ms) - -
[27/Jul/2020:18:02:12 -0400] 0:0:0:0:0:0:0:1 "GET /about HTTP/1.1" 200 (18 ms) - -
[27/Jul/2020:18:02:12 -0400] 0:0:0:0:0:0:0:1 "GET /img/vlol_logo.png HTTP/1.1" 304 (5 ms) - -
[27/Jul/2020:18:02:12 -0400] 0:0:0:0:0:0:0:1 "GET /img/umgc_logo.png HTTP/1.1" 304 (6 ms) - -
[27/Jul/2020:18:02:13 -0400] 0:0:0:0:0:0:0:1 "GET /contact HTTP/1.1" 200 (15 ms) - -
[27/Jul/2020:18:02:15 -0400] 0:0:0:0:0:0:0:1 "GET /about HTTP/1.1" 200 (16 ms) - -
[27/Jul/2020:18:02:16 -0400] 0:0:0:0:0:0:0:1 "GET /admin-menu HTTP/1.1" 302 (285 ms) - -
[27/Jul/2020:18:02:16 -0400] 0:0:0:0:0:0:0:1 "GET /login HTTP/1.1" 200 (17 ms) - -
[27/Jul/2020:18:02:16 -0400] 0:0:0:0:0:0:0:1 "GET /js/scripts.js HTTP/1.1" 200 (6 ms) - -
[27/Jul/2020:18:02:23 -0400] 0:0:0:0:0:0:0:1 "GET /about HTTP/1.1" 200 (21 ms) - -
[27/Jul/2020:18:02:30 -0400] 0:0:0:0:0:0:0:1 "GET /registration HTTP/1.1" 200 (46 ms) - -
[27/Jul/2020:18:02:40 -0400] 0:0:0:0:0:0:0:1 "GET / HTTP/1.1" 200 (17 ms) - -
[27/Jul/2020:18:02:40 -0400] 0:0:0:0:0:0:0:1 "GET /css/styles.css HTTP/1.1" 304 (4 ms) - -
[27/Jul/2020:18:02:42 -0400] 0:0:0:0:0:0:0:1 "GET / HTTP/1.1" 200 (17 ms) - -
[27/Jul/2020:18:02:42 -0400] 0:0:0:0:0:0:0:1 "GET /img/vlol_icon.png HTTP/1.1" 200 (4 ms) - -
[27/Jul/2020:18:02:44 -0400] 0:0:0:0:0:0:0:1 "GET /about HTTP/1.1" 200 (13 ms) - -
[27/Jul/2020:18:02:45 -0400] 0:0:0:0:0:0:0:1 "GET /about HTTP/1.1" 200 (16 ms) - -
[27/Jul/2020:18:02:46 -0400] 0:0:0:0:0:0:0:1 "GET /img/vlol_icon.png HTTP/1.1" 200 (4 ms) - -
[27/Jul/2020:18:02:46 -0400] 0:0:0:0:0:0:0:1 "GET /contact HTTP/1.1" 200 (12 ms) - -
[27/Jul/2020:18:02:48 -0400] 0:0:0:0:0:0:0:1 "GET /contact HTTP/1.1" 200 (12 ms) - -
[27/Jul/2020:18:02:48 -0400] 0:0:0:0:0:0:0:1 "GET /img/vlol_icon.png HTTP/1.1" 200 (4 ms) - -
[27/Jul/2020:18:02:53 -0400] 0:0:0:0:0:0:0:1 "GET /login HTTP/1.1" 200 (9 ms) - -
[27/Jul/2020:18:05:09 -0400] 0:0:0:0:0:0:0:1 "GET /login HTTP/1.1" 200 (12 ms) - -
[27/Jul/2020:18:05:09 -0400] 0:0:0:0:0:0:0:1 "GET /img/vlol_logo.png HTTP/1.1" 304 (3 ms) - -
[27/Jul/2020:18:05:10 -0400] 0:0:0:0:0:0:0:1 "GET /js/scripts.js HTTP/1.1" 304 (4 ms) - -
[27/Jul/2020:18:05:18 -0400] 0:0:0:0:0:0:0:1 "GET /login HTTP/1.1" 200 (10 ms) - -
[27/Jul/2020:18:05:19 -0400] 0:0:0:0:0:0:0:1 "GET /img/vlol_icon.png HTTP/1.1" 200 (6 ms) - -
[27/Jul/2020:18:06:49 -0400] 0:0:0:0:0:0:0:1 "GET /login HTTP/1.1" 200 (6 ms) - -
[27/Jul/2020:18:06:51 -0400] 0:0:0:0:0:0:0:1 "GET /img/vlol_icon.png HTTP/1.1" 200 (6 ms) - -
[27/Jul/2020:18:08:07 -0400] 0:0:0:0:0:0:0:1 "GET /login HTTP/1.1" 200 (10 ms) - -
[27/Jul/2020:18:08:07 -0400] 0:0:0:0:0:0:0:1 "GET /css/styles.css HTTP/1.1" 200 (10 ms) - -
[27/Jul/2020:18:08:07 -0400] 0:0:0:0:0:0:0:1 "GET /js/scripts.js HTTP/1.1" 304 (4 ms) - -
[27/Jul/2020:18:08:07 -0400] 0:0:0:0:0:0:0:1 "GET /img/vlol_logo.png HTTP/1.1" 304 (5 ms) - -
[27/Jul/2020:18:08:08 -0400] 0:0:0:0:0:0:0:1 "GET /img/vlol_icon.png HTTP/1.1" 200 (5 ms) - -
[27/Jul/2020:18:09:19 -0400] 0:0:0:0:0:0:0:1 "GET /login HTTP/1.1" 200 (10 ms) - -
[27/Jul/2020:18:09:19 -0400] 0:0:0:0:0:0:0:1 "GET /css/styles.css HTTP/1.1" 304 (10 ms) - -
[27/Jul/2020:18:09:20 -0400] 0:0:0:0:0:0:0:1 "GET /img/vlol_icon.png HTTP/1.1" 200 (5 ms) - -
[27/Jul/2020:18:10:55 -0400] 0:0:0:0:0:0:0:1 "GET /login HTTP/1.1" 200 (18 ms) - -
[27/Jul/2020:18:10:55 -0400] 0:0:0:0:0:0:0:1 "GET /css/styles.css HTTP/1.1" 304 (6 ms) - -
[27/Jul/2020:18:10:55 -0400] 0:0:0:0:0:0:0:1 "GET /img/vlol_icon.png HTTP/1.1" 200 (6 ms) - -
[27/Jul/2020:18:11:12 -0400] 0:0:0:0:0:0:0:1 "GET /login HTTP/1.1" 200 (12 ms) - -
[27/Jul/2020:18:11:12 -0400] 0:0:0:0:0:0:0:1 "GET /img/vlol_logo.png HTTP/1.1" 304 (4 ms) - -
[27/Jul/2020:18:11:12 -0400] 0:0:0:0:0:0:0:1 "GET /img/vlol_icon.png HTTP/1.1" 200 (3 ms) - -
[27/Jul/2020:18:11:24 -0400] 0:0:0:0:0:0:0:1 "GET /login HTTP/1.1" 200 (14 ms) - -
[27/Jul/2020:18:11:24 -0400] 0:0:0:0:0:0:0:1 "GET /img/vlol_icon.png HTTP/1.1" 200 (3 ms) - -
[27/Jul/2020:18:11:25 -0400] 0:0:0:0:0:0:0:1 "GET / HTTP/1.1" 200 (14 ms) - -
[27/Jul/2020:18:11:25 -0400] 0:0:0:0:0:0:0:1 "GET /css/styles.css HTTP/1.1" 304 (7 ms) - -
[27/Jul/2020:18:11:27 -0400] 0:0:0:0:0:0:0:1 "GET /login HTTP/1.1" 200 (15 ms) - -
[27/Jul/2020:18:11:37 -0400] 0:0:0:0:0:0:0:1 "GET / HTTP/1.1" 200 (13 ms) - -
[27/Jul/2020:18:11:44 -0400] 0:0:0:0:0:0:0:1 "GET /admin-menu HTTP/1.1" 302 (9 ms) - -
[27/Jul/2020:18:11:44 -0400] 0:0:0:0:0:0:0:1 "GET /login HTTP/1.1" 200 (10 ms) - -
[27/Jul/2020:18:11:47 -0400] 0:0:0:0:0:0:0:1 "GET /about HTTP/1.1" 200 (13 ms) - -
[27/Jul/2020:18:11:47 -0400] 0:0:0:0:0:0:0:1 "GET /img/umgc_logo.png HTTP/1.1" 304 (4 ms) - -
[27/Jul/2020:18:12:39 -0400] 0:0:0:0:0:0:0:1 "GET /about HTTP/1.1" 200 (15 ms) - -
[27/Jul/2020:18:12:39 -0400] 0:0:0:0:0:0:0:1 "GET /css/styles.css HTTP/1.1" 304 (7 ms) - -
[27/Jul/2020:18:12:39 -0400] 0:0:0:0:0:0:0:1 "GET /img/vlol_icon.png HTTP/1.1" 200 (4 ms) - -
[27/Jul/2020:18:12:44 -0400] 0:0:0:0:0:0:0:1 "GET / HTTP/1.1" 200 (15 ms) - -
[27/Jul/2020:18:12:48 -0400] 0:0:0:0:0:0:0:1 "GET /contact HTTP/1.1" 200 (14 ms) - -
[27/Jul/2020:18:12:50 -0400] 0:0:0:0:0:0:0:1 "GET / HTTP/1.1" 200 (16 ms) - -
[27/Jul/2020:18:12:54 -0400] 0:0:0:0:0:0:0:1 "GET /about HTTP/1.1" 200 (11 ms) - -
[27/Jul/2020:18:12:59 -0400] 0:0:0:0:0:0:0:1 "GET / HTTP/1.1" 200 (14 ms) - -
[27/Jul/2020:18:13:03 -0400] 0:0:0:0:0:0:0:1 "GET /contact HTTP/1.1" 200 (15 ms) - -
[27/Jul/2020:18:13:05 -0400] 0:0:0:0:0:0:0:1 "GET / HTTP/1.1" 200 (13 ms) - -
[27/Jul/2020:18:15:06 -0400] 0:0:0:0:0:0:0:1 "GET /qr-capture HTTP/1.1" 200 (20 ms) - -
[27/Jul/2020:18:15:06 -0400] 0:0:0:0:0:0:0:1 "GET /css/styles.css HTTP/1.1" 304 (7 ms) - -
[27/Jul/2020:18:16:45 -0400] 0:0:0:0:0:0:0:1 "GET /qr-capture HTTP/1.1" 200 (21 ms) - -
[27/Jul/2020:18:16:45 -0400] 0:0:0:0:0:0:0:1 "GET /css/styles.css HTTP/1.1" 304 (6 ms) - -
[27/Jul/2020:18:16:45 -0400] 0:0:0:0:0:0:0:1 "GET /js/html5-qrcode.min.js HTTP/1.1" 200 (12 ms) - -
[27/Jul/2020:18:16:46 -0400] 0:0:0:0:0:0:0:1 "GET /img/vlol_icon.png HTTP/1.1" 304 (3 ms) - -
[27/Jul/2020:18:16:46 -0400] 0:0:0:0:0:0:0:1 "GET /img/vlol_icon.png HTTP/1.1" 200 (5 ms) - -
[27/Jul/2020:18:16:53 -0400] 0:0:0:0:0:0:0:1 "GET /qr-capture HTTP/1.1" 200 (9 ms) - -
[27/Jul/2020:18:16:54 -0400] 0:0:0:0:0:0:0:1 "GET /img/vlol_icon.png HTTP/1.1" 200 (8 ms) - -
[27/Jul/2020:18:16:56 -0400] 0:0:0:0:0:0:0:1 "GET /admin-menu HTTP/1.1" 302 (4 ms) - -
[27/Jul/2020:18:16:56 -0400] 0:0:0:0:0:0:0:1 "GET /login HTTP/1.1" 200 (11 ms) - -
[27/Jul/2020:18:16:56 -0400] 0:0:0:0:0:0:0:1 "GET /img/vlol_logo.png HTTP/1.1" 304 (3 ms) - -
[27/Jul/2020:18:17:03 -0400] 0:0:0:0:0:0:0:1 "GET /qr-capture HTTP/1.1" 200 (17 ms) - -
[27/Jul/2020:18:18:38 -0400] 0:0:0:0:0:0:0:1 "GET /qr-capture HTTP/1.1" 200 (14 ms) - -
[27/Jul/2020:18:18:38 -0400] 0:0:0:0:0:0:0:1 "GET /css/styles.css HTTP/1.1" 304 (7 ms) - -
[27/Jul/2020:18:18:38 -0400] 0:0:0:0:0:0:0:1 "GET /img/vlol_icon.png HTTP/1.1" 200 (6 ms) - -
[27/Jul/2020:18:18:59 -0400] 0:0:0:0:0:0:0:1 "GET /qr-capture HTTP/1.1" 200 (13 ms) - -
[27/Jul/2020:18:19:00 -0400] 0:0:0:0:0:0:0:1 "GET /img/vlol_icon.png HTTP/1.1" 200 (5 ms) - -
[27/Jul/2020:18:19:02 -0400] 0:0:0:0:0:0:0:1 "GET /qr-capture HTTP/1.1" 200 (12 ms) - -
[27/Jul/2020:18:20:50 -0400] 0:0:0:0:0:0:0:1 "GET /qr-capture HTTP/1.1" 200 (14 ms) - -
[27/Jul/2020:18:21:08 -0400] 0:0:0:0:0:0:0:1 "GET /qr-capture HTTP/1.1" 200 (13 ms) - -
[27/Jul/2020:18:21:12 -0400] 0:0:0:0:0:0:0:1 "GET /qr-capture HTTP/1.1" 200 (12 ms) - -
[27/Jul/2020:18:21:12 -0400] 0:0:0:0:0:0:0:1 "GET /css/styles.css HTTP/1.1" 304 (4 ms) - -
[27/Jul/2020:18:21:12 -0400] 0:0:0:0:0:0:0:1 "GET /js/html5-qrcode.min.js HTTP/1.1" 304 (8 ms) - -
[27/Jul/2020:18:21:14 -0400] 0:0:0:0:0:0:0:1 "GET /qr-capture HTTP/1.1" 200 (15 ms) - -
[27/Jul/2020:18:22:10 -0400] 0:0:0:0:0:0:0:1 "GET /qr-capture HTTP/1.1" 200 (16 ms) - -
[27/Jul/2020:18:22:14 -0400] 0:0:0:0:0:0:0:1 "GET /qr-capture HTTP/1.1" 200 (10 ms) - -
[27/Jul/2020:18:22:14 -0400] 0:0:0:0:0:0:0:1 "GET /img/vlol_icon.png HTTP/1.1" 200 (5 ms) - -
[27/Jul/2020:18:22:17 -0400] 0:0:0:0:0:0:0:1 "GET /qr-capture HTTP/1.1" 200 (13 ms) - -
[27/Jul/2020:18:22:49 -0400] 0:0:0:0:0:0:0:1 "GET / HTTP/1.1" 200 (11 ms) - -
[27/Jul/2020:18:22:49 -0400] 0:0:0:0:0:0:0:1 "GET /css/styles.css HTTP/1.1" 304 (8 ms) - -
[27/Jul/2020:18:22:55 -0400] 0:0:0:0:0:0:0:1 "GET /qr-capture HTTP/1.1" 200 (12 ms) - -
[27/Jul/2020:18:31:16 -0400] 0:0:0:0:0:0:0:1 "GET / HTTP/1.1" 200 (1506 ms) - -
[27/Jul/2020:18:31:16 -0400] 0:0:0:0:0:0:0:1 "GET /css/styles.css HTTP/1.1" 200 (32 ms) - -
[27/Jul/2020:18:31:16 -0400] 0:0:0:0:0:0:0:1 "GET /img/vlol_icon.png HTTP/1.1" 200 (19 ms) - -
[27/Jul/2020:18:31:22 -0400] 0:0:0:0:0:0:0:1 "GET /qr-capture HTTP/1.1" 200 (38 ms) - -
[27/Jul/2020:18:31:23 -0400] 0:0:0:0:0:0:0:1 "GET /js/html5-qrcode.min.js HTTP/1.1" 200 (18 ms) - -
[27/Jul/2020:18:31:27 -0400] 0:0:0:0:0:0:0:1 "GET /qr-capture HTTP/1.1" 200 (37 ms) - -
[27/Jul/2020:18:31:56 -0400] 0:0:0:0:0:0:0:1 "GET /qr-capture HTTP/1.1" 200 (34 ms) - -
[27/Jul/2020:18:31:56 -0400] 0:0:0:0:0:0:0:1 "GET /css/styles.css HTTP/1.1" 304 (14 ms) - -
[27/Jul/2020:18:31:56 -0400] 0:0:0:0:0:0:0:1 "GET /js/html5-qrcode.min.js HTTP/1.1" 304 (14 ms) - -
[27/Jul/2020:18:31:56 -0400] 0:0:0:0:0:0:0:1 "GET /img/vlol_icon.png HTTP/1.1" 304 (5 ms) - -
[27/Jul/2020:18:32:41 -0400] 0:0:0:0:0:0:0:1 "GET /edit-user/2 HTTP/1.1" 302 (337 ms) - -
[27/Jul/2020:18:32:41 -0400] 0:0:0:0:0:0:0:1 "GET /login HTTP/1.1" 200 (44 ms) - -
[27/Jul/2020:18:32:41 -0400] 0:0:0:0:0:0:0:1 "GET /img/vlol_icon.png HTTP/1.1" 304 (5 ms) - -
[27/Jul/2020:18:32:41 -0400] 0:0:0:0:0:0:0:1 "GET /css/styles.css HTTP/1.1" 304 (10 ms) - -
[27/Jul/2020:18:32:41 -0400] 0:0:0:0:0:0:0:1 "GET /img/vlol_logo.png HTTP/1.1" 200 (6 ms) - -
[27/Jul/2020:18:32:52 -0400] 0:0:0:0:0:0:0:1 "GET / HTTP/1.1" 200 (29 ms) - -
[27/Jul/2020:18:33:00 -0400] 0:0:0:0:0:0:0:1 "GET /login HTTP/1.1" 200 (28 ms) - -
[27/Jul/2020:18:33:15 -0400] 0:0:0:0:0:0:0:1 "GET /login HTTP/1.1" 200 (31 ms) - -
[27/Jul/2020:18:33:16 -0400] 0:0:0:0:0:0:0:1 "GET /img/vlol_icon.png HTTP/1.1" 200 (6 ms) - -
[27/Jul/2020:18:33:22 -0400] 0:0:0:0:0:0:0:1 "GET /css/styles.css HTTP/1.1" 304 (7 ms) - -
[27/Jul/2020:18:33:26 -0400] 0:0:0:0:0:0:0:1 "GET /login HTTP/1.1" 200 (25 ms) - -
[27/Jul/2020:18:33:26 -0400] 0:0:0:0:0:0:0:1 "GET /img/vlol_logo.png HTTP/1.1" 304 (6 ms) - -
[27/Jul/2020:18:33:26 -0400] 0:0:0:0:0:0:0:1 "GET /img/vlol_icon.png HTTP/1.1" 200 (6 ms) - -
[27/Jul/2020:18:36:45 -0400] 0:0:0:0:0:0:0:1 "GET /registration HTTP/1.1" 200 (261 ms) - -
[27/Jul/2020:18:36:45 -0400] 0:0:0:0:0:0:0:1 "GET /css/styles.css HTTP/1.1" 304 (5 ms) - -
[27/Jul/2020:18:36:45 -0400] 0:0:0:0:0:0:0:1 "GET /img/vlol_icon.png HTTP/1.1" 304 (4 ms) - -
[27/Jul/2020:18:36:50 -0400] 0:0:0:0:0:0:0:1 "GET /login HTTP/1.1" 200 (26 ms) - -
[27/Jul/2020:18:36:50 -0400] 0:0:0:0:0:0:0:1 "GET /img/vlol_logo.png HTTP/1.1" 304 (7 ms) - -
[27/Jul/2020:18:37:02 -0400] 0:0:0:0:0:0:0:1 "POST /login HTTP/1.1" 302 (464 ms) - -
[27/Jul/2020:18:37:03 -0400] 0:0:0:0:0:0:0:1 "GET /edit-user/2 HTTP/1.1" 200 (107 ms) - -
[27/Jul/2020:18:37:03 -0400] 0:0:0:0:0:0:0:1 "GET /favicon.ico HTTP/1.1" 404 (104 ms) - -
[27/Jul/2020:18:37:11 -0400] 0:0:0:0:0:0:0:1 "GET /list-users HTTP/1.1" 200 (38 ms) - -
[27/Jul/2020:18:37:13 -0400] 0:0:0:0:0:0:0:1 "GET /admin-menu HTTP/1.1" 200 (31 ms) - -
[27/Jul/2020:18:37:15 -0400] 0:0:0:0:0:0:0:1 "GET /list-allergies HTTP/1.1" 200 (36 ms) - -
[27/Jul/2020:18:37:37 -0400] 0:0:0:0:0:0:0:1 "GET /list-allergies HTTP/1.1" 200 (24 ms) - -
[27/Jul/2020:18:37:52 -0400] 0:0:0:0:0:0:0:1 "GET /add-allergy HTTP/1.1" 200 (33 ms) - -
[27/Jul/2020:18:37:52 -0400] 0:0:0:0:0:0:0:1 "GET /css/styles.css HTTP/1.1" 304 (5 ms) - -
[27/Jul/2020:18:37:52 -0400] 0:0:0:0:0:0:0:1 "GET /img/vlol_icon.png HTTP/1.1" 304 (9 ms) - -
[27/Jul/2020:18:37:56 -0400] 0:0:0:0:0:0:0:1 "GET /add-allergy HTTP/1.1" 200 (26 ms) - -
[27/Jul/2020:18:38:41 -0400] 0:0:0:0:0:0:0:1 "GET /list-allergies HTTP/1.1" 200 (22 ms) - -
[27/Jul/2020:18:38:45 -0400] 0:0:0:0:0:0:0:1 "GET /add-allergy HTTP/1.1" 200 (18 ms) - -
[27/Jul/2020:18:40:39 -0400] 0:0:0:0:0:0:0:1 "GET /add-allergy HTTP/1.1" 200 (21 ms) - -
[27/Jul/2020:18:40:40 -0400] 0:0:0:0:0:0:0:1 "GET /css/styles.css HTTP/1.1" 304 (8 ms) - -
[27/Jul/2020:18:40:40 -0400] 0:0:0:0:0:0:0:1 "GET /img/vlol_icon.png HTTP/1.1" 304 (6 ms) - -
[27/Jul/2020:18:40:41 -0400] 0:0:0:0:0:0:0:1 "GET /img/vlol_icon.png HTTP/1.1" 200 (7 ms) - -
[27/Jul/2020:18:41:37 -0400] 0:0:0:0:0:0:0:1 "GET /add-allergy HTTP/1.1" 200 (25 ms) - -
[27/Jul/2020:18:41:38 -0400] 0:0:0:0:0:0:0:1 "GET /img/vlol_icon.png HTTP/1.1" 200 (5 ms) - -
[27/Jul/2020:18:42:12 -0400] 0:0:0:0:0:0:0:1 "GET /list-allergies HTTP/1.1" 200 (18 ms) - -
[27/Jul/2020:18:44:01 -0400] 0:0:0:0:0:0:0:1 "GET /list-allergies HTTP/1.1" 200 (36 ms) - -
[27/Jul/2020:18:44:01 -0400] 0:0:0:0:0:0:0:1 "GET /css/styles.css HTTP/1.1" 304 (5 ms) - -
[27/Jul/2020:18:44:01 -0400] 0:0:0:0:0:0:0:1 "GET /img/vlol_icon.png HTTP/1.1" 304 (5 ms) - -
[27/Jul/2020:18:44:29 -0400] 0:0:0:0:0:0:0:1 "GET /list-allergies HTTP/1.1" 200 (31 ms) - -
[27/Jul/2020:18:44:30 -0400] 0:0:0:0:0:0:0:1 "GET /img/vlol_icon.png HTTP/1.1" 200 (6 ms) - -
[27/Jul/2020:18:44:48 -0400] 0:0:0:0:0:0:0:1 "GET /list-allergies HTTP/1.1" 200 (36 ms) - -
[27/Jul/2020:18:44:49 -0400] 0:0:0:0:0:0:0:1 "GET /img/vlol_icon.png HTTP/1.1" 200 (6 ms) - -
[27/Jul/2020:18:45:27 -0400] 0:0:0:0:0:0:0:1 "GET /list-allergies HTTP/1.1" 200 (65 ms) - -
[27/Jul/2020:18:45:28 -0400] 0:0:0:0:0:0:0:1 "GET /img/vlol_icon.png HTTP/1.1" 200 (7 ms) - -
[27/Jul/2020:18:45:42 -0400] 0:0:0:0:0:0:0:1 "GET /list-allergies HTTP/1.1" 200 (23 ms) - -
[27/Jul/2020:18:45:43 -0400] 0:0:0:0:0:0:0:1 "GET /img/vlol_icon.png HTTP/1.1" 200 (5 ms) - -
[27/Jul/2020:18:52:47 -0400] 0:0:0:0:0:0:0:1 "GET /list-allergies HTTP/1.1" 200 (32 ms) - -
[27/Jul/2020:18:52:48 -0400] 0:0:0:0:0:0:0:1 "GET /css/styles.css HTTP/1.1" 304 (7 ms) - -
[27/Jul/2020:18:52:48 -0400] 0:0:0:0:0:0:0:1 "GET /img/vlol_icon.png HTTP/1.1" 304 (4 ms) - -
[27/Jul/2020:18:52:49 -0400] 0:0:0:0:0:0:0:1 "GET /img/vlol_icon.png HTTP/1.1" 200 (6 ms) - -
[27/Jul/2020:18:55:53 -0400] 0:0:0:0:0:0:0:1 "GET /list-allergies HTTP/1.1" 200 (39 ms) - -
[27/Jul/2020:18:59:54 -0400] 0:0:0:0:0:0:0:1 "GET /list-allergies HTTP/1.1" 200 (28 ms) - -
[27/Jul/2020:18:59:54 -0400] 0:0:0:0:0:0:0:1 "GET /css/styles.css HTTP/1.1" 304 (16 ms) - -
[27/Jul/2020:18:59:54 -0400] 0:0:0:0:0:0:0:1 "GET /img/vlol_icon.png HTTP/1.1" 304 (4 ms) - -
[27/Jul/2020:19:00:02 -0400] 0:0:0:0:0:0:0:1 "GET /list-allergies HTTP/1.1" 200 (19 ms) - -
[27/Jul/2020:19:00:04 -0400] 0:0:0:0:0:0:0:1 "GET /img/vlol_icon.png HTTP/1.1" 200 (5 ms) - -
[27/Jul/2020:19:00:06 -0400] 0:0:0:0:0:0:0:1 "GET /list-allergies HTTP/1.1" 200 (16 ms) - -
[27/Jul/2020:19:00:07 -0400] 0:0:0:0:0:0:0:1 "GET /img/vlol_icon.png HTTP/1.1" 200 (4 ms) - -
[27/Jul/2020:19:00:37 -0400] 0:0:0:0:0:0:0:1 "GET /list-allergies HTTP/1.1" 200 (19 ms) - -
[27/Jul/2020:19:00:38 -0400] 0:0:0:0:0:0:0:1 "GET /img/vlol_icon.png HTTP/1.1" 200 (4 ms) - -
[27/Jul/2020:19:00:49 -0400] 0:0:0:0:0:0:0:1 "GET /list-allergies HTTP/1.1" 200 (21 ms) - -
[27/Jul/2020:19:00:50 -0400] 0:0:0:0:0:0:0:1 "GET /img/vlol_icon.png HTTP/1.1" 200 (8 ms) - -
[27/Jul/2020:19:01:06 -0400] 0:0:0:0:0:0:0:1 "GET /logout HTTP/1.1" 302 (8 ms) - -
[27/Jul/2020:19:01:06 -0400] 0:0:0:0:0:0:0:1 "GET / HTTP/1.1" 200 (15 ms) - -
[27/Jul/2020:22:27:36 -0400] 0:0:0:0:0:0:0:1 "GET / HTTP/1.1" 200 (1209 ms) - -
[27/Jul/2020:22:27:37 -0400] 0:0:0:0:0:0:0:1 "GET /css/styles.css HTTP/1.1" 304 (18 ms) - -
[27/Jul/2020:22:27:37 -0400] 0:0:0:0:0:0:0:1 "GET /img/vlol_icon.png HTTP/1.1" 304 (15 ms) - -
[27/Jul/2020:22:27:37 -0400] 0:0:0:0:0:0:0:1 "GET /img/vlol_cover.jpg HTTP/1.1" 200 (31 ms) - -
[27/Jul/2020:22:27:39 -0400] 0:0:0:0:0:0:0:1 "GET /login HTTP/1.1" 200 (39 ms) - -
[27/Jul/2020:22:27:39 -0400] 0:0:0:0:0:0:0:1 "GET /img/vlol_logo.png HTTP/1.1" 304 (5 ms) - -
[27/Jul/2020:22:27:51 -0400] 0:0:0:0:0:0:0:1 "POST /login HTTP/1.1" 302 (718 ms) - -
[27/Jul/2020:22:27:51 -0400] 0:0:0:0:0:0:0:1 "GET /admin-menu HTTP/1.1" 200 (151 ms) - -
[27/Jul/2020:22:27:52 -0400] 0:0:0:0:0:0:0:1 "GET /css/site.css HTTP/1.1" 200 (33 ms) - -
[27/Jul/2020:22:27:52 -0400] 0:0:0:0:0:0:0:1 "GET /favicon.ico HTTP/1.1" 404 (91 ms) - -
[27/Jul/2020:22:27:58 -0400] 0:0:0:0:0:0:0:1 "GET /list-allergies HTTP/1.1" 200 (85 ms) - -
[27/Jul/2020:22:28:49 -0400] 0:0:0:0:0:0:0:1 "GET /list-allergies HTTP/1.1" 200 (50 ms) - -
[27/Jul/2020:22:28:50 -0400] 0:0:0:0:0:0:0:1 "GET /img/vlol_icon.png HTTP/1.1" 200 (10 ms) - -
[27/Jul/2020:22:31:17 -0400] 0:0:0:0:0:0:0:1 "GET /list-allergies HTTP/1.1" 200 (37 ms) - -
[27/Jul/2020:22:31:18 -0400] 0:0:0:0:0:0:0:1 "GET /img/vlol_icon.png HTTP/1.1" 200 (10 ms) - -
[27/Jul/2020:22:31:24 -0400] 0:0:0:0:0:0:0:1 "GET /list-allergies HTTP/1.1" 200 (37 ms) - -
[27/Jul/2020:22:31:24 -0400] 0:0:0:0:0:0:0:1 "GET /img/vlol_icon.png HTTP/1.1" 200 (8 ms) - -
[27/Jul/2020:22:31:37 -0400] 0:0:0:0:0:0:0:1 "GET /list-allergies HTTP/1.1" 200 (32 ms) - -
[27/Jul/2020:22:31:38 -0400] 0:0:0:0:0:0:0:1 "GET /img/vlol_icon.png HTTP/1.1" 200 (5 ms) - -
[27/Jul/2020:22:31:55 -0400] 0:0:0:0:0:0:0:1 "GET /list-allergies HTTP/1.1" 200 (36 ms) - -
[27/Jul/2020:22:31:56 -0400] 0:0:0:0:0:0:0:1 "GET /img/vlol_icon.png HTTP/1.1" 200 (6 ms) - -
[27/Jul/2020:22:34:37 -0400] 0:0:0:0:0:0:0:1 "GET /list-allergies HTTP/1.1" 200 (32 ms) - -
[27/Jul/2020:22:34:38 -0400] 0:0:0:0:0:0:0:1 "GET /img/vlol_icon.png HTTP/1.1" 200 (5 ms) - -
[27/Jul/2020:22:35:14 -0400] 0:0:0:0:0:0:0:1 "GET /list-allergies HTTP/1.1" 200 (28 ms) - -
[27/Jul/2020:22:35:15 -0400] 0:0:0:0:0:0:0:1 "GET /img/vlol_icon.png HTTP/1.1" 200 (8 ms) - -
[27/Jul/2020:22:35:31 -0400] 0:0:0:0:0:0:0:1 "GET /admin-menu HTTP/1.1" 200 (16 ms) - -
[27/Jul/2020:22:44:31 -0400] 0:0:0:0:0:0:0:1 "GET / HTTP/1.1" 200 (2397 ms) - -
[27/Jul/2020:22:44:35 -0400] 0:0:0:0:0:0:0:1 "GET / HTTP/1.1" 200 (48 ms) - -
[27/Jul/2020:22:44:38 -0400] 0:0:0:0:0:0:0:1 "GET /admin-menu HTTP/1.1" 302 (342 ms) - -
[27/Jul/2020:22:44:38 -0400] 0:0:0:0:0:0:0:1 "GET /login HTTP/1.1" 200 (33 ms) - -
[27/Jul/2020:22:44:39 -0400] 0:0:0:0:0:0:0:1 "GET /about HTTP/1.1" 200 (51 ms) - -
[27/Jul/2020:22:44:39 -0400] 0:0:0:0:0:0:0:1 "GET /img/umgc_logo.png HTTP/1.1" 200 (32 ms) - -
[27/Jul/2020:22:44:40 -0400] 0:0:0:0:0:0:0:1 "GET /contact HTTP/1.1" 200 (31 ms) - -
[27/Jul/2020:22:44:42 -0400] 0:0:0:0:0:0:0:1 "GET /about HTTP/1.1" 200 (44 ms) - -
[27/Jul/2020:22:44:54 -0400] 0:0:0:0:0:0:0:1 "GET /registration HTTP/1.1" 200 (372 ms) - -
[27/Jul/2020:22:45:50 -0400] 0:0:0:0:0:0:0:1 "GET /registration HTTP/1.1" 200 (105 ms) - -
[27/Jul/2020:22:45:51 -0400] 0:0:0:0:0:0:0:1 "GET /img/vlol_icon.png HTTP/1.1" 200 (10 ms) - -
[27/Jul/2020:22:51:28 -0400] 0:0:0:0:0:0:0:1 "GET /registration HTTP/1.1" 200 (114 ms) - -
[27/Jul/2020:22:51:28 -0400] 0:0:0:0:0:0:0:1 "GET /img/vlol_icon.png HTTP/1.1" 200 (10 ms) - -
[27/Jul/2020:22:54:02 -0400] 0:0:0:0:0:0:0:1 "GET /registration HTTP/1.1" 200 (108 ms) - -
[27/Jul/2020:22:54:02 -0400] 0:0:0:0:0:0:0:1 "GET /css/styles.css HTTP/1.1" 304 (28 ms) - -
[27/Jul/2020:22:54:02 -0400] 0:0:0:0:0:0:0:1 "GET /img/vlol_icon.png HTTP/1.1" 200 (8 ms) - -
[27/Jul/2020:23:00:44 -0400] 0:0:0:0:0:0:0:1 "GET /registration HTTP/1.1" 200 (57 ms) - -
[27/Jul/2020:23:00:45 -0400] 0:0:0:0:0:0:0:1 "GET /img/vlol_icon.png HTTP/1.1" 200 (8 ms) - -
[27/Jul/2020:23:01:54 -0400] 0:0:0:0:0:0:0:1 "POST /registration HTTP/1.1" 200 (198 ms) - -
[27/Jul/2020:23:03:07 -0400] 0:0:0:0:0:0:0:1 "POST /registration HTTP/1.1" 200 (81 ms) - -
[27/Jul/2020:23:03:07 -0400] 0:0:0:0:0:0:0:1 "GET /img/vlol_icon.png HTTP/1.1" 200 (7 ms) - -
[27/Jul/2020:23:03:16 -0400] 0:0:0:0:0:0:0:1 "POST /registration HTTP/1.1" 200 (87 ms) - -
[27/Jul/2020:23:03:16 -0400] 0:0:0:0:0:0:0:1 "GET /img/vlol_icon.png HTTP/1.1" 200 (7 ms) - -
[27/Jul/2020:23:03:23 -0400] 0:0:0:0:0:0:0:1 "GET / HTTP/1.1" 200 (24 ms) - -
[27/Jul/2020:23:03:23 -0400] 0:0:0:0:0:0:0:1 "GET /img/vlol_cover.jpg HTTP/1.1" 304 (13 ms) - -
[27/Jul/2020:23:03:24 -0400] 0:0:0:0:0:0:0:1 "GET /registration HTTP/1.1" 200 (51 ms) - -
[27/Jul/2020:23:09:19 -0400] 0:0:0:0:0:0:0:1 "GET /registration HTTP/1.1" 200 (39 ms) - -
[27/Jul/2020:23:09:20 -0400] 0:0:0:0:0:0:0:1 "GET /img/vlol_icon.png HTTP/1.1" 200 (5 ms) - -
[27/Jul/2020:23:09:54 -0400] 0:0:0:0:0:0:0:1 "POST /registration HTTP/1.1" 200 (69 ms) - -
[27/Jul/2020:23:14:25 -0400] 0:0:0:0:0:0:0:1 "POST /registration HTTP/1.1" 200 (70 ms) - -
[27/Jul/2020:23:14:25 -0400] 0:0:0:0:0:0:0:1 "GET /img/vlol_icon.png HTTP/1.1" 200 (8 ms) - -
[27/Jul/2020:23:18:17 -0400] 0:0:0:0:0:0:0:1 "POST /registration HTTP/1.1" 200 (50 ms) - -
[27/Jul/2020:23:18:17 -0400] 0:0:0:0:0:0:0:1 "GET /img/vlol_icon.png HTTP/1.1" 200 (6 ms) - -
[27/Jul/2020:23:19:30 -0400] 0:0:0:0:0:0:0:1 "POST /registration HTTP/1.1" 200 (46 ms) - -
[27/Jul/2020:23:19:30 -0400] 0:0:0:0:0:0:0:1 "GET /img/vlol_icon.png HTTP/1.1" 200 (4 ms) - -
[27/Jul/2020:23:20:50 -0400] 0:0:0:0:0:0:0:1 "POST /registration HTTP/1.1" 200 (53 ms) - -
[27/Jul/2020:23:20:50 -0400] 0:0:0:0:0:0:0:1 "GET /css/styles.css HTTP/1.1" 304 (9 ms) - -
[27/Jul/2020:23:20:51 -0400] 0:0:0:0:0:0:0:1 "GET /img/vlol_icon.png HTTP/1.1" 200 (6 ms) - -
[27/Jul/2020:23:21:33 -0400] 0:0:0:0:0:0:0:1 "POST /registration HTTP/1.1" 200 (34 ms) - -
[27/Jul/2020:23:21:33 -0400] 0:0:0:0:0:0:0:1 "GET /img/vlol_icon.png HTTP/1.1" 200 (4 ms) - -
[27/Jul/2020:23:21:59 -0400] 0:0:0:0:0:0:0:1 "POST /registration HTTP/1.1" 200 (53 ms) - -
[27/Jul/2020:23:22:00 -0400] 0:0:0:0:0:0:0:1 "GET /img/vlol_icon.png HTTP/1.1" 200 (10 ms) - -
[27/Jul/2020:23:22:44 -0400] 0:0:0:0:0:0:0:1 "POST /registration HTTP/1.1" 200 (34 ms) - -
[27/Jul/2020:23:22:45 -0400] 0:0:0:0:0:0:0:1 "GET /img/vlol_icon.png HTTP/1.1" 200 (8 ms) - -
[27/Jul/2020:23:23:33 -0400] 0:0:0:0:0:0:0:1 "POST /registration HTTP/1.1" 200 (43 ms) - -
[27/Jul/2020:23:23:34 -0400] 0:0:0:0:0:0:0:1 "GET /img/vlol_icon.png HTTP/1.1" 200 (7 ms) - -
[27/Jul/2020:23:24:47 -0400] 0:0:0:0:0:0:0:1 "GET / HTTP/1.1" 200 (22 ms) - -
[27/Jul/2020:23:24:49 -0400] 0:0:0:0:0:0:0:1 "GET /registration HTTP/1.1" 200 (34 ms) - -
[27/Jul/2020:23:35:03 -0400] 0:0:0:0:0:0:0:1 "GET /registration HTTP/1.1" 200 (45 ms) - -
[27/Jul/2020:23:43:03 -0400] 0:0:0:0:0:0:0:1 "GET /registration HTTP/1.1" 200 (57 ms) - -
[27/Jul/2020:23:43:23 -0400] 0:0:0:0:0:0:0:1 "POST /registration HTTP/1.1" 200 (39 ms) - -
[27/Jul/2020:23:47:26 -0400] 0:0:0:0:0:0:0:1 "GET / HTTP/1.1" 200 (17 ms) - -
[27/Jul/2020:23:47:26 -0400] 0:0:0:0:0:0:0:1 "GET /img/vlol_cover.jpg HTTP/1.1" 304 (6 ms) - -
[27/Jul/2020:23:47:27 -0400] 0:0:0:0:0:0:0:1 "GET /registration HTTP/1.1" 200 (24 ms) - -
[27/Jul/2020:23:47:30 -0400] 0:0:0:0:0:0:0:1 "GET /registration HTTP/1.1" 200 (31 ms) - -
[27/Jul/2020:23:48:23 -0400] 0:0:0:0:0:0:0:1 "GET /registration HTTP/1.1" 200 (25 ms) - -
[27/Jul/2020:23:48:28 -0400] 0:0:0:0:0:0:0:1 "GET /registration HTTP/1.1" 200 (50 ms) - -
[27/Jul/2020:23:49:06 -0400] 0:0:0:0:0:0:0:1 "GET /registration HTTP/1.1" 200 (28 ms) - -
[27/Jul/2020:23:49:15 -0400] 0:0:0:0:0:0:0:1 "GET /registration HTTP/1.1" 200 (35 ms) - -
[27/Jul/2020:23:49:15 -0400] 0:0:0:0:0:0:0:1 "GET /img/vlol_icon.png HTTP/1.1" 200 (4 ms) - -
[27/Jul/2020:23:49:56 -0400] 0:0:0:0:0:0:0:1 "GET /registration HTTP/1.1" 200 (24 ms) - -
[27/Jul/2020:23:49:56 -0400] 0:0:0:0:0:0:0:1 "GET /img/vlol_icon.png HTTP/1.1" 200 (4 ms) - -
[27/Jul/2020:23:52:34 -0400] 0:0:0:0:0:0:0:1 "GET /registration HTTP/1.1" 200 (27 ms) - -
[27/Jul/2020:23:52:34 -0400] 0:0:0:0:0:0:0:1 "GET /css/styles.css HTTP/1.1" 304 (8 ms) - -
[27/Jul/2020:23:52:34 -0400] 0:0:0:0:0:0:0:1 "GET /img/vlol_icon.png HTTP/1.1" 200 (5 ms) - -
[27/Jul/2020:23:53:00 -0400] 0:0:0:0:0:0:0:1 "GET /registration HTTP/1.1" 200 (24 ms) - -
[27/Jul/2020:23:53:00 -0400] 0:0:0:0:0:0:0:1 "GET /img/vlol_icon.png HTTP/1.1" 200 (7 ms) - -
