[21/Jul/2020:00:01:03 -0400] 0:0:0:0:0:0:0:1 "GET / HTTP/1.1" 200 (398 ms) - -
[21/Jul/2020:00:01:03 -0400] 0:0:0:0:0:0:0:1 "GET /css/site.css HTTP/1.1" 304 (15 ms) - -
[21/Jul/2020:00:01:03 -0400] 0:0:0:0:0:0:0:1 "GET /css/bootstrap.min.css HTTP/1.1" 304 (17 ms) - -
[21/Jul/2020:00:01:03 -0400] 0:0:0:0:0:0:0:1 "GET /img/vlol_cover.jpg HTTP/1.1" 304 (5 ms) - -
[21/Jul/2020:00:01:05 -0400] 0:0:0:0:0:0:0:1 "GET /login HTTP/1.1" 200 (21 ms) - -
[21/Jul/2020:00:01:05 -0400] 0:0:0:0:0:0:0:1 "GET /js/scripts.js HTTP/1.1" 304 (8 ms) - -
[21/Jul/2020:00:01:05 -0400] 0:0:0:0:0:0:0:1 "GET /img/vlol_logo.png HTTP/1.1" 304 (5 ms) - -
[21/Jul/2020:00:01:20 -0400] 0:0:0:0:0:0:0:1 "POST /login HTTP/1.1" 302 (770 ms) - -
[21/Jul/2020:00:01:20 -0400] 0:0:0:0:0:0:0:1 "GET /admin-menu HTTP/1.1" 200 (81 ms) - -
[21/Jul/2020:00:01:20 -0400] 0:0:0:0:0:0:0:1 "GET /js/site.js?v=dLGP40S79Xnx6GqUthRF6NWvjvhQ1nOvdVSwaNcgG18 HTTP/1.1" 404 (87 ms) - -
[21/Jul/2020:00:01:20 -0400] 0:0:0:0:0:0:0:1 "GET /lib/jquery/dist/jquery.min.js HTTP/1.1" 404 (103 ms) - -
[21/Jul/2020:00:01:20 -0400] 0:0:0:0:0:0:0:1 "GET /lib/bootstrap/dist/js/bootstrap.bundle.min.js HTTP/1.1" 404 (104 ms) - -
[21/Jul/2020:00:01:20 -0400] 0:0:0:0:0:0:0:1 "GET /lib/bootstrap/dist/js/bootstrap.bundle.min.js HTTP/1.1" 404 (5 ms) - -
[21/Jul/2020:00:01:20 -0400] 0:0:0:0:0:0:0:1 "GET /js/site.js?v=dLGP40S79Xnx6GqUthRF6NWvjvhQ1nOvdVSwaNcgG18 HTTP/1.1" 404 (6 ms) - -
[21/Jul/2020:00:01:20 -0400] 0:0:0:0:0:0:0:1 "GET /favicon.ico HTTP/1.1" 404 (18 ms) - -
[21/Jul/2020:00:01:21 -0400] 0:0:0:0:0:0:0:1 "GET /list-allergies HTTP/1.1" 200 (39 ms) - -
[21/Jul/2020:00:01:22 -0400] 0:0:0:0:0:0:0:1 "GET /favicon.ico HTTP/1.1" 404 (7 ms) - -
[21/Jul/2020:00:01:39 -0400] 0:0:0:0:0:0:0:1 "GET /list-allergies HTTP/1.1" 200 (21 ms) - -
[21/Jul/2020:00:02:44 -0400] 0:0:0:0:0:0:0:1 "GET /list-allergies HTTP/1.1" 200 (29 ms) - -
[21/Jul/2020:00:02:44 -0400] 0:0:0:0:0:0:0:1 "GET /css/site.css HTTP/1.1" 304 (6 ms) - -
[21/Jul/2020:00:03:29 -0400] 0:0:0:0:0:0:0:1 "GET /list-allergies HTTP/1.1" 200 (15 ms) - -
[21/Jul/2020:00:05:23 -0400] 0:0:0:0:0:0:0:1 "GET /list-allergies HTTP/1.1" 200 (18 ms) - -
[21/Jul/2020:00:05:23 -0400] 0:0:0:0:0:0:0:1 "GET /css/site.css HTTP/1.1" 200 (8 ms) - -
[21/Jul/2020:00:07:16 -0400] 0:0:0:0:0:0:0:1 "GET /list-allergies HTTP/1.1" 200 (16 ms) - -
[21/Jul/2020:00:07:16 -0400] 0:0:0:0:0:0:0:1 "GET /css/site.css HTTP/1.1" 200 (11 ms) - -
[21/Jul/2020:00:08:25 -0400] 0:0:0:0:0:0:0:1 "GET /list-allergies HTTP/1.1" 200 (22 ms) - -
[21/Jul/2020:00:08:25 -0400] 0:0:0:0:0:0:0:1 "GET /css/site.css HTTP/1.1" 304 (6 ms) - -
[21/Jul/2020:00:08:44 -0400] 0:0:0:0:0:0:0:1 "GET /list-allergies HTTP/1.1" 200 (11 ms) - -
[21/Jul/2020:00:08:44 -0400] 0:0:0:0:0:0:0:1 "GET /css/site.css HTTP/1.1" 304 (7 ms) - -
[21/Jul/2020:00:08:54 -0400] 0:0:0:0:0:0:0:1 "GET /list-allergies HTTP/1.1" 200 (11 ms) - -
[21/Jul/2020:00:08:54 -0400] 0:0:0:0:0:0:0:1 "GET /css/site.css HTTP/1.1" 304 (8 ms) - -
[21/Jul/2020:00:09:38 -0400] 0:0:0:0:0:0:0:1 "GET /list-allergies HTTP/1.1" 200 (14 ms) - -
[21/Jul/2020:00:09:38 -0400] 0:0:0:0:0:0:0:1 "GET /css/site.css HTTP/1.1" 304 (7 ms) - -
[21/Jul/2020:00:09:59 -0400] 0:0:0:0:0:0:0:1 "GET /list-allergies HTTP/1.1" 200 (12 ms) - -
[21/Jul/2020:00:09:59 -0400] 0:0:0:0:0:0:0:1 "GET /css/site.css HTTP/1.1" 200 (6 ms) - -
[21/Jul/2020:00:10:22 -0400] 0:0:0:0:0:0:0:1 "GET /list-allergies HTTP/1.1" 200 (15 ms) - -
[21/Jul/2020:00:10:22 -0400] 0:0:0:0:0:0:0:1 "GET /css/site.css HTTP/1.1" 200 (8 ms) - -
[21/Jul/2020:00:11:06 -0400] 0:0:0:0:0:0:0:1 "GET /list-allergies HTTP/1.1" 200 (18 ms) - -
[21/Jul/2020:00:11:06 -0400] 0:0:0:0:0:0:0:1 "GET /css/site.css HTTP/1.1" 200 (8 ms) - -
[21/Jul/2020:00:11:26 -0400] 0:0:0:0:0:0:0:1 "GET /list-allergies HTTP/1.1" 200 (11 ms) - -
[21/Jul/2020:00:11:26 -0400] 0:0:0:0:0:0:0:1 "GET /css/site.css HTTP/1.1" 304 (8 ms) - -
[21/Jul/2020:00:11:32 -0400] 0:0:0:0:0:0:0:1 "GET /list-allergies HTTP/1.1" 200 (12 ms) - -
[21/Jul/2020:00:11:32 -0400] 0:0:0:0:0:0:0:1 "GET /css/site.css HTTP/1.1" 200 (8 ms) - -
[21/Jul/2020:00:11:48 -0400] 0:0:0:0:0:0:0:1 "GET /list-allergies HTTP/1.1" 200 (13 ms) - -
[21/Jul/2020:00:11:48 -0400] 0:0:0:0:0:0:0:1 "GET /css/site.css HTTP/1.1" 200 (9 ms) - -
[21/Jul/2020:00:11:55 -0400] 0:0:0:0:0:0:0:1 "GET /list-allergies HTTP/1.1" 200 (12 ms) - -
[21/Jul/2020:00:11:55 -0400] 0:0:0:0:0:0:0:1 "GET /css/site.css HTTP/1.1" 304 (6 ms) - -
[21/Jul/2020:00:12:40 -0400] 0:0:0:0:0:0:0:1 "GET / HTTP/1.1" 200 (12 ms) - -
[21/Jul/2020:00:12:40 -0400] 0:0:0:0:0:0:0:1 "GET /css/bootstrap.min.css HTTP/1.1" 304 (5 ms) - -
[21/Jul/2020:00:12:40 -0400] 0:0:0:0:0:0:0:1 "GET /css/site.css HTTP/1.1" 304 (9 ms) - -
[21/Jul/2020:00:12:40 -0400] 0:0:0:0:0:0:0:1 "GET /img/vlol_cover.jpg HTTP/1.1" 304 (4 ms) - -
[21/Jul/2020:00:12:46 -0400] 0:0:0:0:0:0:0:1 "GET /about HTTP/1.1" 200 (10 ms) - -
[21/Jul/2020:00:12:46 -0400] 0:0:0:0:0:0:0:1 "GET /css/site.css HTTP/1.1" 304 (8 ms) - -
[21/Jul/2020:00:12:46 -0400] 0:0:0:0:0:0:0:1 "GET /img/vlol_logo.png HTTP/1.1" 304 (6 ms) - -
[21/Jul/2020:00:12:46 -0400] 0:0:0:0:0:0:0:1 "GET /img/umgc_logo.png HTTP/1.1" 304 (4 ms) - -
[21/Jul/2020:00:12:51 -0400] 0:0:0:0:0:0:0:1 "GET /about HTTP/1.1" 200 (7 ms) - -
[21/Jul/2020:00:12:55 -0400] 0:0:0:0:0:0:0:1 "GET /contact HTTP/1.1" 200 (8 ms) - -
[21/Jul/2020:00:12:55 -0400] 0:0:0:0:0:0:0:1 "GET /css/site.css HTTP/1.1" 304 (5 ms) - -
[21/Jul/2020:00:12:58 -0400] 0:0:0:0:0:0:0:1 "GET /admin-menu HTTP/1.1" 200 (11 ms) - -
[21/Jul/2020:00:12:58 -0400] 0:0:0:0:0:0:0:1 "GET /lib/jquery/dist/jquery.min.js HTTP/1.1" 404 (12 ms) - -
[21/Jul/2020:00:12:58 -0400] 0:0:0:0:0:0:0:1 "GET /lib/bootstrap/dist/js/bootstrap.bundle.min.js HTTP/1.1" 404 (6 ms) - -
[21/Jul/2020:00:12:58 -0400] 0:0:0:0:0:0:0:1 "GET /js/site.js?v=dLGP40S79Xnx6GqUthRF6NWvjvhQ1nOvdVSwaNcgG18 HTTP/1.1" 404 (10 ms) - -
[21/Jul/2020:00:12:59 -0400] 0:0:0:0:0:0:0:1 "GET /lib/bootstrap/dist/js/bootstrap.bundle.min.js HTTP/1.1" 404 (7 ms) - -
[21/Jul/2020:00:12:59 -0400] 0:0:0:0:0:0:0:1 "GET /js/site.js?v=dLGP40S79Xnx6GqUthRF6NWvjvhQ1nOvdVSwaNcgG18 HTTP/1.1" 404 (6 ms) - -
[21/Jul/2020:00:13:04 -0400] 0:0:0:0:0:0:0:1 "GET /list-conditions HTTP/1.1" 200 (17 ms) - -
[21/Jul/2020:00:13:07 -0400] 0:0:0:0:0:0:0:1 "GET /admin-menu HTTP/1.1" 200 (9 ms) - -
[21/Jul/2020:00:13:07 -0400] 0:0:0:0:0:0:0:1 "GET /lib/jquery/dist/jquery.min.js HTTP/1.1" 404 (5 ms) - -
[21/Jul/2020:00:13:07 -0400] 0:0:0:0:0:0:0:1 "GET /lib/bootstrap/dist/js/bootstrap.bundle.min.js HTTP/1.1" 404 (7 ms) - -
[21/Jul/2020:00:13:07 -0400] 0:0:0:0:0:0:0:1 "GET /js/site.js?v=dLGP40S79Xnx6GqUthRF6NWvjvhQ1nOvdVSwaNcgG18 HTTP/1.1" 404 (9 ms) - -
[21/Jul/2020:00:13:07 -0400] 0:0:0:0:0:0:0:1 "GET /css/site.css HTTP/1.1" 304 (3 ms) - -
[21/Jul/2020:00:13:07 -0400] 0:0:0:0:0:0:0:1 "GET /lib/bootstrap/dist/js/bootstrap.bundle.min.js HTTP/1.1" 404 (5 ms) - -
[21/Jul/2020:00:13:07 -0400] 0:0:0:0:0:0:0:1 "GET /js/site.js?v=dLGP40S79Xnx6GqUthRF6NWvjvhQ1nOvdVSwaNcgG18 HTTP/1.1" 404 (6 ms) - -
[21/Jul/2020:00:13:08 -0400] 0:0:0:0:0:0:0:1 "GET /list-allergies HTTP/1.1" 200 (12 ms) - -
[21/Jul/2020:00:13:33 -0400] 0:0:0:0:0:0:0:1 "GET /list-allergies HTTP/1.1" 200 (8 ms) - -
[21/Jul/2020:00:13:33 -0400] 0:0:0:0:0:0:0:1 "GET /css/site.css HTTP/1.1" 200 (8 ms) - -
[21/Jul/2020:00:13:45 -0400] 0:0:0:0:0:0:0:1 "GET /admin-menu HTTP/1.1" 200 (12 ms) - -
[21/Jul/2020:00:13:45 -0400] 0:0:0:0:0:0:0:1 "GET /lib/bootstrap/dist/js/bootstrap.bundle.min.js HTTP/1.1" 404 (9 ms) - -
[21/Jul/2020:00:13:45 -0400] 0:0:0:0:0:0:0:1 "GET /lib/jquery/dist/jquery.min.js HTTP/1.1" 404 (18 ms) - -
[21/Jul/2020:00:13:45 -0400] 0:0:0:0:0:0:0:1 "GET /css/site.css HTTP/1.1" 304 (6 ms) - -
[21/Jul/2020:00:13:45 -0400] 0:0:0:0:0:0:0:1 "GET /js/site.js?v=dLGP40S79Xnx6GqUthRF6NWvjvhQ1nOvdVSwaNcgG18 HTTP/1.1" 404 (8 ms) - -
[21/Jul/2020:00:13:46 -0400] 0:0:0:0:0:0:0:1 "GET /lib/bootstrap/dist/js/bootstrap.bundle.min.js HTTP/1.1" 404 (6 ms) - -
[21/Jul/2020:00:13:46 -0400] 0:0:0:0:0:0:0:1 "GET /js/site.js?v=dLGP40S79Xnx6GqUthRF6NWvjvhQ1nOvdVSwaNcgG18 HTTP/1.1" 404 (8 ms) - -
[21/Jul/2020:00:13:48 -0400] 0:0:0:0:0:0:0:1 "GET /list-medications HTTP/1.1" 200 (101 ms) - -
[21/Jul/2020:00:13:50 -0400] 0:0:0:0:0:0:0:1 "GET /admin-menu HTTP/1.1" 200 (9 ms) - -
[21/Jul/2020:00:13:51 -0400] 0:0:0:0:0:0:0:1 "GET /lib/jquery/dist/jquery.min.js HTTP/1.1" 404 (6 ms) - -
[21/Jul/2020:00:13:51 -0400] 0:0:0:0:0:0:0:1 "GET /lib/bootstrap/dist/js/bootstrap.bundle.min.js HTTP/1.1" 404 (8 ms) - -
[21/Jul/2020:00:13:51 -0400] 0:0:0:0:0:0:0:1 "GET /lib/bootstrap/dist/js/bootstrap.bundle.min.js HTTP/1.1" 404 (6 ms) - -
[21/Jul/2020:00:15:28 -0400] 0:0:0:0:0:0:0:1 "GET /admin-menu HTTP/1.1" 200 (8 ms) - -
[21/Jul/2020:00:15:28 -0400] 0:0:0:0:0:0:0:1 "GET /lib/jquery/dist/jquery.min.js HTTP/1.1" 404 (6 ms) - -
[21/Jul/2020:00:15:28 -0400] 0:0:0:0:0:0:0:1 "GET /lib/bootstrap/dist/js/bootstrap.bundle.min.js HTTP/1.1" 404 (7 ms) - -
[21/Jul/2020:00:15:28 -0400] 0:0:0:0:0:0:0:1 "GET /css/site.css HTTP/1.1" 304 (8 ms) - -
[21/Jul/2020:00:15:28 -0400] 0:0:0:0:0:0:0:1 "GET /js/site.js?v=dLGP40S79Xnx6GqUthRF6NWvjvhQ1nOvdVSwaNcgG18 HTTP/1.1" 404 (6 ms) - -
[21/Jul/2020:00:15:28 -0400] 0:0:0:0:0:0:0:1 "GET /lib/bootstrap/dist/js/bootstrap.bundle.min.js HTTP/1.1" 404 (4 ms) - -
[21/Jul/2020:00:15:28 -0400] 0:0:0:0:0:0:0:1 "GET /js/site.js?v=dLGP40S79Xnx6GqUthRF6NWvjvhQ1nOvdVSwaNcgG18 HTTP/1.1" 404 (10 ms) - -
[21/Jul/2020:00:15:29 -0400] 0:0:0:0:0:0:0:1 "GET /list-allergies HTTP/1.1" 200 (9 ms) - -
[21/Jul/2020:00:18:59 -0400] 0:0:0:0:0:0:0:1 "GET /list-allergies HTTP/1.1" 200 (12 ms) - -
[21/Jul/2020:00:19:00 -0400] 0:0:0:0:0:0:0:1 "GET /css/site.css HTTP/1.1" 304 (4 ms) - -
[21/Jul/2020:00:19:21 -0400] 0:0:0:0:0:0:0:1 "GET /search-allergies?keyword=%3Cscript%3Ealert%28%22Hello%22%29%3B%3C%2Fscript%3E HTTP/1.1" 200 (29 ms) - -
[21/Jul/2020:00:19:25 -0400] 0:0:0:0:0:0:0:1 "GET /list-allergies HTTP/1.1" 200 (8 ms) - -
[21/Jul/2020:00:19:31 -0400] 0:0:0:0:0:0:0:1 "GET /list-allergies HTTP/1.1" 200 (9 ms) - -
[21/Jul/2020:00:19:31 -0400] 0:0:0:0:0:0:0:1 "GET /css/site.css HTTP/1.1" 304 (5 ms) - -
[21/Jul/2020:00:19:35 -0400] 0:0:0:0:0:0:0:1 "GET /search-allergies?keyword=%3Cscript%3Ealert%28%22Hello%22%29%3B%3C%2Fscript%3E HTTP/1.1" 200 (7 ms) - -
[21/Jul/2020:00:19:36 -0400] 0:0:0:0:0:0:0:1 "GET /list-allergies HTTP/1.1" 200 (6 ms) - -
[21/Jul/2020:00:20:49 -0400] 0:0:0:0:0:0:0:1 "GET /list-allergies HTTP/1.1" 200 (8 ms) - -
[21/Jul/2020:00:20:49 -0400] 0:0:0:0:0:0:0:1 "GET /css/site.css HTTP/1.1" 304 (4 ms) - -
[21/Jul/2020:00:21:53 -0400] 0:0:0:0:0:0:0:1 "GET /admin-menu HTTP/1.1" 200 (10 ms) - -
[21/Jul/2020:00:21:53 -0400] 0:0:0:0:0:0:0:1 "GET /lib/jquery/dist/jquery.min.js HTTP/1.1" 404 (5 ms) - -
[21/Jul/2020:00:21:53 -0400] 0:0:0:0:0:0:0:1 "GET /css/site.css HTTP/1.1" 304 (6 ms) - -
[21/Jul/2020:00:21:53 -0400] 0:0:0:0:0:0:0:1 "GET /lib/bootstrap/dist/js/bootstrap.bundle.min.js HTTP/1.1" 404 (6 ms) - -
[21/Jul/2020:00:21:53 -0400] 0:0:0:0:0:0:0:1 "GET /css/bootstrap.min.css HTTP/1.1" 304 (6 ms) - -
[21/Jul/2020:00:21:53 -0400] 0:0:0:0:0:0:0:1 "GET /js/site.js?v=dLGP40S79Xnx6GqUthRF6NWvjvhQ1nOvdVSwaNcgG18 HTTP/1.1" 404 (7 ms) - -
[21/Jul/2020:00:21:53 -0400] 0:0:0:0:0:0:0:1 "GET /lib/bootstrap/dist/js/bootstrap.bundle.min.js HTTP/1.1" 404 (4 ms) - -
[21/Jul/2020:00:21:53 -0400] 0:0:0:0:0:0:0:1 "GET /js/site.js?v=dLGP40S79Xnx6GqUthRF6NWvjvhQ1nOvdVSwaNcgG18 HTTP/1.1" 404 (4 ms) - -
[21/Jul/2020:00:27:07 -0400] 0:0:0:0:0:0:0:1 "GET /list-allergies HTTP/1.1" 200 (9 ms) - -
[21/Jul/2020:00:27:07 -0400] 0:0:0:0:0:0:0:1 "GET /css/site.css HTTP/1.1" 200 (5 ms) - -
[21/Jul/2020:00:27:09 -0400] 0:0:0:0:0:0:0:1 "GET /admin-menu HTTP/1.1" 200 (7 ms) - -
[21/Jul/2020:00:27:09 -0400] 0:0:0:0:0:0:0:1 "GET /lib/jquery/dist/jquery.min.js HTTP/1.1" 404 (11 ms) - -
[21/Jul/2020:00:27:10 -0400] 0:0:0:0:0:0:0:1 "GET /lib/bootstrap/dist/js/bootstrap.bundle.min.js HTTP/1.1" 404 (10 ms) - -
[21/Jul/2020:00:27:10 -0400] 0:0:0:0:0:0:0:1 "GET /lib/bootstrap/dist/js/bootstrap.bundle.min.js HTTP/1.1" 404 (4 ms) - -
[21/Jul/2020:00:28:57 -0400] 0:0:0:0:0:0:0:1 "GET /admin-menu HTTP/1.1" 200 (11 ms) - -
[21/Jul/2020:00:28:57 -0400] 0:0:0:0:0:0:0:1 "GET /css/site.css HTTP/1.1" 304 (7 ms) - -
[21/Jul/2020:00:29:08 -0400] 0:0:0:0:0:0:0:1 "GET /list-allergies HTTP/1.1" 200 (11 ms) - -
[21/Jul/2020:00:29:11 -0400] 0:0:0:0:0:0:0:1 "GET /admin-menu HTTP/1.1" 200 (6 ms) - -
[21/Jul/2020:00:29:13 -0400] 0:0:0:0:0:0:0:1 "GET /list-allergies HTTP/1.1" 200 (7 ms) - -
[21/Jul/2020:00:29:20 -0400] 0:0:0:0:0:0:0:1 "GET /admin-menu HTTP/1.1" 200 (10 ms) - -
[21/Jul/2020:00:29:25 -0400] 0:0:0:0:0:0:0:1 "GET /list-allergies HTTP/1.1" 200 (10 ms) - -
[21/Jul/2020:00:29:32 -0400] 0:0:0:0:0:0:0:1 "GET /admin-menu HTTP/1.1" 200 (10 ms) - -
[21/Jul/2020:00:29:32 -0400] 0:0:0:0:0:0:0:1 "GET /css/site.css HTTP/1.1" 304 (5 ms) - -
[21/Jul/2020:00:30:00 -0400] 0:0:0:0:0:0:0:1 "GET /admin-menu HTTP/1.1" 200 (7 ms) - -
[21/Jul/2020:00:30:13 -0400] 0:0:0:0:0:0:0:1 "GET /admin-menu HTTP/1.1" 200 (8 ms) - -
[21/Jul/2020:00:30:13 -0400] 0:0:0:0:0:0:0:1 "GET /css/site.css HTTP/1.1" 304 (4 ms) - -
[21/Jul/2020:00:31:03 -0400] 0:0:0:0:0:0:0:1 "GET /admin-menu HTTP/1.1" 200 (15 ms) - -
[21/Jul/2020:00:31:03 -0400] 0:0:0:0:0:0:0:1 "GET /css/site.css HTTP/1.1" 304 (4 ms) - -
[21/Jul/2020:00:31:18 -0400] 0:0:0:0:0:0:0:1 "GET /admin-menu HTTP/1.1" 200 (9 ms) - -
[21/Jul/2020:00:33:07 -0400] 0:0:0:0:0:0:0:1 "GET /admin-menu HTTP/1.1" 200 (7 ms) - -
[21/Jul/2020:00:33:07 -0400] 0:0:0:0:0:0:0:1 "GET /css/site.css HTTP/1.1" 304 (7 ms) - -
[21/Jul/2020:00:33:28 -0400] 0:0:0:0:0:0:0:1 "GET /admin-menu HTTP/1.1" 200 (10 ms) - -
[21/Jul/2020:00:33:33 -0400] 0:0:0:0:0:0:0:1 "GET /admin-menu HTTP/1.1" 200 (7 ms) - -
[21/Jul/2020:00:33:47 -0400] 0:0:0:0:0:0:0:1 "GET /admin-menu HTTP/1.1" 200 (7 ms) - -
[21/Jul/2020:00:33:51 -0400] 0:0:0:0:0:0:0:1 "GET /list-allergies HTTP/1.1" 200 (10 ms) - -
[21/Jul/2020:00:35:04 -0400] 0:0:0:0:0:0:0:1 "GET /list-allergies HTTP/1.1" 200 (9 ms) - -
[21/Jul/2020:00:35:04 -0400] 0:0:0:0:0:0:0:1 "GET /css/site.css HTTP/1.1" 304 (4 ms) - -
[21/Jul/2020:00:36:08 -0400] 0:0:0:0:0:0:0:1 "GET /list-allergies HTTP/1.1" 200 (11 ms) - -
[21/Jul/2020:00:36:24 -0400] 0:0:0:0:0:0:0:1 "GET /list-allergies HTTP/1.1" 200 (10 ms) - -
[21/Jul/2020:00:36:24 -0400] 0:0:0:0:0:0:0:1 "GET /css/site.css HTTP/1.1" 304 (4 ms) - -
[21/Jul/2020:00:36:37 -0400] 0:0:0:0:0:0:0:1 "GET /list-allergies HTTP/1.1" 200 (7 ms) - -
[21/Jul/2020:00:36:54 -0400] 0:0:0:0:0:0:0:1 "GET /list-allergies HTTP/1.1" 200 (8 ms) - -
[21/Jul/2020:00:37:08 -0400] 0:0:0:0:0:0:0:1 "GET /list-allergies HTTP/1.1" 200 (7 ms) - -
[21/Jul/2020:00:39:33 -0400] 0:0:0:0:0:0:0:1 "GET /list-allergies HTTP/1.1" 200 (12 ms) - -
[21/Jul/2020:00:39:33 -0400] 0:0:0:0:0:0:0:1 "GET /css/site.css HTTP/1.1" 304 (5 ms) - -
[21/Jul/2020:00:42:41 -0400] 0:0:0:0:0:0:0:1 "GET /list-allergies HTTP/1.1" 200 (11 ms) - -
[21/Jul/2020:00:42:41 -0400] 0:0:0:0:0:0:0:1 "GET /css/site.css HTTP/1.1" 304 (5 ms) - -
[21/Jul/2020:00:42:47 -0400] 0:0:0:0:0:0:0:1 "GET /list-allergies HTTP/1.1" 200 (9 ms) - -
[21/Jul/2020:00:42:50 -0400] 0:0:0:0:0:0:0:1 "GET /list-allergies HTTP/1.1" 200 (7 ms) - -
[21/Jul/2020:00:43:37 -0400] 0:0:0:0:0:0:0:1 "GET /list-allergies HTTP/1.1" 200 (7 ms) - -
[21/Jul/2020:00:45:18 -0400] 0:0:0:0:0:0:0:1 "GET /list-allergies HTTP/1.1" 200 (12 ms) - -
[21/Jul/2020:00:45:19 -0400] 0:0:0:0:0:0:0:1 "GET /css/site.css HTTP/1.1" 304 (7 ms) - -
[21/Jul/2020:00:48:59 -0400] 0:0:0:0:0:0:0:1 "GET /list-allergies HTTP/1.1" 200 (10 ms) - -
[21/Jul/2020:00:48:59 -0400] 0:0:0:0:0:0:0:1 "GET /css/site.css HTTP/1.1" 304 (7 ms) - -
[21/Jul/2020:00:49:04 -0400] 0:0:0:0:0:0:0:1 "GET /list-allergies HTTP/1.1" 200 (8 ms) - -
[21/Jul/2020:00:49:29 -0400] 0:0:0:0:0:0:0:1 "GET /list-allergies HTTP/1.1" 200 (7 ms) - -
[21/Jul/2020:00:51:00 -0400] 0:0:0:0:0:0:0:1 "GET /list-allergies HTTP/1.1" 200 (11 ms) - -
[21/Jul/2020:00:51:12 -0400] 0:0:0:0:0:0:0:1 "GET /list-allergies HTTP/1.1" 200 (11 ms) - -
[21/Jul/2020:00:55:30 -0400] 0:0:0:0:0:0:0:1 "GET /list-allergies HTTP/1.1" 200 (30 ms) - -
[21/Jul/2020:00:55:30 -0400] 0:0:0:0:0:0:0:1 "GET /css/site.css HTTP/1.1" 304 (6 ms) - -
[21/Jul/2020:00:55:35 -0400] 0:0:0:0:0:0:0:1 "GET /edit-allergy/1 HTTP/1.1" 200 (40 ms) - -
[21/Jul/2020:00:55:37 -0400] 0:0:0:0:0:0:0:1 "GET /list-allergies HTTP/1.1" 200 (7 ms) - -
[21/Jul/2020:00:57:43 -0400] 0:0:0:0:0:0:0:1 "GET /list-allergies HTTP/1.1" 200 (15 ms) - -
[21/Jul/2020:00:58:02 -0400] 0:0:0:0:0:0:0:1 "GET /list-allergies HTTP/1.1" 200 (11 ms) - -
[21/Jul/2020:00:58:28 -0400] 0:0:0:0:0:0:0:1 "GET /list-allergies HTTP/1.1" 200 (7 ms) - -
[21/Jul/2020:00:58:54 -0400] 0:0:0:0:0:0:0:1 "GET /list-allergies HTTP/1.1" 200 (11 ms) - -
[21/Jul/2020:00:58:54 -0400] 0:0:0:0:0:0:0:1 "GET /css/site.css HTTP/1.1" 304 (5 ms) - -
[21/Jul/2020:01:00:50 -0400] 0:0:0:0:0:0:0:1 "GET /list-allergies HTTP/1.1" 200 (40 ms) - -
[21/Jul/2020:01:01:29 -0400] 0:0:0:0:0:0:0:1 "GET /list-allergies HTTP/1.1" 200 (11 ms) - -
[21/Jul/2020:01:11:13 -0400] 0:0:0:0:0:0:0:1 "GET / HTTP/1.1" 200 (384 ms) - -
[21/Jul/2020:01:11:13 -0400] 0:0:0:0:0:0:0:1 "GET /css/bootstrap.min.css HTTP/1.1" 304 (16 ms) - -
[21/Jul/2020:01:11:13 -0400] 0:0:0:0:0:0:0:1 "GET /css/site.css HTTP/1.1" 304 (17 ms) - -
[21/Jul/2020:01:11:13 -0400] 0:0:0:0:0:0:0:1 "GET /img/vlol_cover.jpg HTTP/1.1" 304 (7 ms) - -
[21/Jul/2020:01:11:16 -0400] 0:0:0:0:0:0:0:1 "GET /admin-menu HTTP/1.1" 302 (253 ms) - -
[21/Jul/2020:01:11:16 -0400] 0:0:0:0:0:0:0:1 "GET /login HTTP/1.1" 200 (17 ms) - -
[21/Jul/2020:01:11:16 -0400] 0:0:0:0:0:0:0:1 "GET /js/scripts.js HTTP/1.1" 304 (7 ms) - -
[21/Jul/2020:01:11:17 -0400] 0:0:0:0:0:0:0:1 "GET /img/vlol_logo.png HTTP/1.1" 304 (5 ms) - -
[21/Jul/2020:01:11:54 -0400] 0:0:0:0:0:0:0:1 "GET /login HTTP/1.1" 200 (11 ms) - -
[21/Jul/2020:01:12:42 -0400] 0:0:0:0:0:0:0:1 "GET /login HTTP/1.1" 200 (16 ms) - -
[21/Jul/2020:01:13:05 -0400] 0:0:0:0:0:0:0:1 "GET /login HTTP/1.1" 200 (9 ms) - -
[21/Jul/2020:01:13:48 -0400] 0:0:0:0:0:0:0:1 "GET /login HTTP/1.1" 200 (12 ms) - -
[21/Jul/2020:01:14:09 -0400] 0:0:0:0:0:0:0:1 "GET /login HTTP/1.1" 200 (8 ms) - -
[21/Jul/2020:01:14:36 -0400] 0:0:0:0:0:0:0:1 "GET /login HTTP/1.1" 200 (10 ms) - -
[21/Jul/2020:01:15:23 -0400] 0:0:0:0:0:0:0:1 "GET /login HTTP/1.1" 200 (11 ms) - -
[21/Jul/2020:01:15:34 -0400] 0:0:0:0:0:0:0:1 "GET /login HTTP/1.1" 200 (6 ms) - -
[21/Jul/2020:01:15:55 -0400] 0:0:0:0:0:0:0:1 "GET /login HTTP/1.1" 200 (9 ms) - -
[21/Jul/2020:01:16:11 -0400] 0:0:0:0:0:0:0:1 "GET /login HTTP/1.1" 200 (6 ms) - -
[21/Jul/2020:01:22:48 -0400] 0:0:0:0:0:0:0:1 "GET / HTTP/1.1" 200 (398 ms) - -
[21/Jul/2020:01:22:48 -0400] 0:0:0:0:0:0:0:1 "GET /css/site.css HTTP/1.1" 200 (27 ms) - -
[21/Jul/2020:01:22:48 -0400] 0:0:0:0:0:0:0:1 "GET /css/bootstrap.min.css HTTP/1.1" 200 (28 ms) - -
[21/Jul/2020:01:22:48 -0400] 0:0:0:0:0:0:0:1 "GET /img/vlol_cover.jpg HTTP/1.1" 200 (11 ms) - -
[21/Jul/2020:01:22:52 -0400] 0:0:0:0:0:0:0:1 "GET /admin-menu HTTP/1.1" 302 (251 ms) - -
[21/Jul/2020:01:22:52 -0400] 0:0:0:0:0:0:0:1 "GET /login HTTP/1.1" 200 (16 ms) - -
[21/Jul/2020:01:22:52 -0400] 0:0:0:0:0:0:0:1 "GET /js/scripts.js HTTP/1.1" 200 (10 ms) - -
[21/Jul/2020:01:22:52 -0400] 0:0:0:0:0:0:0:1 "GET /img/vlol_logo.png HTTP/1.1" 200 (8 ms) - -
[21/Jul/2020:01:22:59 -0400] 0:0:0:0:0:0:0:1 "GET /login HTTP/1.1" 200 (9 ms) - -
[21/Jul/2020:01:23:02 -0400] 0:0:0:0:0:0:0:1 "GET / HTTP/1.1" 200 (10 ms) - -
[21/Jul/2020:01:24:04 -0400] 0:0:0:0:0:0:0:1 "GET / HTTP/1.1" 200 (12 ms) - -
[21/Jul/2020:01:24:04 -0400] 0:0:0:0:0:0:0:1 "GET /css/bootstrap.min.css HTTP/1.1" 304 (5 ms) - -
[21/Jul/2020:01:24:04 -0400] 0:0:0:0:0:0:0:1 "GET /css/site.css HTTP/1.1" 304 (7 ms) - -
[21/Jul/2020:01:24:04 -0400] 0:0:0:0:0:0:0:1 "GET /img/vlol_cover.jpg HTTP/1.1" 304 (3 ms) - -
[21/Jul/2020:01:24:06 -0400] 0:0:0:0:0:0:0:1 "GET /login HTTP/1.1" 200 (14 ms) - -
[21/Jul/2020:01:24:06 -0400] 0:0:0:0:0:0:0:1 "GET /js/scripts.js HTTP/1.1" 304 (6 ms) - -
[21/Jul/2020:01:24:06 -0400] 0:0:0:0:0:0:0:1 "GET /img/vlol_logo.png HTTP/1.1" 304 (3 ms) - -
[21/Jul/2020:01:24:12 -0400] 0:0:0:0:0:0:0:1 "GET /login HTTP/1.1" 200 (6 ms) - -
[21/Jul/2020:01:29:13 -0400] 0:0:0:0:0:0:0:1 "GET / HTTP/1.1" 200 (385 ms) - -
[21/Jul/2020:01:29:13 -0400] 0:0:0:0:0:0:0:1 "GET /css/bootstrap.min.css HTTP/1.1" 304 (15 ms) - -
[21/Jul/2020:01:29:13 -0400] 0:0:0:0:0:0:0:1 "GET /css/site.css HTTP/1.1" 304 (15 ms) - -
[21/Jul/2020:01:29:13 -0400] 0:0:0:0:0:0:0:1 "GET /img/vlol_cover.jpg HTTP/1.1" 304 (4 ms) - -
[21/Jul/2020:01:29:17 -0400] 0:0:0:0:0:0:0:1 "GET /login HTTP/1.1" 200 (20 ms) - -
[21/Jul/2020:01:29:17 -0400] 0:0:0:0:0:0:0:1 "GET /js/scripts.js HTTP/1.1" 304 (8 ms) - -
[21/Jul/2020:01:29:17 -0400] 0:0:0:0:0:0:0:1 "GET /img/vlol_logo.png HTTP/1.1" 304 (5 ms) - -
[21/Jul/2020:01:30:43 -0400] 0:0:0:0:0:0:0:1 "GET /login HTTP/1.1" 200 (9 ms) - -
[21/Jul/2020:01:30:43 -0400] 0:0:0:0:0:0:0:1 "GET /js/scripts.js HTTP/1.1" 304 (5 ms) - -
[21/Jul/2020:01:30:43 -0400] 0:0:0:0:0:0:0:1 "GET /img/vlol_logo.png HTTP/1.1" 304 (4 ms) - -
[21/Jul/2020:01:31:12 -0400] 0:0:0:0:0:0:0:1 "GET /login HTTP/1.1" 200 (14 ms) - -
[21/Jul/2020:01:31:16 -0400] 0:0:0:0:0:0:0:1 "GET / HTTP/1.1" 200 (10 ms) - -
[21/Jul/2020:01:31:16 -0400] 0:0:0:0:0:0:0:1 "GET /css/bootstrap.min.css HTTP/1.1" 304 (4 ms) - -
[21/Jul/2020:01:31:16 -0400] 0:0:0:0:0:0:0:1 "GET /css/site.css HTTP/1.1" 304 (4 ms) - -
[21/Jul/2020:01:31:16 -0400] 0:0:0:0:0:0:0:1 "GET /img/vlol_cover.jpg HTTP/1.1" 304 (4 ms) - -
[21/Jul/2020:01:31:18 -0400] 0:0:0:0:0:0:0:1 "GET /login HTTP/1.1" 200 (8 ms) - -
[21/Jul/2020:01:32:03 -0400] 0:0:0:0:0:0:0:1 "GET /login HTTP/1.1" 200 (9 ms) - -
[21/Jul/2020:01:32:03 -0400] 0:0:0:0:0:0:0:1 "GET /img/vlol_logo.png HTTP/1.1" 304 (4 ms) - -
[21/Jul/2020:01:32:03 -0400] 0:0:0:0:0:0:0:1 "GET /js/scripts.js HTTP/1.1" 304 (5 ms) - -
[21/Jul/2020:01:32:39 -0400] 0:0:0:0:0:0:0:1 "GET /login HTTP/1.1" 200 (6 ms) - -
[21/Jul/2020:01:32:55 -0400] 0:0:0:0:0:0:0:1 "GET /registration HTTP/1.1" 200 (134 ms) - -
[21/Jul/2020:01:32:58 -0400] 0:0:0:0:0:0:0:1 "GET /login HTTP/1.1" 200 (6 ms) - -
[21/Jul/2020:01:33:17 -0400] 0:0:0:0:0:0:0:1 "POST /login HTTP/1.1" 302 (758 ms) - -
[21/Jul/2020:01:33:18 -0400] 0:0:0:0:0:0:0:1 "GET /admin-menu HTTP/1.1" 200 (41 ms) - -
[21/Jul/2020:01:33:18 -0400] 0:0:0:0:0:0:0:1 "GET /css/site.css HTTP/1.1" 304 (5 ms) - -
[21/Jul/2020:01:33:18 -0400] 0:0:0:0:0:0:0:1 "GET /favicon.ico HTTP/1.1" 404 (72 ms) - -
[21/Jul/2020:01:33:23 -0400] 0:0:0:0:0:0:0:1 "GET /list-allergies HTTP/1.1" 200 (29 ms) - -
[21/Jul/2020:01:33:54 -0400] 0:0:0:0:0:0:0:1 "GET /edit-allergy/1 HTTP/1.1" 200 (26 ms) - -
[21/Jul/2020:01:34:02 -0400] 0:0:0:0:0:0:0:1 "GET /list-allergies HTTP/1.1" 200 (18 ms) - -
[21/Jul/2020:01:34:04 -0400] 0:0:0:0:0:0:0:1 "GET /admin-menu HTTP/1.1" 200 (10 ms) - -
[21/Jul/2020:01:35:32 -0400] 0:0:0:0:0:0:0:1 "GET /admin-menu HTTP/1.1" 200 (10 ms) - -
[21/Jul/2020:01:35:32 -0400] 0:0:0:0:0:0:0:1 "GET /css/site.css HTTP/1.1" 304 (3 ms) - -
[21/Jul/2020:01:35:37 -0400] 0:0:0:0:0:0:0:1 "GET /admin-menu HTTP/1.1" 200 (10 ms) - -
[21/Jul/2020:01:39:11 -0400] 0:0:0:0:0:0:0:1 "GET /admin-menu HTTP/1.1" 200 (45 ms) - -
[21/Jul/2020:01:39:11 -0400] 0:0:0:0:0:0:0:1 "GET /css/site.css HTTP/1.1" 304 (3 ms) - -
[21/Jul/2020:01:39:16 -0400] 0:0:0:0:0:0:0:1 "GET /admin-menu HTTP/1.1" 200 (9 ms) - -
[21/Jul/2020:01:39:50 -0400] 0:0:0:0:0:0:0:1 "GET /admin-menu HTTP/1.1" 200 (12 ms) - -
[21/Jul/2020:01:40:18 -0400] 0:0:0:0:0:0:0:1 "GET /admin-menu HTTP/1.1" 200 (14 ms) - -
[21/Jul/2020:01:40:38 -0400] 0:0:0:0:0:0:0:1 "GET /admin-menu HTTP/1.1" 200 (9 ms) - -
[21/Jul/2020:01:41:25 -0400] 0:0:0:0:0:0:0:1 "GET /admin-menu HTTP/1.1" 200 (9 ms) - -
[21/Jul/2020:01:41:25 -0400] 0:0:0:0:0:0:0:1 "GET /css/site.css HTTP/1.1" 304 (7 ms) - -
[21/Jul/2020:01:41:35 -0400] 0:0:0:0:0:0:0:1 "GET /admin-menu HTTP/1.1" 200 (9 ms) - -
[21/Jul/2020:01:41:37 -0400] 0:0:0:0:0:0:0:1 "GET /list-allergies HTTP/1.1" 200 (12 ms) - -
[21/Jul/2020:01:41:45 -0400] 0:0:0:0:0:0:0:1 "GET /edit-allergy/1 HTTP/1.1" 200 (10 ms) - -
[21/Jul/2020:01:43:51 -0400] 0:0:0:0:0:0:0:1 "GET /edit-allergy/1 HTTP/1.1" 200 (10 ms) - -
[21/Jul/2020:01:43:55 -0400] 0:0:0:0:0:0:0:1 "POST /save-allergy HTTP/1.1" 302 (56 ms) - -
[21/Jul/2020:01:43:55 -0400] 0:0:0:0:0:0:0:1 "GET /list-allergies HTTP/1.1" 200 (9 ms) - -
[21/Jul/2020:01:43:55 -0400] 0:0:0:0:0:0:0:1 "GET /css/site.css HTTP/1.1" 304 (8 ms) - -
[21/Jul/2020:01:44:00 -0400] 0:0:0:0:0:0:0:1 "GET /edit-allergy/1 HTTP/1.1" 200 (9 ms) - -
[21/Jul/2020:01:44:02 -0400] 0:0:0:0:0:0:0:1 "POST /save-allergy HTTP/1.1" 500 (80 ms) - -
[21/Jul/2020:01:45:10 -0400] 0:0:0:0:0:0:0:1 "GET /edit-allergy/1 HTTP/1.1" 200 (10 ms) - -
[21/Jul/2020:01:45:13 -0400] 0:0:0:0:0:0:0:1 "GET /edit-allergy/1 HTTP/1.1" 200 (8 ms) - -
[21/Jul/2020:01:45:16 -0400] 0:0:0:0:0:0:0:1 "POST /save-allergy HTTP/1.1" 500 (55 ms) - -
[21/Jul/2020:01:45:19 -0400] 0:0:0:0:0:0:0:1 "GET /edit-allergy/1 HTTP/1.1" 200 (8 ms) - -
[21/Jul/2020:01:45:20 -0400] 0:0:0:0:0:0:0:1 "GET /list-allergies HTTP/1.1" 200 (9 ms) - -
[21/Jul/2020:01:45:31 -0400] 0:0:0:0:0:0:0:1 "GET /edit-allergy/2 HTTP/1.1" 200 (10 ms) - -
[21/Jul/2020:01:45:34 -0400] 0:0:0:0:0:0:0:1 "POST /save-allergy HTTP/1.1" 302 (7 ms) - -
[21/Jul/2020:01:45:34 -0400] 0:0:0:0:0:0:0:1 "GET /list-allergies HTTP/1.1" 200 (11 ms) - -
[21/Jul/2020:01:45:41 -0400] 0:0:0:0:0:0:0:1 "GET /edit-allergy/2 HTTP/1.1" 200 (9 ms) - -
[21/Jul/2020:01:45:45 -0400] 0:0:0:0:0:0:0:1 "POST /save-allergy HTTP/1.1" 500 (51 ms) - -
[21/Jul/2020:01:45:51 -0400] 0:0:0:0:0:0:0:1 "GET /edit-allergy/2 HTTP/1.1" 200 (6 ms) - -
[21/Jul/2020:01:45:54 -0400] 0:0:0:0:0:0:0:1 "GET /list-allergies HTTP/1.1" 200 (10 ms) - -
[21/Jul/2020:01:46:28 -0400] 0:0:0:0:0:0:0:1 "GET /list-allergies HTTP/1.1" 200 (13 ms) - -
[21/Jul/2020:01:46:32 -0400] 0:0:0:0:0:0:0:1 "GET /edit-allergy/2 HTTP/1.1" 200 (9 ms) - -
[21/Jul/2020:01:46:35 -0400] 0:0:0:0:0:0:0:1 "POST /save-allergy HTTP/1.1" 500 (35 ms) - -
[21/Jul/2020:01:49:09 -0400] 0:0:0:0:0:0:0:1 "GET / HTTP/1.1" 200 (385 ms) - -
[21/Jul/2020:01:49:09 -0400] 0:0:0:0:0:0:0:1 "GET /css/site.css HTTP/1.1" 200 (28 ms) - -
[21/Jul/2020:01:49:09 -0400] 0:0:0:0:0:0:0:1 "GET /css/bootstrap.min.css HTTP/1.1" 200 (25 ms) - -
[21/Jul/2020:01:49:09 -0400] 0:0:0:0:0:0:0:1 "GET /img/vlol_cover.jpg HTTP/1.1" 200 (8 ms) - -
[21/Jul/2020:01:49:11 -0400] 0:0:0:0:0:0:0:1 "GET /login HTTP/1.1" 200 (23 ms) - -
[21/Jul/2020:01:49:11 -0400] 0:0:0:0:0:0:0:1 "GET /img/vlol_logo.png HTTP/1.1" 200 (6 ms) - -
[21/Jul/2020:01:49:11 -0400] 0:0:0:0:0:0:0:1 "GET /js/scripts.js HTTP/1.1" 200 (10 ms) - -
[21/Jul/2020:01:49:31 -0400] 0:0:0:0:0:0:0:1 "POST /login HTTP/1.1" 302 (759 ms) - -
[21/Jul/2020:01:49:31 -0400] 0:0:0:0:0:0:0:1 "GET /admin-menu HTTP/1.1" 200 (87 ms) - -
[21/Jul/2020:01:49:31 -0400] 0:0:0:0:0:0:0:1 "GET /css/site.css HTTP/1.1" 304 (9 ms) - -
[21/Jul/2020:01:49:32 -0400] 0:0:0:0:0:0:0:1 "GET /favicon.ico HTTP/1.1" 404 (70 ms) - -
[21/Jul/2020:01:49:37 -0400] 0:0:0:0:0:0:0:1 "GET /list-allergies HTTP/1.1" 200 (48 ms) - -
[21/Jul/2020:01:49:39 -0400] 0:0:0:0:0:0:0:1 "GET /edit-allergy/2 HTTP/1.1" 200 (46 ms) - -
[21/Jul/2020:01:49:42 -0400] 0:0:0:0:0:0:0:1 "POST /save-allergy HTTP/1.1" 500 (134 ms) - -
[21/Jul/2020:01:50:18 -0400] 0:0:0:0:0:0:0:1 "GET /edit-allergy/2 HTTP/1.1" 200 (10 ms) - -
[21/Jul/2020:01:51:17 -0400] 0:0:0:0:0:0:0:1 "GET / HTTP/1.1" 200 (374 ms) - -
[21/Jul/2020:01:51:17 -0400] 0:0:0:0:0:0:0:1 "GET /css/site.css HTTP/1.1" 304 (15 ms) - -
[21/Jul/2020:01:51:17 -0400] 0:0:0:0:0:0:0:1 "GET /css/bootstrap.min.css HTTP/1.1" 304 (15 ms) - -
[21/Jul/2020:01:51:17 -0400] 0:0:0:0:0:0:0:1 "GET /img/vlol_cover.jpg HTTP/1.1" 304 (4 ms) - -
[21/Jul/2020:01:51:19 -0400] 0:0:0:0:0:0:0:1 "GET /login HTTP/1.1" 200 (19 ms) - -
[21/Jul/2020:01:51:19 -0400] 0:0:0:0:0:0:0:1 "GET /js/scripts.js HTTP/1.1" 304 (6 ms) - -
[21/Jul/2020:01:51:19 -0400] 0:0:0:0:0:0:0:1 "GET /img/vlol_logo.png HTTP/1.1" 304 (4 ms) - -
[21/Jul/2020:01:51:34 -0400] 0:0:0:0:0:0:0:1 "POST /login HTTP/1.1" 302 (764 ms) - -
[21/Jul/2020:01:51:34 -0400] 0:0:0:0:0:0:0:1 "GET /admin-menu HTTP/1.1" 200 (83 ms) - -
[21/Jul/2020:01:51:35 -0400] 0:0:0:0:0:0:0:1 "GET /favicon.ico HTTP/1.1" 404 (71 ms) - -
[21/Jul/2020:01:51:36 -0400] 0:0:0:0:0:0:0:1 "GET /list-allergies HTTP/1.1" 200 (49 ms) - -
[21/Jul/2020:01:51:37 -0400] 0:0:0:0:0:0:0:1 "GET /favicon.ico HTTP/1.1" 404 (5 ms) - -
[21/Jul/2020:01:51:37 -0400] 0:0:0:0:0:0:0:1 "GET /favicon.ico HTTP/1.1" 404 (4 ms) - -
[21/Jul/2020:01:51:37 -0400] 0:0:0:0:0:0:0:1 "GET /favicon.ico HTTP/1.1" 404 (6 ms) - -
[21/Jul/2020:01:51:40 -0400] 0:0:0:0:0:0:0:1 "GET /edit-allergy/1 HTTP/1.1" 200 (37 ms) - -
[21/Jul/2020:01:51:41 -0400] 0:0:0:0:0:0:0:1 "GET /favicon.ico HTTP/1.1" 404 (4 ms) - -
[21/Jul/2020:01:51:43 -0400] 0:0:0:0:0:0:0:1 "POST /save-allergy HTTP/1.1" 500 (116 ms) - -
[21/Jul/2020:01:52:16 -0400] 0:0:0:0:0:0:0:1 "GET /edit-allergy/1 HTTP/1.1" 200 (13 ms) - -
[21/Jul/2020:01:53:19 -0400] 0:0:0:0:0:0:0:1 "GET /list-allergies HTTP/1.1" 200 (18 ms) - -
[21/Jul/2020:01:53:19 -0400] 0:0:0:0:0:0:0:1 "GET /css/site.css HTTP/1.1" 304 (9 ms) - -
[21/Jul/2020:01:53:22 -0400] 0:0:0:0:0:0:0:1 "GET /edit-allergy/3 HTTP/1.1" 200 (10 ms) - -
[21/Jul/2020:01:53:26 -0400] 0:0:0:0:0:0:0:1 "POST /save-allergy HTTP/1.1" 302 (16 ms) - -
[21/Jul/2020:01:53:26 -0400] 0:0:0:0:0:0:0:1 "GET /list-allergies HTTP/1.1" 200 (14 ms) - -
[21/Jul/2020:01:53:30 -0400] 0:0:0:0:0:0:0:1 "GET /edit-allergy/3 HTTP/1.1" 200 (11 ms) - -
[21/Jul/2020:01:53:34 -0400] 0:0:0:0:0:0:0:1 "POST /save-allergy HTTP/1.1" 302 (6 ms) - -
[21/Jul/2020:01:53:34 -0400] 0:0:0:0:0:0:0:1 "GET /list-allergies HTTP/1.1" 200 (15 ms) - -
[21/Jul/2020:01:53:36 -0400] 0:0:0:0:0:0:0:1 "GET /edit-allergy/2 HTTP/1.1" 200 (10 ms) - -
[21/Jul/2020:01:53:40 -0400] 0:0:0:0:0:0:0:1 "POST /save-allergy HTTP/1.1" 500 (42 ms) - -
[21/Jul/2020:01:53:47 -0400] 0:0:0:0:0:0:0:1 "GET /edit-allergy/2 HTTP/1.1" 200 (8 ms) - -
[21/Jul/2020:01:53:49 -0400] 0:0:0:0:0:0:0:1 "GET /list-allergies HTTP/1.1" 200 (16 ms) - -
[21/Jul/2020:01:53:51 -0400] 0:0:0:0:0:0:0:1 "GET /edit-allergy/4 HTTP/1.1" 200 (7 ms) - -
[21/Jul/2020:01:53:59 -0400] 0:0:0:0:0:0:0:1 "POST /save-allergy HTTP/1.1" 302 (9 ms) - -
[21/Jul/2020:01:53:59 -0400] 0:0:0:0:0:0:0:1 "GET /list-allergies HTTP/1.1" 200 (13 ms) - -
[21/Jul/2020:01:53:59 -0400] 0:0:0:0:0:0:0:1 "GET /css/site.css HTTP/1.1" 304 (5 ms) - -
[21/Jul/2020:01:54:02 -0400] 0:0:0:0:0:0:0:1 "GET /edit-allergy/4 HTTP/1.1" 200 (7 ms) - -
[21/Jul/2020:01:54:06 -0400] 0:0:0:0:0:0:0:1 "POST /save-allergy HTTP/1.1" 302 (9 ms) - -
[21/Jul/2020:01:54:06 -0400] 0:0:0:0:0:0:0:1 "GET /list-allergies HTTP/1.1" 200 (12 ms) - -
[21/Jul/2020:01:54:31 -0400] 0:0:0:0:0:0:0:1 "GET /admin-menu HTTP/1.1" 200 (14 ms) - -
[21/Jul/2020:01:54:33 -0400] 0:0:0:0:0:0:0:1 "GET / HTTP/1.1" 200 (8 ms) - -
[21/Jul/2020:01:54:33 -0400] 0:0:0:0:0:0:0:1 "GET /css/bootstrap.min.css HTTP/1.1" 304 (6 ms) - -
[21/Jul/2020:01:54:33 -0400] 0:0:0:0:0:0:0:1 "GET /img/vlol_cover.jpg HTTP/1.1" 304 (8 ms) - -
[21/Jul/2020:01:54:36 -0400] 0:0:0:0:0:0:0:1 "GET /admin-menu HTTP/1.1" 200 (9 ms) - -
[21/Jul/2020:01:54:37 -0400] 0:0:0:0:0:0:0:1 "GET /logout HTTP/1.1" 302 (7 ms) - -
[21/Jul/2020:01:54:37 -0400] 0:0:0:0:0:0:0:1 "GET / HTTP/1.1" 200 (5 ms) - -
