[02/Aug/2020:18:39:57 -0400] 0:0:0:0:0:0:0:1 "GET / HTTP/1.1" 200 (2110 ms) - -
[02/Aug/2020:18:39:57 -0400] 0:0:0:0:0:0:0:1 "GET /css/styles.css HTTP/1.1" 200 (121 ms) - -
[02/Aug/2020:18:39:57 -0400] 0:0:0:0:0:0:0:1 "GET /js/scripts.js HTTP/1.1" 200 (123 ms) - -
[02/Aug/2020:18:39:57 -0400] 0:0:0:0:0:0:0:1 "GET /img/vlol_icon.png HTTP/1.1" 200 (18 ms) - -
[02/Aug/2020:18:39:57 -0400] 0:0:0:0:0:0:0:1 "GET /img/vlol_cover.jpg HTTP/1.1" 200 (25 ms) - -
[02/Aug/2020:18:40:05 -0400] 0:0:0:0:0:0:0:1 "GET /registration HTTP/1.1" 200 (1314 ms) - -
[02/Aug/2020:18:40:08 -0400] 0:0:0:0:0:0:0:1 "GET /login HTTP/1.1" 200 (121 ms) - -
[02/Aug/2020:18:40:08 -0400] 0:0:0:0:0:0:0:1 "GET /img/vlol_logo.png HTTP/1.1" 200 (12 ms) - -
[02/Aug/2020:18:40:43 -0400] 0:0:0:0:0:0:0:1 "POST /login HTTP/1.1" 302 (1124 ms) - -
[02/Aug/2020:18:40:43 -0400] 0:0:0:0:0:0:0:1 "GET /admin-menu HTTP/1.1" 200 (85 ms) - -
[02/Aug/2020:18:41:28 -0400] 0:0:0:0:0:0:0:1 "GET /admin-menu HTTP/1.1" 200 (31 ms) - -
[02/Aug/2020:18:41:28 -0400] 0:0:0:0:0:0:0:1 "GET /img/vlol_icon.png HTTP/1.1" 200 (6 ms) - -
[02/Aug/2020:18:46:23 -0400] 0:0:0:0:0:0:0:1 "GET /admin-menu HTTP/1.1" 200 (145 ms) - -
[02/Aug/2020:18:46:23 -0400] 0:0:0:0:0:0:0:1 "GET /css/styles.css HTTP/1.1" 304 (12 ms) - -
[02/Aug/2020:18:46:23 -0400] 0:0:0:0:0:0:0:1 "GET /js/scripts.js HTTP/1.1" 304 (12 ms) - -
[02/Aug/2020:18:46:23 -0400] 0:0:0:0:0:0:0:1 "GET /img/vlol_icon.png HTTP/1.1" 304 (4 ms) - -
[02/Aug/2020:18:46:23 -0400] 0:0:0:0:0:0:0:1 "GET /img/vlol_icon.png HTTP/1.1" 200 (7 ms) - -
[02/Aug/2020:18:46:26 -0400] 0:0:0:0:0:0:0:1 "GET /list-users HTTP/1.1" 200 (63 ms) - -
[02/Aug/2020:18:46:28 -0400] 0:0:0:0:0:0:0:1 "GET /view-user/1 HTTP/1.1" 200 (324 ms) - -
[02/Aug/2020:18:47:06 -0400] 0:0:0:0:0:0:0:1 "GET /view-user/1 HTTP/1.1" 200 (636 ms) - -
[02/Aug/2020:18:47:08 -0400] 0:0:0:0:0:0:0:1 "GET /img/vlol_icon.png HTTP/1.1" 200 (8 ms) - -
[02/Aug/2020:18:48:49 -0400] 0:0:0:0:0:0:0:1 "GET /admin-menu HTTP/1.1" 200 (32 ms) - -
[02/Aug/2020:18:48:51 -0400] 0:0:0:0:0:0:0:1 "GET /list-users HTTP/1.1" 200 (118 ms) - -
[02/Aug/2020:18:49:00 -0400] 0:0:0:0:0:0:0:1 "GET /view-user/1 HTTP/1.1" 200 (284 ms) - -
[02/Aug/2020:18:49:10 -0400] 0:0:0:0:0:0:0:1 "GET /view-user/1 HTTP/1.1" 200 (236 ms) - -
[02/Aug/2020:18:49:11 -0400] 0:0:0:0:0:0:0:1 "GET /favicon.ico HTTP/1.1" 404 (76 ms) - -
[02/Aug/2020:18:51:26 -0400] 0:0:0:0:0:0:0:1 "GET /img/vlol_icon.png HTTP/1.1" 304 (17 ms) - -
[02/Aug/2020:18:51:26 -0400] 0:0:0:0:0:0:0:1 "GET /view-user/1 HTTP/1.1" 200 (249 ms) - -
[02/Aug/2020:18:51:26 -0400] 0:0:0:0:0:0:0:1 "GET /css/styles.css HTTP/1.1" 304 (32 ms) - -
[02/Aug/2020:18:52:12 -0400] 0:0:0:0:0:0:0:1 "GET /view-user/1 HTTP/1.1" 200 (332 ms) - -
[02/Aug/2020:18:52:14 -0400] 0:0:0:0:0:0:0:1 "GET /img/vlol_icon.png HTTP/1.1" 200 (35 ms) - -
[02/Aug/2020:18:53:06 -0400] 0:0:0:0:0:0:0:1 "GET /list-users HTTP/1.1" 200 (40 ms) - -
[02/Aug/2020:18:53:09 -0400] 0:0:0:0:0:0:0:1 "GET /view-user/1 HTTP/1.1" 200 (165 ms) - -
[02/Aug/2020:18:53:14 -0400] 0:0:0:0:0:0:0:1 "GET /list-users HTTP/1.1" 200 (39 ms) - -
[02/Aug/2020:18:53:20 -0400] 0:0:0:0:0:0:0:1 "GET /view-user/2 HTTP/1.1" 200 (177 ms) - -
[02/Aug/2020:18:53:24 -0400] 0:0:0:0:0:0:0:1 "GET /list-users HTTP/1.1" 200 (44 ms) - -
[02/Aug/2020:18:53:27 -0400] 0:0:0:0:0:0:0:1 "GET /js/scripts.js HTTP/1.1" 304 (8 ms) - -
[02/Aug/2020:18:53:27 -0400] 0:0:0:0:0:0:0:1 "GET /edit-user/1 HTTP/1.1" 200 (211 ms) - -
[02/Aug/2020:18:53:36 -0400] 0:0:0:0:0:0:0:1 "POST /update-user HTTP/1.1" 302 (298 ms) - -
[02/Aug/2020:18:53:36 -0400] 0:0:0:0:0:0:0:1 "GET /list-users HTTP/1.1" 200 (52 ms) - -
[02/Aug/2020:18:53:39 -0400] 0:0:0:0:0:0:0:1 "GET /view-user/1 HTTP/1.1" 200 (139 ms) - -
[02/Aug/2020:18:58:32 -0400] 0:0:0:0:0:0:0:1 "GET / HTTP/1.1" 200 (3227 ms) - -
[02/Aug/2020:18:58:32 -0400] 0:0:0:0:0:0:0:1 "GET /css/styles.css HTTP/1.1" 304 (61 ms) - -
[02/Aug/2020:18:58:32 -0400] 0:0:0:0:0:0:0:1 "GET /js/scripts.js HTTP/1.1" 304 (61 ms) - -
[02/Aug/2020:18:58:33 -0400] 0:0:0:0:0:0:0:1 "GET /img/vlol_icon.png HTTP/1.1" 304 (476 ms) - -
[02/Aug/2020:18:58:33 -0400] 0:0:0:0:0:0:0:1 "GET /img/vlol_cover.jpg HTTP/1.1" 304 (34 ms) - -
[02/Aug/2020:18:58:35 -0400] 0:0:0:0:0:0:0:1 "GET /login HTTP/1.1" 200 (126 ms) - -
[02/Aug/2020:18:58:35 -0400] 0:0:0:0:0:0:0:1 "GET /img/vlol_logo.png HTTP/1.1" 304 (29 ms) - -
[02/Aug/2020:18:58:51 -0400] 0:0:0:0:0:0:0:1 "POST /login HTTP/1.1" 302 (2160 ms) - -
[02/Aug/2020:18:58:52 -0400] 0:0:0:0:0:0:0:1 "GET /admin-menu HTTP/1.1" 200 (572 ms) - -
[02/Aug/2020:19:00:06 -0400] 0:0:0:0:0:0:0:1 "GET /list-users HTTP/1.1" 200 (113 ms) - -
[02/Aug/2020:19:00:09 -0400] 0:0:0:0:0:0:0:1 "GET /view-user/1 HTTP/1.1" 200 (715 ms) - -
[02/Aug/2020:19:00:16 -0400] 0:0:0:0:0:0:0:1 "GET /view-user/1 HTTP/1.1" 200 (551 ms) - -
[02/Aug/2020:19:03:01 -0400] 0:0:0:0:0:0:0:1 "GET /admin-menu HTTP/1.1" 200 (33 ms) - -
[02/Aug/2020:19:03:04 -0400] 0:0:0:0:0:0:0:1 "GET /qr-capture HTTP/1.1" 200 (30 ms) - -
[02/Aug/2020:19:03:04 -0400] 0:0:0:0:0:0:0:1 "GET /js/html5-qrcode.min.js HTTP/1.1" 200 (28 ms) - -
[02/Aug/2020:19:03:28 -0400] 0:0:0:0:0:0:0:1 "GET /view-user/2 HTTP/1.1" 200 (311 ms) - -
[02/Aug/2020:19:03:31 -0400] 0:0:0:0:0:0:0:1 "GET /admin-menu HTTP/1.1" 200 (24 ms) - -
[02/Aug/2020:19:03:33 -0400] 0:0:0:0:0:0:0:1 "GET /qr-capture HTTP/1.1" 200 (18 ms) - -
[02/Aug/2020:19:03:50 -0400] 0:0:0:0:0:0:0:1 "GET /view-user/2 HTTP/1.1" 200 (213 ms) - -
[02/Aug/2020:19:03:50 -0400] 0:0:0:0:0:0:0:1 "GET /css/styles.css HTTP/1.1" 304 (10 ms) - -
[02/Aug/2020:19:03:51 -0400] 0:0:0:0:0:0:0:1 "GET /img/vlol_icon.png HTTP/1.1" 304 (4 ms) - -
[02/Aug/2020:19:03:57 -0400] 0:0:0:0:0:0:0:1 "GET /admin-menu HTTP/1.1" 200 (33 ms) - -
[02/Aug/2020:19:04:00 -0400] 0:0:0:0:0:0:0:1 "GET /qr-capture HTTP/1.1" 200 (18 ms) - -
[02/Aug/2020:19:04:00 -0400] 0:0:0:0:0:0:0:1 "GET /js/scripts.js HTTP/1.1" 304 (6 ms) - -
[02/Aug/2020:19:04:48 -0400] 0:0:0:0:0:0:0:1 "GET /view-user/1 HTTP/1.1" 200 (372 ms) - -
[02/Aug/2020:19:04:48 -0400] 0:0:0:0:0:0:0:1 "GET /view-user/1 HTTP/1.1" 200 (310 ms) - -
[02/Aug/2020:19:04:49 -0400] 0:0:0:0:0:0:0:1 "GET /view-user/1 HTTP/1.1" 200 (601 ms) - -
[02/Aug/2020:19:04:59 -0400] 0:0:0:0:0:0:0:1 "GET /admin-menu HTTP/1.1" 200 (32 ms) - -
[02/Aug/2020:19:05:02 -0400] 0:0:0:0:0:0:0:1 "GET /qr-capture HTTP/1.1" 200 (27 ms) - -
[02/Aug/2020:19:06:23 -0400] 0:0:0:0:0:0:0:1 "GET /admin-menu HTTP/1.1" 200 (27 ms) - -
[02/Aug/2020:19:07:04 -0400] 0:0:0:0:0:0:0:1 "GET /list-users HTTP/1.1" 200 (58 ms) - -
[02/Aug/2020:19:07:06 -0400] 0:0:0:0:0:0:0:1 "GET /view-user/1 HTTP/1.1" 200 (185 ms) - -
[02/Aug/2020:19:10:06 -0400] 0:0:0:0:0:0:0:1 "GET /list-users HTTP/1.1" 200 (44 ms) - -
[02/Aug/2020:19:10:09 -0400] 0:0:0:0:0:0:0:1 "GET /admin-menu HTTP/1.1" 200 (25 ms) - -
[02/Aug/2020:19:10:09 -0400] 0:0:0:0:0:0:0:1 "GET /css/styles.css HTTP/1.1" 304 (9 ms) - -
[02/Aug/2020:19:10:09 -0400] 0:0:0:0:0:0:0:1 "GET /js/scripts.js HTTP/1.1" 304 (7 ms) - -
[02/Aug/2020:19:10:09 -0400] 0:0:0:0:0:0:0:1 "GET /img/vlol_icon.png HTTP/1.1" 304 (10 ms) - -
[02/Aug/2020:19:10:10 -0400] 0:0:0:0:0:0:0:1 "GET /list-roles HTTP/1.1" 200 (32 ms) - -
[02/Aug/2020:19:14:42 -0400] 0:0:0:0:0:0:0:1 "GET /admin-menu HTTP/1.1" 200 (24 ms) - -
[02/Aug/2020:19:22:06 -0400] 0:0:0:0:0:0:0:1 "GET /list-roles HTTP/1.1" 200 (20 ms) - -
[02/Aug/2020:19:22:06 -0400] 0:0:0:0:0:0:0:1 "GET /css/styles.css HTTP/1.1" 304 (5 ms) - -
[02/Aug/2020:19:22:06 -0400] 0:0:0:0:0:0:0:1 "GET /img/vlol_icon.png HTTP/1.1" 304 (7 ms) - -
[02/Aug/2020:19:22:35 -0400] 0:0:0:0:0:0:0:1 "GET /list-roles HTTP/1.1" 200 (22 ms) - -
[02/Aug/2020:19:22:36 -0400] 0:0:0:0:0:0:0:1 "GET /img/vlol_icon.png HTTP/1.1" 200 (7 ms) - -
[02/Aug/2020:19:22:41 -0400] 0:0:0:0:0:0:0:1 "GET /logout HTTP/1.1" 302 (6 ms) - -
[02/Aug/2020:19:22:41 -0400] 0:0:0:0:0:0:0:1 "GET / HTTP/1.1" 200 (14 ms) - -
[02/Aug/2020:19:22:41 -0400] 0:0:0:0:0:0:0:1 "GET /js/scripts.js HTTP/1.1" 304 (4 ms) - -
[02/Aug/2020:19:22:42 -0400] 0:0:0:0:0:0:0:1 "GET /img/vlol_cover.jpg HTTP/1.1" 304 (5 ms) - -
[02/Aug/2020:19:22:43 -0400] 0:0:0:0:0:0:0:1 "GET /login HTTP/1.1" 200 (15 ms) - -
[02/Aug/2020:19:22:43 -0400] 0:0:0:0:0:0:0:1 "GET /img/vlol_logo.png HTTP/1.1" 304 (5 ms) - -
[02/Aug/2020:19:23:15 -0400] 0:0:0:0:0:0:0:1 "POST /login HTTP/1.1" 302 (392 ms) - -
[02/Aug/2020:19:23:15 -0400] 0:0:0:0:0:0:0:1 "GET /admin-menu HTTP/1.1" 200 (31 ms) - -
[02/Aug/2020:19:23:19 -0400] 0:0:0:0:0:0:0:1 "GET /list-users HTTP/1.1" 200 (67 ms) - -
[02/Aug/2020:19:23:58 -0400] 0:0:0:0:0:0:0:1 "GET /list-users HTTP/1.1" 200 (41 ms) - -
[02/Aug/2020:19:24:09 -0400] 0:0:0:0:0:0:0:1 "GET /logout HTTP/1.1" 302 (6 ms) - -
[02/Aug/2020:19:24:09 -0400] 0:0:0:0:0:0:0:1 "GET / HTTP/1.1" 200 (11 ms) - -
[02/Aug/2020:19:24:12 -0400] 0:0:0:0:0:0:0:1 "GET /login HTTP/1.1" 200 (21 ms) - -
[02/Aug/2020:19:24:36 -0400] 0:0:0:0:0:0:0:1 "POST /login HTTP/1.1" 302 (375 ms) - -
[02/Aug/2020:19:24:36 -0400] 0:0:0:0:0:0:0:1 "GET /admin-menu HTTP/1.1" 200 (17 ms) - -
[02/Aug/2020:19:24:38 -0400] 0:0:0:0:0:0:0:1 "GET /list-users HTTP/1.1" 200 (36 ms) - -
[02/Aug/2020:19:24:51 -0400] 0:0:0:0:0:0:0:1 "GET /list-users HTTP/1.1" 200 (34 ms) - -
[02/Aug/2020:19:25:13 -0400] 0:0:0:0:0:0:0:1 "GET /list-users HTTP/1.1" 200 (32 ms) - -
[02/Aug/2020:19:28:07 -0400] 0:0:0:0:0:0:0:1 "GET /list-users HTTP/1.1" 200 (34 ms) - -
[02/Aug/2020:19:28:08 -0400] 0:0:0:0:0:0:0:1 "GET /img/vlol_icon.png HTTP/1.1" 200 (5 ms) - -
[02/Aug/2020:19:28:24 -0400] 0:0:0:0:0:0:0:1 "GET /list-users HTTP/1.1" 200 (62 ms) - -
[02/Aug/2020:19:28:25 -0400] 0:0:0:0:0:0:0:1 "GET /img/vlol_icon.png HTTP/1.1" 200 (4 ms) - -
[02/Aug/2020:19:28:28 -0400] 0:0:0:0:0:0:0:1 "GET /logout HTTP/1.1" 302 (4 ms) - -
[02/Aug/2020:19:28:28 -0400] 0:0:0:0:0:0:0:1 "GET / HTTP/1.1" 200 (11 ms) - -
[02/Aug/2020:19:28:29 -0400] 0:0:0:0:0:0:0:1 "GET /login HTTP/1.1" 200 (14 ms) - -
[02/Aug/2020:19:28:47 -0400] 0:0:0:0:0:0:0:1 "POST /login HTTP/1.1" 302 (362 ms) - -
[02/Aug/2020:19:28:47 -0400] 0:0:0:0:0:0:0:1 "GET /admin-menu HTTP/1.1" 200 (17 ms) - -
[02/Aug/2020:19:28:48 -0400] 0:0:0:0:0:0:0:1 "GET /list-users HTTP/1.1" 200 (24 ms) - -
[02/Aug/2020:19:30:01 -0400] 0:0:0:0:0:0:0:1 "GET /logout HTTP/1.1" 302 (8 ms) - -
[02/Aug/2020:19:30:01 -0400] 0:0:0:0:0:0:0:1 "GET / HTTP/1.1" 200 (14 ms) - -
[02/Aug/2020:19:30:01 -0400] 0:0:0:0:0:0:0:1 "GET /css/styles.css HTTP/1.1" 304 (4 ms) - -
[02/Aug/2020:19:30:48 -0400] 0:0:0:0:0:0:0:1 "GET /login HTTP/1.1" 200 (16 ms) - -
[02/Aug/2020:19:30:48 -0400] 0:0:0:0:0:0:0:1 "GET /js/scripts.js HTTP/1.1" 304 (4 ms) - -
[02/Aug/2020:19:30:48 -0400] 0:0:0:0:0:0:0:1 "GET /img/vlol_logo.png HTTP/1.1" 304 (8 ms) - -
[02/Aug/2020:19:31:06 -0400] 0:0:0:0:0:0:0:1 "POST /login HTTP/1.1" 302 (380 ms) - -
[02/Aug/2020:19:31:06 -0400] 0:0:0:0:0:0:0:1 "GET /admin-menu HTTP/1.1" 200 (13 ms) - -
[02/Aug/2020:19:31:09 -0400] 0:0:0:0:0:0:0:1 "GET /list-users HTTP/1.1" 200 (37 ms) - -
[02/Aug/2020:19:31:15 -0400] 0:0:0:0:0:0:0:1 "GET /list-users HTTP/1.1" 200 (30 ms) - -
[02/Aug/2020:19:31:23 -0400] 0:0:0:0:0:0:0:1 "GET /logout HTTP/1.1" 302 (5 ms) - -
[02/Aug/2020:19:31:23 -0400] 0:0:0:0:0:0:0:1 "GET / HTTP/1.1" 200 (22 ms) - -
[02/Aug/2020:19:31:23 -0400] 0:0:0:0:0:0:0:1 "GET /img/vlol_cover.jpg HTTP/1.1" 304 (4 ms) - -
[02/Aug/2020:19:31:25 -0400] 0:0:0:0:0:0:0:1 "GET /login HTTP/1.1" 200 (15 ms) - -
[02/Aug/2020:19:31:36 -0400] 0:0:0:0:0:0:0:1 "POST /login HTTP/1.1" 302 (390 ms) - -
[02/Aug/2020:19:31:36 -0400] 0:0:0:0:0:0:0:1 "GET /admin-menu HTTP/1.1" 200 (15 ms) - -
[02/Aug/2020:19:32:05 -0400] 0:0:0:0:0:0:0:1 "GET /list-users HTTP/1.1" 200 (32 ms) - -
[02/Aug/2020:19:32:34 -0400] 0:0:0:0:0:0:0:1 "GET /logout HTTP/1.1" 302 (3 ms) - -
[02/Aug/2020:19:32:34 -0400] 0:0:0:0:0:0:0:1 "GET / HTTP/1.1" 200 (10 ms) - -
[02/Aug/2020:19:32:36 -0400] 0:0:0:0:0:0:0:1 "GET /login HTTP/1.1" 200 (17 ms) - -
[02/Aug/2020:19:32:47 -0400] 0:0:0:0:0:0:0:1 "POST /login HTTP/1.1" 302 (377 ms) - -
[02/Aug/2020:19:32:47 -0400] 0:0:0:0:0:0:0:1 "GET /admin-menu HTTP/1.1" 200 (16 ms) - -
[02/Aug/2020:19:32:50 -0400] 0:0:0:0:0:0:0:1 "GET /list-users HTTP/1.1" 200 (26 ms) - -
[02/Aug/2020:19:32:56 -0400] 0:0:0:0:0:0:0:1 "GET /edit-users HTTP/1.1" 404 (62 ms) - -
[02/Aug/2020:19:32:56 -0400] 0:0:0:0:0:0:0:1 "GET /img/error.gif HTTP/1.1" 200 (22 ms) - -
[02/Aug/2020:19:33:04 -0400] 0:0:0:0:0:0:0:1 "GET /list-users HTTP/1.1" 200 (23 ms) - -
[02/Aug/2020:19:33:06 -0400] 0:0:0:0:0:0:0:1 "GET /view-user/1 HTTP/1.1" 200 (137 ms) - -
[02/Aug/2020:19:33:08 -0400] 0:0:0:0:0:0:0:1 "GET /list-users HTTP/1.1" 200 (24 ms) - -
[02/Aug/2020:19:33:12 -0400] 0:0:0:0:0:0:0:1 "GET /edit-users/1 HTTP/1.1" 404 (26 ms) - -
[02/Aug/2020:19:33:41 -0400] 0:0:0:0:0:0:0:1 "GET /edit-user/1 HTTP/1.1" 200 (510 ms) - -
[02/Aug/2020:19:34:20 -0400] 0:0:0:0:0:0:0:1 "GET /logout HTTP/1.1" 302 (2 ms) - -
[02/Aug/2020:19:34:20 -0400] 0:0:0:0:0:0:0:1 "GET / HTTP/1.1" 200 (9 ms) - -
[02/Aug/2020:19:36:29 -0400] 0:0:0:0:0:0:0:1 "GET / HTTP/1.1" 200 (32 ms) - -
[02/Aug/2020:19:36:29 -0400] 0:0:0:0:0:0:0:1 "GET /img/vlol_icon.png HTTP/1.1" 200 (6 ms) - -
[02/Aug/2020:19:39:12 -0400] 0:0:0:0:0:0:0:1 "GET / HTTP/1.1" 500 (341 ms) - -
[02/Aug/2020:19:39:12 -0400] 0:0:0:0:0:0:0:1 "GET /css/styles.css HTTP/1.1" 304 (4 ms) - -
[02/Aug/2020:19:39:13 -0400] 0:0:0:0:0:0:0:1 "GET /login HTTP/1.1" 500 (184 ms) - -
[02/Aug/2020:19:39:16 -0400] 0:0:0:0:0:0:0:1 "GET /login HTTP/1.1" 500 (54 ms) - -
[02/Aug/2020:19:39:16 -0400] 0:0:0:0:0:0:0:1 "GET /img/vlol_icon.png HTTP/1.1" 200 (5 ms) - -
[02/Aug/2020:19:39:20 -0400] 0:0:0:0:0:0:0:1 "GET / HTTP/1.1" 500 (90 ms) - -
[02/Aug/2020:19:39:20 -0400] 0:0:0:0:0:0:0:1 "GET /js/scripts.js HTTP/1.1" 304 (8 ms) - -
[02/Aug/2020:19:40:24 -0400] 0:0:0:0:0:0:0:1 "GET / HTTP/1.1" 200 (12 ms) - -
[02/Aug/2020:19:40:24 -0400] 0:0:0:0:0:0:0:1 "GET /img/vlol_cover.jpg HTTP/1.1" 304 (5 ms) - -
[02/Aug/2020:19:40:24 -0400] 0:0:0:0:0:0:0:1 "GET /img/vlol_icon.png HTTP/1.1" 200 (3 ms) - -
[02/Aug/2020:19:40:27 -0400] 0:0:0:0:0:0:0:1 "GET /login HTTP/1.1" 200 (12 ms) - -
[02/Aug/2020:19:40:27 -0400] 0:0:0:0:0:0:0:1 "GET /img/vlol_logo.png HTTP/1.1" 304 (6 ms) - -
[02/Aug/2020:19:40:55 -0400] 0:0:0:0:0:0:0:1 "POST /login HTTP/1.1" 302 (364 ms) - -
[02/Aug/2020:19:40:55 -0400] 0:0:0:0:0:0:0:1 "GET /admin-menu HTTP/1.1" 500 (107 ms) - -
[02/Aug/2020:19:42:53 -0400] 0:0:0:0:0:0:0:1 "GET /admin-menu HTTP/1.1" 500 (254 ms) - -
[02/Aug/2020:19:42:53 -0400] 0:0:0:0:0:0:0:1 "GET /img/vlol_icon.png HTTP/1.1" 200 (3 ms) - -
[02/Aug/2020:19:44:17 -0400] 0:0:0:0:0:0:0:1 "GET /admin-menu HTTP/1.1" 500 (75 ms) - -
[02/Aug/2020:19:44:17 -0400] 0:0:0:0:0:0:0:1 "GET /img/vlol_icon.png HTTP/1.1" 200 (6 ms) - -
[02/Aug/2020:19:45:37 -0400] 0:0:0:0:0:0:0:1 "GET /admin-menu HTTP/1.1" 500 (69 ms) - -
[02/Aug/2020:19:45:37 -0400] 0:0:0:0:0:0:0:1 "GET /img/vlol_icon.png HTTP/1.1" 200 (7 ms) - -
[02/Aug/2020:19:46:05 -0400] 0:0:0:0:0:0:0:1 "GET /admin-menu HTTP/1.1" 200 (13 ms) - -
[02/Aug/2020:19:46:06 -0400] 0:0:0:0:0:0:0:1 "GET /img/vlol_icon.png HTTP/1.1" 200 (6 ms) - -
[02/Aug/2020:19:46:17 -0400] 0:0:0:0:0:0:0:1 "GET /list-users HTTP/1.1" 500 (61 ms) - -
[02/Aug/2020:19:46:18 -0400] 0:0:0:0:0:0:0:1 "GET /img/error.gif HTTP/1.1" 304 (3 ms) - -
[02/Aug/2020:19:46:20 -0400] 0:0:0:0:0:0:0:1 "GET /admin-menu HTTP/1.1" 200 (14 ms) - -
[02/Aug/2020:19:46:22 -0400] 0:0:0:0:0:0:0:1 "GET /admin-menu HTTP/1.1" 200 (19 ms) - -
[02/Aug/2020:19:46:22 -0400] 0:0:0:0:0:0:0:1 "GET /img/vlol_icon.png HTTP/1.1" 200 (13 ms) - -
[02/Aug/2020:19:46:38 -0400] 0:0:0:0:0:0:0:1 "GET /admin-menu HTTP/1.1" 200 (20 ms) - -
[02/Aug/2020:19:46:38 -0400] 0:0:0:0:0:0:0:1 "GET /img/vlol_icon.png HTTP/1.1" 200 (7 ms) - -
[02/Aug/2020:19:46:50 -0400] 0:0:0:0:0:0:0:1 "GET /list-users HTTP/1.1" 500 (65 ms) - -
[02/Aug/2020:19:47:20 -0400] 0:0:0:0:0:0:0:1 "GET /list-users HTTP/1.1" 500 (64 ms) - -
[02/Aug/2020:19:47:20 -0400] 0:0:0:0:0:0:0:1 "GET /img/vlol_icon.png HTTP/1.1" 200 (8 ms) - -
[02/Aug/2020:19:47:21 -0400] 0:0:0:0:0:0:0:1 "GET /admin-menu HTTP/1.1" 200 (18 ms) - -
[02/Aug/2020:19:47:22 -0400] 0:0:0:0:0:0:0:1 "GET /list-users HTTP/1.1" 500 (69 ms) - -
[02/Aug/2020:19:48:09 -0400] 0:0:0:0:0:0:0:1 "GET /list-users HTTP/1.1" 200 (25 ms) - -
[02/Aug/2020:19:48:10 -0400] 0:0:0:0:0:0:0:1 "GET /img/vlol_icon.png HTTP/1.1" 200 (6 ms) - -
[02/Aug/2020:19:48:13 -0400] 0:0:0:0:0:0:0:1 "GET /logout HTTP/1.1" 302 (2 ms) - -
[02/Aug/2020:19:48:13 -0400] 0:0:0:0:0:0:0:1 "GET / HTTP/1.1" 200 (9 ms) - -
[02/Aug/2020:19:48:15 -0400] 0:0:0:0:0:0:0:1 "GET /login HTTP/1.1" 200 (11 ms) - -
[02/Aug/2020:19:48:25 -0400] 0:0:0:0:0:0:0:1 "POST /login HTTP/1.1" 302 (388 ms) - -
[02/Aug/2020:19:48:25 -0400] 0:0:0:0:0:0:0:1 "GET /admin-menu HTTP/1.1" 200 (17 ms) - -
[02/Aug/2020:19:48:40 -0400] 0:0:0:0:0:0:0:1 "GET /list-users HTTP/1.1" 200 (34 ms) - -
[02/Aug/2020:19:48:40 -0400] 0:0:0:0:0:0:0:1 "GET /css/styles.css HTTP/1.1" 304 (7 ms) - -
[02/Aug/2020:19:48:46 -0400] 0:0:0:0:0:0:0:1 "GET /edit-user/2 HTTP/1.1" 200 (194 ms) - -
[02/Aug/2020:19:48:46 -0400] 0:0:0:0:0:0:0:1 "GET /js/scripts.js HTTP/1.1" 304 (6 ms) - -
[02/Aug/2020:19:48:55 -0400] 0:0:0:0:0:0:0:1 "POST /update-user HTTP/1.1" 302 (144 ms) - -
[02/Aug/2020:19:48:55 -0400] 0:0:0:0:0:0:0:1 "GET /list-users HTTP/1.1" 200 (32 ms) - -
[02/Aug/2020:19:49:57 -0400] 0:0:0:0:0:0:0:1 "GET /list-users HTTP/1.1" 200 (26 ms) - -
[02/Aug/2020:19:49:58 -0400] 0:0:0:0:0:0:0:1 "GET /img/vlol_icon.png HTTP/1.1" 200 (7 ms) - -
[02/Aug/2020:19:50:00 -0400] 0:0:0:0:0:0:0:1 "GET /logout HTTP/1.1" 302 (2 ms) - -
[02/Aug/2020:19:50:00 -0400] 0:0:0:0:0:0:0:1 "GET / HTTP/1.1" 200 (8 ms) - -
[02/Aug/2020:19:50:00 -0400] 0:0:0:0:0:0:0:1 "GET /img/vlol_cover.jpg HTTP/1.1" 304 (4 ms) - -
[02/Aug/2020:19:50:03 -0400] 0:0:0:0:0:0:0:1 "GET /login HTTP/1.1" 200 (12 ms) - -
[02/Aug/2020:19:50:03 -0400] 0:0:0:0:0:0:0:1 "GET /img/vlol_logo.png HTTP/1.1" 304 (5 ms) - -
[02/Aug/2020:19:50:20 -0400] 0:0:0:0:0:0:0:1 "POST /login HTTP/1.1" 302 (354 ms) - -
[02/Aug/2020:19:50:20 -0400] 0:0:0:0:0:0:0:1 "GET /admin-menu HTTP/1.1" 200 (11 ms) - -
[02/Aug/2020:19:50:23 -0400] 0:0:0:0:0:0:0:1 "GET /list-users HTTP/1.1" 200 (23 ms) - -
[02/Aug/2020:19:54:26 -0400] 0:0:0:0:0:0:0:1 "GET / HTTP/1.1" 200 (8 ms) - -
[02/Aug/2020:19:54:30 -0400] 0:0:0:0:0:0:0:1 "GET /admin-menu HTTP/1.1" 200 (27 ms) - -
[02/Aug/2020:19:56:21 -0400] 0:0:0:0:0:0:0:1 "GET /admin-menu HTTP/1.1" 200 (23 ms) - -
[02/Aug/2020:19:56:21 -0400] 0:0:0:0:0:0:0:1 "GET /img/vlol_icon.png HTTP/1.1" 200 (5 ms) - -
[02/Aug/2020:19:57:45 -0400] 0:0:0:0:0:0:0:1 "GET /admin-menu HTTP/1.1" 500 (67 ms) - -
[02/Aug/2020:19:57:45 -0400] 0:0:0:0:0:0:0:1 "GET /img/vlol_icon.png HTTP/1.1" 200 (4 ms) - -
[02/Aug/2020:19:58:54 -0400] 0:0:0:0:0:0:0:1 "GET /admin-menu HTTP/1.1" 500 (64 ms) - -
[02/Aug/2020:19:58:54 -0400] 0:0:0:0:0:0:0:1 "GET /img/vlol_icon.png HTTP/1.1" 200 (3 ms) - -
[02/Aug/2020:20:04:35 -0400] 0:0:0:0:0:0:0:1 "GET /admin-menu HTTP/1.1" 500 (90 ms) - -
[02/Aug/2020:20:04:35 -0400] 0:0:0:0:0:0:0:1 "GET /css/styles.css HTTP/1.1" 304 (5 ms) - -
[02/Aug/2020:20:04:35 -0400] 0:0:0:0:0:0:0:1 "GET /js/scripts.js HTTP/1.1" 304 (6 ms) - -
[02/Aug/2020:20:04:35 -0400] 0:0:0:0:0:0:0:1 "GET /img/vlol_icon.png HTTP/1.1" 200 (5 ms) - -
[02/Aug/2020:20:04:36 -0400] 0:0:0:0:0:0:0:1 "GET /admin-menu HTTP/1.1" 500 (78 ms) - -
[02/Aug/2020:20:04:37 -0400] 0:0:0:0:0:0:0:1 "GET /img/vlol_icon.png HTTP/1.1" 200 (8 ms) - -
[02/Aug/2020:20:05:04 -0400] 0:0:0:0:0:0:0:1 "GET /admin-menu HTTP/1.1" 200 (13 ms) - -
[02/Aug/2020:20:05:04 -0400] 0:0:0:0:0:0:0:1 "GET /img/vlol_icon.png HTTP/1.1" 200 (10 ms) - -
[02/Aug/2020:20:05:24 -0400] 0:0:0:0:0:0:0:1 "GET /admin-menu HTTP/1.1" 500 (98 ms) - -
[02/Aug/2020:20:05:25 -0400] 0:0:0:0:0:0:0:1 "GET /img/vlol_icon.png HTTP/1.1" 200 (4 ms) - -
[02/Aug/2020:20:06:55 -0400] 0:0:0:0:0:0:0:1 "GET /admin-menu HTTP/1.1" 200 (17 ms) - -
[02/Aug/2020:20:06:55 -0400] 0:0:0:0:0:0:0:1 "GET /img/vlol_icon.png HTTP/1.1" 200 (4 ms) - -
[02/Aug/2020:20:08:19 -0400] 0:0:0:0:0:0:0:1 "GET /admin-menu HTTP/1.1" 200 (32 ms) - -
[02/Aug/2020:20:08:20 -0400] 0:0:0:0:0:0:0:1 "GET /img/vlol_icon.png HTTP/1.1" 200 (5 ms) - -
[02/Aug/2020:20:09:12 -0400] 0:0:0:0:0:0:0:1 "GET /admin-menu HTTP/1.1" 200 (16 ms) - -
[02/Aug/2020:20:09:12 -0400] 0:0:0:0:0:0:0:1 "GET /img/vlol_icon.png HTTP/1.1" 200 (4 ms) - -
[02/Aug/2020:20:09:48 -0400] 0:0:0:0:0:0:0:1 "GET /admin-menu HTTP/1.1" 200 (14 ms) - -
[02/Aug/2020:20:09:49 -0400] 0:0:0:0:0:0:0:1 "GET /img/vlol_icon.png HTTP/1.1" 200 (3 ms) - -
[02/Aug/2020:20:09:50 -0400] 0:0:0:0:0:0:0:1 "GET /admin-menu HTTP/1.1" 200 (15 ms) - -
[02/Aug/2020:20:09:50 -0400] 0:0:0:0:0:0:0:1 "GET /img/vlol_icon.png HTTP/1.1" 200 (5 ms) - -
[02/Aug/2020:20:11:36 -0400] 0:0:0:0:0:0:0:1 "GET /admin-menu HTTP/1.1" 200 (23 ms) - -
[02/Aug/2020:20:11:37 -0400] 0:0:0:0:0:0:0:1 "GET /img/vlol_icon.png HTTP/1.1" 200 (4 ms) - -
[02/Aug/2020:20:11:40 -0400] 0:0:0:0:0:0:0:1 "GET /admin-menu HTTP/1.1" 200 (31 ms) - -
[02/Aug/2020:20:11:40 -0400] 0:0:0:0:0:0:0:1 "GET /img/vlol_icon.png HTTP/1.1" 200 (4 ms) - -
[02/Aug/2020:20:12:04 -0400] 0:0:0:0:0:0:0:1 "GET /admin-menu HTTP/1.1" 200 (32 ms) - -
[02/Aug/2020:20:12:04 -0400] 0:0:0:0:0:0:0:1 "GET /img/vlol_icon.png HTTP/1.1" 200 (6 ms) - -
[02/Aug/2020:20:12:05 -0400] 0:0:0:0:0:0:0:1 "GET /admin-menu HTTP/1.1" 200 (12 ms) - -
[02/Aug/2020:20:12:05 -0400] 0:0:0:0:0:0:0:1 "GET /img/vlol_icon.png HTTP/1.1" 200 (6 ms) - -
[02/Aug/2020:20:12:26 -0400] 0:0:0:0:0:0:0:1 "GET /admin-menu HTTP/1.1" 200 (13 ms) - -
[02/Aug/2020:20:12:26 -0400] 0:0:0:0:0:0:0:1 "GET /img/vlol_icon.png HTTP/1.1" 200 (10 ms) - -
[02/Aug/2020:20:12:31 -0400] 0:0:0:0:0:0:0:1 "GET /admin-menu HTTP/1.1" 200 (11 ms) - -
[02/Aug/2020:20:12:31 -0400] 0:0:0:0:0:0:0:1 "GET /img/vlol_icon.png HTTP/1.1" 200 (4 ms) - -
[02/Aug/2020:20:13:09 -0400] 0:0:0:0:0:0:0:1 "GET /admin-menu HTTP/1.1" 200 (18 ms) - -
[02/Aug/2020:20:13:09 -0400] 0:0:0:0:0:0:0:1 "GET /img/vlol_icon.png HTTP/1.1" 200 (4 ms) - -
[02/Aug/2020:20:14:02 -0400] 0:0:0:0:0:0:0:1 "GET /admin-menu HTTP/1.1" 200 (13 ms) - -
[02/Aug/2020:20:14:02 -0400] 0:0:0:0:0:0:0:1 "GET /img/vlol_icon.png HTTP/1.1" 200 (8 ms) - -
[02/Aug/2020:20:15:45 -0400] 0:0:0:0:0:0:0:1 "GET /admin-menu HTTP/1.1" 200 (18 ms) - -
[02/Aug/2020:20:15:46 -0400] 0:0:0:0:0:0:0:1 "GET /img/vlol_icon.png HTTP/1.1" 200 (4 ms) - -
[02/Aug/2020:20:16:03 -0400] 0:0:0:0:0:0:0:1 "GET /admin-menu HTTP/1.1" 200 (19 ms) - -
[02/Aug/2020:20:16:03 -0400] 0:0:0:0:0:0:0:1 "GET /img/vlol_icon.png HTTP/1.1" 200 (5 ms) - -
[02/Aug/2020:20:16:04 -0400] 0:0:0:0:0:0:0:1 "GET /admin-menu HTTP/1.1" 200 (12 ms) - -
[02/Aug/2020:20:16:04 -0400] 0:0:0:0:0:0:0:1 "GET /img/vlol_icon.png HTTP/1.1" 200 (4 ms) - -
[02/Aug/2020:20:16:42 -0400] 0:0:0:0:0:0:0:1 "GET /admin-menu HTTP/1.1" 200 (10 ms) - -
[02/Aug/2020:20:16:42 -0400] 0:0:0:0:0:0:0:1 "GET /css/styles.css HTTP/1.1" 304 (3 ms) - -
[02/Aug/2020:20:16:42 -0400] 0:0:0:0:0:0:0:1 "GET /js/scripts.js HTTP/1.1" 304 (3 ms) - -
[02/Aug/2020:20:16:42 -0400] 0:0:0:0:0:0:0:1 "GET /img/vlol_icon.png HTTP/1.1" 200 (4 ms) - -
[02/Aug/2020:20:18:25 -0400] 0:0:0:0:0:0:0:1 "GET / HTTP/1.1" 200 (1543 ms) - -
[02/Aug/2020:20:18:25 -0400] 0:0:0:0:0:0:0:1 "GET /img/vlol_cover.jpg HTTP/1.1" 304 (18 ms) - -
[02/Aug/2020:20:18:27 -0400] 0:0:0:0:0:0:0:1 "GET /login HTTP/1.1" 200 (57 ms) - -
[02/Aug/2020:20:18:27 -0400] 0:0:0:0:0:0:0:1 "GET /img/vlol_logo.png HTTP/1.1" 304 (10 ms) - -
[02/Aug/2020:20:18:41 -0400] 0:0:0:0:0:0:0:1 "POST /login HTTP/1.1" 302 (756 ms) - -
[02/Aug/2020:20:18:41 -0400] 0:0:0:0:0:0:0:1 "GET /admin-menu HTTP/1.1" 200 (214 ms) - -
[02/Aug/2020:20:20:58 -0400] 0:0:0:0:0:0:0:1 "GET /admin-menu HTTP/1.1" 200 (59 ms) - -
[02/Aug/2020:20:20:58 -0400] 0:0:0:0:0:0:0:1 "GET /img/vlol_icon.png HTTP/1.1" 200 (41 ms) - -
[02/Aug/2020:20:21:39 -0400] 0:0:0:0:0:0:0:1 "GET /admin-menu HTTP/1.1" 200 (45 ms) - -
[02/Aug/2020:20:21:40 -0400] 0:0:0:0:0:0:0:1 "GET /img/vlol_icon.png HTTP/1.1" 200 (39 ms) - -
[02/Aug/2020:20:22:05 -0400] 0:0:0:0:0:0:0:1 "GET /admin-menu HTTP/1.1" 200 (48 ms) - -
[02/Aug/2020:20:22:05 -0400] 0:0:0:0:0:0:0:1 "GET /img/vlol_icon.png HTTP/1.1" 200 (8 ms) - -
[02/Aug/2020:20:22:06 -0400] 0:0:0:0:0:0:0:1 "GET /admin-menu HTTP/1.1" 200 (30 ms) - -
[02/Aug/2020:20:22:07 -0400] 0:0:0:0:0:0:0:1 "GET /img/vlol_icon.png HTTP/1.1" 200 (11 ms) - -
[02/Aug/2020:20:22:41 -0400] 0:0:0:0:0:0:0:1 "GET /admin-menu HTTP/1.1" 200 (36 ms) - -
[02/Aug/2020:20:22:41 -0400] 0:0:0:0:0:0:0:1 "GET /img/vlol_icon.png HTTP/1.1" 200 (8 ms) - -
[02/Aug/2020:20:22:58 -0400] 0:0:0:0:0:0:0:1 "GET /admin-menu HTTP/1.1" 200 (61 ms) - -
[02/Aug/2020:20:22:59 -0400] 0:0:0:0:0:0:0:1 "GET /img/vlol_icon.png HTTP/1.1" 200 (12 ms) - -
[02/Aug/2020:20:25:52 -0400] 0:0:0:0:0:0:0:1 "GET /admin-menu HTTP/1.1" 200 (39 ms) - -
[02/Aug/2020:20:25:52 -0400] 0:0:0:0:0:0:0:1 "GET /img/vlol_icon.png HTTP/1.1" 200 (7 ms) - -
[02/Aug/2020:20:27:06 -0400] 0:0:0:0:0:0:0:1 "GET /admin-menu HTTP/1.1" 200 (48 ms) - -
[02/Aug/2020:20:27:06 -0400] 0:0:0:0:0:0:0:1 "GET /img/vlol_icon.png HTTP/1.1" 200 (5 ms) - -
[02/Aug/2020:20:27:48 -0400] 0:0:0:0:0:0:0:1 "GET /admin-menu HTTP/1.1" 200 (24 ms) - -
[02/Aug/2020:20:27:49 -0400] 0:0:0:0:0:0:0:1 "GET /img/vlol_icon.png HTTP/1.1" 200 (23 ms) - -
[02/Aug/2020:20:28:10 -0400] 0:0:0:0:0:0:0:1 "GET /admin-menu HTTP/1.1" 200 (33 ms) - -
[02/Aug/2020:20:28:10 -0400] 0:0:0:0:0:0:0:1 "GET /img/vlol_icon.png HTTP/1.1" 200 (7 ms) - -
[02/Aug/2020:20:28:50 -0400] 0:0:0:0:0:0:0:1 "GET /admin-menu HTTP/1.1" 200 (27 ms) - -
[02/Aug/2020:20:28:51 -0400] 0:0:0:0:0:0:0:1 "GET /img/vlol_icon.png HTTP/1.1" 200 (4 ms) - -
[02/Aug/2020:20:30:07 -0400] 0:0:0:0:0:0:0:1 "GET /admin-menu HTTP/1.1" 200 (26 ms) - -
[02/Aug/2020:20:30:07 -0400] 0:0:0:0:0:0:0:1 "GET /js/scripts.js HTTP/1.1" 304 (8 ms) - -
[02/Aug/2020:20:30:07 -0400] 0:0:0:0:0:0:0:1 "GET /css/styles.css HTTP/1.1" 304 (11 ms) - -
[02/Aug/2020:20:30:07 -0400] 0:0:0:0:0:0:0:1 "GET /img/vlol_icon.png HTTP/1.1" 200 (11 ms) - -
[02/Aug/2020:20:30:08 -0400] 0:0:0:0:0:0:0:1 "GET /logout HTTP/1.1" 302 (7 ms) - -
[02/Aug/2020:20:30:08 -0400] 0:0:0:0:0:0:0:1 "GET / HTTP/1.1" 200 (41 ms) - -
[02/Aug/2020:20:30:40 -0400] 0:0:0:0:0:0:0:1 "GET / HTTP/1.1" 200 (16 ms) - -
[02/Aug/2020:20:30:40 -0400] 0:0:0:0:0:0:0:1 "GET /img/vlol_icon.png HTTP/1.1" 200 (6 ms) - -
[02/Aug/2020:20:30:42 -0400] 0:0:0:0:0:0:0:1 "GET /login HTTP/1.1" 200 (20 ms) - -
[02/Aug/2020:20:30:53 -0400] 0:0:0:0:0:0:0:1 "POST /login HTTP/1.1" 302 (383 ms) - -
[02/Aug/2020:20:30:53 -0400] 0:0:0:0:0:0:0:1 "GET /admin-menu HTTP/1.1" 200 (16 ms) - -
[02/Aug/2020:20:31:39 -0400] 0:0:0:0:0:0:0:1 "GET /admin-menu HTTP/1.1" 200 (25 ms) - -
[02/Aug/2020:20:31:39 -0400] 0:0:0:0:0:0:0:1 "GET /img/vlol_icon.png HTTP/1.1" 200 (6 ms) - -
[02/Aug/2020:20:32:06 -0400] 0:0:0:0:0:0:0:1 "GET /admin-menu HTTP/1.1" 200 (27 ms) - -
[02/Aug/2020:20:32:06 -0400] 0:0:0:0:0:0:0:1 "GET /img/vlol_icon.png HTTP/1.1" 200 (12 ms) - -
[02/Aug/2020:20:34:59 -0400] 0:0:0:0:0:0:0:1 "GET /admin-menu HTTP/1.1" 200 (147 ms) - -
[02/Aug/2020:20:35:00 -0400] 0:0:0:0:0:0:0:1 "GET /img/vlol_icon.png HTTP/1.1" 200 (8 ms) - -
[02/Aug/2020:20:35:11 -0400] 0:0:0:0:0:0:0:1 "GET /logout HTTP/1.1" 302 (5 ms) - -
[02/Aug/2020:20:35:11 -0400] 0:0:0:0:0:0:0:1 "GET / HTTP/1.1" 200 (36 ms) - -
[02/Aug/2020:20:35:12 -0400] 0:0:0:0:0:0:0:1 "GET /img/vlol_cover.jpg HTTP/1.1" 304 (4 ms) - -
[02/Aug/2020:20:35:13 -0400] 0:0:0:0:0:0:0:1 "GET /login HTTP/1.1" 200 (20 ms) - -
[02/Aug/2020:20:35:13 -0400] 0:0:0:0:0:0:0:1 "GET /img/vlol_logo.png HTTP/1.1" 304 (7 ms) - -
[02/Aug/2020:20:35:51 -0400] 0:0:0:0:0:0:0:1 "POST /login HTTP/1.1" 302 (478 ms) - -
[02/Aug/2020:20:35:51 -0400] 0:0:0:0:0:0:0:1 "GET /admin-menu HTTP/1.1" 200 (29 ms) - -
[02/Aug/2020:20:36:52 -0400] 0:0:0:0:0:0:0:1 "GET /admin-menu HTTP/1.1" 200 (84 ms) - -
[02/Aug/2020:20:36:53 -0400] 0:0:0:0:0:0:0:1 "GET /img/vlol_icon.png HTTP/1.1" 200 (9 ms) - -
[02/Aug/2020:20:36:55 -0400] 0:0:0:0:0:0:0:1 "GET /logout HTTP/1.1" 302 (4 ms) - -
[02/Aug/2020:20:36:55 -0400] 0:0:0:0:0:0:0:1 "GET / HTTP/1.1" 200 (41 ms) - -
[02/Aug/2020:20:36:56 -0400] 0:0:0:0:0:0:0:1 "GET /login HTTP/1.1" 200 (17 ms) - -
[02/Aug/2020:20:37:11 -0400] 0:0:0:0:0:0:0:1 "POST /login HTTP/1.1" 302 (391 ms) - -
[02/Aug/2020:20:37:11 -0400] 0:0:0:0:0:0:0:1 "GET /admin-menu HTTP/1.1" 200 (42 ms) - -
[02/Aug/2020:20:37:15 -0400] 0:0:0:0:0:0:0:1 "GET /list-users HTTP/1.1" 200 (140 ms) - -
[02/Aug/2020:20:37:25 -0400] 0:0:0:0:0:0:0:1 "GET /admin-menu HTTP/1.1" 200 (48 ms) - -
[02/Aug/2020:20:37:53 -0400] 0:0:0:0:0:0:0:1 "GET /list-users HTTP/1.1" 200 (80 ms) - -
[02/Aug/2020:20:38:13 -0400] 0:0:0:0:0:0:0:1 "GET /logout HTTP/1.1" 302 (5 ms) - -
[02/Aug/2020:20:38:13 -0400] 0:0:0:0:0:0:0:1 "GET / HTTP/1.1" 200 (14 ms) - -
[02/Aug/2020:20:38:14 -0400] 0:0:0:0:0:0:0:1 "GET /login HTTP/1.1" 200 (22 ms) - -
[02/Aug/2020:20:38:27 -0400] 0:0:0:0:0:0:0:1 "POST /login HTTP/1.1" 302 (373 ms) - -
[02/Aug/2020:20:38:27 -0400] 0:0:0:0:0:0:0:1 "GET /admin-menu HTTP/1.1" 200 (17 ms) - -
[02/Aug/2020:20:38:29 -0400] 0:0:0:0:0:0:0:1 "GET /list-users HTTP/1.1" 200 (40 ms) - -
[02/Aug/2020:20:38:34 -0400] 0:0:0:0:0:0:0:1 "GET /edit-user/2 HTTP/1.1" 200 (824 ms) - -
[02/Aug/2020:20:38:43 -0400] 0:0:0:0:0:0:0:1 "POST /update-user HTTP/1.1" 302 (159 ms) - -
[02/Aug/2020:20:38:43 -0400] 0:0:0:0:0:0:0:1 "GET /list-users HTTP/1.1" 200 (67 ms) - -
[02/Aug/2020:20:38:50 -0400] 0:0:0:0:0:0:0:1 "GET /list-users HTTP/1.1" 200 (36 ms) - -
[02/Aug/2020:20:38:51 -0400] 0:0:0:0:0:0:0:1 "GET /img/vlol_icon.png HTTP/1.1" 200 (4 ms) - -
[02/Aug/2020:20:39:02 -0400] 0:0:0:0:0:0:0:1 "GET /admin-menu HTTP/1.1" 200 (22 ms) - -
[02/Aug/2020:20:39:07 -0400] 0:0:0:0:0:0:0:1 "GET /list-users HTTP/1.1" 200 (45 ms) - -
[02/Aug/2020:20:40:20 -0400] 0:0:0:0:0:0:0:1 "GET / HTTP/1.1" 200 (18 ms) - -
[02/Aug/2020:20:40:22 -0400] 0:0:0:0:0:0:0:1 "GET /admin-menu HTTP/1.1" 200 (16 ms) - -
[02/Aug/2020:20:41:04 -0400] 0:0:0:0:0:0:0:1 "GET /list-allergies HTTP/1.1" 200 (41 ms) - -
[02/Aug/2020:20:41:06 -0400] 0:0:0:0:0:0:0:1 "GET /admin-menu HTTP/1.1" 200 (29 ms) - -
[02/Aug/2020:20:42:16 -0400] 0:0:0:0:0:0:0:1 "GET /admin-menu HTTP/1.1" 200 (245 ms) - -
[02/Aug/2020:20:42:17 -0400] 0:0:0:0:0:0:0:1 "GET /img/vlol_icon.png HTTP/1.1" 200 (9 ms) - -
[02/Aug/2020:20:42:19 -0400] 0:0:0:0:0:0:0:1 "GET / HTTP/1.1" 200 (15 ms) - -
[02/Aug/2020:20:42:20 -0400] 0:0:0:0:0:0:0:1 "GET /admin-menu HTTP/1.1" 200 (16 ms) - -
[02/Aug/2020:20:44:46 -0400] 0:0:0:0:0:0:0:1 "GET /admin-menu HTTP/1.1" 200 (44 ms) - -
[02/Aug/2020:20:44:46 -0400] 0:0:0:0:0:0:0:1 "GET /js/scripts.js HTTP/1.1" 304 (9 ms) - -
[02/Aug/2020:20:44:46 -0400] 0:0:0:0:0:0:0:1 "GET /css/styles.css HTTP/1.1" 304 (15 ms) - -
[02/Aug/2020:20:44:47 -0400] 0:0:0:0:0:0:0:1 "GET /img/vlol_icon.png HTTP/1.1" 200 (15 ms) - -
[02/Aug/2020:20:44:51 -0400] 127.0.0.1 "GET / HTTP/1.1" 200 (350 ms) - -
[02/Aug/2020:20:44:55 -0400] 127.0.0.1 "GET /admin-menu HTTP/1.1" 200 (38 ms) - -
[02/Aug/2020:20:45:43 -0400] 0:0:0:0:0:0:0:1 "GET /logout HTTP/1.1" 302 (50 ms) - -
[02/Aug/2020:20:45:43 -0400] 0:0:0:0:0:0:0:1 "GET / HTTP/1.1" 500 (169 ms) - -
[02/Aug/2020:20:45:43 -0400] 127.0.0.1 "GET /img/error.gif HTTP/1.1" 304 (8 ms) - -
[02/Aug/2020:20:45:49 -0400] 127.0.0.1 "GET / HTTP/1.1" 500 (34 ms) - -
[02/Aug/2020:20:45:52 -0400] 127.0.0.1 "GET / HTTP/1.1" 500 (33 ms) - -
[02/Aug/2020:20:46:31 -0400] 0:0:0:0:0:0:0:1 "GET / HTTP/1.1" 500 (40 ms) - -
[02/Aug/2020:20:46:32 -0400] 0:0:0:0:0:0:0:1 "GET /img/vlol_icon.png HTTP/1.1" 200 (9 ms) - -
[02/Aug/2020:20:46:35 -0400] 0:0:0:0:0:0:0:1 "GET / HTTP/1.1" 200 (206 ms) - -
[02/Aug/2020:20:46:39 -0400] 0:0:0:0:0:0:0:1 "GET /about HTTP/1.1" 500 (51 ms) - -
[02/Aug/2020:20:46:41 -0400] 127.0.0.1 "GET / HTTP/1.1" 200 (11 ms) - -
[02/Aug/2020:20:48:50 -0400] 0:0:0:0:0:0:0:1 "GET / HTTP/1.1" 200 (2755 ms) - -
[02/Aug/2020:20:58:28 -0400] 0:0:0:0:0:0:0:1 "GET / HTTP/1.1" 200 (2525 ms) - -
[02/Aug/2020:20:58:28 -0400] 0:0:0:0:0:0:0:1 "GET /img/vlol_cover.jpg HTTP/1.1" 200 (38 ms) - -
[02/Aug/2020:20:58:40 -0400] 0:0:0:0:0:0:0:1 "GET /about HTTP/1.1" 500 (8019 ms) - -
[02/Aug/2020:20:58:49 -0400] 0:0:0:0:0:0:0:1 "GET / HTTP/1.1" 200 (43 ms) - -
[02/Aug/2020:20:59:21 -0400] 0:0:0:0:0:0:0:1 "GET / HTTP/1.1" 200 (44 ms) - -
[02/Aug/2020:20:59:21 -0400] 0:0:0:0:0:0:0:1 "GET /img/vlol_cover.jpg HTTP/1.1" 304 (72 ms) - -
[02/Aug/2020:20:59:21 -0400] 0:0:0:0:0:0:0:1 "GET /img/vlol_icon.png HTTP/1.1" 200 (10 ms) - -
[02/Aug/2020:20:59:35 -0400] 0:0:0:0:0:0:0:1 "GET /about HTTP/1.1" 500 (12559 ms) - -
[02/Aug/2020:20:59:41 -0400] 0:0:0:0:0:0:0:1 "GET / HTTP/1.1" 200 (44 ms) - -
[02/Aug/2020:21:00:38 -0400] 0:0:0:0:0:0:0:1 "GET /about HTTP/1.1" 500 (11921 ms) - -
[02/Aug/2020:21:00:39 -0400] 0:0:0:0:0:0:0:1 "GET /img/vlol_icon.png HTTP/1.1" 304 (8 ms) - -
[02/Aug/2020:21:00:42 -0400] 0:0:0:0:0:0:0:1 "GET / HTTP/1.1" 200 (51 ms) - -
[02/Aug/2020:21:00:42 -0400] 0:0:0:0:0:0:0:1 "GET /js/scripts.js HTTP/1.1" 200 (33 ms) - -
[02/Aug/2020:21:00:42 -0400] 0:0:0:0:0:0:0:1 "GET /css/styles.css HTTP/1.1" 200 (34 ms) - -
[02/Aug/2020:21:00:42 -0400] 0:0:0:0:0:0:0:1 "GET /img/vlol_cover.jpg HTTP/1.1" 304 (6 ms) - -
[02/Aug/2020:21:04:19 -0400] 0:0:0:0:0:0:0:1 "GET /about HTTP/1.1" 500 (32405 ms) - -
[02/Aug/2020:21:04:19 -0400] 0:0:0:0:0:0:0:1 "GET /css/styles.css HTTP/1.1" 304 (27 ms) - -
[02/Aug/2020:21:04:19 -0400] 0:0:0:0:0:0:0:1 "GET /js/scripts.js HTTP/1.1" 304 (8 ms) - -
[02/Aug/2020:21:04:19 -0400] 0:0:0:0:0:0:0:1 "GET /img/vlol_icon.png HTTP/1.1" 304 (7 ms) - -
[02/Aug/2020:21:04:19 -0400] 0:0:0:0:0:0:0:1 "GET /img/error.gif HTTP/1.1" 200 (23 ms) - -
[02/Aug/2020:21:04:22 -0400] 0:0:0:0:0:0:0:1 "GET / HTTP/1.1" 200 (30 ms) - -
[02/Aug/2020:21:04:22 -0400] 0:0:0:0:0:0:0:1 "GET /img/vlol_cover.jpg HTTP/1.1" 304 (7 ms) - -
[02/Aug/2020:21:05:25 -0400] 127.0.0.1 "GET / HTTP/1.1" 200 (162 ms) - -
[02/Aug/2020:21:05:27 -0400] 127.0.0.1 "GET /img/vlol_icon.png HTTP/1.1" 200 (95 ms) - -
[02/Aug/2020:21:06:18 -0400] 0:0:0:0:0:0:0:1 "GET /about HTTP/1.1" 500 (53568 ms) - -
[02/Aug/2020:21:06:35 -0400] 0:0:0:0:0:0:0:1 "GET / HTTP/1.1" 200 (30 ms) - -
[02/Aug/2020:21:06:35 -0400] 0:0:0:0:0:0:0:1 "GET /css/styles.css HTTP/1.1" 304 (12 ms) - -
[02/Aug/2020:21:06:35 -0400] 0:0:0:0:0:0:0:1 "GET /js/scripts.js HTTP/1.1" 304 (9 ms) - -
[02/Aug/2020:21:06:36 -0400] 0:0:0:0:0:0:0:1 "GET /img/vlol_cover.jpg HTTP/1.1" 304 (6 ms) - -
[02/Aug/2020:21:06:36 -0400] 0:0:0:0:0:0:0:1 "GET /img/vlol_icon.png HTTP/1.1" 200 (8 ms) - -
[02/Aug/2020:21:06:44 -0400] 0:0:0:0:0:0:0:1 "GET /about HTTP/1.1" 200 (2318 ms) - -
[02/Aug/2020:21:06:44 -0400] 0:0:0:0:0:0:0:1 "GET /img/vlol_logo.png HTTP/1.1" 200 (6 ms) - -
[02/Aug/2020:21:06:44 -0400] 0:0:0:0:0:0:0:1 "GET /img/umgc_logo.png HTTP/1.1" 200 (9 ms) - -
[02/Aug/2020:21:06:48 -0400] 0:0:0:0:0:0:0:1 "GET / HTTP/1.1" 200 (26 ms) - -
[02/Aug/2020:21:10:46 -0400] 0:0:0:0:0:0:0:1 "GET /about HTTP/1.1" 200 (8479 ms) - -
[02/Aug/2020:21:10:46 -0400] 0:0:0:0:0:0:0:1 "GET /css/styles.css HTTP/1.1" 304 (8 ms) - -
[02/Aug/2020:21:10:46 -0400] 0:0:0:0:0:0:0:1 "GET /js/scripts.js HTTP/1.1" 304 (4 ms) - -
[02/Aug/2020:21:10:46 -0400] 0:0:0:0:0:0:0:1 "GET /img/vlol_icon.png HTTP/1.1" 304 (5 ms) - -
[02/Aug/2020:21:10:46 -0400] 0:0:0:0:0:0:0:1 "GET /img/vlol_logo.png HTTP/1.1" 304 (15 ms) - -
[02/Aug/2020:21:10:46 -0400] 0:0:0:0:0:0:0:1 "GET /img/umgc_logo.png HTTP/1.1" 304 (14 ms) - -
[02/Aug/2020:21:10:52 -0400] 0:0:0:0:0:0:0:1 "GET /login HTTP/1.1" 200 (96 ms) - -
[02/Aug/2020:21:11:09 -0400] 0:0:0:0:0:0:0:1 "POST /login HTTP/1.1" 302 (1032 ms) - -
[02/Aug/2020:21:11:09 -0400] 0:0:0:0:0:0:0:1 "GET /login?error=true HTTP/1.1" 200 (69 ms) - -
[02/Aug/2020:21:11:24 -0400] 0:0:0:0:0:0:0:1 "POST /login HTTP/1.1" 302 (389 ms) - -
[02/Aug/2020:21:11:24 -0400] 0:0:0:0:0:0:0:1 "GET /admin-menu HTTP/1.1" 200 (265 ms) - -
[02/Aug/2020:21:11:31 -0400] 0:0:0:0:0:0:0:1 "GET /list-users HTTP/1.1" 200 (101 ms) - -
[02/Aug/2020:21:11:35 -0400] 0:0:0:0:0:0:0:1 "GET /admin-menu HTTP/1.1" 200 (28 ms) - -
[02/Aug/2020:21:11:37 -0400] 0:0:0:0:0:0:0:1 "GET /logout HTTP/1.1" 302 (9 ms) - -
[02/Aug/2020:21:11:37 -0400] 0:0:0:0:0:0:0:1 "GET / HTTP/1.1" 200 (28 ms) - -
[02/Aug/2020:21:11:38 -0400] 0:0:0:0:0:0:0:1 "GET /img/vlol_cover.jpg HTTP/1.1" 304 (6 ms) - -
[02/Aug/2020:21:11:39 -0400] 0:0:0:0:0:0:0:1 "GET /login HTTP/1.1" 200 (21 ms) - -
[02/Aug/2020:21:11:49 -0400] 0:0:0:0:0:0:0:1 "POST /login HTTP/1.1" 302 (399 ms) - -
[02/Aug/2020:21:11:49 -0400] 0:0:0:0:0:0:0:1 "GET /admin-menu HTTP/1.1" 200 (23 ms) - -
[02/Aug/2020:21:12:02 -0400] 0:0:0:0:0:0:0:1 "GET /logout HTTP/1.1" 302 (4 ms) - -
[02/Aug/2020:21:12:02 -0400] 0:0:0:0:0:0:0:1 "GET / HTTP/1.1" 200 (22 ms) - -
[02/Aug/2020:21:13:48 -0400] 0:0:0:0:0:0:0:1 "GET /login HTTP/1.1" 200 (30 ms) - -
[02/Aug/2020:21:13:48 -0400] 0:0:0:0:0:0:0:1 "GET /css/styles.css HTTP/1.1" 304 (9 ms) - -
[02/Aug/2020:21:13:48 -0400] 0:0:0:0:0:0:0:1 "GET /js/scripts.js HTTP/1.1" 304 (139 ms) - -
[02/Aug/2020:21:13:48 -0400] 0:0:0:0:0:0:0:1 "GET /img/vlol_icon.png HTTP/1.1" 304 (9 ms) - -
[02/Aug/2020:21:13:48 -0400] 0:0:0:0:0:0:0:1 "GET /img/vlol_logo.png HTTP/1.1" 304 (8 ms) - -
[02/Aug/2020:21:13:59 -0400] 0:0:0:0:0:0:0:1 "POST /login HTTP/1.1" 302 (1031 ms) - -
[02/Aug/2020:21:13:59 -0400] 0:0:0:0:0:0:0:1 "GET /admin-menu HTTP/1.1" 200 (70 ms) - -
[02/Aug/2020:21:14:02 -0400] 0:0:0:0:0:0:0:1 "GET /about HTTP/1.1" 200 (230 ms) - -
[02/Aug/2020:21:14:02 -0400] 0:0:0:0:0:0:0:1 "GET /img/umgc_logo.png HTTP/1.1" 304 (8 ms) - -
[02/Aug/2020:21:14:06 -0400] 0:0:0:0:0:0:0:1 "GET /logout HTTP/1.1" 302 (4 ms) - -
[02/Aug/2020:21:14:06 -0400] 0:0:0:0:0:0:0:1 "GET / HTTP/1.1" 200 (36 ms) - -
[02/Aug/2020:21:14:07 -0400] 0:0:0:0:0:0:0:1 "GET /img/vlol_cover.jpg HTTP/1.1" 304 (4 ms) - -
[02/Aug/2020:21:23:50 -0400] 0:0:0:0:0:0:0:1 "GET / HTTP/1.1" 200 (65 ms) - -
[02/Aug/2020:21:23:50 -0400] 0:0:0:0:0:0:0:1 "GET /js/scripts.js HTTP/1.1" 304 (9 ms) - -
[02/Aug/2020:21:23:50 -0400] 0:0:0:0:0:0:0:1 "GET /css/styles.css HTTP/1.1" 304 (14 ms) - -
[02/Aug/2020:21:23:50 -0400] 0:0:0:0:0:0:0:1 "GET /img/vlol_icon.png HTTP/1.1" 304 (7 ms) - -
[02/Aug/2020:21:23:50 -0400] 0:0:0:0:0:0:0:1 "GET /img/vlol_cover.jpg HTTP/1.1" 304 (4 ms) - -
[02/Aug/2020:21:23:51 -0400] 0:0:0:0:0:0:0:1 "GET /img/vlol_icon.png HTTP/1.1" 200 (4 ms) - -
[02/Aug/2020:21:23:52 -0400] 0:0:0:0:0:0:0:1 "GET /login HTTP/1.1" 200 (20 ms) - -
[02/Aug/2020:21:23:52 -0400] 0:0:0:0:0:0:0:1 "GET /img/vlol_logo.png HTTP/1.1" 304 (11 ms) - -
[02/Aug/2020:21:24:03 -0400] 0:0:0:0:0:0:0:1 "POST /login HTTP/1.1" 302 (489 ms) - -
[02/Aug/2020:21:24:03 -0400] 0:0:0:0:0:0:0:1 "GET /admin-menu HTTP/1.1" 200 (37 ms) - -
[02/Aug/2020:21:24:07 -0400] 0:0:0:0:0:0:0:1 "GET /list-users HTTP/1.1" 404 (28 ms) - -
[02/Aug/2020:21:24:07 -0400] 0:0:0:0:0:0:0:1 "GET /img/error.gif HTTP/1.1" 304 (8 ms) - -
[02/Aug/2020:21:24:22 -0400] 0:0:0:0:0:0:0:1 "GET / HTTP/1.1" 200 (21 ms) - -
[02/Aug/2020:21:26:31 -0400] 0:0:0:0:0:0:0:1 "GET / HTTP/1.1" 200 (90 ms) - -
[02/Aug/2020:21:26:31 -0400] 0:0:0:0:0:0:0:1 "GET /img/vlol_icon.png HTTP/1.1" 200 (5 ms) - -
[02/Aug/2020:21:26:33 -0400] 0:0:0:0:0:0:0:1 "GET /admin-menu HTTP/1.1" 200 (21 ms) - -
[02/Aug/2020:21:26:34 -0400] 0:0:0:0:0:0:0:1 "GET /list-users HTTP/1.1" 200 (108 ms) - -
[02/Aug/2020:21:27:30 -0400] 127.0.0.1 "GET /list-users HTTP/1.1" 200 (546 ms) - -
[02/Aug/2020:21:27:30 -0400] 127.0.0.1 "GET /css/styles.css HTTP/1.1" 304 (17 ms) - -
[02/Aug/2020:21:27:31 -0400] 127.0.0.1 "GET /img/vlol_icon.png HTTP/1.1" 200 (8 ms) - -
[02/Aug/2020:21:28:53 -0400] 0:0:0:0:0:0:0:1 "GET /list-users HTTP/1.1" 200 (51 ms) - -
[02/Aug/2020:21:28:54 -0400] 0:0:0:0:0:0:0:1 "GET /img/vlol_icon.png HTTP/1.1" 200 (5 ms) - -
[02/Aug/2020:21:28:56 -0400] 0:0:0:0:0:0:0:1 "GET /view-user/1 HTTP/1.1" 200 (618 ms) - -
[02/Aug/2020:21:29:00 -0400] 0:0:0:0:0:0:0:1 "GET /list-users HTTP/1.1" 200 (147 ms) - -
[02/Aug/2020:21:29:02 -0400] 0:0:0:0:0:0:0:1 "GET /js/scripts.js HTTP/1.1" 304 (14 ms) - -
[02/Aug/2020:21:29:03 -0400] 0:0:0:0:0:0:0:1 "GET /edit-user/1 HTTP/1.1" 200 (438 ms) - -
[02/Aug/2020:21:29:06 -0400] 0:0:0:0:0:0:0:1 "GET /list-users HTTP/1.1" 200 (44 ms) - -
[02/Aug/2020:21:29:15 -0400] 0:0:0:0:0:0:0:1 "GET /about HTTP/1.1" 200 (26 ms) - -
[02/Aug/2020:21:29:15 -0400] 0:0:0:0:0:0:0:1 "GET /img/vlol_logo.png HTTP/1.1" 304 (4 ms) - -
[02/Aug/2020:21:29:15 -0400] 0:0:0:0:0:0:0:1 "GET /img/umgc_logo.png HTTP/1.1" 304 (2 ms) - -
[02/Aug/2020:21:29:22 -0400] 0:0:0:0:0:0:0:1 "GET /contact HTTP/1.1" 200 (22 ms) - -
[02/Aug/2020:21:29:24 -0400] 0:0:0:0:0:0:0:1 "GET / HTTP/1.1" 200 (17 ms) - -
[02/Aug/2020:21:29:24 -0400] 0:0:0:0:0:0:0:1 "GET /img/vlol_cover.jpg HTTP/1.1" 304 (5 ms) - -
[02/Aug/2020:21:29:26 -0400] 0:0:0:0:0:0:0:1 "GET /admin-menu HTTP/1.1" 200 (18 ms) - -
[02/Aug/2020:21:34:51 -0400] 0:0:0:0:0:0:0:1 "GET /admin-menu HTTP/1.1" 200 (239 ms) - -
[02/Aug/2020:21:34:51 -0400] 0:0:0:0:0:0:0:1 "GET /js/scripts.js HTTP/1.1" 304 (7 ms) - -
[02/Aug/2020:21:34:51 -0400] 0:0:0:0:0:0:0:1 "GET /css/styles.css HTTP/1.1" 304 (9 ms) - -
[02/Aug/2020:21:34:51 -0400] 0:0:0:0:0:0:0:1 "GET /img/vlol_icon.png HTTP/1.1" 304 (8 ms) - -
[02/Aug/2020:21:34:52 -0400] 0:0:0:0:0:0:0:1 "GET /img/vlol_icon.png HTTP/1.1" 200 (7 ms) - -
[02/Aug/2020:21:34:54 -0400] 0:0:0:0:0:0:0:1 "GET /list-allergies HTTP/1.1" 200 (40 ms) - -
[02/Aug/2020:21:34:59 -0400] 0:0:0:0:0:0:0:1 "GET /admin-menu HTTP/1.1" 200 (32 ms) - -
[02/Aug/2020:21:45:15 -0400] 0:0:0:0:0:0:0:1 "GET /admin-menu HTTP/1.1" 200 (23 ms) - -
[02/Aug/2020:21:45:15 -0400] 0:0:0:0:0:0:0:1 "GET /js/scripts.js HTTP/1.1" 304 (4 ms) - -
[02/Aug/2020:21:45:15 -0400] 0:0:0:0:0:0:0:1 "GET /css/styles.css HTTP/1.1" 304 (4 ms) - -
[02/Aug/2020:21:45:15 -0400] 0:0:0:0:0:0:0:1 "GET /img/vlol_icon.png HTTP/1.1" 304 (2 ms) - -
[02/Aug/2020:21:45:15 -0400] 0:0:0:0:0:0:0:1 "GET /img/vlol_icon.png HTTP/1.1" 200 (4 ms) - -
[02/Aug/2020:21:45:18 -0400] 0:0:0:0:0:0:0:1 "GET /logout HTTP/1.1" 302 (3 ms) - -
[02/Aug/2020:21:45:18 -0400] 0:0:0:0:0:0:0:1 "GET / HTTP/1.1" 200 (17 ms) - -
[02/Aug/2020:21:45:18 -0400] 0:0:0:0:0:0:0:1 "GET /img/vlol_cover.jpg HTTP/1.1" 304 (4 ms) - -
[02/Aug/2020:21:46:53 -0400] 0:0:0:0:0:0:0:1 "GET /about HTTP/1.1" 200 (15 ms) - -
[02/Aug/2020:21:46:53 -0400] 0:0:0:0:0:0:0:1 "GET /img/vlol_logo.png HTTP/1.1" 304 (4 ms) - -
[02/Aug/2020:21:46:53 -0400] 0:0:0:0:0:0:0:1 "GET /img/umgc_logo.png HTTP/1.1" 304 (3 ms) - -
[02/Aug/2020:21:59:04 -0400] 0:0:0:0:0:0:0:1 "GET /login HTTP/1.1" 200 (54 ms) - -
[02/Aug/2020:21:59:04 -0400] 0:0:0:0:0:0:0:1 "GET /css/styles.css HTTP/1.1" 304 (11 ms) - -
[02/Aug/2020:21:59:04 -0400] 0:0:0:0:0:0:0:1 "GET /js/scripts.js HTTP/1.1" 304 (8 ms) - -
[02/Aug/2020:21:59:05 -0400] 0:0:0:0:0:0:0:1 "GET /img/vlol_logo.png HTTP/1.1" 304 (6 ms) - -
[02/Aug/2020:21:59:05 -0400] 0:0:0:0:0:0:0:1 "GET /img/vlol_icon.png HTTP/1.1" 304 (7 ms) - -
[02/Aug/2020:21:59:16 -0400] 0:0:0:0:0:0:0:1 "POST /login HTTP/1.1" 302 (427 ms) - -
[02/Aug/2020:21:59:16 -0400] 0:0:0:0:0:0:0:1 "GET /admin-menu HTTP/1.1" 200 (26 ms) - -
[02/Aug/2020:21:59:20 -0400] 0:0:0:0:0:0:0:1 "GET /list-allergies HTTP/1.1" 200 (29 ms) - -
[02/Aug/2020:21:59:21 -0400] 0:0:0:0:0:0:0:1 "GET /view-allergy/1 HTTP/1.1" 200 (22 ms) - -
[02/Aug/2020:21:59:23 -0400] 0:0:0:0:0:0:0:1 "GET /list-allergies HTTP/1.1" 200 (20 ms) - -
[02/Aug/2020:21:59:24 -0400] 0:0:0:0:0:0:0:1 "GET /edit-allergy/1 HTTP/1.1" 200 (25 ms) - -
[02/Aug/2020:21:59:29 -0400] 0:0:0:0:0:0:0:1 "POST /update-allergy HTTP/1.1" 302 (120 ms) - -
[02/Aug/2020:21:59:29 -0400] 0:0:0:0:0:0:0:1 "GET /list-allergies HTTP/1.1" 200 (26 ms) - -
[02/Aug/2020:21:59:31 -0400] 0:0:0:0:0:0:0:1 "GET /edit-allergy/1 HTTP/1.1" 200 (19 ms) - -
[02/Aug/2020:21:59:34 -0400] 0:0:0:0:0:0:0:1 "POST /update-allergy HTTP/1.1" 302 (11 ms) - -
[02/Aug/2020:21:59:34 -0400] 0:0:0:0:0:0:0:1 "GET /list-allergies HTTP/1.1" 200 (16 ms) - -
[02/Aug/2020:21:59:38 -0400] 0:0:0:0:0:0:0:1 "GET /add-allergy HTTP/1.1" 200 (16 ms) - -
[02/Aug/2020:21:59:40 -0400] 0:0:0:0:0:0:0:1 "GET /list-allergies HTTP/1.1" 200 (18 ms) - -
[02/Aug/2020:21:59:49 -0400] 0:0:0:0:0:0:0:1 "GET /logout HTTP/1.1" 302 (3 ms) - -
[02/Aug/2020:21:59:49 -0400] 0:0:0:0:0:0:0:1 "GET / HTTP/1.1" 200 (11 ms) - -
[02/Aug/2020:21:59:49 -0400] 0:0:0:0:0:0:0:1 "GET /img/vlol_cover.jpg HTTP/1.1" 304 (5 ms) - -
[02/Aug/2020:22:08:29 -0400] 0:0:0:0:0:0:0:1 "GET /login HTTP/1.1" 200 (32 ms) - -
[02/Aug/2020:22:08:29 -0400] 0:0:0:0:0:0:0:1 "GET /js/scripts.js HTTP/1.1" 304 (7 ms) - -
[02/Aug/2020:22:08:29 -0400] 0:0:0:0:0:0:0:1 "GET /css/styles.css HTTP/1.1" 304 (6 ms) - -
[02/Aug/2020:22:08:29 -0400] 0:0:0:0:0:0:0:1 "GET /img/vlol_logo.png HTTP/1.1" 304 (5 ms) - -
[02/Aug/2020:22:08:29 -0400] 0:0:0:0:0:0:0:1 "GET /img/vlol_icon.png HTTP/1.1" 304 (5 ms) - -
[02/Aug/2020:22:08:41 -0400] 0:0:0:0:0:0:0:1 "POST /login HTTP/1.1" 302 (425 ms) - -
[02/Aug/2020:22:08:41 -0400] 0:0:0:0:0:0:0:1 "GET /admin-menu HTTP/1.1" 200 (22 ms) - -
[02/Aug/2020:22:08:50 -0400] 0:0:0:0:0:0:0:1 "GET / HTTP/1.1" 200 (15 ms) - -
[02/Aug/2020:22:08:50 -0400] 0:0:0:0:0:0:0:1 "GET /img/vlol_cover.jpg HTTP/1.1" 304 (4 ms) - -
[02/Aug/2020:22:08:52 -0400] 0:0:0:0:0:0:0:1 "GET /about HTTP/1.1" 200 (13 ms) - -
[02/Aug/2020:22:08:52 -0400] 0:0:0:0:0:0:0:1 "GET /img/umgc_logo.png HTTP/1.1" 304 (3 ms) - -
[02/Aug/2020:22:08:53 -0400] 0:0:0:0:0:0:0:1 "GET /logout HTTP/1.1" 302 (2 ms) - -
[02/Aug/2020:22:08:53 -0400] 0:0:0:0:0:0:0:1 "GET / HTTP/1.1" 200 (9 ms) - -
[02/Aug/2020:22:08:55 -0400] 0:0:0:0:0:0:0:1 "GET /login HTTP/1.1" 200 (11 ms) - -
[02/Aug/2020:22:09:08 -0400] 0:0:0:0:0:0:0:1 "POST /login HTTP/1.1" 302 (342 ms) - -
[02/Aug/2020:22:09:08 -0400] 0:0:0:0:0:0:0:1 "GET /admin-menu HTTP/1.1" 200 (13 ms) - -
[02/Aug/2020:22:09:17 -0400] 0:0:0:0:0:0:0:1 "GET /list-users HTTP/1.1" 200 (34 ms) - -
[02/Aug/2020:22:09:22 -0400] 0:0:0:0:0:0:0:1 "GET /about HTTP/1.1" 200 (13 ms) - -
[02/Aug/2020:22:09:24 -0400] 0:0:0:0:0:0:0:1 "GET /logout HTTP/1.1" 302 (2 ms) - -
[02/Aug/2020:22:09:24 -0400] 0:0:0:0:0:0:0:1 "GET / HTTP/1.1" 200 (8 ms) - -
[02/Aug/2020:22:09:26 -0400] 0:0:0:0:0:0:0:1 "GET /login HTTP/1.1" 200 (13 ms) - -
[02/Aug/2020:22:09:36 -0400] 0:0:0:0:0:0:0:1 "POST /login HTTP/1.1" 302 (343 ms) - -
[02/Aug/2020:22:09:36 -0400] 0:0:0:0:0:0:0:1 "GET /admin-menu HTTP/1.1" 200 (12 ms) - -
[02/Aug/2020:22:09:41 -0400] 0:0:0:0:0:0:0:1 "GET /list-users HTTP/1.1" 200 (28 ms) - -
[02/Aug/2020:22:09:47 -0400] 0:0:0:0:0:0:0:1 "GET /admin-menu HTTP/1.1" 200 (48 ms) - -
[02/Aug/2020:22:09:55 -0400] 0:0:0:0:0:0:0:1 "GET / HTTP/1.1" 200 (17 ms) - -
[02/Aug/2020:22:09:59 -0400] 0:0:0:0:0:0:0:1 "GET /logout HTTP/1.1" 302 (3 ms) - -
[02/Aug/2020:22:09:59 -0400] 0:0:0:0:0:0:0:1 "GET / HTTP/1.1" 200 (9 ms) - -
[02/Aug/2020:22:17:38 -0400] 0:0:0:0:0:0:0:1 "GET /login HTTP/1.1" 200 (39 ms) - -
[02/Aug/2020:22:17:38 -0400] 0:0:0:0:0:0:0:1 "GET /css/styles.css HTTP/1.1" 304 (8 ms) - -
[02/Aug/2020:22:17:38 -0400] 0:0:0:0:0:0:0:1 "GET /js/scripts.js HTTP/1.1" 304 (4 ms) - -
[02/Aug/2020:22:17:38 -0400] 0:0:0:0:0:0:0:1 "GET /img/vlol_logo.png HTTP/1.1" 304 (4 ms) - -
[02/Aug/2020:22:17:38 -0400] 0:0:0:0:0:0:0:1 "GET /img/vlol_icon.png HTTP/1.1" 304 (6 ms) - -
[02/Aug/2020:22:17:56 -0400] 0:0:0:0:0:0:0:1 "POST /login HTTP/1.1" 302 (441 ms) - -
[02/Aug/2020:22:17:56 -0400] 0:0:0:0:0:0:0:1 "GET /admin-menu HTTP/1.1" 200 (92 ms) - -
[02/Aug/2020:22:18:17 -0400] 0:0:0:0:0:0:0:1 "GET /admin-menu HTTP/1.1" 200 (13 ms) - -
[02/Aug/2020:22:18:18 -0400] 0:0:0:0:0:0:0:1 "GET /img/vlol_icon.png HTTP/1.1" 200 (6 ms) - -
[02/Aug/2020:22:18:30 -0400] 0:0:0:0:0:0:0:1 "GET / HTTP/1.1" 200 (17 ms) - -
[02/Aug/2020:22:18:30 -0400] 0:0:0:0:0:0:0:1 "GET /img/vlol_cover.jpg HTTP/1.1" 304 (3 ms) - -
[02/Aug/2020:22:18:32 -0400] 0:0:0:0:0:0:0:1 "GET /admin-menu HTTP/1.1" 200 (15 ms) - -
[02/Aug/2020:22:18:33 -0400] 0:0:0:0:0:0:0:1 "GET /edit-user/$%7BuserID%7D HTTP/1.1" 400 (58 ms) - -
[02/Aug/2020:22:18:34 -0400] 0:0:0:0:0:0:0:1 "GET /img/error.gif HTTP/1.1" 304 (4 ms) - -
[02/Aug/2020:22:18:35 -0400] 0:0:0:0:0:0:0:1 "GET /admin-menu HTTP/1.1" 200 (16 ms) - -
[02/Aug/2020:22:18:59 -0400] 0:0:0:0:0:0:0:1 "GET /admin-menu HTTP/1.1" 500 (54 ms) - -
[02/Aug/2020:22:18:59 -0400] 0:0:0:0:0:0:0:1 "GET /img/vlol_icon.png HTTP/1.1" 200 (3 ms) - -
[02/Aug/2020:22:20:26 -0400] 0:0:0:0:0:0:0:1 "GET / HTTP/1.1" 200 (18 ms) - -
[02/Aug/2020:22:20:28 -0400] 0:0:0:0:0:0:0:1 "GET /admin-menu HTTP/1.1" 200 (17 ms) - -
[02/Aug/2020:22:20:31 -0400] 0:0:0:0:0:0:0:1 "GET /admin-menu HTTP/1.1" 200 (14 ms) - -
[02/Aug/2020:22:20:32 -0400] 0:0:0:0:0:0:0:1 "GET /img/vlol_icon.png HTTP/1.1" 200 (6 ms) - -
[02/Aug/2020:22:21:11 -0400] 0:0:0:0:0:0:0:1 "GET /admin-menu HTTP/1.1" 200 (14 ms) - -
[02/Aug/2020:22:21:11 -0400] 0:0:0:0:0:0:0:1 "GET /img/vlol_icon.png HTTP/1.1" 200 (4 ms) - -
[02/Aug/2020:22:21:22 -0400] 0:0:0:0:0:0:0:1 "GET /admin-menu HTTP/1.1" 200 (15 ms) - -
[02/Aug/2020:22:21:22 -0400] 0:0:0:0:0:0:0:1 "GET /img/vlol_icon.png HTTP/1.1" 200 (4 ms) - -
[02/Aug/2020:22:21:53 -0400] 0:0:0:0:0:0:0:1 "GET /admin-menu HTTP/1.1" 200 (18 ms) - -
[02/Aug/2020:22:21:53 -0400] 0:0:0:0:0:0:0:1 "GET /img/vlol_icon.png HTTP/1.1" 200 (5 ms) - -
[02/Aug/2020:22:21:57 -0400] 0:0:0:0:0:0:0:1 "GET /admin-menu HTTP/1.1" 200 (21 ms) - -
[02/Aug/2020:22:22:38 -0400] 0:0:0:0:0:0:0:1 "GET /admin-menu HTTP/1.1" 200 (17 ms) - -
[02/Aug/2020:22:22:50 -0400] 0:0:0:0:0:0:0:1 "GET /admin-menu HTTP/1.1" 200 (41 ms) - -
[02/Aug/2020:22:22:50 -0400] 0:0:0:0:0:0:0:1 "GET /img/vlol_icon.png HTTP/1.1" 200 (6 ms) - -
[02/Aug/2020:22:22:55 -0400] 0:0:0:0:0:0:0:1 "GET /edit-user/1 HTTP/1.1" 200 (205 ms) - -
[02/Aug/2020:22:22:58 -0400] 0:0:0:0:0:0:0:1 "GET /admin-menu HTTP/1.1" 200 (15 ms) - -
[02/Aug/2020:22:24:05 -0400] 0:0:0:0:0:0:0:1 "GET /admin-menu HTTP/1.1" 200 (15 ms) - -
[02/Aug/2020:22:24:06 -0400] 0:0:0:0:0:0:0:1 "GET /img/vlol_icon.png HTTP/1.1" 200 (8 ms) - -
[02/Aug/2020:22:24:08 -0400] 0:0:0:0:0:0:0:1 "GET /edit-user/1 HTTP/1.1" 200 (185 ms) - -
[02/Aug/2020:22:25:16 -0400] 0:0:0:0:0:0:0:1 "GET /edit-user/1 HTTP/1.1" 200 (122 ms) - -
[02/Aug/2020:22:25:17 -0400] 0:0:0:0:0:0:0:1 "GET /img/vlol_icon.png HTTP/1.1" 200 (3 ms) - -
[02/Aug/2020:22:25:28 -0400] 0:0:0:0:0:0:0:1 "GET /list-users HTTP/1.1" 200 (28 ms) - -
[02/Aug/2020:22:25:30 -0400] 0:0:0:0:0:0:0:1 "GET /edit-user/1 HTTP/1.1" 200 (129 ms) - -
[02/Aug/2020:22:26:23 -0400] 0:0:0:0:0:0:0:1 "GET /css/styles.css HTTP/1.1" 304 (4 ms) - -
[02/Aug/2020:22:26:23 -0400] 0:0:0:0:0:0:0:1 "GET /js/scripts.js HTTP/1.1" 304 (4 ms) - -
[02/Aug/2020:22:26:23 -0400] 0:0:0:0:0:0:0:1 "GET /edit-user/1 HTTP/1.1" 200 (117 ms) - -
[02/Aug/2020:22:26:23 -0400] 0:0:0:0:0:0:0:1 "GET /img/vlol_icon.png HTTP/1.1" 200 (7 ms) - -
[02/Aug/2020:22:27:20 -0400] 0:0:0:0:0:0:0:1 "GET /edit-user/1 HTTP/1.1" 200 (179 ms) - -
[02/Aug/2020:22:27:21 -0400] 0:0:0:0:0:0:0:1 "GET /img/vlol_icon.png HTTP/1.1" 200 (3 ms) - -
[02/Aug/2020:22:27:55 -0400] 0:0:0:0:0:0:0:1 "GET /edit-user/1 HTTP/1.1" 200 (93 ms) - -
[02/Aug/2020:22:27:56 -0400] 0:0:0:0:0:0:0:1 "GET /img/vlol_icon.png HTTP/1.1" 200 (5 ms) - -
[02/Aug/2020:22:29:17 -0400] 0:0:0:0:0:0:0:1 "GET /edit-user/1 HTTP/1.1" 200 (146 ms) - -
[02/Aug/2020:22:29:17 -0400] 0:0:0:0:0:0:0:1 "GET /img/vlol_icon.png HTTP/1.1" 200 (4 ms) - -
[02/Aug/2020:22:29:24 -0400] 0:0:0:0:0:0:0:1 "GET /edit-user/1 HTTP/1.1" 200 (94 ms) - -
[02/Aug/2020:22:29:24 -0400] 0:0:0:0:0:0:0:1 "GET /img/vlol_icon.png HTTP/1.1" 200 (4 ms) - -
[02/Aug/2020:22:29:51 -0400] 0:0:0:0:0:0:0:1 "GET /edit-user/1 HTTP/1.1" 200 (90 ms) - -
[02/Aug/2020:22:29:51 -0400] 0:0:0:0:0:0:0:1 "GET /img/vlol_icon.png HTTP/1.1" 200 (3 ms) - -
[02/Aug/2020:22:29:58 -0400] 0:0:0:0:0:0:0:1 "GET /admin-menu HTTP/1.1" 200 (44 ms) - -
[02/Aug/2020:22:30:02 -0400] 0:0:0:0:0:0:0:1 "GET /edit-user/1 HTTP/1.1" 200 (89 ms) - -
[02/Aug/2020:22:30:05 -0400] 0:0:0:0:0:0:0:1 "GET /admin-menu HTTP/1.1" 200 (14 ms) - -
[02/Aug/2020:22:30:09 -0400] 0:0:0:0:0:0:0:1 "GET / HTTP/1.1" 200 (11 ms) - -
[02/Aug/2020:22:30:09 -0400] 0:0:0:0:0:0:0:1 "GET /img/vlol_cover.jpg HTTP/1.1" 304 (3 ms) - -
[02/Aug/2020:22:30:11 -0400] 0:0:0:0:0:0:0:1 "GET /about HTTP/1.1" 200 (13 ms) - -
[02/Aug/2020:22:30:11 -0400] 0:0:0:0:0:0:0:1 "GET /img/umgc_logo.png HTTP/1.1" 304 (4 ms) - -
[02/Aug/2020:22:30:11 -0400] 0:0:0:0:0:0:0:1 "GET /img/vlol_logo.png HTTP/1.1" 304 (10 ms) - -
[02/Aug/2020:22:30:12 -0400] 0:0:0:0:0:0:0:1 "GET /admin-menu HTTP/1.1" 200 (14 ms) - -
[02/Aug/2020:22:30:19 -0400] 0:0:0:0:0:0:0:1 "GET /logout HTTP/1.1" 302 (2 ms) - -
[02/Aug/2020:22:30:19 -0400] 0:0:0:0:0:0:0:1 "GET / HTTP/1.1" 200 (11 ms) - -
[02/Aug/2020:22:30:21 -0400] 0:0:0:0:0:0:0:1 "GET /login HTTP/1.1" 200 (12 ms) - -
[02/Aug/2020:22:30:34 -0400] 0:0:0:0:0:0:0:1 "POST /login HTTP/1.1" 302 (339 ms) - -
[02/Aug/2020:22:30:34 -0400] 0:0:0:0:0:0:0:1 "GET /admin-menu HTTP/1.1" 200 (11 ms) - -
[02/Aug/2020:22:30:37 -0400] 0:0:0:0:0:0:0:1 "GET /edit-user/2 HTTP/1.1" 200 (85 ms) - -
[02/Aug/2020:22:30:46 -0400] 0:0:0:0:0:0:0:1 "GET /list-users HTTP/1.1" 200 (23 ms) - -
[02/Aug/2020:22:31:01 -0400] 0:0:0:0:0:0:0:1 "GET /list-users HTTP/1.1" 200 (19 ms) - -
[02/Aug/2020:22:31:02 -0400] 0:0:0:0:0:0:0:1 "GET /img/vlol_icon.png HTTP/1.1" 200 (5 ms) - -
[02/Aug/2020:22:31:03 -0400] 0:0:0:0:0:0:0:1 "GET /admin-menu HTTP/1.1" 200 (15 ms) - -
[02/Aug/2020:22:31:05 -0400] 0:0:0:0:0:0:0:1 "GET /edit-user/2 HTTP/1.1" 200 (71 ms) - -
[02/Aug/2020:22:31:23 -0400] 0:0:0:0:0:0:0:1 "GET /edit-user/2 HTTP/1.1" 200 (125 ms) - -
[02/Aug/2020:22:31:23 -0400] 0:0:0:0:0:0:0:1 "GET /img/vlol_icon.png HTTP/1.1" 200 (3 ms) - -
[02/Aug/2020:22:31:52 -0400] 0:0:0:0:0:0:0:1 "GET /list-users HTTP/1.1" 200 (24 ms) - -
[02/Aug/2020:22:32:47 -0400] 0:0:0:0:0:0:0:1 "GET /list-users HTTP/1.1" 200 (24 ms) - -
[02/Aug/2020:22:32:47 -0400] 0:0:0:0:0:0:0:1 "GET /img/vlol_icon.png HTTP/1.1" 200 (3 ms) - -
[02/Aug/2020:22:32:52 -0400] 0:0:0:0:0:0:0:1 "GET /view-user/1 HTTP/1.1" 200 (51 ms) - -
[02/Aug/2020:22:32:55 -0400] 0:0:0:0:0:0:0:1 "GET /list-users HTTP/1.1" 200 (17 ms) - -
[02/Aug/2020:22:32:59 -0400] 0:0:0:0:0:0:0:1 "GET /admin-menu HTTP/1.1" 200 (13 ms) - -
[02/Aug/2020:22:33:06 -0400] 0:0:0:0:0:0:0:1 "GET /qr-capture HTTP/1.1" 200 (13 ms) - -
[02/Aug/2020:22:33:06 -0400] 0:0:0:0:0:0:0:1 "GET /js/html5-qrcode.min.js HTTP/1.1" 200 (7 ms) - -
[02/Aug/2020:22:33:09 -0400] 0:0:0:0:0:0:0:1 "GET /admin-menu HTTP/1.1" 200 (15 ms) - -
[02/Aug/2020:22:33:10 -0400] 0:0:0:0:0:0:0:1 "GET / HTTP/1.1" 200 (13 ms) - -
[02/Aug/2020:22:33:15 -0400] 0:0:0:0:0:0:0:1 "GET /logout HTTP/1.1" 302 (3 ms) - -
[02/Aug/2020:22:33:15 -0400] 0:0:0:0:0:0:0:1 "GET / HTTP/1.1" 200 (8 ms) - -
[02/Aug/2020:22:33:17 -0400] 0:0:0:0:0:0:0:1 "GET /login HTTP/1.1" 200 (11 ms) - -
[02/Aug/2020:22:33:27 -0400] 0:0:0:0:0:0:0:1 "POST /login HTTP/1.1" 302 (343 ms) - -
[02/Aug/2020:22:33:27 -0400] 0:0:0:0:0:0:0:1 "GET /admin-menu HTTP/1.1" 200 (8 ms) - -
[02/Aug/2020:22:33:31 -0400] 0:0:0:0:0:0:0:1 "GET /edit-user/3 HTTP/1.1" 200 (99 ms) - -
[02/Aug/2020:22:33:36 -0400] 0:0:0:0:0:0:0:1 "GET /list-users HTTP/1.1" 200 (20 ms) - -
[02/Aug/2020:22:33:50 -0400] 0:0:0:0:0:0:0:1 "GET /admin-menu HTTP/1.1" 200 (10 ms) - -
[02/Aug/2020:22:33:52 -0400] 0:0:0:0:0:0:0:1 "GET /list-users HTTP/1.1" 200 (16 ms) - -
[02/Aug/2020:22:33:55 -0400] 0:0:0:0:0:0:0:1 "GET /edit-user/1 HTTP/1.1" 200 (108 ms) - -
[02/Aug/2020:22:33:58 -0400] 0:0:0:0:0:0:0:1 "GET /list-users HTTP/1.1" 200 (18 ms) - -
[02/Aug/2020:22:34:01 -0400] 0:0:0:0:0:0:0:1 "GET /view-user/1 HTTP/1.1" 200 (73 ms) - -
[02/Aug/2020:22:34:03 -0400] 0:0:0:0:0:0:0:1 "GET /list-users HTTP/1.1" 200 (17 ms) - -
[02/Aug/2020:22:34:05 -0400] 0:0:0:0:0:0:0:1 "GET /admin-menu HTTP/1.1" 200 (10 ms) - -
[02/Aug/2020:22:34:07 -0400] 0:0:0:0:0:0:0:1 "GET / HTTP/1.1" 200 (12 ms) - -
[02/Aug/2020:22:34:09 -0400] 0:0:0:0:0:0:0:1 "GET /about HTTP/1.1" 200 (14 ms) - -
[02/Aug/2020:22:34:10 -0400] 0:0:0:0:0:0:0:1 "GET /logout HTTP/1.1" 302 (1 ms) - -
[02/Aug/2020:22:34:10 -0400] 0:0:0:0:0:0:0:1 "GET / HTTP/1.1" 200 (9 ms) - -
[02/Aug/2020:22:34:13 -0400] 0:0:0:0:0:0:0:1 "GET /login HTTP/1.1" 200 (10 ms) - -
[02/Aug/2020:22:34:24 -0400] 0:0:0:0:0:0:0:1 "POST /login HTTP/1.1" 302 (342 ms) - -
[02/Aug/2020:22:34:24 -0400] 0:0:0:0:0:0:0:1 "GET /admin-menu HTTP/1.1" 200 (8 ms) - -
[02/Aug/2020:22:34:28 -0400] 0:0:0:0:0:0:0:1 "GET /edit-user/4 HTTP/1.1" 200 (89 ms) - -
[02/Aug/2020:22:34:34 -0400] 0:0:0:0:0:0:0:1 "GET /list-users HTTP/1.1" 200 (23 ms) - -
[02/Aug/2020:22:34:41 -0400] 0:0:0:0:0:0:0:1 "GET /admin-menu HTTP/1.1" 200 (14 ms) - -
[02/Aug/2020:22:34:44 -0400] 0:0:0:0:0:0:0:1 "GET /list-allergies HTTP/1.1" 200 (16 ms) - -
[02/Aug/2020:22:34:46 -0400] 0:0:0:0:0:0:0:1 "GET /view-allergy/1 HTTP/1.1" 200 (16 ms) - -
[02/Aug/2020:22:34:47 -0400] 0:0:0:0:0:0:0:1 "GET /list-allergies HTTP/1.1" 200 (15 ms) - -
[02/Aug/2020:22:34:49 -0400] 0:0:0:0:0:0:0:1 "GET /edit-allergy/1 HTTP/1.1" 200 (16 ms) - -
[02/Aug/2020:22:34:51 -0400] 0:0:0:0:0:0:0:1 "GET /list-allergies HTTP/1.1" 200 (11 ms) - -
[02/Aug/2020:22:34:52 -0400] 0:0:0:0:0:0:0:1 "GET /add-allergy HTTP/1.1" 200 (10 ms) - -
[02/Aug/2020:22:34:53 -0400] 0:0:0:0:0:0:0:1 "GET /list-allergies HTTP/1.1" 200 (18 ms) - -
[02/Aug/2020:22:34:56 -0400] 0:0:0:0:0:0:0:1 "GET /admin-menu HTTP/1.1" 200 (12 ms) - -
[02/Aug/2020:22:34:57 -0400] 0:0:0:0:0:0:0:1 "GET /list-conditions HTTP/1.1" 200 (15 ms) - -
[02/Aug/2020:22:34:59 -0400] 0:0:0:0:0:0:0:1 "GET /add-condition HTTP/1.1" 200 (16 ms) - -
[02/Aug/2020:22:35:01 -0400] 0:0:0:0:0:0:0:1 "GET /list-conditions HTTP/1.1" 200 (13 ms) - -
[02/Aug/2020:22:35:02 -0400] 0:0:0:0:0:0:0:1 "GET /view-condition/1 HTTP/1.1" 200 (12 ms) - -
[02/Aug/2020:22:35:04 -0400] 0:0:0:0:0:0:0:1 "GET /list-conditions HTTP/1.1" 200 (17 ms) - -
[02/Aug/2020:22:35:06 -0400] 0:0:0:0:0:0:0:1 "GET /edit-condition/1 HTTP/1.1" 200 (12 ms) - -
[02/Aug/2020:22:35:07 -0400] 0:0:0:0:0:0:0:1 "GET /list-conditions HTTP/1.1" 200 (15 ms) - -
[02/Aug/2020:22:35:10 -0400] 0:0:0:0:0:0:0:1 "GET /admin-menu HTTP/1.1" 200 (10 ms) - -
[02/Aug/2020:22:35:12 -0400] 0:0:0:0:0:0:0:1 "GET /list-medications HTTP/1.1" 200 (87 ms) - -
[02/Aug/2020:22:35:14 -0400] 0:0:0:0:0:0:0:1 "GET /view-medication/1 HTTP/1.1" 200 (13 ms) - -
[02/Aug/2020:22:35:15 -0400] 0:0:0:0:0:0:0:1 "GET /add-medication HTTP/1.1" 200 (14 ms) - -
[02/Aug/2020:22:35:18 -0400] 0:0:0:0:0:0:0:1 "GET /view-medication/1 HTTP/1.1" 200 (11 ms) - -
[02/Aug/2020:22:38:51 -0400] 0:0:0:0:0:0:0:1 "GET /view-medication/1 HTTP/1.1" 200 (93 ms) - -
[02/Aug/2020:22:38:51 -0400] 0:0:0:0:0:0:0:1 "GET /css/styles.css HTTP/1.1" 304 (5 ms) - -
[02/Aug/2020:22:38:51 -0400] 0:0:0:0:0:0:0:1 "GET /js/scripts.js HTTP/1.1" 304 (5 ms) - -
[02/Aug/2020:22:38:52 -0400] 0:0:0:0:0:0:0:1 "GET /img/vlol_icon.png HTTP/1.1" 200 (6 ms) - -
[02/Aug/2020:22:38:54 -0400] 0:0:0:0:0:0:0:1 "GET /add-medication HTTP/1.1" 200 (14 ms) - -
[02/Aug/2020:22:39:02 -0400] 0:0:0:0:0:0:0:1 "GET /search-medications?keyword=se HTTP/1.1" 200 (61 ms) - -
[02/Aug/2020:22:39:07 -0400] 0:0:0:0:0:0:0:1 "GET /edit-medication/6 HTTP/1.1" 200 (15 ms) - -
[02/Aug/2020:22:39:11 -0400] 0:0:0:0:0:0:0:1 "GET /list-medications HTTP/1.1" 200 (71 ms) - -
[02/Aug/2020:22:39:14 -0400] 0:0:0:0:0:0:0:1 "GET /admin-menu HTTP/1.1" 200 (13 ms) - -
[02/Aug/2020:22:39:15 -0400] 0:0:0:0:0:0:0:1 "GET /list-conditions HTTP/1.1" 200 (19 ms) - -
[02/Aug/2020:22:39:17 -0400] 0:0:0:0:0:0:0:1 "GET /edit-condition/1 HTTP/1.1" 200 (17 ms) - -
[02/Aug/2020:22:39:18 -0400] 0:0:0:0:0:0:0:1 "GET /add-condition HTTP/1.1" 200 (13 ms) - -
[02/Aug/2020:22:39:20 -0400] 0:0:0:0:0:0:0:1 "GET /list-conditions HTTP/1.1" 200 (14 ms) - -
[02/Aug/2020:22:39:21 -0400] 0:0:0:0:0:0:0:1 "GET /view-condition/1 HTTP/1.1" 200 (14 ms) - -
[02/Aug/2020:22:39:23 -0400] 0:0:0:0:0:0:0:1 "GET /admin-menu HTTP/1.1" 200 (11 ms) - -
[02/Aug/2020:22:39:26 -0400] 0:0:0:0:0:0:0:1 "GET /list-roles HTTP/1.1" 200 (20 ms) - -
[02/Aug/2020:22:39:27 -0400] 0:0:0:0:0:0:0:1 "GET /edit-role/1 HTTP/1.1" 200 (17 ms) - -
[02/Aug/2020:22:39:29 -0400] 0:0:0:0:0:0:0:1 "GET /list-roles HTTP/1.1" 200 (13 ms) - -
[02/Aug/2020:22:39:31 -0400] 0:0:0:0:0:0:0:1 "GET /view-role/1 HTTP/1.1" 200 (14 ms) - -
[02/Aug/2020:22:39:32 -0400] 0:0:0:0:0:0:0:1 "GET /add-role HTTP/1.1" 200 (12 ms) - -
[02/Aug/2020:22:39:33 -0400] 0:0:0:0:0:0:0:1 "GET /admin-menu HTTP/1.1" 200 (11 ms) - -
[02/Aug/2020:22:39:39 -0400] 0:0:0:0:0:0:0:1 "GET /edit-user/4 HTTP/1.1" 200 (194 ms) - -
[02/Aug/2020:22:39:41 -0400] 0:0:0:0:0:0:0:1 "GET /add-user HTTP/1.1" 200 (91 ms) - -
[02/Aug/2020:22:39:43 -0400] 0:0:0:0:0:0:0:1 "GET /admin-menu HTTP/1.1" 200 (11 ms) - -
[02/Aug/2020:22:39:45 -0400] 0:0:0:0:0:0:0:1 "GET /about HTTP/1.1" 200 (10 ms) - -
[02/Aug/2020:22:39:49 -0400] 0:0:0:0:0:0:0:1 "GET /logout HTTP/1.1" 302 (3 ms) - -
[02/Aug/2020:22:39:49 -0400] 0:0:0:0:0:0:0:1 "GET / HTTP/1.1" 200 (8 ms) - -
