[28/Jul/2020:11:38:41 -0400] 0:0:0:0:0:0:0:1 "GET / HTTP/1.1" 200 (1859 ms) - -
[28/Jul/2020:11:38:41 -0400] 0:0:0:0:0:0:0:1 "GET /css/styles.css HTTP/1.1" 200 (51 ms) - -
[28/Jul/2020:11:38:41 -0400] 0:0:0:0:0:0:0:1 "GET /img/vlol_icon.png HTTP/1.1" 200 (10 ms) - -
[28/Jul/2020:11:38:41 -0400] 0:0:0:0:0:0:0:1 "GET /img/vlol_cover.jpg HTTP/1.1" 200 (11 ms) - -
[28/Jul/2020:11:40:39 -0400] 0:0:0:0:0:0:0:1 "GET / HTTP/1.1" 200 (41 ms) - -
[28/Jul/2020:11:40:40 -0400] 0:0:0:0:0:0:0:1 "GET /img/vlol_icon.png HTTP/1.1" 200 (14 ms) - -
[28/Jul/2020:11:42:06 -0400] 0:0:0:0:0:0:0:1 "GET /admin-menu HTTP/1.1" 302 (277 ms) - -
[28/Jul/2020:11:42:06 -0400] 0:0:0:0:0:0:0:1 "GET /login HTTP/1.1" 200 (40 ms) - -
[28/Jul/2020:11:42:07 -0400] 0:0:0:0:0:0:0:1 "GET /img/vlol_logo.png HTTP/1.1" 200 (9 ms) - -
[28/Jul/2020:11:42:10 -0400] 0:0:0:0:0:0:0:1 "GET /about HTTP/1.1" 200 (32 ms) - -
[28/Jul/2020:11:42:10 -0400] 0:0:0:0:0:0:0:1 "GET /img/umgc_logo.png HTTP/1.1" 200 (17 ms) - -
[28/Jul/2020:11:42:15 -0400] 0:0:0:0:0:0:0:1 "GET /contact HTTP/1.1" 200 (29 ms) - -
[28/Jul/2020:11:42:17 -0400] 0:0:0:0:0:0:0:1 "GET /about HTTP/1.1" 200 (29 ms) - -
[28/Jul/2020:11:42:18 -0400] 0:0:0:0:0:0:0:1 "GET /admin-menu HTTP/1.1" 302 (8 ms) - -
[28/Jul/2020:11:42:18 -0400] 0:0:0:0:0:0:0:1 "GET /login HTTP/1.1" 200 (28 ms) - -
[28/Jul/2020:11:42:22 -0400] 0:0:0:0:0:0:0:1 "GET /test HTTP/1.1" 200 (42 ms) - -
[28/Jul/2020:11:42:22 -0400] 0:0:0:0:0:0:0:1 "GET /img/toyota_ipsum.jpg HTTP/1.1" 200 (17 ms) - -
[28/Jul/2020:11:42:33 -0400] 0:0:0:0:0:0:0:1 "GET / HTTP/1.1" 200 (23 ms) - -
[28/Jul/2020:11:42:36 -0400] 0:0:0:0:0:0:0:1 "GET /login HTTP/1.1" 200 (18 ms) - -
[28/Jul/2020:11:42:50 -0400] 0:0:0:0:0:0:0:1 "POST /login HTTP/1.1" 302 (459 ms) - -
[28/Jul/2020:11:42:50 -0400] 0:0:0:0:0:0:0:1 "GET /admin-menu HTTP/1.1" 200 (161 ms) - -
[28/Jul/2020:11:42:51 -0400] 0:0:0:0:0:0:0:1 "GET /css/site.css HTTP/1.1" 200 (14 ms) - -
[28/Jul/2020:11:42:51 -0400] 0:0:0:0:0:0:0:1 "GET /favicon.ico HTTP/1.1" 404 (164 ms) - -
[28/Jul/2020:11:42:51 -0400] 0:0:0:0:0:0:0:1 "GET /favicon.ico HTTP/1.1" 404 (9 ms) - -
[28/Jul/2020:11:43:03 -0400] 0:0:0:0:0:0:0:1 "GET /list-allergies HTTP/1.1" 200 (76 ms) - -
[28/Jul/2020:11:44:03 -0400] 0:0:0:0:0:0:0:1 "GET /list-allergies HTTP/1.1" 200 (32 ms) - -
[28/Jul/2020:11:44:04 -0400] 0:0:0:0:0:0:0:1 "GET /img/vlol_icon.png HTTP/1.1" 200 (7 ms) - -
[28/Jul/2020:11:44:31 -0400] 0:0:0:0:0:0:0:1 "GET /list-allergies HTTP/1.1" 200 (30 ms) - -
[28/Jul/2020:11:44:32 -0400] 0:0:0:0:0:0:0:1 "GET /img/vlol_icon.png HTTP/1.1" 200 (8 ms) - -
[28/Jul/2020:11:44:47 -0400] 0:0:0:0:0:0:0:1 "GET /list-allergies HTTP/1.1" 200 (50 ms) - -
[28/Jul/2020:11:44:48 -0400] 0:0:0:0:0:0:0:1 "GET /img/vlol_icon.png HTTP/1.1" 200 (5 ms) - -
[28/Jul/2020:11:45:04 -0400] 0:0:0:0:0:0:0:1 "GET /list-allergies HTTP/1.1" 200 (36 ms) - -
[28/Jul/2020:11:45:05 -0400] 0:0:0:0:0:0:0:1 "GET /img/vlol_icon.png HTTP/1.1" 200 (6 ms) - -
[28/Jul/2020:11:45:15 -0400] 0:0:0:0:0:0:0:1 "GET /list-allergies HTTP/1.1" 200 (32 ms) - -
[28/Jul/2020:11:45:16 -0400] 0:0:0:0:0:0:0:1 "GET /img/vlol_icon.png HTTP/1.1" 200 (6 ms) - -
[28/Jul/2020:11:45:56 -0400] 0:0:0:0:0:0:0:1 "GET /list-allergies HTTP/1.1" 200 (34 ms) - -
[28/Jul/2020:11:45:58 -0400] 0:0:0:0:0:0:0:1 "GET /img/vlol_icon.png HTTP/1.1" 200 (7 ms) - -
[28/Jul/2020:11:46:19 -0400] 0:0:0:0:0:0:0:1 "GET /add-allergy HTTP/1.1" 200 (42 ms) - -
[28/Jul/2020:11:46:21 -0400] 0:0:0:0:0:0:0:1 "GET /list-allergies HTTP/1.1" 200 (22 ms) - -
[28/Jul/2020:11:46:29 -0400] 0:0:0:0:0:0:0:1 "GET /add-allergy HTTP/1.1" 200 (18 ms) - -
[28/Jul/2020:11:46:32 -0400] 0:0:0:0:0:0:0:1 "GET /list-allergies HTTP/1.1" 200 (23 ms) - -
[28/Jul/2020:11:53:58 -0400] 0:0:0:0:0:0:0:1 "GET /list-allergies HTTP/1.1" 200 (96 ms) - -
[28/Jul/2020:11:53:58 -0400] 0:0:0:0:0:0:0:1 "GET /css/styles.css HTTP/1.1" 304 (95 ms) - -
[28/Jul/2020:11:53:59 -0400] 0:0:0:0:0:0:0:1 "GET /img/vlol_icon.png HTTP/1.1" 200 (8 ms) - -
[28/Jul/2020:11:54:38 -0400] 0:0:0:0:0:0:0:1 "GET /list-allergies HTTP/1.1" 200 (25 ms) - -
[28/Jul/2020:11:54:39 -0400] 0:0:0:0:0:0:0:1 "GET /img/vlol_icon.png HTTP/1.1" 200 (7 ms) - -
[28/Jul/2020:11:55:00 -0400] 0:0:0:0:0:0:0:1 "GET /list-allergies HTTP/1.1" 200 (28 ms) - -
[28/Jul/2020:11:55:01 -0400] 0:0:0:0:0:0:0:1 "GET /img/vlol_icon.png HTTP/1.1" 200 (6 ms) - -
[28/Jul/2020:11:55:24 -0400] 0:0:0:0:0:0:0:1 "GET /list-allergies HTTP/1.1" 200 (23 ms) - -
[28/Jul/2020:11:55:25 -0400] 0:0:0:0:0:0:0:1 "GET /img/vlol_icon.png HTTP/1.1" 200 (8 ms) - -
[28/Jul/2020:12:06:45 -0400] 0:0:0:0:0:0:0:1 "GET /list-allergies HTTP/1.1" 200 (22 ms) - -
[28/Jul/2020:12:06:45 -0400] 0:0:0:0:0:0:0:1 "GET /css/styles.css HTTP/1.1" 304 (4 ms) - -
[28/Jul/2020:12:06:46 -0400] 0:0:0:0:0:0:0:1 "GET /img/vlol_icon.png HTTP/1.1" 200 (7 ms) - -
[28/Jul/2020:12:06:58 -0400] 0:0:0:0:0:0:0:1 "GET /list-allergies HTTP/1.1" 200 (19 ms) - -
[28/Jul/2020:12:06:59 -0400] 0:0:0:0:0:0:0:1 "GET /img/vlol_icon.png HTTP/1.1" 200 (8 ms) - -
[28/Jul/2020:12:07:04 -0400] 0:0:0:0:0:0:0:1 "GET /list-allergies HTTP/1.1" 200 (23 ms) - -
[28/Jul/2020:12:07:05 -0400] 0:0:0:0:0:0:0:1 "GET /img/vlol_icon.png HTTP/1.1" 200 (5 ms) - -
[28/Jul/2020:12:08:14 -0400] 0:0:0:0:0:0:0:1 "GET /list-allergies HTTP/1.1" 200 (24 ms) - -
[28/Jul/2020:12:08:15 -0400] 0:0:0:0:0:0:0:1 "GET /img/vlol_icon.png HTTP/1.1" 200 (7 ms) - -
[28/Jul/2020:12:08:46 -0400] 0:0:0:0:0:0:0:1 "GET /list-allergies HTTP/1.1" 200 (19 ms) - -
[28/Jul/2020:12:08:47 -0400] 0:0:0:0:0:0:0:1 "GET /img/vlol_icon.png HTTP/1.1" 200 (5 ms) - -
[28/Jul/2020:12:09:22 -0400] 0:0:0:0:0:0:0:1 "GET /list-allergies HTTP/1.1" 500 (144 ms) - -
[28/Jul/2020:12:09:31 -0400] 0:0:0:0:0:0:0:1 "GET /list-allergies HTTP/1.1" 200 (20 ms) - -
[28/Jul/2020:12:09:32 -0400] 0:0:0:0:0:0:0:1 "GET /img/vlol_icon.png HTTP/1.1" 200 (6 ms) - -
[28/Jul/2020:12:09:40 -0400] 0:0:0:0:0:0:0:1 "GET /list-allergies HTTP/1.1" 200 (22 ms) - -
[28/Jul/2020:12:09:41 -0400] 0:0:0:0:0:0:0:1 "GET /img/vlol_icon.png HTTP/1.1" 200 (4 ms) - -
[28/Jul/2020:12:09:46 -0400] 0:0:0:0:0:0:0:1 "GET /list-allergies HTTP/1.1" 200 (22 ms) - -
[28/Jul/2020:12:09:47 -0400] 0:0:0:0:0:0:0:1 "GET /img/vlol_icon.png HTTP/1.1" 200 (5 ms) - -
[28/Jul/2020:12:10:45 -0400] 0:0:0:0:0:0:0:1 "GET /list-allergies HTTP/1.1" 200 (21 ms) - -
[28/Jul/2020:12:10:45 -0400] 0:0:0:0:0:0:0:1 "GET /img/vlol_icon.png HTTP/1.1" 200 (6 ms) - -
[28/Jul/2020:12:11:32 -0400] 0:0:0:0:0:0:0:1 "GET /list-allergies HTTP/1.1" 200 (22 ms) - -
[28/Jul/2020:12:11:32 -0400] 0:0:0:0:0:0:0:1 "GET /img/vlol_icon.png HTTP/1.1" 200 (4 ms) - -
[28/Jul/2020:12:11:38 -0400] 0:0:0:0:0:0:0:1 "GET /list-allergies HTTP/1.1" 200 (28 ms) - -
[28/Jul/2020:12:11:39 -0400] 0:0:0:0:0:0:0:1 "GET /img/vlol_icon.png HTTP/1.1" 200 (4 ms) - -
[28/Jul/2020:12:11:50 -0400] 0:0:0:0:0:0:0:1 "GET /list-allergies HTTP/1.1" 200 (21 ms) - -
[28/Jul/2020:12:11:51 -0400] 0:0:0:0:0:0:0:1 "GET /img/vlol_icon.png HTTP/1.1" 200 (7 ms) - -
[28/Jul/2020:12:13:57 -0400] 0:0:0:0:0:0:0:1 "GET /list-allergies HTTP/1.1" 200 (23 ms) - -
[28/Jul/2020:12:13:58 -0400] 0:0:0:0:0:0:0:1 "GET /img/vlol_icon.png HTTP/1.1" 200 (9 ms) - -
[28/Jul/2020:12:14:23 -0400] 0:0:0:0:0:0:0:1 "GET /list-allergies HTTP/1.1" 200 (16 ms) - -
[28/Jul/2020:12:14:24 -0400] 0:0:0:0:0:0:0:1 "GET /img/vlol_icon.png HTTP/1.1" 200 (4 ms) - -
[28/Jul/2020:12:15:22 -0400] 0:0:0:0:0:0:0:1 "GET /list-allergies HTTP/1.1" 200 (19 ms) - -
[28/Jul/2020:12:15:23 -0400] 0:0:0:0:0:0:0:1 "GET /img/vlol_icon.png HTTP/1.1" 200 (4 ms) - -
[28/Jul/2020:12:15:37 -0400] 0:0:0:0:0:0:0:1 "GET /list-allergies HTTP/1.1" 200 (19 ms) - -
[28/Jul/2020:12:15:38 -0400] 0:0:0:0:0:0:0:1 "GET /img/vlol_icon.png HTTP/1.1" 200 (7 ms) - -
[28/Jul/2020:12:26:09 -0400] 0:0:0:0:0:0:0:1 "GET /list-allergies HTTP/1.1" 200 (20 ms) - -
[28/Jul/2020:12:26:10 -0400] 0:0:0:0:0:0:0:1 "GET /css/styles.css HTTP/1.1" 304 (4 ms) - -
[28/Jul/2020:12:26:10 -0400] 0:0:0:0:0:0:0:1 "GET /img/vlol_icon.png HTTP/1.1" 200 (5 ms) - -
[28/Jul/2020:12:28:20 -0400] 0:0:0:0:0:0:0:1 "GET /list-allergies HTTP/1.1" 200 (19 ms) - -
[28/Jul/2020:12:28:21 -0400] 0:0:0:0:0:0:0:1 "GET /img/vlol_icon.png HTTP/1.1" 200 (8 ms) - -
[28/Jul/2020:12:31:17 -0400] 0:0:0:0:0:0:0:1 "GET /list-allergies HTTP/1.1" 200 (22 ms) - -
[28/Jul/2020:12:31:18 -0400] 0:0:0:0:0:0:0:1 "GET /img/vlol_icon.png HTTP/1.1" 200 (6 ms) - -
[28/Jul/2020:12:31:53 -0400] 0:0:0:0:0:0:0:1 "GET /list-allergies HTTP/1.1" 200 (18 ms) - -
[28/Jul/2020:12:31:54 -0400] 0:0:0:0:0:0:0:1 "GET /img/vlol_icon.png HTTP/1.1" 200 (7 ms) - -
[28/Jul/2020:12:33:27 -0400] 0:0:0:0:0:0:0:1 "GET /list-allergies HTTP/1.1" 200 (18 ms) - -
[28/Jul/2020:12:33:28 -0400] 0:0:0:0:0:0:0:1 "GET /img/vlol_icon.png HTTP/1.1" 200 (6 ms) - -
[28/Jul/2020:12:37:41 -0400] 0:0:0:0:0:0:0:1 "GET /list-allergies HTTP/1.1" 200 (18 ms) - -
[28/Jul/2020:12:37:42 -0400] 0:0:0:0:0:0:0:1 "GET /img/vlol_icon.png HTTP/1.1" 200 (5 ms) - -
[28/Jul/2020:12:38:31 -0400] 0:0:0:0:0:0:0:1 "GET /list-allergies HTTP/1.1" 200 (19 ms) - -
[28/Jul/2020:12:41:10 -0400] 0:0:0:0:0:0:0:1 "GET /list-allergies HTTP/1.1" 200 (21 ms) - -
[28/Jul/2020:12:41:10 -0400] 0:0:0:0:0:0:0:1 "GET /css/styles.css HTTP/1.1" 304 (5 ms) - -
[28/Jul/2020:12:42:07 -0400] 0:0:0:0:0:0:0:1 "GET /list-allergies HTTP/1.1" 200 (21 ms) - -
[28/Jul/2020:12:42:08 -0400] 0:0:0:0:0:0:0:1 "GET /img/vlol_icon.png HTTP/1.1" 200 (6 ms) - -
[28/Jul/2020:12:43:08 -0400] 0:0:0:0:0:0:0:1 "GET /list-allergies HTTP/1.1" 200 (27 ms) - -
[28/Jul/2020:12:43:08 -0400] 0:0:0:0:0:0:0:1 "GET /img/vlol_icon.png HTTP/1.1" 200 (5 ms) - -
[28/Jul/2020:12:43:53 -0400] 0:0:0:0:0:0:0:1 "GET /list-allergies HTTP/1.1" 200 (21 ms) - -
[28/Jul/2020:12:43:53 -0400] 0:0:0:0:0:0:0:1 "GET /img/vlol_icon.png HTTP/1.1" 200 (3 ms) - -
[28/Jul/2020:12:44:27 -0400] 0:0:0:0:0:0:0:1 "GET /list-allergies HTTP/1.1" 200 (18 ms) - -
[28/Jul/2020:12:44:27 -0400] 0:0:0:0:0:0:0:1 "GET /img/vlol_icon.png HTTP/1.1" 200 (4 ms) - -
[28/Jul/2020:12:47:00 -0400] 0:0:0:0:0:0:0:1 "GET /list-allergies HTTP/1.1" 200 (19 ms) - -
[28/Jul/2020:12:47:01 -0400] 0:0:0:0:0:0:0:1 "GET /img/vlol_icon.png HTTP/1.1" 200 (5 ms) - -
[28/Jul/2020:12:47:43 -0400] 0:0:0:0:0:0:0:1 "GET /list-allergies HTTP/1.1" 200 (18 ms) - -
[28/Jul/2020:12:47:43 -0400] 0:0:0:0:0:0:0:1 "GET /img/vlol_icon.png HTTP/1.1" 200 (4 ms) - -
[28/Jul/2020:12:47:59 -0400] 0:0:0:0:0:0:0:1 "GET /list-allergies HTTP/1.1" 200 (14 ms) - -
[28/Jul/2020:12:48:00 -0400] 0:0:0:0:0:0:0:1 "GET /img/vlol_icon.png HTTP/1.1" 200 (5 ms) - -
[28/Jul/2020:12:48:35 -0400] 0:0:0:0:0:0:0:1 "GET /list-allergies HTTP/1.1" 200 (16 ms) - -
[28/Jul/2020:12:48:36 -0400] 0:0:0:0:0:0:0:1 "GET /img/vlol_icon.png HTTP/1.1" 200 (7 ms) - -
[28/Jul/2020:12:50:57 -0400] 0:0:0:0:0:0:0:1 "GET /list-allergies HTTP/1.1" 200 (15 ms) - -
[28/Jul/2020:12:50:58 -0400] 0:0:0:0:0:0:0:1 "GET /img/vlol_icon.png HTTP/1.1" 200 (6 ms) - -
[28/Jul/2020:12:51:22 -0400] 0:0:0:0:0:0:0:1 "GET /list-allergies HTTP/1.1" 200 (16 ms) - -
[28/Jul/2020:12:51:23 -0400] 0:0:0:0:0:0:0:1 "GET /img/vlol_icon.png HTTP/1.1" 200 (7 ms) - -
[28/Jul/2020:12:52:44 -0400] 0:0:0:0:0:0:0:1 "GET /list-allergies HTTP/1.1" 200 (18 ms) - -
[28/Jul/2020:12:52:45 -0400] 0:0:0:0:0:0:0:1 "GET /img/vlol_icon.png HTTP/1.1" 200 (4 ms) - -
[28/Jul/2020:12:52:52 -0400] 0:0:0:0:0:0:0:1 "GET /list-allergies HTTP/1.1" 200 (16 ms) - -
[28/Jul/2020:12:52:53 -0400] 0:0:0:0:0:0:0:1 "GET /img/vlol_icon.png HTTP/1.1" 200 (4 ms) - -
[28/Jul/2020:12:53:05 -0400] 0:0:0:0:0:0:0:1 "GET /view-allergy/1 HTTP/1.1" 200 (22 ms) - -
[28/Jul/2020:12:53:07 -0400] 0:0:0:0:0:0:0:1 "GET /list-allergies HTTP/1.1" 200 (14 ms) - -
[28/Jul/2020:12:54:20 -0400] 0:0:0:0:0:0:0:1 "GET /edit-allergy/1 HTTP/1.1" 200 (20 ms) - -
[28/Jul/2020:12:54:20 -0400] 0:0:0:0:0:0:0:1 "GET /css/site.css HTTP/1.1" 304 (6 ms) - -
[28/Jul/2020:12:54:21 -0400] 0:0:0:0:0:0:0:1 "GET /edit-allergy/favicon.ico HTTP/1.1" 400 (20 ms) - -
[28/Jul/2020:12:54:21 -0400] 0:0:0:0:0:0:0:1 "GET /edit-allergy/favicon.ico HTTP/1.1" 400 (11 ms) - -
[28/Jul/2020:12:54:22 -0400] 0:0:0:0:0:0:0:1 "GET /list-allergies HTTP/1.1" 200 (17 ms) - -
[28/Jul/2020:12:55:59 -0400] 0:0:0:0:0:0:0:1 "GET /edit-allergy/1 HTTP/1.1" 200 (17 ms) - -
[28/Jul/2020:12:56:03 -0400] 0:0:0:0:0:0:0:1 "GET /edit-allergy/1 HTTP/1.1" 200 (14 ms) - -
[28/Jul/2020:12:56:29 -0400] 0:0:0:0:0:0:0:1 "POST /update-allergy HTTP/1.1" 302 (79 ms) - -
[28/Jul/2020:12:56:29 -0400] 0:0:0:0:0:0:0:1 "GET /list-allergies HTTP/1.1" 200 (15 ms) - -
[28/Jul/2020:12:56:31 -0400] 0:0:0:0:0:0:0:1 "GET /edit-allergy/1 HTTP/1.1" 200 (11 ms) - -
[28/Jul/2020:12:56:34 -0400] 0:0:0:0:0:0:0:1 "POST /update-allergy HTTP/1.1" 302 (8 ms) - -
[28/Jul/2020:12:56:34 -0400] 0:0:0:0:0:0:0:1 "GET /list-allergies HTTP/1.1" 200 (14 ms) - -
[28/Jul/2020:12:57:44 -0400] 0:0:0:0:0:0:0:1 "GET /list-allergies HTTP/1.1" 200 (15 ms) - -
[28/Jul/2020:12:57:44 -0400] 0:0:0:0:0:0:0:1 "GET /css/styles.css HTTP/1.1" 304 (4 ms) - -
[28/Jul/2020:12:57:45 -0400] 0:0:0:0:0:0:0:1 "GET /img/vlol_icon.png HTTP/1.1" 200 (7 ms) - -
[28/Jul/2020:12:57:46 -0400] 0:0:0:0:0:0:0:1 "GET /view-allergy/1 HTTP/1.1" 200 (15 ms) - -
[28/Jul/2020:13:14:59 -0400] 0:0:0:0:0:0:0:1 "GET /view-allergy/1 HTTP/1.1" 200 (12 ms) - -
[28/Jul/2020:13:14:59 -0400] 0:0:0:0:0:0:0:1 "GET /img/vlol_icon.png HTTP/1.1" 200 (4 ms) - -
[28/Jul/2020:13:15:26 -0400] 0:0:0:0:0:0:0:1 "GET /view-allergy/1 HTTP/1.1" 200 (10 ms) - -
[28/Jul/2020:13:15:26 -0400] 0:0:0:0:0:0:0:1 "GET /css/styles.css HTTP/1.1" 304 (3 ms) - -
[28/Jul/2020:13:15:26 -0400] 0:0:0:0:0:0:0:1 "GET /img/vlol_icon.png HTTP/1.1" 200 (4 ms) - -
[28/Jul/2020:13:15:29 -0400] 0:0:0:0:0:0:0:1 "GET /view-allergy/1 HTTP/1.1" 200 (12 ms) - -
[28/Jul/2020:13:15:29 -0400] 0:0:0:0:0:0:0:1 "GET /img/vlol_icon.png HTTP/1.1" 200 (3 ms) - -
[28/Jul/2020:13:15:32 -0400] 0:0:0:0:0:0:0:1 "GET /view-allergy/1 HTTP/1.1" 200 (13 ms) - -
[28/Jul/2020:13:15:32 -0400] 0:0:0:0:0:0:0:1 "GET /img/vlol_icon.png HTTP/1.1" 200 (4 ms) - -
[28/Jul/2020:13:19:58 -0400] 0:0:0:0:0:0:0:1 "GET /view-allergy/1 HTTP/1.1" 200 (19 ms) - -
[28/Jul/2020:13:19:59 -0400] 0:0:0:0:0:0:0:1 "GET /img/vlol_icon.png HTTP/1.1" 200 (8 ms) - -
[28/Jul/2020:13:21:02 -0400] 0:0:0:0:0:0:0:1 "GET /view-allergy/1 HTTP/1.1" 200 (13 ms) - -
[28/Jul/2020:13:21:03 -0400] 0:0:0:0:0:0:0:1 "GET /img/vlol_icon.png HTTP/1.1" 200 (5 ms) - -
[28/Jul/2020:13:21:10 -0400] 0:0:0:0:0:0:0:1 "GET /list-allergies HTTP/1.1" 200 (21 ms) - -
[28/Jul/2020:13:21:34 -0400] 0:0:0:0:0:0:0:1 "GET /view-allergy/1 HTTP/1.1" 200 (15 ms) - -
[28/Jul/2020:13:21:36 -0400] 0:0:0:0:0:0:0:1 "GET /list-allergies HTTP/1.1" 200 (13 ms) - -
[28/Jul/2020:13:21:38 -0400] 0:0:0:0:0:0:0:1 "GET /edit-allergy/1 HTTP/1.1" 200 (24 ms) - -
[28/Jul/2020:13:21:40 -0400] 0:0:0:0:0:0:0:1 "GET /list-allergies HTTP/1.1" 200 (14 ms) - -
[28/Jul/2020:13:21:42 -0400] 0:0:0:0:0:0:0:1 "GET /view-allergy/1 HTTP/1.1" 200 (12 ms) - -
[28/Jul/2020:13:21:44 -0400] 0:0:0:0:0:0:0:1 "GET /list-allergies HTTP/1.1" 200 (15 ms) - -
[28/Jul/2020:13:38:04 -0400] 0:0:0:0:0:0:0:1 "GET /list-allergies HTTP/1.1" 200 (21 ms) - -
[28/Jul/2020:13:38:04 -0400] 0:0:0:0:0:0:0:1 "GET /css/styles.css HTTP/1.1" 304 (7 ms) - -
[28/Jul/2020:13:38:05 -0400] 0:0:0:0:0:0:0:1 "GET /img/vlol_icon.png HTTP/1.1" 200 (8 ms) - -
[28/Jul/2020:13:38:08 -0400] 0:0:0:0:0:0:0:1 "GET /view-allergy/1 HTTP/1.1" 200 (15 ms) - -
[28/Jul/2020:13:38:23 -0400] 0:0:0:0:0:0:0:1 "GET /view-allergy/1 HTTP/1.1" 200 (10 ms) - -
[28/Jul/2020:13:38:23 -0400] 0:0:0:0:0:0:0:1 "GET /img/vlol_icon.png HTTP/1.1" 200 (4 ms) - -
[28/Jul/2020:13:38:52 -0400] 0:0:0:0:0:0:0:1 "GET /list-allergies HTTP/1.1" 200 (14 ms) - -
[28/Jul/2020:13:38:55 -0400] 0:0:0:0:0:0:0:1 "GET /edit-allergy/1 HTTP/1.1" 200 (11 ms) - -
[28/Jul/2020:13:39:01 -0400] 0:0:0:0:0:0:0:1 "GET /list-allergies HTTP/1.1" 200 (16 ms) - -
[28/Jul/2020:13:39:04 -0400] 0:0:0:0:0:0:0:1 "GET /view-allergy/1 HTTP/1.1" 200 (12 ms) - -
[28/Jul/2020:13:39:20 -0400] 0:0:0:0:0:0:0:1 "GET /add-allergy HTTP/1.1" 200 (9 ms) - -
[28/Jul/2020:13:39:22 -0400] 0:0:0:0:0:0:0:1 "GET /list-allergies HTTP/1.1" 200 (16 ms) - -
[28/Jul/2020:13:39:34 -0400] 0:0:0:0:0:0:0:1 "GET /list-allergies HTTP/1.1" 200 (16 ms) - -
[28/Jul/2020:13:39:35 -0400] 0:0:0:0:0:0:0:1 "GET /img/vlol_icon.png HTTP/1.1" 200 (6 ms) - -
[28/Jul/2020:13:39:37 -0400] 0:0:0:0:0:0:0:1 "GET /add-allergy HTTP/1.1" 200 (10 ms) - -
[28/Jul/2020:13:39:39 -0400] 0:0:0:0:0:0:0:1 "GET /list-allergies HTTP/1.1" 200 (12 ms) - -
[28/Jul/2020:13:39:41 -0400] 0:0:0:0:0:0:0:1 "GET /view-allergy/1 HTTP/1.1" 200 (11 ms) - -
[28/Jul/2020:13:39:45 -0400] 0:0:0:0:0:0:0:1 "GET /list-allergies HTTP/1.1" 200 (12 ms) - -
[28/Jul/2020:13:39:50 -0400] 0:0:0:0:0:0:0:1 "GET /edit-allergy/1 HTTP/1.1" 200 (13 ms) - -
[28/Jul/2020:13:39:54 -0400] 0:0:0:0:0:0:0:1 "GET /list-allergies HTTP/1.1" 200 (11 ms) - -
[28/Jul/2020:13:39:55 -0400] 0:0:0:0:0:0:0:1 "GET /view-allergy/1 HTTP/1.1" 200 (9 ms) - -
[28/Jul/2020:13:40:20 -0400] 0:0:0:0:0:0:0:1 "GET /view-allergy/1 HTTP/1.1" 200 (14 ms) - -
[28/Jul/2020:13:40:20 -0400] 0:0:0:0:0:0:0:1 "GET /img/vlol_icon.png HTTP/1.1" 200 (5 ms) - -
[28/Jul/2020:13:40:42 -0400] 0:0:0:0:0:0:0:1 "GET /view-allergy/1 HTTP/1.1" 200 (13 ms) - -
[28/Jul/2020:13:40:42 -0400] 0:0:0:0:0:0:0:1 "GET /img/vlol_icon.png HTTP/1.1" 200 (6 ms) - -
[28/Jul/2020:13:40:46 -0400] 0:0:0:0:0:0:0:1 "GET /list-allergies HTTP/1.1" 200 (14 ms) - -
[28/Jul/2020:13:40:49 -0400] 0:0:0:0:0:0:0:1 "GET /edit-allergy/1 HTTP/1.1" 200 (14 ms) - -
[28/Jul/2020:13:41:03 -0400] 0:0:0:0:0:0:0:1 "GET /edit-allergy/1 HTTP/1.1" 200 (9 ms) - -
[28/Jul/2020:13:41:03 -0400] 0:0:0:0:0:0:0:1 "GET /img/vlol_icon.png HTTP/1.1" 200 (3 ms) - -
[28/Jul/2020:13:41:33 -0400] 0:0:0:0:0:0:0:1 "GET /edit-allergy/1 HTTP/1.1" 200 (15 ms) - -
[28/Jul/2020:13:41:33 -0400] 0:0:0:0:0:0:0:1 "GET /img/vlol_icon.png HTTP/1.1" 200 (5 ms) - -
[28/Jul/2020:13:42:02 -0400] 0:0:0:0:0:0:0:1 "GET /list-allergies HTTP/1.1" 200 (14 ms) - -
[28/Jul/2020:13:42:04 -0400] 0:0:0:0:0:0:0:1 "GET /delete-allergy/1 HTTP/1.1" 302 (22 ms) - -
[28/Jul/2020:13:42:04 -0400] 0:0:0:0:0:0:0:1 "GET /list-allergies HTTP/1.1" 200 (14 ms) - -
[28/Jul/2020:13:42:24 -0400] 0:0:0:0:0:0:0:1 "GET /admin-menu HTTP/1.1" 200 (45 ms) - -
[28/Jul/2020:13:42:24 -0400] 0:0:0:0:0:0:0:1 "GET /css/site.css HTTP/1.1" 304 (4 ms) - -
[28/Jul/2020:13:42:27 -0400] 0:0:0:0:0:0:0:1 "GET /console HTTP/1.1" 302 (76 ms) - -
[28/Jul/2020:13:42:27 -0400] 0:0:0:0:0:0:0:1 "GET /console/ HTTP/1.1" 200 (23 ms) - -
[28/Jul/2020:13:42:27 -0400] 0:0:0:0:0:0:0:1 "GET /console/stylesheet.css HTTP/1.1" 200 (17 ms) - -
[28/Jul/2020:13:42:27 -0400] 0:0:0:0:0:0:0:1 "GET /console/login.jsp?jsessionid=0c5b4de0a27950212be18ffec0e77453 HTTP/1.1" 200 (5 ms) - -
[28/Jul/2020:13:42:27 -0400] 0:0:0:0:0:0:0:1 "GET /console/background.gif HTTP/1.1" 200 (6 ms) - -
[28/Jul/2020:13:42:28 -0400] 0:0:0:0:0:0:0:1 "POST /console/login.do?jsessionid=0c5b4de0a27950212be18ffec0e77453 HTTP/1.1" 200 (10 ms) - -
[28/Jul/2020:13:42:29 -0400] 0:0:0:0:0:0:0:1 "GET /console/header.jsp?jsessionid=0c5b4de0a27950212be18ffec0e77453 HTTP/1.1" 200 (7 ms) - -
[28/Jul/2020:13:42:29 -0400] 0:0:0:0:0:0:0:1 "GET /console/query.jsp?jsessionid=0c5b4de0a27950212be18ffec0e77453 HTTP/1.1" 200 (10 ms) - -
[28/Jul/2020:13:42:29 -0400] 0:0:0:0:0:0:0:1 "GET /console/help.jsp?jsessionid=0c5b4de0a27950212be18ffec0e77453 HTTP/1.1" 200 (12 ms) - -
[28/Jul/2020:13:42:29 -0400] 0:0:0:0:0:0:0:1 "GET /console/tables.do?jsessionid=0c5b4de0a27950212be18ffec0e77453 HTTP/1.1" 200 (108 ms) - -
[28/Jul/2020:13:42:29 -0400] 0:0:0:0:0:0:0:1 "GET /console/icon_line.gif HTTP/1.1" 200 (5 ms) - -
[28/Jul/2020:13:42:29 -0400] 0:0:0:0:0:0:0:1 "GET /console/icon_disconnect.gif HTTP/1.1" 200 (6 ms) - -
[28/Jul/2020:13:42:29 -0400] 0:0:0:0:0:0:0:1 "GET /console/icon_refresh.gif HTTP/1.1" 200 (8 ms) - -
[28/Jul/2020:13:42:29 -0400] 0:0:0:0:0:0:0:1 "GET /console/icon_rollback.gif HTTP/1.1" 200 (8 ms) - -
[28/Jul/2020:13:42:29 -0400] 0:0:0:0:0:0:0:1 "GET /console/icon_commit.gif HTTP/1.1" 200 (6 ms) - -
[28/Jul/2020:13:42:29 -0400] 0:0:0:0:0:0:0:1 "GET /console/icon_run.gif HTTP/1.1" 200 (11 ms) - -
[28/Jul/2020:13:42:29 -0400] 0:0:0:0:0:0:0:1 "GET /console/icon_run_selected.gif HTTP/1.1" 200 (10 ms) - -
[28/Jul/2020:13:42:29 -0400] 0:0:0:0:0:0:0:1 "GET /console/icon_stop.gif HTTP/1.1" 200 (6 ms) - -
[28/Jul/2020:13:42:29 -0400] 0:0:0:0:0:0:0:1 "GET /console/icon_history.gif HTTP/1.1" 200 (7 ms) - -
[28/Jul/2020:13:42:29 -0400] 0:0:0:0:0:0:0:1 "GET /console/icon_help.gif HTTP/1.1" 200 (8 ms) - -
[28/Jul/2020:13:42:29 -0400] 0:0:0:0:0:0:0:1 "GET /console/tree.js HTTP/1.1" 200 (6 ms) - -
[28/Jul/2020:13:42:30 -0400] 0:0:0:0:0:0:0:1 "GET /console/tree_minus.gif HTTP/1.1" 200 (6 ms) - -
[28/Jul/2020:13:42:30 -0400] 0:0:0:0:0:0:0:1 "GET /console/tree_plus.gif HTTP/1.1" 200 (5 ms) - -
[28/Jul/2020:13:42:30 -0400] 0:0:0:0:0:0:0:1 "GET /console/tree_database.gif HTTP/1.1" 200 (5 ms) - -
[28/Jul/2020:13:42:30 -0400] 0:0:0:0:0:0:0:1 "GET /console/tree_empty.gif HTTP/1.1" 200 (5 ms) - -
[28/Jul/2020:13:42:30 -0400] 0:0:0:0:0:0:0:1 "GET /console/tree_table.gif HTTP/1.1" 200 (8 ms) - -
[28/Jul/2020:13:42:30 -0400] 0:0:0:0:0:0:0:1 "GET /console/tree_column.gif HTTP/1.1" 200 (7 ms) - -
[28/Jul/2020:13:42:30 -0400] 0:0:0:0:0:0:0:1 "GET /console/tree_index_az.gif HTTP/1.1" 200 (4 ms) - -
[28/Jul/2020:13:42:30 -0400] 0:0:0:0:0:0:0:1 "GET /console/tree_type.gif HTTP/1.1" 200 (6 ms) - -
[28/Jul/2020:13:42:30 -0400] 0:0:0:0:0:0:0:1 "GET /console/tree_index.gif HTTP/1.1" 200 (6 ms) - -
[28/Jul/2020:13:42:30 -0400] 0:0:0:0:0:0:0:1 "GET /console/tree_folder.gif HTTP/1.1" 200 (7 ms) - -
[28/Jul/2020:13:42:30 -0400] 0:0:0:0:0:0:0:1 "GET /console/tree_sequences.gif HTTP/1.1" 200 (9 ms) - -
[28/Jul/2020:13:42:30 -0400] 0:0:0:0:0:0:0:1 "GET /console/tree_sequence.gif HTTP/1.1" 200 (7 ms) - -
[28/Jul/2020:13:42:30 -0400] 0:0:0:0:0:0:0:1 "GET /console/tree_users.gif HTTP/1.1" 200 (7 ms) - -
[28/Jul/2020:13:42:30 -0400] 0:0:0:0:0:0:0:1 "GET /console/tree_user.gif HTTP/1.1" 200 (8 ms) - -
[28/Jul/2020:13:42:30 -0400] 0:0:0:0:0:0:0:1 "GET /console/tree_info.gif HTTP/1.1" 200 (5 ms) - -
[28/Jul/2020:13:43:09 -0400] 0:0:0:0:0:0:0:1 "POST /console/query.do?jsessionid=0c5b4de0a27950212be18ffec0e77453 HTTP/1.1" 200 (7 ms) - -
[28/Jul/2020:13:43:09 -0400] 0:0:0:0:0:0:0:1 "GET /console/stylesheet.css HTTP/1.1" 304 (1 ms) - -
[28/Jul/2020:13:43:09 -0400] 0:0:0:0:0:0:0:1 "GET /console/table.js HTTP/1.1" 200 (7 ms) - -
[28/Jul/2020:13:43:14 -0400] 0:0:0:0:0:0:0:1 "GET / HTTP/1.1" 200 (14 ms) - -
[28/Jul/2020:13:43:14 -0400] 0:0:0:0:0:0:0:1 "GET /img/vlol_cover.jpg HTTP/1.1" 304 (7 ms) - -
[28/Jul/2020:13:43:16 -0400] 0:0:0:0:0:0:0:1 "GET /admin-menu HTTP/1.1" 200 (7 ms) - -
[28/Jul/2020:13:43:18 -0400] 0:0:0:0:0:0:0:1 "GET /list-allergies HTTP/1.1" 200 (13 ms) - -
[28/Jul/2020:13:46:04 -0400] 0:0:0:0:0:0:0:1 "GET /list-allergies HTTP/1.1" 200 (26 ms) - -
[28/Jul/2020:13:46:05 -0400] 0:0:0:0:0:0:0:1 "GET /img/vlol_icon.png HTTP/1.1" 200 (5 ms) - -
[28/Jul/2020:13:48:05 -0400] 0:0:0:0:0:0:0:1 "GET /add-allergy HTTP/1.1" 200 (15 ms) - -
[28/Jul/2020:13:48:10 -0400] 0:0:0:0:0:0:0:1 "POST /save-allergy HTTP/1.1" 302 (17 ms) - -
[28/Jul/2020:13:48:10 -0400] 0:0:0:0:0:0:0:1 "GET /list-allergies HTTP/1.1" 200 (12 ms) - -
[28/Jul/2020:13:48:14 -0400] 0:0:0:0:0:0:0:1 "GET /view-allergy/44 HTTP/1.1" 200 (10 ms) - -
[28/Jul/2020:13:48:18 -0400] 0:0:0:0:0:0:0:1 "GET /list-allergies HTTP/1.1" 200 (14 ms) - -
[28/Jul/2020:13:48:21 -0400] 0:0:0:0:0:0:0:1 "GET /edit-allergy/1 HTTP/1.1" 200 (11 ms) - -
[28/Jul/2020:13:48:23 -0400] 0:0:0:0:0:0:0:1 "GET /list-allergies HTTP/1.1" 200 (14 ms) - -
[28/Jul/2020:13:48:27 -0400] 0:0:0:0:0:0:0:1 "GET /edit-allergy/44 HTTP/1.1" 200 (12 ms) - -
[28/Jul/2020:13:48:33 -0400] 0:0:0:0:0:0:0:1 "POST /update-allergy HTTP/1.1" 302 (11 ms) - -
[28/Jul/2020:13:48:33 -0400] 0:0:0:0:0:0:0:1 "GET /list-allergies HTTP/1.1" 200 (12 ms) - -
[28/Jul/2020:13:48:55 -0400] 0:0:0:0:0:0:0:1 "GET /delete-allergy/44 HTTP/1.1" 302 (8 ms) - -
[28/Jul/2020:13:48:55 -0400] 0:0:0:0:0:0:0:1 "GET /list-allergies HTTP/1.1" 200 (12 ms) - -
[28/Jul/2020:13:49:03 -0400] 0:0:0:0:0:0:0:1 "GET /add-allergy HTTP/1.1" 200 (15 ms) - -
[28/Jul/2020:13:49:06 -0400] 0:0:0:0:0:0:0:1 "POST /save-allergy HTTP/1.1" 302 (6 ms) - -
[28/Jul/2020:13:49:06 -0400] 0:0:0:0:0:0:0:1 "GET /list-allergies HTTP/1.1" 200 (13 ms) - -
[28/Jul/2020:13:49:18 -0400] 0:0:0:0:0:0:0:1 "GET /delete-allergy/45 HTTP/1.1" 302 (5 ms) - -
[28/Jul/2020:13:49:18 -0400] 0:0:0:0:0:0:0:1 "GET /list-allergies HTTP/1.1" 200 (15 ms) - -
[28/Jul/2020:13:50:48 -0400] 0:0:0:0:0:0:0:1 "GET /add-allergy HTTP/1.1" 200 (12 ms) - -
[28/Jul/2020:13:50:53 -0400] 0:0:0:0:0:0:0:1 "POST /save-allergy HTTP/1.1" 200 (23 ms) - -
[28/Jul/2020:13:50:59 -0400] 0:0:0:0:0:0:0:1 "GET /list-allergies HTTP/1.1" 200 (17 ms) - -
[28/Jul/2020:13:53:14 -0400] 0:0:0:0:0:0:0:1 "GET /list-allergies HTTP/1.1" 200 (18 ms) - -
[28/Jul/2020:13:53:15 -0400] 0:0:0:0:0:0:0:1 "GET /img/vlol_icon.png HTTP/1.1" 200 (4 ms) - -
[28/Jul/2020:13:53:17 -0400] 0:0:0:0:0:0:0:1 "GET /view-allergy/1 HTTP/1.1" 200 (16 ms) - -
[28/Jul/2020:13:53:22 -0400] 0:0:0:0:0:0:0:1 "GET /view-allergy/search-allergies?keyword=Bee HTTP/1.1" 400 (25 ms) - -
[28/Jul/2020:13:53:27 -0400] 0:0:0:0:0:0:0:1 "GET /view-allergy/1 HTTP/1.1" 200 (11 ms) - -
[28/Jul/2020:13:53:33 -0400] 0:0:0:0:0:0:0:1 "GET /view-allergy/search-allergies?keyword=Lat HTTP/1.1" 400 (27 ms) - -
[28/Jul/2020:13:53:42 -0400] 0:0:0:0:0:0:0:1 "GET /view-allergy/1 HTTP/1.1" 200 (11 ms) - -
[28/Jul/2020:13:53:43 -0400] 0:0:0:0:0:0:0:1 "GET /view-allergy/search-allergies?keyword=Lat HTTP/1.1" 400 (32 ms) - -
[28/Jul/2020:13:53:45 -0400] 0:0:0:0:0:0:0:1 "GET /view-allergy/1 HTTP/1.1" 200 (9 ms) - -
[28/Jul/2020:13:54:39 -0400] 0:0:0:0:0:0:0:1 "GET /view-allergy/1 HTTP/1.1" 200 (11 ms) - -
[28/Jul/2020:13:54:39 -0400] 0:0:0:0:0:0:0:1 "GET /img/vlol_icon.png HTTP/1.1" 200 (7 ms) - -
[28/Jul/2020:13:54:42 -0400] 0:0:0:0:0:0:0:1 "GET /view-allergy/search-allergies?keyword=Lat HTTP/1.1" 400 (24 ms) - -
[28/Jul/2020:13:55:17 -0400] 0:0:0:0:0:0:0:1 "GET /view-allergy/1 HTTP/1.1" 200 (19 ms) - -
[28/Jul/2020:13:55:55 -0400] 0:0:0:0:0:0:0:1 "GET /view-allergy/search-allergies?keyword=Lat HTTP/1.1" 400 (29 ms) - -
[28/Jul/2020:13:56:07 -0400] 0:0:0:0:0:0:0:1 "GET /view-allergy/1 HTTP/1.1" 200 (10 ms) - -
[28/Jul/2020:13:57:18 -0400] 0:0:0:0:0:0:0:1 "GET /view-allergy/1 HTTP/1.1" 200 (15 ms) - -
[28/Jul/2020:13:57:19 -0400] 0:0:0:0:0:0:0:1 "GET /img/vlol_icon.png HTTP/1.1" 200 (5 ms) - -
[28/Jul/2020:13:57:23 -0400] 0:0:0:0:0:0:0:1 "GET /view-allergy/search-allergies?keyword=Lat HTTP/1.1" 400 (29 ms) - -
[28/Jul/2020:13:58:54 -0400] 0:0:0:0:0:0:0:1 "GET /view-allergy/1 HTTP/1.1" 200 (11 ms) - -
[28/Jul/2020:13:58:55 -0400] 0:0:0:0:0:0:0:1 "GET /list-allergies HTTP/1.1" 200 (14 ms) - -
[28/Jul/2020:13:58:58 -0400] 0:0:0:0:0:0:0:1 "GET /search-allergies?keyword=Lat HTTP/1.1" 200 (20 ms) - -
[28/Jul/2020:13:59:20 -0400] 0:0:0:0:0:0:0:1 "GET /list-allergies HTTP/1.1" 200 (17 ms) - -
[28/Jul/2020:13:59:24 -0400] 0:0:0:0:0:0:0:1 "GET /add-allergy HTTP/1.1" 200 (9 ms) - -
[28/Jul/2020:13:59:26 -0400] 0:0:0:0:0:0:0:1 "GET /list-allergies HTTP/1.1" 200 (11 ms) - -
[28/Jul/2020:13:59:28 -0400] 0:0:0:0:0:0:0:1 "GET /view-allergy/1 HTTP/1.1" 200 (12 ms) - -
[28/Jul/2020:13:59:31 -0400] 0:0:0:0:0:0:0:1 "GET /list-allergies HTTP/1.1" 200 (16 ms) - -
[28/Jul/2020:13:59:35 -0400] 0:0:0:0:0:0:0:1 "GET /view-allergy/1 HTTP/1.1" 200 (10 ms) - -
[28/Jul/2020:13:59:37 -0400] 0:0:0:0:0:0:0:1 "GET /view-allergy/search-allergies?keyword=Lat HTTP/1.1" 400 (33 ms) - -
[28/Jul/2020:13:59:38 -0400] 0:0:0:0:0:0:0:1 "GET /view-allergy/1 HTTP/1.1" 200 (10 ms) - -
[28/Jul/2020:14:05:38 -0400] 0:0:0:0:0:0:0:1 "GET / HTTP/1.1" 200 (1368 ms) - -
[28/Jul/2020:14:05:38 -0400] 0:0:0:0:0:0:0:1 "GET /css/styles.css HTTP/1.1" 200 (31 ms) - -
[28/Jul/2020:14:05:38 -0400] 0:0:0:0:0:0:0:1 "GET /img/vlol_cover.jpg HTTP/1.1" 200 (15 ms) - -
[28/Jul/2020:14:05:40 -0400] 0:0:0:0:0:0:0:1 "GET /login HTTP/1.1" 200 (49 ms) - -
[28/Jul/2020:14:05:40 -0400] 0:0:0:0:0:0:0:1 "GET /img/vlol_logo.png HTTP/1.1" 200 (17 ms) - -
[28/Jul/2020:14:05:52 -0400] 0:0:0:0:0:0:0:1 "POST /login HTTP/1.1" 302 (704 ms) - -
[28/Jul/2020:14:05:52 -0400] 0:0:0:0:0:0:0:1 "GET /admin-menu HTTP/1.1" 200 (157 ms) - -
[28/Jul/2020:14:05:52 -0400] 0:0:0:0:0:0:0:1 "GET /css/site.css HTTP/1.1" 200 (21 ms) - -
[28/Jul/2020:14:05:53 -0400] 0:0:0:0:0:0:0:1 "GET /favicon.ico HTTP/1.1" 404 (112 ms) - -
[28/Jul/2020:14:05:55 -0400] 0:0:0:0:0:0:0:1 "GET /list-allergies HTTP/1.1" 200 (97 ms) - -
[28/Jul/2020:14:05:58 -0400] 0:0:0:0:0:0:0:1 "GET /view-allergy/1 HTTP/1.1" 200 (55 ms) - -
[28/Jul/2020:14:06:02 -0400] 0:0:0:0:0:0:0:1 "GET /view-allergy/search-allergies?keyword=Lat HTTP/1.1" 400 (53 ms) - -
[28/Jul/2020:14:07:09 -0400] 0:0:0:0:0:0:0:1 "GET /view-allergy/1 HTTP/1.1" 200 (32 ms) - -
[28/Jul/2020:14:07:11 -0400] 0:0:0:0:0:0:0:1 "GET /view-allergy/1 HTTP/1.1" 200 (26 ms) - -
[28/Jul/2020:14:07:11 -0400] 0:0:0:0:0:0:0:1 "GET /css/styles.css HTTP/1.1" 304 (8 ms) - -
[28/Jul/2020:14:07:11 -0400] 0:0:0:0:0:0:0:1 "GET /img/vlol_icon.png HTTP/1.1" 200 (6 ms) - -
[28/Jul/2020:14:07:14 -0400] 0:0:0:0:0:0:0:1 "GET /view-allergy/search-allergies?keyword=Lat HTTP/1.1" 400 (40 ms) - -
[28/Jul/2020:14:07:29 -0400] 0:0:0:0:0:0:0:1 "GET /view-allergy/1 HTTP/1.1" 200 (27 ms) - -
[28/Jul/2020:14:07:30 -0400] 0:0:0:0:0:0:0:1 "GET /list-allergies HTTP/1.1" 200 (57 ms) - -
[28/Jul/2020:14:07:37 -0400] 0:0:0:0:0:0:0:1 "GET /search-allergies?keyword=Lat HTTP/1.1" 200 (4338 ms) - -
[28/Jul/2020:14:07:37 -0400] 0:0:0:0:0:0:0:1 "GET /css/site.css HTTP/1.1" 304 (9 ms) - -
[28/Jul/2020:14:07:53 -0400] 0:0:0:0:0:0:0:1 "GET /list-allergies HTTP/1.1" 200 (27 ms) - -
[28/Jul/2020:14:07:53 -0400] 0:0:0:0:0:0:0:1 "GET /css/styles.css HTTP/1.1" 304 (7 ms) - -
[28/Jul/2020:14:07:53 -0400] 0:0:0:0:0:0:0:1 "GET /img/vlol_icon.png HTTP/1.1" 304 (14 ms) - -
[28/Jul/2020:14:07:55 -0400] 0:0:0:0:0:0:0:1 "GET /view-allergy/1 HTTP/1.1" 200 (26 ms) - -
[28/Jul/2020:14:07:57 -0400] 0:0:0:0:0:0:0:1 "GET /view-allergy/search-allergies?keyword=Lat HTTP/1.1" 400 (47 ms) - -
[28/Jul/2020:14:08:32 -0400] 0:0:0:0:0:0:0:1 "GET /view-allergy/1 HTTP/1.1" 200 (30 ms) - -
[28/Jul/2020:14:08:36 -0400] 0:0:0:0:0:0:0:1 "GET /list-allergies HTTP/1.1" 200 (27 ms) - -
[28/Jul/2020:14:08:36 -0400] 0:0:0:0:0:0:0:1 "GET /css/styles.css HTTP/1.1" 304 (4 ms) - -
[28/Jul/2020:14:08:36 -0400] 0:0:0:0:0:0:0:1 "GET /img/vlol_icon.png HTTP/1.1" 304 (5 ms) - -
[28/Jul/2020:14:10:01 -0400] 0:0:0:0:0:0:0:1 "GET /view-allergy/1 HTTP/1.1" 200 (26 ms) - -
[28/Jul/2020:14:10:01 -0400] 0:0:0:0:0:0:0:1 "GET /css/styles.css HTTP/1.1" 304 (8 ms) - -
[28/Jul/2020:14:10:01 -0400] 0:0:0:0:0:0:0:1 "GET /img/vlol_icon.png HTTP/1.1" 304 (6 ms) - -
[28/Jul/2020:14:10:04 -0400] 0:0:0:0:0:0:0:1 "GET /view-allergy/search-allergies?keyword=Lat HTTP/1.1" 400 (33 ms) - -
[28/Jul/2020:14:10:13 -0400] 0:0:0:0:0:0:0:1 "GET /view-allergy/1 HTTP/1.1" 200 (20 ms) - -
[28/Jul/2020:14:10:15 -0400] 0:0:0:0:0:0:0:1 "GET /list-allergies HTTP/1.1" 200 (65 ms) - -
[28/Jul/2020:14:10:16 -0400] 0:0:0:0:0:0:0:1 "GET /view-allergy/1 HTTP/1.1" 200 (44 ms) - -
[28/Jul/2020:14:10:17 -0400] 0:0:0:0:0:0:0:1 "GET /view-allergy/search-allergies?keyword=Lat HTTP/1.1" 400 (29 ms) - -
[28/Jul/2020:14:10:31 -0400] 0:0:0:0:0:0:0:1 "GET /view-allergy/1 HTTP/1.1" 200 (22 ms) - -
[28/Jul/2020:14:10:32 -0400] 0:0:0:0:0:0:0:1 "GET /view-allergy/1 HTTP/1.1" 200 (16 ms) - -
[28/Jul/2020:14:10:32 -0400] 0:0:0:0:0:0:0:1 "GET /img/vlol_icon.png HTTP/1.1" 200 (8 ms) - -
[28/Jul/2020:14:10:38 -0400] 0:0:0:0:0:0:0:1 "GET /search-allergies?keyword=Lat HTTP/1.1" 200 (2949 ms) - -
[28/Jul/2020:14:10:38 -0400] 0:0:0:0:0:0:0:1 "GET /css/site.css HTTP/1.1" 304 (5 ms) - -
[28/Jul/2020:14:10:43 -0400] 0:0:0:0:0:0:0:1 "GET /list-allergies HTTP/1.1" 200 (35 ms) - -
[28/Jul/2020:14:10:45 -0400] 0:0:0:0:0:0:0:1 "GET /edit-allergy/1 HTTP/1.1" 200 (41 ms) - -
[28/Jul/2020:14:10:49 -0400] 0:0:0:0:0:0:0:1 "GET /edit-allergy/search-allergies?keyword=Lat HTTP/1.1" 400 (33 ms) - -
[28/Jul/2020:14:11:17 -0400] 0:0:0:0:0:0:0:1 "GET /edit-allergy/1 HTTP/1.1" 200 (22 ms) - -
[28/Jul/2020:14:11:21 -0400] 0:0:0:0:0:0:0:1 "GET /add-allergy HTTP/1.1" 200 (17 ms) - -
[28/Jul/2020:14:11:21 -0400] 0:0:0:0:0:0:0:1 "GET /css/styles.css HTTP/1.1" 304 (4 ms) - -
[28/Jul/2020:14:11:49 -0400] 0:0:0:0:0:0:0:1 "GET /add-allergy HTTP/1.1" 200 (19 ms) - -
[28/Jul/2020:14:11:49 -0400] 0:0:0:0:0:0:0:1 "GET /img/vlol_icon.png HTTP/1.1" 304 (11 ms) - -
[28/Jul/2020:14:11:49 -0400] 0:0:0:0:0:0:0:1 "GET /img/vlol_icon.png HTTP/1.1" 200 (6 ms) - -
[28/Jul/2020:14:11:57 -0400] 0:0:0:0:0:0:0:1 "GET /list-allergies HTTP/1.1" 200 (26 ms) - -
[28/Jul/2020:14:12:01 -0400] 0:0:0:0:0:0:0:1 "GET /search-allergies?keyword=Lat HTTP/1.1" 200 (2582 ms) - -
[28/Jul/2020:14:12:01 -0400] 0:0:0:0:0:0:0:1 "GET /css/site.css HTTP/1.1" 304 (5 ms) - -
[28/Jul/2020:14:12:04 -0400] 0:0:0:0:0:0:0:1 "GET /list-allergies HTTP/1.1" 200 (23 ms) - -
[28/Jul/2020:14:12:16 -0400] 0:0:0:0:0:0:0:1 "GET /add-allergy HTTP/1.1" 200 (20 ms) - -
[28/Jul/2020:14:12:22 -0400] 0:0:0:0:0:0:0:1 "GET /list-allergies HTTP/1.1" 200 (21 ms) - -
[28/Jul/2020:14:13:49 -0400] 0:0:0:0:0:0:0:1 "GET /list-allergies HTTP/1.1" 200 (30 ms) - -
[28/Jul/2020:14:13:49 -0400] 0:0:0:0:0:0:0:1 "GET /css/styles.css HTTP/1.1" 304 (10 ms) - -
[28/Jul/2020:14:13:50 -0400] 0:0:0:0:0:0:0:1 "GET /img/vlol_icon.png HTTP/1.1" 304 (6 ms) - -
[28/Jul/2020:14:13:50 -0400] 0:0:0:0:0:0:0:1 "GET /img/vlol_icon.png HTTP/1.1" 200 (5 ms) - -
[28/Jul/2020:14:13:54 -0400] 0:0:0:0:0:0:0:1 "GET /search-allergies?keyword=Lat HTTP/1.1" 200 (16 ms) - -
[28/Jul/2020:14:14:44 -0400] 0:0:0:0:0:0:0:1 "GET /search-allergies?keyword=Lat HTTP/1.1" 200 (18 ms) - -
[28/Jul/2020:14:14:45 -0400] 0:0:0:0:0:0:0:1 "GET /img/vlol_icon.png HTTP/1.1" 200 (5 ms) - -
[28/Jul/2020:14:14:48 -0400] 0:0:0:0:0:0:0:1 "GET /search-allergies?keyword=Lat HTTP/1.1" 200 (21 ms) - -
[28/Jul/2020:14:15:09 -0400] 0:0:0:0:0:0:0:1 "GET /search-allergies?keyword=Lat HTTP/1.1" 200 (23 ms) - -
[28/Jul/2020:14:15:09 -0400] 0:0:0:0:0:0:0:1 "GET /css/styles.css HTTP/1.1" 304 (4 ms) - -
[28/Jul/2020:14:15:10 -0400] 0:0:0:0:0:0:0:1 "GET /img/vlol_icon.png HTTP/1.1" 200 (4 ms) - -
[28/Jul/2020:14:15:57 -0400] 0:0:0:0:0:0:0:1 "GET /search-allergies?keyword=Lat HTTP/1.1" 200 (29 ms) - -
[28/Jul/2020:14:15:58 -0400] 0:0:0:0:0:0:0:1 "GET /img/vlol_icon.png HTTP/1.1" 200 (4 ms) - -
[28/Jul/2020:14:16:31 -0400] 0:0:0:0:0:0:0:1 "GET /search-allergies?keyword=Lat HTTP/1.1" 200 (22 ms) - -
[28/Jul/2020:14:16:31 -0400] 0:0:0:0:0:0:0:1 "GET /img/vlol_icon.png HTTP/1.1" 200 (6 ms) - -
[28/Jul/2020:14:16:56 -0400] 0:0:0:0:0:0:0:1 "GET /list-allergies HTTP/1.1" 200 (24 ms) - -
[28/Jul/2020:14:16:56 -0400] 0:0:0:0:0:0:0:1 "GET /css/styles.css HTTP/1.1" 304 (4 ms) - -
[28/Jul/2020:14:18:00 -0400] 0:0:0:0:0:0:0:1 "GET /list-allergies HTTP/1.1" 200 (26 ms) - -
[28/Jul/2020:14:18:01 -0400] 0:0:0:0:0:0:0:1 "GET /img/vlol_icon.png HTTP/1.1" 200 (4 ms) - -
[28/Jul/2020:14:18:04 -0400] 0:0:0:0:0:0:0:1 "GET /search-allergies?keyword=Lat HTTP/1.1" 200 (15 ms) - -
[28/Jul/2020:14:18:10 -0400] 0:0:0:0:0:0:0:1 "GET /search-allergies?keyword=Lat HTTP/1.1" 200 (18 ms) - -
[28/Jul/2020:14:18:11 -0400] 0:0:0:0:0:0:0:1 "GET /img/vlol_icon.png HTTP/1.1" 200 (5 ms) - -
[28/Jul/2020:14:18:13 -0400] 0:0:0:0:0:0:0:1 "GET /search-allergies?keyword=Bee HTTP/1.1" 200 (14 ms) - -
[28/Jul/2020:14:18:33 -0400] 0:0:0:0:0:0:0:1 "GET /list-allergies HTTP/1.1" 200 (20 ms) - -
[28/Jul/2020:14:18:33 -0400] 0:0:0:0:0:0:0:1 "GET /css/styles.css HTTP/1.1" 304 (4 ms) - -
[28/Jul/2020:14:18:44 -0400] 0:0:0:0:0:0:0:1 "GET /view-allergy/1 HTTP/1.1" 200 (15 ms) - -
[28/Jul/2020:14:18:45 -0400] 0:0:0:0:0:0:0:1 "GET /list-allergies HTTP/1.1" 200 (24 ms) - -
[28/Jul/2020:14:18:47 -0400] 0:0:0:0:0:0:0:1 "GET /edit-allergy/1 HTTP/1.1" 200 (16 ms) - -
[28/Jul/2020:14:18:53 -0400] 0:0:0:0:0:0:0:1 "GET /list-allergies HTTP/1.1" 200 (18 ms) - -
[28/Jul/2020:14:19:02 -0400] 0:0:0:0:0:0:0:1 "GET /list-allergies HTTP/1.1" 200 (17 ms) - -
[28/Jul/2020:14:19:03 -0400] 0:0:0:0:0:0:0:1 "GET /img/vlol_icon.png HTTP/1.1" 200 (5 ms) - -
[28/Jul/2020:14:19:04 -0400] 0:0:0:0:0:0:0:1 "GET /view-allergy/1 HTTP/1.1" 200 (16 ms) - -
[28/Jul/2020:14:19:09 -0400] 0:0:0:0:0:0:0:1 "GET /list-allergies HTTP/1.1" 200 (20 ms) - -
[28/Jul/2020:14:19:11 -0400] 0:0:0:0:0:0:0:1 "GET /edit-allergy/1 HTTP/1.1" 200 (17 ms) - -
[28/Jul/2020:14:19:13 -0400] 0:0:0:0:0:0:0:1 "GET /list-allergies HTTP/1.1" 200 (20 ms) - -
[28/Jul/2020:14:19:54 -0400] 0:0:0:0:0:0:0:1 "GET /list-allergies HTTP/1.1" 200 (23 ms) - -
[28/Jul/2020:14:19:55 -0400] 0:0:0:0:0:0:0:1 "GET /img/vlol_icon.png HTTP/1.1" 200 (5 ms) - -
[28/Jul/2020:14:19:59 -0400] 0:0:0:0:0:0:0:1 "GET /view-allergy/1 HTTP/1.1" 200 (17 ms) - -
[28/Jul/2020:14:20:01 -0400] 0:0:0:0:0:0:0:1 "GET /list-allergies HTTP/1.1" 200 (16 ms) - -
[28/Jul/2020:14:20:05 -0400] 0:0:0:0:0:0:0:1 "GET /edit-allergy/1 HTTP/1.1" 200 (14 ms) - -
[28/Jul/2020:14:20:11 -0400] 0:0:0:0:0:0:0:1 "GET /list-allergies HTTP/1.1" 200 (20 ms) - -
[28/Jul/2020:14:31:36 -0400] 0:0:0:0:0:0:0:1 "GET /css/styles.css HTTP/1.1" 304 (5 ms) - -
[28/Jul/2020:14:31:41 -0400] 0:0:0:0:0:0:0:1 "GET /list-allergies HTTP/1.1" 200 (21 ms) - -
[28/Jul/2020:14:31:41 -0400] 0:0:0:0:0:0:0:1 "GET /img/vlol_icon.png HTTP/1.1" 304 (8 ms) - -
[28/Jul/2020:14:31:42 -0400] 0:0:0:0:0:0:0:1 "GET /img/vlol_icon.png HTTP/1.1" 200 (3 ms) - -
[28/Jul/2020:14:31:43 -0400] 0:0:0:0:0:0:0:1 "GET /view-allergy/1 HTTP/1.1" 200 (14 ms) - -
[28/Jul/2020:14:31:48 -0400] 0:0:0:0:0:0:0:1 "GET /search-allergies?keyword=Lat HTTP/1.1" 200 (15 ms) - -
[28/Jul/2020:14:31:52 -0400] 0:0:0:0:0:0:0:1 "GET /search-allergies?keyword=Lat HTTP/1.1" 200 (17 ms) - -
[28/Jul/2020:14:31:53 -0400] 0:0:0:0:0:0:0:1 "GET /img/vlol_icon.png HTTP/1.1" 200 (5 ms) - -
[28/Jul/2020:14:32:23 -0400] 0:0:0:0:0:0:0:1 "GET /search-allergies?keyword=Lat HTTP/1.1" 200 (18 ms) - -
[28/Jul/2020:14:32:24 -0400] 0:0:0:0:0:0:0:1 "GET /img/vlol_icon.png HTTP/1.1" 200 (6 ms) - -
[28/Jul/2020:14:33:41 -0400] 0:0:0:0:0:0:0:1 "GET /search-allergies?keyword=Lat HTTP/1.1" 200 (18 ms) - -
[28/Jul/2020:14:33:42 -0400] 0:0:0:0:0:0:0:1 "GET /img/vlol_icon.png HTTP/1.1" 200 (5 ms) - -
[28/Jul/2020:14:34:01 -0400] 0:0:0:0:0:0:0:1 "GET /search-allergies?keyword=Lat HTTP/1.1" 200 (17 ms) - -
[28/Jul/2020:14:36:16 -0400] 0:0:0:0:0:0:0:1 "GET /search-allergies?keyword=Lat HTTP/1.1" 200 (20 ms) - -
[28/Jul/2020:14:36:16 -0400] 0:0:0:0:0:0:0:1 "GET /css/styles.css HTTP/1.1" 304 (6 ms) - -
[28/Jul/2020:14:38:49 -0400] 0:0:0:0:0:0:0:1 "GET /search-allergies?keyword=Lat HTTP/1.1" 200 (17 ms) - -
[28/Jul/2020:14:38:49 -0400] 0:0:0:0:0:0:0:1 "GET /img/vlol_icon.png HTTP/1.1" 304 (4 ms) - -
[28/Jul/2020:14:38:50 -0400] 0:0:0:0:0:0:0:1 "GET /img/vlol_icon.png HTTP/1.1" 200 (6 ms) - -
[28/Jul/2020:14:39:33 -0400] 0:0:0:0:0:0:0:1 "GET /search-allergies?keyword=Lat HTTP/1.1" 200 (19 ms) - -
[28/Jul/2020:14:39:35 -0400] 0:0:0:0:0:0:0:1 "GET /img/vlol_icon.png HTTP/1.1" 200 (5 ms) - -
[28/Jul/2020:14:40:14 -0400] 0:0:0:0:0:0:0:1 "GET /search-allergies?keyword=Lat HTTP/1.1" 200 (18 ms) - -
[28/Jul/2020:14:40:14 -0400] 0:0:0:0:0:0:0:1 "GET /css/styles.css HTTP/1.1" 304 (4 ms) - -
[28/Jul/2020:14:40:14 -0400] 0:0:0:0:0:0:0:1 "GET /img/vlol_icon.png HTTP/1.1" 200 (5 ms) - -
[28/Jul/2020:14:40:23 -0400] 0:0:0:0:0:0:0:1 "GET /search-allergies?keyword=Lat HTTP/1.1" 200 (14 ms) - -
[28/Jul/2020:14:40:24 -0400] 0:0:0:0:0:0:0:1 "GET /img/vlol_icon.png HTTP/1.1" 200 (4 ms) - -
[28/Jul/2020:14:41:15 -0400] 0:0:0:0:0:0:0:1 "GET /search-allergies?keyword=Lat HTTP/1.1" 200 (21 ms) - -
[28/Jul/2020:14:41:16 -0400] 0:0:0:0:0:0:0:1 "GET /img/vlol_icon.png HTTP/1.1" 200 (6 ms) - -
[28/Jul/2020:14:41:51 -0400] 0:0:0:0:0:0:0:1 "GET /search-allergies?keyword=Lat HTTP/1.1" 200 (19 ms) - -
[28/Jul/2020:14:41:52 -0400] 0:0:0:0:0:0:0:1 "GET /img/vlol_icon.png HTTP/1.1" 200 (7 ms) - -
[28/Jul/2020:14:42:14 -0400] 0:0:0:0:0:0:0:1 "GET /search-allergies?keyword=Lat HTTP/1.1" 200 (19 ms) - -
[28/Jul/2020:14:42:15 -0400] 0:0:0:0:0:0:0:1 "GET /img/vlol_icon.png HTTP/1.1" 200 (5 ms) - -
[28/Jul/2020:14:42:41 -0400] 0:0:0:0:0:0:0:1 "GET /search-allergies?keyword=Lat HTTP/1.1" 200 (19 ms) - -
[28/Jul/2020:14:42:42 -0400] 0:0:0:0:0:0:0:1 "GET /img/vlol_icon.png HTTP/1.1" 200 (6 ms) - -
[28/Jul/2020:14:42:54 -0400] 0:0:0:0:0:0:0:1 "GET /search-allergies?keyword=Lat HTTP/1.1" 200 (14 ms) - -
[28/Jul/2020:14:42:55 -0400] 0:0:0:0:0:0:0:1 "GET /img/vlol_icon.png HTTP/1.1" 200 (4 ms) - -
[28/Jul/2020:14:43:07 -0400] 0:0:0:0:0:0:0:1 "GET /search-allergies?keyword=Lat HTTP/1.1" 200 (14 ms) - -
[28/Jul/2020:14:43:07 -0400] 0:0:0:0:0:0:0:1 "GET /img/vlol_icon.png HTTP/1.1" 200 (4 ms) - -
[28/Jul/2020:14:43:32 -0400] 0:0:0:0:0:0:0:1 "GET /search-allergies?keyword=Lat HTTP/1.1" 200 (13 ms) - -
[28/Jul/2020:14:43:33 -0400] 0:0:0:0:0:0:0:1 "GET /img/vlol_icon.png HTTP/1.1" 200 (5 ms) - -
[28/Jul/2020:14:43:40 -0400] 0:0:0:0:0:0:0:1 "GET /search-allergies?keyword=Lat HTTP/1.1" 200 (14 ms) - -
[28/Jul/2020:14:43:41 -0400] 0:0:0:0:0:0:0:1 "GET /img/vlol_icon.png HTTP/1.1" 200 (6 ms) - -
[28/Jul/2020:14:43:56 -0400] 0:0:0:0:0:0:0:1 "GET /search-allergies?keyword=Lat HTTP/1.1" 200 (15 ms) - -
[28/Jul/2020:14:43:57 -0400] 0:0:0:0:0:0:0:1 "GET /img/vlol_icon.png HTTP/1.1" 200 (5 ms) - -
[28/Jul/2020:14:44:18 -0400] 0:0:0:0:0:0:0:1 "GET /search-allergies?keyword=Lat HTTP/1.1" 200 (12 ms) - -
[28/Jul/2020:14:44:18 -0400] 0:0:0:0:0:0:0:1 "GET /css/styles.css HTTP/1.1" 304 (4 ms) - -
[28/Jul/2020:14:44:19 -0400] 0:0:0:0:0:0:0:1 "GET /img/vlol_icon.png HTTP/1.1" 200 (4 ms) - -
[28/Jul/2020:14:44:37 -0400] 0:0:0:0:0:0:0:1 "GET /search-allergies?keyword=Lat HTTP/1.1" 200 (14 ms) - -
[28/Jul/2020:14:44:38 -0400] 0:0:0:0:0:0:0:1 "GET /img/vlol_icon.png HTTP/1.1" 200 (4 ms) - -
[28/Jul/2020:14:45:26 -0400] 0:0:0:0:0:0:0:1 "GET /search-allergies?keyword=Lat HTTP/1.1" 200 (16 ms) - -
[28/Jul/2020:14:45:27 -0400] 0:0:0:0:0:0:0:1 "GET /img/vlol_icon.png HTTP/1.1" 200 (4 ms) - -
[28/Jul/2020:14:48:04 -0400] 0:0:0:0:0:0:0:1 "GET /search-allergies?keyword=Lat HTTP/1.1" 200 (20 ms) - -
[28/Jul/2020:14:48:05 -0400] 0:0:0:0:0:0:0:1 "GET /img/vlol_icon.png HTTP/1.1" 200 (9 ms) - -
[28/Jul/2020:14:48:27 -0400] 0:0:0:0:0:0:0:1 "GET /search-allergies?keyword=Lat HTTP/1.1" 200 (24 ms) - -
[28/Jul/2020:14:48:29 -0400] 0:0:0:0:0:0:0:1 "GET /img/vlol_icon.png HTTP/1.1" 200 (4 ms) - -
[28/Jul/2020:14:49:08 -0400] 0:0:0:0:0:0:0:1 "GET /search-allergies?keyword=Lat HTTP/1.1" 200 (19 ms) - -
[28/Jul/2020:14:49:08 -0400] 0:0:0:0:0:0:0:1 "GET /css/styles.css HTTP/1.1" 304 (4 ms) - -
[28/Jul/2020:14:49:09 -0400] 0:0:0:0:0:0:0:1 "GET /img/vlol_icon.png HTTP/1.1" 200 (5 ms) - -
[28/Jul/2020:14:57:22 -0400] 0:0:0:0:0:0:0:1 "GET / HTTP/1.1" 200 (1315 ms) - -
[28/Jul/2020:14:57:22 -0400] 0:0:0:0:0:0:0:1 "GET /css/styles.css HTTP/1.1" 200 (37 ms) - -
[28/Jul/2020:14:57:23 -0400] 0:0:0:0:0:0:0:1 "GET /img/vlol_icon.png HTTP/1.1" 200 (14 ms) - -
[28/Jul/2020:14:57:23 -0400] 0:0:0:0:0:0:0:1 "GET /img/vlol_cover.jpg HTTP/1.1" 200 (17 ms) - -
[28/Jul/2020:14:57:24 -0400] 0:0:0:0:0:0:0:1 "GET /login HTTP/1.1" 200 (48 ms) - -
[28/Jul/2020:14:57:24 -0400] 0:0:0:0:0:0:0:1 "GET /img/vlol_logo.png HTTP/1.1" 200 (20 ms) - -
[28/Jul/2020:14:57:34 -0400] 0:0:0:0:0:0:0:1 "POST /login HTTP/1.1" 302 (696 ms) - -
[28/Jul/2020:14:57:34 -0400] 0:0:0:0:0:0:0:1 "GET /admin-menu HTTP/1.1" 200 (130 ms) - -
[28/Jul/2020:14:57:34 -0400] 0:0:0:0:0:0:0:1 "GET /css/site.css HTTP/1.1" 200 (24 ms) - -
[28/Jul/2020:14:57:35 -0400] 0:0:0:0:0:0:0:1 "GET /favicon.ico HTTP/1.1" 404 (101 ms) - -
[28/Jul/2020:14:57:37 -0400] 0:0:0:0:0:0:0:1 "GET /list-allergies HTTP/1.1" 200 (90 ms) - -
[28/Jul/2020:14:57:39 -0400] 0:0:0:0:0:0:0:1 "GET /view-allergy/1 HTTP/1.1" 200 (58 ms) - -
[28/Jul/2020:14:57:43 -0400] 0:0:0:0:0:0:0:1 "GET /search-allergies?keyword=Lat HTTP/1.1" 200 (40 ms) - -
[28/Jul/2020:14:57:53 -0400] 0:0:0:0:0:0:0:1 "GET /search-allergies?keyword=Lat HTTP/1.1" 200 (34 ms) - -
[28/Jul/2020:14:57:54 -0400] 0:0:0:0:0:0:0:1 "GET /img/vlol_icon.png HTTP/1.1" 200 (10 ms) - -
[28/Jul/2020:14:59:42 -0400] 0:0:0:0:0:0:0:1 "GET /search-allergies?keyword=Lat HTTP/1.1" 200 (34 ms) - -
[28/Jul/2020:14:59:42 -0400] 0:0:0:0:0:0:0:1 "GET /css/styles.css HTTP/1.1" 304 (11 ms) - -
[28/Jul/2020:14:59:42 -0400] 0:0:0:0:0:0:0:1 "GET /img/vlol_icon.png HTTP/1.1" 304 (8 ms) - -
[28/Jul/2020:14:59:43 -0400] 0:0:0:0:0:0:0:1 "GET /img/vlol_icon.png HTTP/1.1" 200 (6 ms) - -
[28/Jul/2020:15:00:17 -0400] 0:0:0:0:0:0:0:1 "GET /search-allergies?keyword=Lat HTTP/1.1" 200 (35 ms) - -
[28/Jul/2020:15:00:18 -0400] 0:0:0:0:0:0:0:1 "GET /img/vlol_icon.png HTTP/1.1" 200 (6 ms) - -
[28/Jul/2020:15:00:25 -0400] 0:0:0:0:0:0:0:1 "GET /search-allergies?keyword=Lat HTTP/1.1" 200 (24 ms) - -
[28/Jul/2020:15:00:26 -0400] 0:0:0:0:0:0:0:1 "GET /img/vlol_icon.png HTTP/1.1" 200 (8 ms) - -
[28/Jul/2020:15:00:31 -0400] 0:0:0:0:0:0:0:1 "GET /list-allergies HTTP/1.1" 200 (33 ms) - -
[28/Jul/2020:15:00:33 -0400] 0:0:0:0:0:0:0:1 "GET /view-allergy/1 HTTP/1.1" 200 (22 ms) - -
[28/Jul/2020:15:00:36 -0400] 0:0:0:0:0:0:0:1 "GET /list-allergies HTTP/1.1" 200 (34 ms) - -
[28/Jul/2020:15:00:40 -0400] 0:0:0:0:0:0:0:1 "GET /search-allergies?keyword=Lat HTTP/1.1" 200 (20 ms) - -
[28/Jul/2020:15:00:40 -0400] 0:0:0:0:0:0:0:1 "GET /css/styles.css HTTP/1.1" 304 (4 ms) - -
[28/Jul/2020:15:01:09 -0400] 0:0:0:0:0:0:0:1 "GET /search-allergies?keyword=Lat HTTP/1.1" 200 (22 ms) - -
[28/Jul/2020:15:01:10 -0400] 0:0:0:0:0:0:0:1 "GET /img/vlol_icon.png HTTP/1.1" 200 (5 ms) - -
[28/Jul/2020:15:02:37 -0400] 0:0:0:0:0:0:0:1 "GET /search-allergies?keyword=Lat HTTP/1.1" 200 (26 ms) - -
[28/Jul/2020:15:02:37 -0400] 0:0:0:0:0:0:0:1 "GET /css/styles.css HTTP/1.1" 304 (16 ms) - -
[28/Jul/2020:15:02:37 -0400] 0:0:0:0:0:0:0:1 "GET /img/vlol_icon.png HTTP/1.1" 304 (8 ms) - -
[28/Jul/2020:15:02:38 -0400] 0:0:0:0:0:0:0:1 "GET /img/vlol_icon.png HTTP/1.1" 200 (6 ms) - -
[28/Jul/2020:15:03:22 -0400] 0:0:0:0:0:0:0:1 "GET /search-allergies?keyword=Lat HTTP/1.1" 200 (29 ms) - -
[28/Jul/2020:15:03:23 -0400] 0:0:0:0:0:0:0:1 "GET /img/vlol_icon.png HTTP/1.1" 200 (6 ms) - -
[28/Jul/2020:15:03:34 -0400] 0:0:0:0:0:0:0:1 "GET /search-allergies?keyword=Lat HTTP/1.1" 200 (20 ms) - -
[28/Jul/2020:15:03:36 -0400] 0:0:0:0:0:0:0:1 "GET /img/vlol_icon.png HTTP/1.1" 200 (6 ms) - -
[28/Jul/2020:15:04:07 -0400] 0:0:0:0:0:0:0:1 "GET /search-allergies?keyword=Lat HTTP/1.1" 200 (21 ms) - -
[28/Jul/2020:15:04:07 -0400] 0:0:0:0:0:0:0:1 "GET /css/styles.css HTTP/1.1" 304 (5 ms) - -
[28/Jul/2020:15:04:08 -0400] 0:0:0:0:0:0:0:1 "GET /img/vlol_icon.png HTTP/1.1" 200 (6 ms) - -
[28/Jul/2020:15:04:18 -0400] 0:0:0:0:0:0:0:1 "GET /search-allergies?keyword=Lat HTTP/1.1" 200 (21 ms) - -
[28/Jul/2020:15:04:19 -0400] 0:0:0:0:0:0:0:1 "GET /img/vlol_icon.png HTTP/1.1" 200 (7 ms) - -
[28/Jul/2020:15:04:23 -0400] 0:0:0:0:0:0:0:1 "GET /search-allergies?keyword=Lat HTTP/1.1" 200 (18 ms) - -
[28/Jul/2020:15:04:25 -0400] 0:0:0:0:0:0:0:1 "GET /img/vlol_icon.png HTTP/1.1" 200 (5 ms) - -
[28/Jul/2020:15:05:02 -0400] 0:0:0:0:0:0:0:1 "GET /search-allergies?keyword=Lat HTTP/1.1" 200 (18 ms) - -
[28/Jul/2020:15:05:03 -0400] 0:0:0:0:0:0:0:1 "GET /img/vlol_icon.png HTTP/1.1" 200 (5 ms) - -
[28/Jul/2020:15:06:08 -0400] 0:0:0:0:0:0:0:1 "GET /search-allergies?keyword=Lat HTTP/1.1" 200 (22 ms) - -
[28/Jul/2020:15:06:08 -0400] 0:0:0:0:0:0:0:1 "GET /css/styles.css HTTP/1.1" 304 (7 ms) - -
[28/Jul/2020:15:06:09 -0400] 0:0:0:0:0:0:0:1 "GET /img/vlol_icon.png HTTP/1.1" 200 (5 ms) - -
[28/Jul/2020:15:06:20 -0400] 0:0:0:0:0:0:0:1 "GET /search-allergies?keyword=Lat HTTP/1.1" 200 (24 ms) - -
[28/Jul/2020:15:06:21 -0400] 0:0:0:0:0:0:0:1 "GET /img/vlol_icon.png HTTP/1.1" 200 (7 ms) - -
[28/Jul/2020:15:06:39 -0400] 0:0:0:0:0:0:0:1 "GET /search-allergies?keyword=Lat HTTP/1.1" 200 (19 ms) - -
[28/Jul/2020:15:06:40 -0400] 0:0:0:0:0:0:0:1 "GET /img/vlol_icon.png HTTP/1.1" 200 (4 ms) - -
[28/Jul/2020:15:07:17 -0400] 0:0:0:0:0:0:0:1 "GET /search-allergies?keyword=Lat HTTP/1.1" 200 (21 ms) - -
[28/Jul/2020:15:07:18 -0400] 0:0:0:0:0:0:0:1 "GET /img/vlol_icon.png HTTP/1.1" 200 (6 ms) - -
[28/Jul/2020:15:07:46 -0400] 0:0:0:0:0:0:0:1 "GET /search-allergies?keyword=Lat HTTP/1.1" 200 (19 ms) - -
[28/Jul/2020:15:07:46 -0400] 0:0:0:0:0:0:0:1 "GET /css/styles.css HTTP/1.1" 304 (9 ms) - -
[28/Jul/2020:15:07:47 -0400] 0:0:0:0:0:0:0:1 "GET /img/vlol_icon.png HTTP/1.1" 200 (5 ms) - -
[28/Jul/2020:15:08:30 -0400] 0:0:0:0:0:0:0:1 "GET /search-allergies?keyword=Lat HTTP/1.1" 200 (24 ms) - -
[28/Jul/2020:15:08:31 -0400] 0:0:0:0:0:0:0:1 "GET /img/vlol_icon.png HTTP/1.1" 200 (6 ms) - -
[28/Jul/2020:15:08:46 -0400] 0:0:0:0:0:0:0:1 "GET /search-allergies?keyword=Lat HTTP/1.1" 200 (20 ms) - -
[28/Jul/2020:15:08:47 -0400] 0:0:0:0:0:0:0:1 "GET /img/vlol_icon.png HTTP/1.1" 200 (7 ms) - -
[28/Jul/2020:15:09:04 -0400] 0:0:0:0:0:0:0:1 "GET /search-allergies?keyword=Lat HTTP/1.1" 200 (20 ms) - -
[28/Jul/2020:15:09:05 -0400] 0:0:0:0:0:0:0:1 "GET /img/vlol_icon.png HTTP/1.1" 200 (3 ms) - -
[28/Jul/2020:15:09:09 -0400] 0:0:0:0:0:0:0:1 "GET /search-allergies?keyword=Lat HTTP/1.1" 200 (16 ms) - -
[28/Jul/2020:15:09:10 -0400] 0:0:0:0:0:0:0:1 "GET /img/vlol_icon.png HTTP/1.1" 200 (4 ms) - -
[28/Jul/2020:15:09:22 -0400] 0:0:0:0:0:0:0:1 "GET /search-allergies?keyword=Lat HTTP/1.1" 200 (14 ms) - -
[28/Jul/2020:15:09:23 -0400] 0:0:0:0:0:0:0:1 "GET /img/vlol_icon.png HTTP/1.1" 200 (5 ms) - -
[28/Jul/2020:15:09:41 -0400] 0:0:0:0:0:0:0:1 "GET /search-allergies?keyword=Lat HTTP/1.1" 200 (17 ms) - -
[28/Jul/2020:15:09:41 -0400] 0:0:0:0:0:0:0:1 "GET /css/styles.css HTTP/1.1" 304 (8 ms) - -
[28/Jul/2020:15:09:42 -0400] 0:0:0:0:0:0:0:1 "GET /img/vlol_icon.png HTTP/1.1" 200 (5 ms) - -
[28/Jul/2020:15:10:10 -0400] 0:0:0:0:0:0:0:1 "GET /search-allergies?keyword=Lat HTTP/1.1" 200 (18 ms) - -
[28/Jul/2020:15:10:11 -0400] 0:0:0:0:0:0:0:1 "GET /img/vlol_icon.png HTTP/1.1" 200 (7 ms) - -
[28/Jul/2020:15:10:26 -0400] 0:0:0:0:0:0:0:1 "GET /search-allergies?keyword=Lat HTTP/1.1" 200 (16 ms) - -
[28/Jul/2020:15:10:27 -0400] 0:0:0:0:0:0:0:1 "GET /img/vlol_icon.png HTTP/1.1" 200 (5 ms) - -
[28/Jul/2020:15:10:35 -0400] 0:0:0:0:0:0:0:1 "GET /search-allergies?keyword=Lat HTTP/1.1" 200 (22 ms) - -
[28/Jul/2020:15:10:36 -0400] 0:0:0:0:0:0:0:1 "GET /img/vlol_icon.png HTTP/1.1" 200 (5 ms) - -
[28/Jul/2020:15:10:46 -0400] 0:0:0:0:0:0:0:1 "GET /search-allergies?keyword=Lat HTTP/1.1" 200 (21 ms) - -
[28/Jul/2020:15:10:47 -0400] 0:0:0:0:0:0:0:1 "GET /img/vlol_icon.png HTTP/1.1" 200 (7 ms) - -
[28/Jul/2020:15:16:51 -0400] 0:0:0:0:0:0:0:1 "GET /search-allergies?keyword=Lat HTTP/1.1" 200 (16 ms) - -
[28/Jul/2020:15:16:51 -0400] 0:0:0:0:0:0:0:1 "GET /css/styles.css HTTP/1.1" 304 (4 ms) - -
[28/Jul/2020:15:16:51 -0400] 0:0:0:0:0:0:0:1 "GET /img/vlol_icon.png HTTP/1.1" 304 (6 ms) - -
[28/Jul/2020:15:16:52 -0400] 0:0:0:0:0:0:0:1 "GET /img/vlol_icon.png HTTP/1.1" 200 (6 ms) - -
[28/Jul/2020:15:17:02 -0400] 0:0:0:0:0:0:0:1 "GET /list-allergies HTTP/1.1" 200 (21 ms) - -
[28/Jul/2020:15:17:11 -0400] 0:0:0:0:0:0:0:1 "GET /view-allergy/1 HTTP/1.1" 200 (19 ms) - -
[28/Jul/2020:15:17:15 -0400] 0:0:0:0:0:0:0:1 "GET /list-allergies HTTP/1.1" 200 (18 ms) - -
[28/Jul/2020:15:17:26 -0400] 0:0:0:0:0:0:0:1 "GET /view-allergy/1 HTTP/1.1" 200 (15 ms) - -
[28/Jul/2020:15:18:15 -0400] 0:0:0:0:0:0:0:1 "GET /list-allergies HTTP/1.1" 200 (26 ms) - -
[28/Jul/2020:15:18:19 -0400] 0:0:0:0:0:0:0:1 "GET /view-allergy/1 HTTP/1.1" 200 (16 ms) - -
[28/Jul/2020:15:18:46 -0400] 0:0:0:0:0:0:0:1 "GET /view-allergy/1 HTTP/1.1" 200 (18 ms) - -
[28/Jul/2020:15:18:46 -0400] 0:0:0:0:0:0:0:1 "GET /img/vlol_icon.png HTTP/1.1" 200 (7 ms) - -
[28/Jul/2020:15:18:48 -0400] 0:0:0:0:0:0:0:1 "GET /view-allergy/1 HTTP/1.1" 200 (14 ms) - -
[28/Jul/2020:15:18:48 -0400] 0:0:0:0:0:0:0:1 "GET /img/vlol_icon.png HTTP/1.1" 200 (4 ms) - -
[28/Jul/2020:15:19:10 -0400] 0:0:0:0:0:0:0:1 "GET /view-allergy/1 HTTP/1.1" 200 (15 ms) - -
[28/Jul/2020:15:19:11 -0400] 0:0:0:0:0:0:0:1 "GET /img/vlol_icon.png HTTP/1.1" 200 (7 ms) - -
[28/Jul/2020:15:19:11 -0400] 0:0:0:0:0:0:0:1 "GET /view-allergy/1 HTTP/1.1" 200 (15 ms) - -
[28/Jul/2020:15:19:12 -0400] 0:0:0:0:0:0:0:1 "GET /img/vlol_icon.png HTTP/1.1" 200 (5 ms) - -
[28/Jul/2020:15:19:59 -0400] 0:0:0:0:0:0:0:1 "GET /view-allergy/1 HTTP/1.1" 200 (14 ms) - -
[28/Jul/2020:15:19:59 -0400] 0:0:0:0:0:0:0:1 "GET /css/styles.css HTTP/1.1" 304 (8 ms) - -
[28/Jul/2020:15:20:00 -0400] 0:0:0:0:0:0:0:1 "GET /img/vlol_icon.png HTTP/1.1" 200 (6 ms) - -
[28/Jul/2020:15:20:04 -0400] 0:0:0:0:0:0:0:1 "GET /view-allergy/1 HTTP/1.1" 200 (19 ms) - -
[28/Jul/2020:15:20:04 -0400] 0:0:0:0:0:0:0:1 "GET /img/vlol_icon.png HTTP/1.1" 200 (6 ms) - -
[28/Jul/2020:15:21:36 -0400] 0:0:0:0:0:0:0:1 "GET /view-allergy/1 HTTP/1.1" 200 (15 ms) - -
[28/Jul/2020:15:21:37 -0400] 0:0:0:0:0:0:0:1 "GET /img/vlol_icon.png HTTP/1.1" 200 (4 ms) - -
[28/Jul/2020:15:21:48 -0400] 0:0:0:0:0:0:0:1 "GET /view-allergy/1 HTTP/1.1" 200 (16 ms) - -
[28/Jul/2020:15:21:49 -0400] 0:0:0:0:0:0:0:1 "GET /img/vlol_icon.png HTTP/1.1" 200 (4 ms) - -
[28/Jul/2020:15:21:50 -0400] 0:0:0:0:0:0:0:1 "GET /view-allergy/1 HTTP/1.1" 200 (12 ms) - -
[28/Jul/2020:15:21:50 -0400] 0:0:0:0:0:0:0:1 "GET /img/vlol_icon.png HTTP/1.1" 200 (7 ms) - -
[28/Jul/2020:15:22:10 -0400] 0:0:0:0:0:0:0:1 "GET /view-allergy/1 HTTP/1.1" 200 (12 ms) - -
[28/Jul/2020:15:22:10 -0400] 0:0:0:0:0:0:0:1 "GET /img/vlol_icon.png HTTP/1.1" 200 (3 ms) - -
[28/Jul/2020:15:22:12 -0400] 0:0:0:0:0:0:0:1 "GET /view-allergy/1 HTTP/1.1" 200 (15 ms) - -
[28/Jul/2020:15:22:12 -0400] 0:0:0:0:0:0:0:1 "GET /img/vlol_icon.png HTTP/1.1" 200 (6 ms) - -
[28/Jul/2020:15:22:13 -0400] 0:0:0:0:0:0:0:1 "GET /view-allergy/1 HTTP/1.1" 200 (17 ms) - -
[28/Jul/2020:15:22:13 -0400] 0:0:0:0:0:0:0:1 "GET /img/vlol_icon.png HTTP/1.1" 200 (5 ms) - -
[28/Jul/2020:15:22:46 -0400] 0:0:0:0:0:0:0:1 "GET /view-allergy/1 HTTP/1.1" 200 (13 ms) - -
[28/Jul/2020:15:22:47 -0400] 0:0:0:0:0:0:0:1 "GET /img/vlol_icon.png HTTP/1.1" 200 (4 ms) - -
[28/Jul/2020:15:23:23 -0400] 0:0:0:0:0:0:0:1 "GET /view-allergy/1 HTTP/1.1" 200 (16 ms) - -
[28/Jul/2020:15:23:23 -0400] 0:0:0:0:0:0:0:1 "GET /css/styles.css HTTP/1.1" 304 (5 ms) - -
[28/Jul/2020:15:23:24 -0400] 0:0:0:0:0:0:0:1 "GET /img/vlol_icon.png HTTP/1.1" 200 (5 ms) - -
[28/Jul/2020:15:23:33 -0400] 0:0:0:0:0:0:0:1 "GET /list-allergies HTTP/1.1" 200 (16 ms) - -
[28/Jul/2020:15:23:37 -0400] 0:0:0:0:0:0:0:1 "GET /edit-allergy/1 HTTP/1.1" 200 (33 ms) - -
[28/Jul/2020:15:24:16 -0400] 0:0:0:0:0:0:0:1 "GET /edit-allergy/1 HTTP/1.1" 200 (17 ms) - -
[28/Jul/2020:15:24:16 -0400] 0:0:0:0:0:0:0:1 "GET /img/vlol_icon.png HTTP/1.1" 200 (5 ms) - -
[28/Jul/2020:15:24:34 -0400] 0:0:0:0:0:0:0:1 "GET /edit-allergy/1 HTTP/1.1" 200 (17 ms) - -
[28/Jul/2020:15:24:35 -0400] 0:0:0:0:0:0:0:1 "GET /img/vlol_icon.png HTTP/1.1" 200 (4 ms) - -
[28/Jul/2020:15:24:37 -0400] 0:0:0:0:0:0:0:1 "GET /list-allergies HTTP/1.1" 200 (20 ms) - -
[28/Jul/2020:15:24:58 -0400] 0:0:0:0:0:0:0:1 "GET /list-allergies HTTP/1.1" 200 (19 ms) - -
[28/Jul/2020:15:24:59 -0400] 0:0:0:0:0:0:0:1 "GET /img/vlol_icon.png HTTP/1.1" 200 (4 ms) - -
[28/Jul/2020:15:25:19 -0400] 0:0:0:0:0:0:0:1 "GET /edit-allergy/1 HTTP/1.1" 200 (18 ms) - -
[28/Jul/2020:15:25:23 -0400] 0:0:0:0:0:0:0:1 "GET /list-allergies HTTP/1.1" 200 (15 ms) - -
[28/Jul/2020:15:25:27 -0400] 0:0:0:0:0:0:0:1 "GET /view-allergy/1 HTTP/1.1" 200 (15 ms) - -
[28/Jul/2020:15:25:29 -0400] 0:0:0:0:0:0:0:1 "GET /list-allergies HTTP/1.1" 200 (12 ms) - -
[28/Jul/2020:15:25:40 -0400] 0:0:0:0:0:0:0:1 "GET /view-allergy/1 HTTP/1.1" 200 (16 ms) - -
[28/Jul/2020:15:25:43 -0400] 0:0:0:0:0:0:0:1 "GET /list-allergies HTTP/1.1" 200 (14 ms) - -
[28/Jul/2020:15:25:50 -0400] 0:0:0:0:0:0:0:1 "GET /list-allergies HTTP/1.1" 200 (16 ms) - -
[28/Jul/2020:15:25:52 -0400] 0:0:0:0:0:0:0:1 "GET /img/vlol_icon.png HTTP/1.1" 200 (5 ms) - -
[28/Jul/2020:15:26:05 -0400] 0:0:0:0:0:0:0:1 "GET /view-allergy/1 HTTP/1.1" 200 (11 ms) - -
[28/Jul/2020:15:26:09 -0400] 0:0:0:0:0:0:0:1 "GET /list-allergies HTTP/1.1" 200 (18 ms) - -
[28/Jul/2020:15:26:12 -0400] 0:0:0:0:0:0:0:1 "GET /edit-allergy/1 HTTP/1.1" 200 (13 ms) - -
[28/Jul/2020:15:26:20 -0400] 0:0:0:0:0:0:0:1 "GET /list-allergies HTTP/1.1" 200 (18 ms) - -
[28/Jul/2020:15:26:43 -0400] 0:0:0:0:0:0:0:1 "GET /view-allergy/1 HTTP/1.1" 200 (16 ms) - -
[28/Jul/2020:15:26:43 -0400] 0:0:0:0:0:0:0:1 "GET /css/styles.css HTTP/1.1" 304 (5 ms) - -
[28/Jul/2020:15:26:44 -0400] 0:0:0:0:0:0:0:1 "GET /list-allergies HTTP/1.1" 200 (18 ms) - -
[28/Jul/2020:15:26:47 -0400] 0:0:0:0:0:0:0:1 "GET /edit-allergy/1 HTTP/1.1" 200 (17 ms) - -
[28/Jul/2020:15:26:49 -0400] 0:0:0:0:0:0:0:1 "GET /list-allergies HTTP/1.1" 200 (16 ms) - -
[28/Jul/2020:15:26:59 -0400] 0:0:0:0:0:0:0:1 "GET /add-allergy HTTP/1.1" 200 (12 ms) - -
[28/Jul/2020:15:29:00 -0400] 0:0:0:0:0:0:0:1 "GET /add-allergy HTTP/1.1" 200 (16 ms) - -
[28/Jul/2020:15:29:01 -0400] 0:0:0:0:0:0:0:1 "GET /img/vlol_icon.png HTTP/1.1" 200 (4 ms) - -
[28/Jul/2020:15:46:24 -0400] 0:0:0:0:0:0:0:1 "GET / HTTP/1.1" 200 (1326 ms) - -
[28/Jul/2020:15:46:24 -0400] 0:0:0:0:0:0:0:1 "GET /css/styles.css HTTP/1.1" 200 (29 ms) - -
[28/Jul/2020:15:46:24 -0400] 0:0:0:0:0:0:0:1 "GET /img/vlol_icon.png HTTP/1.1" 200 (22 ms) - -
[28/Jul/2020:15:46:24 -0400] 0:0:0:0:0:0:0:1 "GET /img/vlol_cover.jpg HTTP/1.1" 200 (21 ms) - -
[28/Jul/2020:15:46:25 -0400] 0:0:0:0:0:0:0:1 "GET /login HTTP/1.1" 200 (39 ms) - -
[28/Jul/2020:15:46:25 -0400] 0:0:0:0:0:0:0:1 "GET /img/vlol_logo.png HTTP/1.1" 200 (14 ms) - -
[28/Jul/2020:15:46:41 -0400] 0:0:0:0:0:0:0:1 "POST /login HTTP/1.1" 302 (712 ms) - -
[28/Jul/2020:15:46:41 -0400] 0:0:0:0:0:0:0:1 "GET /admin-menu HTTP/1.1" 200 (151 ms) - -
[28/Jul/2020:15:46:42 -0400] 0:0:0:0:0:0:0:1 "GET /css/site.css HTTP/1.1" 200 (30 ms) - -
[28/Jul/2020:15:46:42 -0400] 0:0:0:0:0:0:0:1 "GET /favicon.ico HTTP/1.1" 404 (96 ms) - -
[28/Jul/2020:15:46:43 -0400] 0:0:0:0:0:0:0:1 "GET /console HTTP/1.1" 302 (12 ms) - -
[28/Jul/2020:15:46:43 -0400] 0:0:0:0:0:0:0:1 "GET /console/ HTTP/1.1" 200 (28 ms) - -
[28/Jul/2020:15:46:43 -0400] 0:0:0:0:0:0:0:1 "GET /console/stylesheet.css HTTP/1.1" 200 (20 ms) - -
[28/Jul/2020:15:46:44 -0400] 0:0:0:0:0:0:0:1 "GET /console/login.jsp?jsessionid=5ac033bdaae77c569a4e471526a6a776 HTTP/1.1" 200 (5 ms) - -
[28/Jul/2020:15:46:44 -0400] 0:0:0:0:0:0:0:1 "GET /console/background.gif HTTP/1.1" 200 (6 ms) - -
[28/Jul/2020:15:46:44 -0400] 0:0:0:0:0:0:0:1 "GET /favicon.ico HTTP/1.1" 404 (7 ms) - -
[28/Jul/2020:15:46:45 -0400] 0:0:0:0:0:0:0:1 "POST /console/login.do?jsessionid=5ac033bdaae77c569a4e471526a6a776 HTTP/1.1" 200 (11 ms) - -
[28/Jul/2020:15:46:45 -0400] 0:0:0:0:0:0:0:1 "GET /console/header.jsp?jsessionid=5ac033bdaae77c569a4e471526a6a776 HTTP/1.1" 200 (8 ms) - -
[28/Jul/2020:15:46:45 -0400] 0:0:0:0:0:0:0:1 "GET /console/query.jsp?jsessionid=5ac033bdaae77c569a4e471526a6a776 HTTP/1.1" 200 (8 ms) - -
[28/Jul/2020:15:46:45 -0400] 0:0:0:0:0:0:0:1 "GET /console/help.jsp?jsessionid=5ac033bdaae77c569a4e471526a6a776 HTTP/1.1" 200 (23 ms) - -
[28/Jul/2020:15:46:45 -0400] 0:0:0:0:0:0:0:1 "GET /console/tables.do?jsessionid=5ac033bdaae77c569a4e471526a6a776 HTTP/1.1" 200 (168 ms) - -
[28/Jul/2020:15:46:46 -0400] 0:0:0:0:0:0:0:1 "GET /console/icon_disconnect.gif HTTP/1.1" 200 (12 ms) - -
[28/Jul/2020:15:46:46 -0400] 0:0:0:0:0:0:0:1 "GET /console/icon_line.gif HTTP/1.1" 200 (9 ms) - -
[28/Jul/2020:15:46:46 -0400] 0:0:0:0:0:0:0:1 "GET /console/icon_refresh.gif HTTP/1.1" 200 (6 ms) - -
[28/Jul/2020:15:46:46 -0400] 0:0:0:0:0:0:0:1 "GET /console/icon_rollback.gif HTTP/1.1" 200 (13 ms) - -
[28/Jul/2020:15:46:46 -0400] 0:0:0:0:0:0:0:1 "GET /console/icon_commit.gif HTTP/1.1" 200 (7 ms) - -
[28/Jul/2020:15:46:46 -0400] 0:0:0:0:0:0:0:1 "GET /console/icon_run.gif HTTP/1.1" 200 (9 ms) - -
[28/Jul/2020:15:46:46 -0400] 0:0:0:0:0:0:0:1 "GET /console/icon_run_selected.gif HTTP/1.1" 200 (9 ms) - -
[28/Jul/2020:15:46:46 -0400] 0:0:0:0:0:0:0:1 "GET /console/icon_stop.gif HTTP/1.1" 200 (7 ms) - -
[28/Jul/2020:15:46:46 -0400] 0:0:0:0:0:0:0:1 "GET /console/icon_help.gif HTTP/1.1" 200 (6 ms) - -
[28/Jul/2020:15:46:46 -0400] 0:0:0:0:0:0:0:1 "GET /console/icon_history.gif HTTP/1.1" 200 (6 ms) - -
[28/Jul/2020:15:46:46 -0400] 0:0:0:0:0:0:0:1 "GET /console/tree.js HTTP/1.1" 200 (5 ms) - -
[28/Jul/2020:15:46:46 -0400] 0:0:0:0:0:0:0:1 "GET /console/tree_table.gif HTTP/1.1" 200 (7 ms) - -
[28/Jul/2020:15:46:46 -0400] 0:0:0:0:0:0:0:1 "GET /console/tree_empty.gif HTTP/1.1" 200 (7 ms) - -
[28/Jul/2020:15:46:46 -0400] 0:0:0:0:0:0:0:1 "GET /console/tree_column.gif HTTP/1.1" 200 (7 ms) - -
[28/Jul/2020:15:46:46 -0400] 0:0:0:0:0:0:0:1 "GET /console/tree_database.gif HTTP/1.1" 200 (10 ms) - -
[28/Jul/2020:15:46:46 -0400] 0:0:0:0:0:0:0:1 "GET /console/tree_minus.gif HTTP/1.1" 200 (16 ms) - -
[28/Jul/2020:15:46:46 -0400] 0:0:0:0:0:0:0:1 "GET /console/tree_plus.gif HTTP/1.1" 200 (15 ms) - -
[28/Jul/2020:15:46:46 -0400] 0:0:0:0:0:0:0:1 "GET /console/tree_index_az.gif HTTP/1.1" 200 (5 ms) - -
[28/Jul/2020:15:46:46 -0400] 0:0:0:0:0:0:0:1 "GET /console/tree_type.gif HTTP/1.1" 200 (5 ms) - -
[28/Jul/2020:15:46:46 -0400] 0:0:0:0:0:0:0:1 "GET /console/tree_index.gif HTTP/1.1" 200 (5 ms) - -
[28/Jul/2020:15:46:46 -0400] 0:0:0:0:0:0:0:1 "GET /console/tree_folder.gif HTTP/1.1" 200 (9 ms) - -
[28/Jul/2020:15:46:46 -0400] 0:0:0:0:0:0:0:1 "GET /console/tree_sequences.gif HTTP/1.1" 200 (7 ms) - -
[28/Jul/2020:15:46:46 -0400] 0:0:0:0:0:0:0:1 "GET /console/tree_sequence.gif HTTP/1.1" 200 (8 ms) - -
[28/Jul/2020:15:46:46 -0400] 0:0:0:0:0:0:0:1 "GET /console/tree_users.gif HTTP/1.1" 200 (8 ms) - -
[28/Jul/2020:15:46:46 -0400] 0:0:0:0:0:0:0:1 "GET /console/tree_info.gif HTTP/1.1" 200 (6 ms) - -
[28/Jul/2020:15:46:46 -0400] 0:0:0:0:0:0:0:1 "GET /console/tree_user.gif HTTP/1.1" 200 (7 ms) - -
[28/Jul/2020:15:46:57 -0400] 0:0:0:0:0:0:0:1 "POST /console/query.do?jsessionid=5ac033bdaae77c569a4e471526a6a776 HTTP/1.1" 200 (10 ms) - -
[28/Jul/2020:15:46:57 -0400] 0:0:0:0:0:0:0:1 "GET /console/stylesheet.css HTTP/1.1" 304 (2 ms) - -
[28/Jul/2020:15:46:57 -0400] 0:0:0:0:0:0:0:1 "GET /console/table.js HTTP/1.1" 200 (9 ms) - -
[28/Jul/2020:15:47:12 -0400] 0:0:0:0:0:0:0:1 "GET /console/login.jsp?jsessionid=5ac033bdaae77c569a4e471526a6a776 HTTP/1.1" 200 (3 ms) - -
[28/Jul/2020:15:47:12 -0400] 0:0:0:0:0:0:0:1 "GET /console/stylesheet.css HTTP/1.1" 304 (2 ms) - -
[28/Jul/2020:15:47:13 -0400] 0:0:0:0:0:0:0:1 "GET /admin-menu HTTP/1.1" 200 (26 ms) - -
[28/Jul/2020:15:47:15 -0400] 0:0:0:0:0:0:0:1 "GET /list-allergies HTTP/1.1" 200 (89 ms) - -
[28/Jul/2020:15:47:15 -0400] 0:0:0:0:0:0:0:1 "GET /DataTables/datatables.min.css HTTP/1.1" 200 (9 ms) - -
[28/Jul/2020:15:47:15 -0400] 0:0:0:0:0:0:0:1 "GET /css/styles.css HTTP/1.1" 304 (7 ms) - -
[28/Jul/2020:15:47:15 -0400] 0:0:0:0:0:0:0:1 "GET /img/vlol_icon.png HTTP/1.1" 304 (4 ms) - -
[28/Jul/2020:15:47:15 -0400] 0:0:0:0:0:0:0:1 "GET /DataTables/datatables.min.js HTTP/1.1" 200 (39 ms) - -
[28/Jul/2020:15:47:17 -0400] 0:0:0:0:0:0:0:1 "GET /list-allergies HTTP/1.1" 200 (42 ms) - -
[28/Jul/2020:15:47:18 -0400] 0:0:0:0:0:0:0:1 "GET /img/vlol_icon.png HTTP/1.1" 200 (5 ms) - -
[28/Jul/2020:15:47:25 -0400] 0:0:0:0:0:0:0:1 "GET /view-allergy/1 HTTP/1.1" 200 (75 ms) - -
[28/Jul/2020:15:47:26 -0400] 0:0:0:0:0:0:0:1 "GET /list-allergies HTTP/1.1" 200 (36 ms) - -
[28/Jul/2020:15:47:35 -0400] 0:0:0:0:0:0:0:1 "GET /DataTables/datatables.min.css HTTP/1.1" 304 (5 ms) - -
[28/Jul/2020:15:47:35 -0400] 0:0:0:0:0:0:0:1 "GET /css/styles.css HTTP/1.1" 304 (4 ms) - -
[28/Jul/2020:15:49:05 -0400] 0:0:0:0:0:0:0:1 "GET /list-allergies HTTP/1.1" 200 (54 ms) - -
[28/Jul/2020:15:49:05 -0400] 0:0:0:0:0:0:0:1 "GET /DataTables/datatables.min.css HTTP/1.1" 304 (6 ms) - -
[28/Jul/2020:15:49:05 -0400] 0:0:0:0:0:0:0:1 "GET /css/styles.css HTTP/1.1" 304 (8 ms) - -
[28/Jul/2020:15:49:05 -0400] 0:0:0:0:0:0:0:1 "GET /img/vlol_icon.png HTTP/1.1" 304 (2 ms) - -
[28/Jul/2020:15:49:05 -0400] 0:0:0:0:0:0:0:1 "GET /DataTables/datatables.min.js HTTP/1.1" 304 (3 ms) - -
[28/Jul/2020:15:49:06 -0400] 0:0:0:0:0:0:0:1 "GET /img/vlol_icon.png HTTP/1.1" 200 (8 ms) - -
[28/Jul/2020:15:50:41 -0400] 0:0:0:0:0:0:0:1 "GET /list-allergies HTTP/1.1" 200 (48 ms) - -
[28/Jul/2020:15:50:41 -0400] 0:0:0:0:0:0:0:1 "GET /DataTables/datatables.min.css HTTP/1.1" 304 (6 ms) - -
[28/Jul/2020:15:50:41 -0400] 0:0:0:0:0:0:0:1 "GET /css/styles.css HTTP/1.1" 304 (12 ms) - -
[28/Jul/2020:15:50:42 -0400] 0:0:0:0:0:0:0:1 "GET /img/vlol_icon.png HTTP/1.1" 304 (8 ms) - -
[28/Jul/2020:15:50:42 -0400] 0:0:0:0:0:0:0:1 "GET /DataTables/datatables.min.js HTTP/1.1" 304 (5 ms) - -
[28/Jul/2020:15:50:42 -0400] 0:0:0:0:0:0:0:1 "GET /img/vlol_icon.png HTTP/1.1" 200 (12 ms) - -
[28/Jul/2020:15:51:40 -0400] 0:0:0:0:0:0:0:1 "GET /list-allergies HTTP/1.1" 200 (31 ms) - -
[28/Jul/2020:15:51:40 -0400] 0:0:0:0:0:0:0:1 "GET /DataTables/datatables.min.css HTTP/1.1" 304 (5 ms) - -
[28/Jul/2020:15:51:40 -0400] 0:0:0:0:0:0:0:1 "GET /css/styles.css HTTP/1.1" 304 (10 ms) - -
[28/Jul/2020:15:51:40 -0400] 0:0:0:0:0:0:0:1 "GET /DataTables/datatables.min.js HTTP/1.1" 304 (8 ms) - -
[28/Jul/2020:15:51:40 -0400] 0:0:0:0:0:0:0:1 "GET /img/vlol_icon.png HTTP/1.1" 304 (4 ms) - -
[28/Jul/2020:15:51:41 -0400] 0:0:0:0:0:0:0:1 "GET /img/vlol_icon.png HTTP/1.1" 200 (4 ms) - -
[28/Jul/2020:15:51:49 -0400] 0:0:0:0:0:0:0:1 "GET /list-allergies HTTP/1.1" 200 (29 ms) - -
[28/Jul/2020:15:51:50 -0400] 0:0:0:0:0:0:0:1 "GET /img/vlol_icon.png HTTP/1.1" 200 (7 ms) - -
[28/Jul/2020:15:54:16 -0400] 0:0:0:0:0:0:0:1 "GET /list-allergies HTTP/1.1" 200 (29 ms) - -
[28/Jul/2020:15:54:16 -0400] 0:0:0:0:0:0:0:1 "GET /css/styles.css HTTP/1.1" 304 (5 ms) - -
[28/Jul/2020:15:54:16 -0400] 0:0:0:0:0:0:0:1 "GET /DataTables/datatables.min.css HTTP/1.1" 304 (8 ms) - -
[28/Jul/2020:15:54:16 -0400] 0:0:0:0:0:0:0:1 "GET /DataTables/datatables.min.js HTTP/1.1" 304 (4 ms) - -
[28/Jul/2020:15:54:16 -0400] 0:0:0:0:0:0:0:1 "GET /img/vlol_icon.png HTTP/1.1" 304 (4 ms) - -
[28/Jul/2020:15:54:17 -0400] 0:0:0:0:0:0:0:1 "GET /img/vlol_icon.png HTTP/1.1" 200 (15 ms) - -
[28/Jul/2020:15:54:36 -0400] 0:0:0:0:0:0:0:1 "GET /list-allergies HTTP/1.1" 200 (30 ms) - -
[28/Jul/2020:15:54:37 -0400] 0:0:0:0:0:0:0:1 "GET /img/vlol_icon.png HTTP/1.1" 200 (13 ms) - -
[28/Jul/2020:15:57:39 -0400] 0:0:0:0:0:0:0:1 "GET /list-allergies HTTP/1.1" 200 (28 ms) - -
[28/Jul/2020:15:57:39 -0400] 0:0:0:0:0:0:0:1 "GET /css/styles.css HTTP/1.1" 304 (4 ms) - -
[28/Jul/2020:15:57:39 -0400] 0:0:0:0:0:0:0:1 "GET /DataTables/datatables.min.css HTTP/1.1" 304 (19 ms) - -
[28/Jul/2020:15:57:39 -0400] 0:0:0:0:0:0:0:1 "GET /img/vlol_icon.png HTTP/1.1" 304 (4 ms) - -
[28/Jul/2020:15:57:39 -0400] 0:0:0:0:0:0:0:1 "GET /DataTables/datatables.min.js HTTP/1.1" 304 (7 ms) - -
[28/Jul/2020:15:57:40 -0400] 0:0:0:0:0:0:0:1 "GET /img/vlol_icon.png HTTP/1.1" 200 (5 ms) - -
[28/Jul/2020:15:58:45 -0400] 0:0:0:0:0:0:0:1 "GET /list-allergies HTTP/1.1" 200 (32 ms) - -
[28/Jul/2020:16:10:44 -0400] 0:0:0:0:0:0:0:1 "GET / HTTP/1.1" 200 (1368 ms) - -
[28/Jul/2020:16:10:44 -0400] 0:0:0:0:0:0:0:1 "GET /css/styles.css HTTP/1.1" 200 (35 ms) - -
[28/Jul/2020:16:10:44 -0400] 0:0:0:0:0:0:0:1 "GET /img/vlol_cover.jpg HTTP/1.1" 200 (13 ms) - -
[28/Jul/2020:16:10:44 -0400] 0:0:0:0:0:0:0:1 "GET /img/vlol_icon.png HTTP/1.1" 200 (22 ms) - -
[28/Jul/2020:16:10:45 -0400] 0:0:0:0:0:0:0:1 "GET /login HTTP/1.1" 200 (43 ms) - -
[28/Jul/2020:16:10:45 -0400] 0:0:0:0:0:0:0:1 "GET /img/vlol_logo.png HTTP/1.1" 200 (14 ms) - -
[28/Jul/2020:16:10:58 -0400] 0:0:0:0:0:0:0:1 "POST /login HTTP/1.1" 302 (703 ms) - -
[28/Jul/2020:16:10:58 -0400] 0:0:0:0:0:0:0:1 "GET /admin-menu HTTP/1.1" 200 (161 ms) - -
[28/Jul/2020:16:10:58 -0400] 0:0:0:0:0:0:0:1 "GET /css/site.css HTTP/1.1" 200 (33 ms) - -
[28/Jul/2020:16:10:59 -0400] 0:0:0:0:0:0:0:1 "GET /favicon.ico HTTP/1.1" 404 (94 ms) - -
[28/Jul/2020:16:11:00 -0400] 0:0:0:0:0:0:0:1 "GET /list-allergies HTTP/1.1" 200 (84 ms) - -
[28/Jul/2020:16:11:00 -0400] 0:0:0:0:0:0:0:1 "GET /DataTables/datatables.min.css HTTP/1.1" 200 (20 ms) - -
[28/Jul/2020:16:11:00 -0400] 0:0:0:0:0:0:0:1 "GET /DataTables/datatables.min.js HTTP/1.1" 200 (70 ms) - -
[28/Jul/2020:16:11:01 -0400] 0:0:0:0:0:0:0:1 "GET /DataTables/DataTables-1.10.21/images/sort_both.png HTTP/1.1" 200 (6 ms) - -
[28/Jul/2020:16:11:01 -0400] 0:0:0:0:0:0:0:1 "GET /DataTables/DataTables-1.10.21/images/sort_asc.png HTTP/1.1" 200 (8 ms) - -
[28/Jul/2020:16:11:11 -0400] 0:0:0:0:0:0:0:1 "GET /css/styles.css HTTP/1.1" 304 (8 ms) - -
[28/Jul/2020:16:11:14 -0400] 0:0:0:0:0:0:0:1 "GET / HTTP/1.1" 200 (34 ms) - -
[28/Jul/2020:16:11:14 -0400] 0:0:0:0:0:0:0:1 "GET /img/vlol_icon.png HTTP/1.1" 304 (5 ms) - -
[28/Jul/2020:16:11:14 -0400] 0:0:0:0:0:0:0:1 "GET /img/vlol_cover.jpg HTTP/1.1" 304 (7 ms) - -
[28/Jul/2020:16:11:15 -0400] 0:0:0:0:0:0:0:1 "GET /admin-menu HTTP/1.1" 200 (15 ms) - -
[28/Jul/2020:16:11:17 -0400] 0:0:0:0:0:0:0:1 "GET /list-allergies HTTP/1.1" 200 (49 ms) - -
[28/Jul/2020:16:11:21 -0400] 0:0:0:0:0:0:0:1 "GET /view-allergy/1 HTTP/1.1" 200 (54 ms) - -
[28/Jul/2020:16:11:24 -0400] 0:0:0:0:0:0:0:1 "GET /list-allergies HTTP/1.1" 200 (36 ms) - -
[28/Jul/2020:16:11:24 -0400] 0:0:0:0:0:0:0:1 "GET /DataTables/datatables.min.css HTTP/1.1" 304 (13 ms) - -
[28/Jul/2020:16:11:24 -0400] 0:0:0:0:0:0:0:1 "GET /DataTables/datatables.min.js HTTP/1.1" 304 (7 ms) - -
[28/Jul/2020:16:11:25 -0400] 0:0:0:0:0:0:0:1 "GET /DataTables/DataTables-1.10.21/images/sort_both.png HTTP/1.1" 304 (4 ms) - -
[28/Jul/2020:16:11:25 -0400] 0:0:0:0:0:0:0:1 "GET /DataTables/DataTables-1.10.21/images/sort_asc.png HTTP/1.1" 304 (5 ms) - -
[28/Jul/2020:16:11:26 -0400] 0:0:0:0:0:0:0:1 "GET /edit-allergy/1 HTTP/1.1" 200 (56 ms) - -
[28/Jul/2020:16:11:30 -0400] 0:0:0:0:0:0:0:1 "POST /update-allergy HTTP/1.1" 302 (85 ms) - -
[28/Jul/2020:16:11:30 -0400] 0:0:0:0:0:0:0:1 "GET /list-allergies HTTP/1.1" 200 (37 ms) - -
[28/Jul/2020:16:11:35 -0400] 0:0:0:0:0:0:0:1 "GET /edit-allergy/1 HTTP/1.1" 200 (26 ms) - -
[28/Jul/2020:16:11:35 -0400] 0:0:0:0:0:0:0:1 "GET /css/styles.css HTTP/1.1" 304 (4 ms) - -
[28/Jul/2020:16:11:35 -0400] 0:0:0:0:0:0:0:1 "GET /img/vlol_icon.png HTTP/1.1" 304 (4 ms) - -
[28/Jul/2020:16:11:38 -0400] 0:0:0:0:0:0:0:1 "POST /update-allergy HTTP/1.1" 302 (10 ms) - -
[28/Jul/2020:16:11:38 -0400] 0:0:0:0:0:0:0:1 "GET /list-allergies HTTP/1.1" 200 (30 ms) - -
[28/Jul/2020:16:11:45 -0400] 0:0:0:0:0:0:0:1 "GET /search-allergies?keyword=Lat HTTP/1.1" 200 (73 ms) - -
[28/Jul/2020:16:11:45 -0400] 0:0:0:0:0:0:0:1 "GET /DataTables/datatables.min.css HTTP/1.1" 304 (5 ms) - -
[28/Jul/2020:16:11:45 -0400] 0:0:0:0:0:0:0:1 "GET /DataTables/datatables.min.js HTTP/1.1" 304 (5 ms) - -
[28/Jul/2020:16:11:46 -0400] 0:0:0:0:0:0:0:1 "GET /DataTables/DataTables-1.10.21/images/sort_both.png HTTP/1.1" 304 (4 ms) - -
[28/Jul/2020:16:11:46 -0400] 0:0:0:0:0:0:0:1 "GET /DataTables/DataTables-1.10.21/images/sort_asc.png HTTP/1.1" 304 (4 ms) - -
[28/Jul/2020:16:11:51 -0400] 0:0:0:0:0:0:0:1 "GET /search-allergies?keyword=Lat HTTP/1.1" 200 (21 ms) - -
[28/Jul/2020:16:11:52 -0400] 0:0:0:0:0:0:0:1 "GET /img/vlol_icon.png HTTP/1.1" 200 (5 ms) - -
[28/Jul/2020:16:11:58 -0400] 0:0:0:0:0:0:0:1 "GET /view-allergy/6 HTTP/1.1" 200 (24 ms) - -
[28/Jul/2020:16:11:58 -0400] 0:0:0:0:0:0:0:1 "GET /css/styles.css HTTP/1.1" 304 (8 ms) - -
[28/Jul/2020:16:12:00 -0400] 0:0:0:0:0:0:0:1 "GET /list-allergies HTTP/1.1" 200 (27 ms) - -
[28/Jul/2020:16:12:06 -0400] 0:0:0:0:0:0:0:1 "GET /list-allergies HTTP/1.1" 200 (37 ms) - -
[28/Jul/2020:16:12:07 -0400] 0:0:0:0:0:0:0:1 "GET /img/vlol_icon.png HTTP/1.1" 200 (8 ms) - -
[28/Jul/2020:16:12:11 -0400] 0:0:0:0:0:0:0:1 "GET /DataTables/datatables.min.css HTTP/1.1" 304 (5 ms) - -
[28/Jul/2020:16:12:59 -0400] 0:0:0:0:0:0:0:1 "GET / HTTP/1.1" 200 (22 ms) - -
[28/Jul/2020:16:12:59 -0400] 0:0:0:0:0:0:0:1 "GET /css/styles.css HTTP/1.1" 304 (5 ms) - -
[28/Jul/2020:16:12:59 -0400] 0:0:0:0:0:0:0:1 "GET /img/vlol_cover.jpg HTTP/1.1" 304 (6 ms) - -
[28/Jul/2020:16:12:59 -0400] 0:0:0:0:0:0:0:1 "GET /img/vlol_icon.png HTTP/1.1" 304 (14 ms) - -
[28/Jul/2020:16:13:05 -0400] 0:0:0:0:0:0:0:1 "GET /about HTTP/1.1" 200 (18 ms) - -
[28/Jul/2020:16:13:05 -0400] 0:0:0:0:0:0:0:1 "GET /img/vlol_logo.png HTTP/1.1" 304 (8 ms) - -
[28/Jul/2020:16:13:05 -0400] 0:0:0:0:0:0:0:1 "GET /img/umgc_logo.png HTTP/1.1" 200 (14 ms) - -
[28/Jul/2020:16:13:09 -0400] 0:0:0:0:0:0:0:1 "GET /admin-menu HTTP/1.1" 200 (11 ms) - -
[28/Jul/2020:16:13:09 -0400] 0:0:0:0:0:0:0:1 "GET /css/site.css HTTP/1.1" 304 (10 ms) - -
[28/Jul/2020:16:13:14 -0400] 0:0:0:0:0:0:0:1 "GET /logout HTTP/1.1" 302 (6 ms) - -
[28/Jul/2020:16:13:14 -0400] 0:0:0:0:0:0:0:1 "GET / HTTP/1.1" 200 (12 ms) - -
[28/Jul/2020:16:13:15 -0400] 0:0:0:0:0:0:0:1 "GET /login HTTP/1.1" 200 (16 ms) - -
[28/Jul/2020:16:13:20 -0400] 0:0:0:0:0:0:0:1 "GET /contact HTTP/1.1" 200 (16 ms) - -
[28/Jul/2020:16:13:22 -0400] 0:0:0:0:0:0:0:1 "GET /about HTTP/1.1" 200 (15 ms) - -
[28/Jul/2020:16:13:23 -0400] 0:0:0:0:0:0:0:1 "GET /admin-menu HTTP/1.1" 302 (18 ms) - -
[28/Jul/2020:16:13:23 -0400] 0:0:0:0:0:0:0:1 "GET /login HTTP/1.1" 200 (13 ms) - -
[28/Jul/2020:16:13:24 -0400] 0:0:0:0:0:0:0:1 "GET / HTTP/1.1" 200 (15 ms) - -
[28/Jul/2020:16:13:33 -0400] 0:0:0:0:0:0:0:1 "GET / HTTP/1.1" 200 (15 ms) - -
[28/Jul/2020:16:13:33 -0400] 0:0:0:0:0:0:0:1 "GET /css/styles.css HTTP/1.1" 304 (5 ms) - -
[28/Jul/2020:16:13:33 -0400] 0:0:0:0:0:0:0:1 "GET /img/vlol_cover.jpg HTTP/1.1" 304 (4 ms) - -
[28/Jul/2020:16:13:33 -0400] 0:0:0:0:0:0:0:1 "GET /img/vlol_icon.png HTTP/1.1" 304 (6 ms) - -
[28/Jul/2020:16:13:33 -0400] 0:0:0:0:0:0:0:1 "GET /img/vlol_icon.png HTTP/1.1" 200 (5 ms) - -
[28/Jul/2020:16:13:33 -0400] 0:0:0:0:0:0:0:1 "GET / HTTP/1.1" 200 (12 ms) - -
[28/Jul/2020:16:13:33 -0400] 0:0:0:0:0:0:0:1 "GET /img/vlol_icon.png HTTP/1.1" 200 (6 ms) - -
[28/Jul/2020:16:27:13 -0400] 0:0:0:0:0:0:0:1 "GET / HTTP/1.1" 200 (1451 ms) - -
[28/Jul/2020:16:27:13 -0400] 0:0:0:0:0:0:0:1 "GET /css/styles.css HTTP/1.1" 304 (15 ms) - -
[28/Jul/2020:16:27:13 -0400] 0:0:0:0:0:0:0:1 "GET /img/vlol_icon.png HTTP/1.1" 304 (8 ms) - -
[28/Jul/2020:16:27:13 -0400] 0:0:0:0:0:0:0:1 "GET /img/vlol_cover.jpg HTTP/1.1" 304 (8 ms) - -
[28/Jul/2020:16:27:16 -0400] 0:0:0:0:0:0:0:1 "GET /login HTTP/1.1" 200 (43 ms) - -
[28/Jul/2020:16:27:17 -0400] 0:0:0:0:0:0:0:1 "GET /img/vlol_logo.png HTTP/1.1" 304 (9 ms) - -
[28/Jul/2020:16:27:29 -0400] 0:0:0:0:0:0:0:1 "POST /login HTTP/1.1" 302 (713 ms) - -
[28/Jul/2020:16:27:29 -0400] 0:0:0:0:0:0:0:1 "GET /admin-menu HTTP/1.1" 200 (156 ms) - -
[28/Jul/2020:16:27:30 -0400] 0:0:0:0:0:0:0:1 "GET /favicon.ico HTTP/1.1" 404 (104 ms) - -
[28/Jul/2020:16:29:36 -0400] 0:0:0:0:0:0:0:1 "GET /admin-menu HTTP/1.1" 200 (46 ms) - -
[28/Jul/2020:16:29:37 -0400] 0:0:0:0:0:0:0:1 "GET /css/styles.css HTTP/1.1" 304 (11 ms) - -
[28/Jul/2020:16:29:37 -0400] 0:0:0:0:0:0:0:1 "GET /img/vlol_icon.png HTTP/1.1" 304 (7 ms) - -
[28/Jul/2020:16:29:46 -0400] 0:0:0:0:0:0:0:1 "GET /list-allergies HTTP/1.1" 200 (117 ms) - -
[28/Jul/2020:16:29:46 -0400] 0:0:0:0:0:0:0:1 "GET /js/jquery-3.5.1.min.js HTTP/1.1" 200 (16 ms) - -
[28/Jul/2020:16:29:46 -0400] 0:0:0:0:0:0:0:1 "GET /css/bootstrap.min.css HTTP/1.1" 200 (18 ms) - -
[28/Jul/2020:16:29:46 -0400] 0:0:0:0:0:0:0:1 "GET /js/popper.min.js HTTP/1.1" 200 (11 ms) - -
[28/Jul/2020:16:29:46 -0400] 0:0:0:0:0:0:0:1 "GET /js/bootstrap.min.js HTTP/1.1" 200 (13 ms) - -
[28/Jul/2020:16:29:46 -0400] 0:0:0:0:0:0:0:1 "GET /DataTables/datatables.min.js HTTP/1.1" 304 (7 ms) - -
[28/Jul/2020:16:29:58 -0400] 0:0:0:0:0:0:0:1 "GET /list-allergies HTTP/1.1" 200 (36 ms) - -
[28/Jul/2020:16:29:59 -0400] 0:0:0:0:0:0:0:1 "GET /img/vlol_icon.png HTTP/1.1" 200 (7 ms) - -
[28/Jul/2020:16:30:05 -0400] 0:0:0:0:0:0:0:1 "GET /list-allergies HTTP/1.1" 200 (42 ms) - -
[28/Jul/2020:16:30:06 -0400] 0:0:0:0:0:0:0:1 "GET /img/vlol_icon.png HTTP/1.1" 200 (9 ms) - -
[28/Jul/2020:16:30:19 -0400] 0:0:0:0:0:0:0:1 "GET /list-allergies HTTP/1.1" 200 (40 ms) - -
[28/Jul/2020:16:30:56 -0400] 0:0:0:0:0:0:0:1 "GET /js/popper.min.js HTTP/1.1" 304 (5 ms) - -
[28/Jul/2020:16:31:10 -0400] 0:0:0:0:0:0:0:1 "GET /js/bootstrap.min.js HTTP/1.1" 304 (6 ms) - -
[28/Jul/2020:16:31:37 -0400] 0:0:0:0:0:0:0:1 "GET /css/bootstrap.min.css HTTP/1.1" 304 (6 ms) - -
[28/Jul/2020:16:32:08 -0400] 0:0:0:0:0:0:0:1 "GET /list-allergies HTTP/1.1" 200 (48 ms) - -
[28/Jul/2020:16:32:08 -0400] 0:0:0:0:0:0:0:1 "GET /css/styles.css HTTP/1.1" 304 (5 ms) - -
[28/Jul/2020:16:32:08 -0400] 0:0:0:0:0:0:0:1 "GET /js/jquery-3.5.1.min.js HTTP/1.1" 304 (8 ms) - -
[28/Jul/2020:16:32:08 -0400] 0:0:0:0:0:0:0:1 "GET /js/popper.min.js HTTP/1.1" 304 (8 ms) - -
[28/Jul/2020:16:32:08 -0400] 0:0:0:0:0:0:0:1 "GET /DataTables/datatables.min.js HTTP/1.1" 304 (7 ms) - -
[28/Jul/2020:16:34:35 -0400] 0:0:0:0:0:0:0:1 "GET /list-allergies HTTP/1.1" 200 (46 ms) - -
[28/Jul/2020:16:34:35 -0400] 0:0:0:0:0:0:0:1 "GET /css/bootstrap.min.css HTTP/1.1" 304 (4 ms) - -
[28/Jul/2020:16:34:35 -0400] 0:0:0:0:0:0:0:1 "GET /css/styles.css HTTP/1.1" 304 (10 ms) - -
[28/Jul/2020:16:34:35 -0400] 0:0:0:0:0:0:0:1 "GET /js/popper.min.js HTTP/1.1" 304 (5 ms) - -
[28/Jul/2020:16:34:35 -0400] 0:0:0:0:0:0:0:1 "GET /js/jquery-3.5.1.slim.min.js HTTP/1.1" 200 (13 ms) - -
[28/Jul/2020:16:34:35 -0400] 0:0:0:0:0:0:0:1 "GET /js/bootstrap.min.js HTTP/1.1" 304 (8 ms) - -
[28/Jul/2020:16:34:35 -0400] 0:0:0:0:0:0:0:1 "GET /DataTables/datatables.min.js HTTP/1.1" 304 (6 ms) - -
[28/Jul/2020:16:34:35 -0400] 0:0:0:0:0:0:0:1 "GET /img/vlol_icon.png HTTP/1.1" 304 (10 ms) - -
[28/Jul/2020:16:34:36 -0400] 0:0:0:0:0:0:0:1 "GET /img/vlol_icon.png HTTP/1.1" 200 (5 ms) - -
[28/Jul/2020:16:35:13 -0400] 0:0:0:0:0:0:0:1 "GET /list-allergies HTTP/1.1" 200 (29 ms) - -
[28/Jul/2020:16:35:13 -0400] 0:0:0:0:0:0:0:1 "GET /js/jquery-3.5.1.slim.min.js HTTP/1.1" 304 (7 ms) - -
[28/Jul/2020:16:35:13 -0400] 0:0:0:0:0:0:0:1 "GET /img/vlol_icon.png HTTP/1.1" 200 (7 ms) - -
[28/Jul/2020:16:38:44 -0400] 0:0:0:0:0:0:0:1 "GET /list-allergies HTTP/1.1" 200 (34 ms) - -
[28/Jul/2020:16:38:45 -0400] 0:0:0:0:0:0:0:1 "GET /css/styles.css HTTP/1.1" 304 (5 ms) - -
[28/Jul/2020:16:38:45 -0400] 0:0:0:0:0:0:0:1 "GET /js/jquery-3.5.1.slim.min.js HTTP/1.1" 304 (5 ms) - -
[28/Jul/2020:16:38:45 -0400] 0:0:0:0:0:0:0:1 "GET /js/popper.min.js HTTP/1.1" 200 (12 ms) - -
[28/Jul/2020:16:38:45 -0400] 0:0:0:0:0:0:0:1 "GET /DataTables/datatables.min.js HTTP/1.1" 304 (7 ms) - -
[28/Jul/2020:16:38:45 -0400] 0:0:0:0:0:0:0:1 "GET /img/vlol_icon.png HTTP/1.1" 304 (4 ms) - -
[28/Jul/2020:16:38:46 -0400] 0:0:0:0:0:0:0:1 "GET /img/vlol_icon.png HTTP/1.1" 200 (6 ms) - -
[28/Jul/2020:16:39:19 -0400] 0:0:0:0:0:0:0:1 "GET /list-allergies HTTP/1.1" 200 (31 ms) - -
[28/Jul/2020:16:39:19 -0400] 0:0:0:0:0:0:0:1 "GET /css/bootstrap.min.css HTTP/1.1" 304 (6 ms) - -
[28/Jul/2020:16:39:19 -0400] 0:0:0:0:0:0:0:1 "GET /js/popper.min.js HTTP/1.1" 304 (10 ms) - -
[28/Jul/2020:16:39:19 -0400] 0:0:0:0:0:0:0:1 "GET /js/bootstrap.min.js HTTP/1.1" 304 (5 ms) - -
[28/Jul/2020:16:39:20 -0400] 0:0:0:0:0:0:0:1 "GET /img/vlol_icon.png HTTP/1.1" 200 (5 ms) - -
[28/Jul/2020:16:39:46 -0400] 0:0:0:0:0:0:0:1 "GET /list-allergies HTTP/1.1" 200 (34 ms) - -
[28/Jul/2020:16:39:46 -0400] 0:0:0:0:0:0:0:1 "GET /js/jquery-3.5.1.slim.min.js HTTP/1.1" 304 (4 ms) - -
[28/Jul/2020:16:39:46 -0400] 0:0:0:0:0:0:0:1 "GET /img/vlol_icon.png HTTP/1.1" 200 (7 ms) - -
[28/Jul/2020:16:40:26 -0400] 0:0:0:0:0:0:0:1 "GET /list-allergies HTTP/1.1" 200 (25 ms) - -
[28/Jul/2020:16:40:27 -0400] 0:0:0:0:0:0:0:1 "GET /img/vlol_icon.png HTTP/1.1" 200 (5 ms) - -
[28/Jul/2020:16:42:06 -0400] 0:0:0:0:0:0:0:1 "GET /list-allergies HTTP/1.1" 200 (28 ms) - -
[28/Jul/2020:16:42:06 -0400] 0:0:0:0:0:0:0:1 "GET /DataTables/datatables.min.css HTTP/1.1" 304 (14 ms) - -
[28/Jul/2020:16:42:06 -0400] 0:0:0:0:0:0:0:1 "GET /css/styles.css HTTP/1.1" 304 (17 ms) - -
[28/Jul/2020:16:42:06 -0400] 0:0:0:0:0:0:0:1 "GET /DataTables/datatables.min.js HTTP/1.1" 304 (5 ms) - -
[28/Jul/2020:16:42:06 -0400] 0:0:0:0:0:0:0:1 "GET /DataTables/DataTables-1.10.21/images/sort_both.png HTTP/1.1" 304 (3 ms) - -
[28/Jul/2020:16:42:06 -0400] 0:0:0:0:0:0:0:1 "GET /DataTables/DataTables-1.10.21/images/sort_asc.png HTTP/1.1" 304 (3 ms) - -
[28/Jul/2020:16:42:07 -0400] 0:0:0:0:0:0:0:1 "GET /img/vlol_icon.png HTTP/1.1" 200 (8 ms) - -
[28/Jul/2020:16:42:29 -0400] 0:0:0:0:0:0:0:1 "GET /list-allergies HTTP/1.1" 200 (39 ms) - -
[28/Jul/2020:16:42:30 -0400] 0:0:0:0:0:0:0:1 "GET /img/vlol_icon.png HTTP/1.1" 200 (4 ms) - -
[28/Jul/2020:16:42:44 -0400] 0:0:0:0:0:0:0:1 "GET /list-allergies HTTP/1.1" 200 (24 ms) - -
[28/Jul/2020:16:42:45 -0400] 0:0:0:0:0:0:0:1 "GET /img/vlol_icon.png HTTP/1.1" 200 (6 ms) - -
[28/Jul/2020:16:42:50 -0400] 0:0:0:0:0:0:0:1 "GET / HTTP/1.1" 200 (15 ms) - -
[28/Jul/2020:16:42:50 -0400] 0:0:0:0:0:0:0:1 "GET /img/vlol_cover.jpg HTTP/1.1" 304 (6 ms) - -
[28/Jul/2020:16:42:51 -0400] 0:0:0:0:0:0:0:1 "GET /admin-menu HTTP/1.1" 200 (13 ms) - -
[28/Jul/2020:16:42:53 -0400] 0:0:0:0:0:0:0:1 "GET /list-allergies HTTP/1.1" 200 (17 ms) - -
[28/Jul/2020:16:44:23 -0400] 0:0:0:0:0:0:0:1 "GET /list-allergies HTTP/1.1" 200 (23 ms) - -
[28/Jul/2020:16:44:24 -0400] 0:0:0:0:0:0:0:1 "GET /img/vlol_icon.png HTTP/1.1" 200 (5 ms) - -
[28/Jul/2020:16:45:15 -0400] 0:0:0:0:0:0:0:1 "GET /list-allergies HTTP/1.1" 200 (25 ms) - -
[28/Jul/2020:16:45:16 -0400] 0:0:0:0:0:0:0:1 "GET /img/vlol_icon.png HTTP/1.1" 200 (7 ms) - -
[28/Jul/2020:16:45:18 -0400] 0:0:0:0:0:0:0:1 "GET /view-allergy/1 HTTP/1.1" 200 (37 ms) - -
[28/Jul/2020:16:45:19 -0400] 0:0:0:0:0:0:0:1 "GET /list-allergies HTTP/1.1" 200 (22 ms) - -
[28/Jul/2020:16:45:21 -0400] 0:0:0:0:0:0:0:1 "GET /edit-allergy/1 HTTP/1.1" 200 (36 ms) - -
[28/Jul/2020:16:45:22 -0400] 0:0:0:0:0:0:0:1 "GET /list-allergies HTTP/1.1" 200 (19 ms) - -
[28/Jul/2020:16:45:25 -0400] 0:0:0:0:0:0:0:1 "GET /search-allergies?keyword=Lat HTTP/1.1" 200 (25 ms) - -
[28/Jul/2020:16:48:34 -0400] 0:0:0:0:0:0:0:1 "GET /search-allergies?keyword=Lat HTTP/1.1" 200 (23 ms) - -
[28/Jul/2020:16:48:34 -0400] 0:0:0:0:0:0:0:1 "GET /DataTables/datatables.min.css HTTP/1.1" 304 (8 ms) - -
[28/Jul/2020:16:48:34 -0400] 0:0:0:0:0:0:0:1 "GET /css/styles.css HTTP/1.1" 304 (4 ms) - -
[28/Jul/2020:16:48:34 -0400] 0:0:0:0:0:0:0:1 "GET /DataTables/datatables.min.js HTTP/1.1" 304 (6 ms) - -
[28/Jul/2020:16:48:35 -0400] 0:0:0:0:0:0:0:1 "GET /DataTables/DataTables-1.10.21/images/sort_both.png HTTP/1.1" 304 (4 ms) - -
[28/Jul/2020:16:48:35 -0400] 0:0:0:0:0:0:0:1 "GET /DataTables/DataTables-1.10.21/images/sort_asc.png HTTP/1.1" 304 (5 ms) - -
[28/Jul/2020:16:48:35 -0400] 0:0:0:0:0:0:0:1 "GET /img/vlol_icon.png HTTP/1.1" 200 (5 ms) - -
[28/Jul/2020:16:49:04 -0400] 0:0:0:0:0:0:0:1 "GET /search-allergies?keyword=Lat HTTP/1.1" 200 (15 ms) - -
[28/Jul/2020:16:49:04 -0400] 0:0:0:0:0:0:0:1 "GET /img/vlol_icon.png HTTP/1.1" 200 (5 ms) - -
[28/Jul/2020:16:49:10 -0400] 0:0:0:0:0:0:0:1 "GET /list-allergies HTTP/1.1" 200 (21 ms) - -
[28/Jul/2020:16:49:20 -0400] 0:0:0:0:0:0:0:1 "GET /search-allergies?keyword=l HTTP/1.1" 200 (17 ms) - -
[28/Jul/2020:16:50:20 -0400] 0:0:0:0:0:0:0:1 "GET / HTTP/1.1" 200 (13 ms) - -
[28/Jul/2020:16:50:20 -0400] 0:0:0:0:0:0:0:1 "GET /img/vlol_cover.jpg HTTP/1.1" 304 (4 ms) - -
[28/Jul/2020:16:50:21 -0400] 0:0:0:0:0:0:0:1 "GET /registration HTTP/1.1" 200 (75 ms) - -
[28/Jul/2020:17:01:12 -0400] 0:0:0:0:0:0:0:1 "GET / HTTP/1.1" 200 (1273 ms) - -
[28/Jul/2020:17:01:12 -0400] 0:0:0:0:0:0:0:1 "GET /css/styles.css HTTP/1.1" 304 (17 ms) - -
[28/Jul/2020:17:01:12 -0400] 0:0:0:0:0:0:0:1 "GET /img/vlol_icon.png HTTP/1.1" 304 (14 ms) - -
[28/Jul/2020:17:01:12 -0400] 0:0:0:0:0:0:0:1 "GET /img/vlol_cover.jpg HTTP/1.1" 304 (7 ms) - -
[28/Jul/2020:17:01:17 -0400] 0:0:0:0:0:0:0:1 "GET /login HTTP/1.1" 200 (41 ms) - -
[28/Jul/2020:17:01:17 -0400] 0:0:0:0:0:0:0:1 "GET /img/vlol_logo.png HTTP/1.1" 304 (12 ms) - -
[28/Jul/2020:17:01:30 -0400] 0:0:0:0:0:0:0:1 "POST /login HTTP/1.1" 302 (712 ms) - -
[28/Jul/2020:17:01:30 -0400] 0:0:0:0:0:0:0:1 "GET /admin-menu HTTP/1.1" 200 (183 ms) - -
[28/Jul/2020:17:01:32 -0400] 0:0:0:0:0:0:0:1 "GET /qr-capture HTTP/1.1" 200 (34 ms) - -
[28/Jul/2020:17:01:32 -0400] 0:0:0:0:0:0:0:1 "GET /js/html5-qrcode.min.js HTTP/1.1" 200 (27 ms) - -
[28/Jul/2020:17:01:49 -0400] 0:0:0:0:0:0:0:1 "GET /qr-capture HTTP/1.1" 200 (26 ms) - -
[28/Jul/2020:17:01:49 -0400] 0:0:0:0:0:0:0:1 "GET /img/vlol_icon.png HTTP/1.1" 200 (5 ms) - -
[28/Jul/2020:17:03:00 -0400] 0:0:0:0:0:0:0:1 "GET /admin-menu HTTP/1.1" 200 (38 ms) - -
[28/Jul/2020:17:03:03 -0400] 0:0:0:0:0:0:0:1 "GET /list-allergies HTTP/1.1" 200 (87 ms) - -
[28/Jul/2020:17:03:03 -0400] 0:0:0:0:0:0:0:1 "GET /DataTables/datatables.min.css HTTP/1.1" 304 (7 ms) - -
[28/Jul/2020:17:03:03 -0400] 0:0:0:0:0:0:0:1 "GET /DataTables/datatables.min.js HTTP/1.1" 304 (6 ms) - -
[28/Jul/2020:17:03:04 -0400] 0:0:0:0:0:0:0:1 "GET /DataTables/DataTables-1.10.21/images/sort_both.png HTTP/1.1" 304 (6 ms) - -
[28/Jul/2020:17:03:04 -0400] 0:0:0:0:0:0:0:1 "GET /DataTables/DataTables-1.10.21/images/sort_asc.png HTTP/1.1" 304 (5 ms) - -
[28/Jul/2020:17:03:05 -0400] 0:0:0:0:0:0:0:1 "GET /admin-menu HTTP/1.1" 200 (27 ms) - -
[28/Jul/2020:17:03:13 -0400] 0:0:0:0:0:0:0:1 "GET /view-user/1 HTTP/1.1" 200 (53 ms) - -
[28/Jul/2020:17:03:16 -0400] 0:0:0:0:0:0:0:1 "GET /list-users HTTP/1.1" 200 (33 ms) - -
[28/Jul/2020:17:03:18 -0400] 0:0:0:0:0:0:0:1 "GET /admin-menu HTTP/1.1" 200 (25 ms) - -
[28/Jul/2020:17:03:21 -0400] 0:0:0:0:0:0:0:1 "GET /qr-capture HTTP/1.1" 200 (17 ms) - -
[28/Jul/2020:17:09:43 -0400] 0:0:0:0:0:0:0:1 "GET / HTTP/1.1" 200 (1344 ms) - -
[28/Jul/2020:17:09:43 -0400] 0:0:0:0:0:0:0:1 "GET /css/styles.css HTTP/1.1" 200 (32 ms) - -
[28/Jul/2020:17:09:44 -0400] 0:0:0:0:0:0:0:1 "GET /img/vlol_cover.jpg HTTP/1.1" 200 (16 ms) - -
[28/Jul/2020:17:09:44 -0400] 0:0:0:0:0:0:0:1 "GET /img/vlol_icon.png HTTP/1.1" 200 (18 ms) - -
[28/Jul/2020:17:09:46 -0400] 0:0:0:0:0:0:0:1 "GET /login HTTP/1.1" 200 (38 ms) - -
[28/Jul/2020:17:09:46 -0400] 0:0:0:0:0:0:0:1 "GET /img/vlol_logo.png HTTP/1.1" 200 (24 ms) - -
[28/Jul/2020:17:09:57 -0400] 0:0:0:0:0:0:0:1 "POST /login HTTP/1.1" 302 (724 ms) - -
[28/Jul/2020:17:09:57 -0400] 0:0:0:0:0:0:0:1 "GET /admin-menu HTTP/1.1" 200 (160 ms) - -
[28/Jul/2020:17:10:00 -0400] 0:0:0:0:0:0:0:1 "GET /qr-capture HTTP/1.1" 200 (33 ms) - -
[28/Jul/2020:17:10:00 -0400] 0:0:0:0:0:0:0:1 "GET /js/html5-qrcode.min.js HTTP/1.1" 200 (12 ms) - -
[28/Jul/2020:17:10:30 -0400] 0:0:0:0:0:0:0:1 "GET /qr-capture HTTP/1.1" 200 (26 ms) - -
[28/Jul/2020:17:10:31 -0400] 0:0:0:0:0:0:0:1 "GET /img/vlol_icon.png HTTP/1.1" 200 (7 ms) - -
[28/Jul/2020:17:10:47 -0400] 0:0:0:0:0:0:0:1 "GET /qr-capture HTTP/1.1" 200 (32 ms) - -
[28/Jul/2020:17:10:48 -0400] 0:0:0:0:0:0:0:1 "GET /img/vlol_icon.png HTTP/1.1" 200 (6 ms) - -
[28/Jul/2020:17:11:01 -0400] 0:0:0:0:0:0:0:1 "GET /qr-capture HTTP/1.1" 200 (27 ms) - -
[28/Jul/2020:17:11:01 -0400] 0:0:0:0:0:0:0:1 "GET /img/vlol_icon.png HTTP/1.1" 200 (6 ms) - -
[28/Jul/2020:18:02:04 -0400] 0:0:0:0:0:0:0:1 "GET / HTTP/1.1" 200 (1281 ms) - -
[28/Jul/2020:18:02:04 -0400] 0:0:0:0:0:0:0:1 "GET /css/styles.css HTTP/1.1" 304 (103 ms) - -
[28/Jul/2020:18:02:04 -0400] 0:0:0:0:0:0:0:1 "GET /img/vlol_icon.png HTTP/1.1" 304 (13 ms) - -
[28/Jul/2020:18:02:04 -0400] 0:0:0:0:0:0:0:1 "GET /img/vlol_cover.jpg HTTP/1.1" 304 (8 ms) - -
[28/Jul/2020:18:02:06 -0400] 0:0:0:0:0:0:0:1 "GET /login HTTP/1.1" 200 (83 ms) - -
[28/Jul/2020:18:02:06 -0400] 0:0:0:0:0:0:0:1 "GET /img/vlol_logo.png HTTP/1.1" 304 (5 ms) - -
[28/Jul/2020:18:02:18 -0400] 0:0:0:0:0:0:0:1 "POST /login HTTP/1.1" 302 (733 ms) - -
[28/Jul/2020:18:02:18 -0400] 0:0:0:0:0:0:0:1 "GET /admin-menu HTTP/1.1" 200 (168 ms) - -
[28/Jul/2020:18:02:23 -0400] 0:0:0:0:0:0:0:1 "GET /list-allergies HTTP/1.1" 200 (155 ms) - -
[28/Jul/2020:18:02:23 -0400] 0:0:0:0:0:0:0:1 "GET /DataTables/datatables.min.css HTTP/1.1" 200 (54 ms) - -
[28/Jul/2020:18:02:23 -0400] 0:0:0:0:0:0:0:1 "GET /DataTables/datatables.min.js HTTP/1.1" 200 (62 ms) - -
[28/Jul/2020:18:02:24 -0400] 0:0:0:0:0:0:0:1 "GET /DataTables/DataTables-1.10.21/images/sort_both.png HTTP/1.1" 200 (7 ms) - -
[28/Jul/2020:18:02:24 -0400] 0:0:0:0:0:0:0:1 "GET /DataTables/DataTables-1.10.21/images/sort_asc.png HTTP/1.1" 200 (6 ms) - -
[28/Jul/2020:18:02:29 -0400] 0:0:0:0:0:0:0:1 "GET /admin-menu HTTP/1.1" 200 (30 ms) - -
[28/Jul/2020:18:02:31 -0400] 0:0:0:0:0:0:0:1 "GET /qr-capture HTTP/1.1" 200 (46 ms) - -
[28/Jul/2020:18:02:31 -0400] 0:0:0:0:0:0:0:1 "GET /js/html5-qrcode.min.js HTTP/1.1" 304 (6 ms) - -
[28/Jul/2020:18:02:39 -0400] 0:0:0:0:0:0:0:1 "GET /view-user/4 HTTP/1.1" 200 (110 ms) - -
[28/Jul/2020:18:02:39 -0400] 0:0:0:0:0:0:0:1 "GET /view-user/4 HTTP/1.1" 200 (30 ms) - -
[28/Jul/2020:18:02:44 -0400] 0:0:0:0:0:0:0:1 "GET /admin-menu HTTP/1.1" 200 (23 ms) - -
[28/Jul/2020:18:02:46 -0400] 0:0:0:0:0:0:0:1 "GET /qr-capture HTTP/1.1" 200 (17 ms) - -
[28/Jul/2020:18:03:14 -0400] 0:0:0:0:0:0:0:1 "GET /view-user/2 HTTP/1.1" 200 (24 ms) - -
[28/Jul/2020:18:03:28 -0400] 0:0:0:0:0:0:0:1 "GET /list-users HTTP/1.1" 200 (83 ms) - -
[28/Jul/2020:18:03:29 -0400] 0:0:0:0:0:0:0:1 "GET /favicon.ico HTTP/1.1" 404 (153 ms) - -
[28/Jul/2020:18:03:30 -0400] 0:0:0:0:0:0:0:1 "GET /admin-menu HTTP/1.1" 200 (21 ms) - -
[28/Jul/2020:18:03:44 -0400] 0:0:0:0:0:0:0:1 "GET /list-allergies HTTP/1.1" 200 (31 ms) - -
[28/Jul/2020:18:03:46 -0400] 0:0:0:0:0:0:0:1 "GET /view-allergy/1 HTTP/1.1" 200 (70 ms) - -
[28/Jul/2020:18:03:48 -0400] 0:0:0:0:0:0:0:1 "GET /list-allergies HTTP/1.1" 200 (23 ms) - -
[28/Jul/2020:18:03:50 -0400] 0:0:0:0:0:0:0:1 "GET /edit-allergy/3 HTTP/1.1" 200 (67 ms) - -
[28/Jul/2020:18:03:51 -0400] 0:0:0:0:0:0:0:1 "GET /list-allergies HTTP/1.1" 200 (29 ms) - -
[28/Jul/2020:18:03:59 -0400] 0:0:0:0:0:0:0:1 "GET /logout HTTP/1.1" 302 (8 ms) - -
[28/Jul/2020:18:03:59 -0400] 0:0:0:0:0:0:0:1 "GET / HTTP/1.1" 200 (15 ms) - -
[28/Jul/2020:18:04:06 -0400] 0:0:0:0:0:0:0:1 "GET / HTTP/1.1" 200 (16 ms) - -
[28/Jul/2020:18:04:09 -0400] 0:0:0:0:0:0:0:1 "GET /about HTTP/1.1" 200 (69 ms) - -
[28/Jul/2020:18:04:09 -0400] 0:0:0:0:0:0:0:1 "GET /img/umgc_logo.png HTTP/1.1" 200 (22 ms) - -
