[31/Jul/2020:00:06:39 -0400] 0:0:0:0:0:0:0:1 "GET / HTTP/1.1" 200 (77 ms) - -
[31/Jul/2020:00:06:39 -0400] 0:0:0:0:0:0:0:1 "GET /css/styles.css HTTP/1.1" 304 (9 ms) - -
[31/Jul/2020:00:06:39 -0400] 0:0:0:0:0:0:0:1 "GET /js/scripts.js HTTP/1.1" 304 (9 ms) - -
[31/Jul/2020:00:06:39 -0400] 0:0:0:0:0:0:0:1 "GET /img/vlol_icon.png HTTP/1.1" 304 (5 ms) - -
[31/Jul/2020:00:06:39 -0400] 0:0:0:0:0:0:0:1 "GET /img/vlol_cover.jpg HTTP/1.1" 304 (5 ms) - -
[31/Jul/2020:00:06:42 -0400] 0:0:0:0:0:0:0:1 "GET /admin-menu HTTP/1.1" 200 (47 ms) - -
[31/Jul/2020:00:06:44 -0400] 0:0:0:0:0:0:0:1 "GET /list-users HTTP/1.1" 200 (60 ms) - -
[31/Jul/2020:00:06:44 -0400] 0:0:0:0:0:0:0:1 "GET /DataTables/datatables.min.css HTTP/1.1" 304 (10 ms) - -
[31/Jul/2020:00:06:44 -0400] 0:0:0:0:0:0:0:1 "GET /DataTables/datatables.min.js HTTP/1.1" 304 (9 ms) - -
[31/Jul/2020:00:06:45 -0400] 0:0:0:0:0:0:0:1 "GET /DataTables/DataTables-1.10.21/images/sort_both.png HTTP/1.1" 304 (4 ms) - -
[31/Jul/2020:00:06:45 -0400] 0:0:0:0:0:0:0:1 "GET /DataTables/DataTables-1.10.21/images/sort_asc.png HTTP/1.1" 304 (4 ms) - -
[31/Jul/2020:00:06:48 -0400] 0:0:0:0:0:0:0:1 "GET /edit-user/1 HTTP/1.1" 200 (351 ms) - -
[31/Jul/2020:00:06:53 -0400] 0:0:0:0:0:0:0:1 "POST /update-user HTTP/1.1" 400 (54 ms) - -
[31/Jul/2020:00:06:53 -0400] 0:0:0:0:0:0:0:1 "GET /img/error.gif HTTP/1.1" 304 (14 ms) - -
[31/Jul/2020:00:07:38 -0400] 0:0:0:0:0:0:0:1 "GET /edit-user/1 HTTP/1.1" 200 (329 ms) - -
[31/Jul/2020:00:14:04 -0400] 0:0:0:0:0:0:0:1 "GET / HTTP/1.1" 200 (1821 ms) - -
[31/Jul/2020:00:14:18 -0400] 0:0:0:0:0:0:0:1 "GET /login HTTP/1.1" 200 (59 ms) - -
[31/Jul/2020:00:14:18 -0400] 0:0:0:0:0:0:0:1 "GET /img/vlol_logo.png HTTP/1.1" 200 (28 ms) - -
[31/Jul/2020:00:14:32 -0400] 0:0:0:0:0:0:0:1 "POST /login HTTP/1.1" 302 (740 ms) - -
[31/Jul/2020:00:14:32 -0400] 0:0:0:0:0:0:0:1 "GET /admin-menu HTTP/1.1" 200 (197 ms) - -
[31/Jul/2020:00:14:36 -0400] 0:0:0:0:0:0:0:1 "GET /list-users HTTP/1.1" 200 (103 ms) - -
[31/Jul/2020:00:14:40 -0400] 0:0:0:0:0:0:0:1 "GET /edit-user/1 HTTP/1.1" 200 (883 ms) - -
[31/Jul/2020:00:14:52 -0400] 0:0:0:0:0:0:0:1 "POST /update-user HTTP/1.1" 400 (103 ms) - -
[31/Jul/2020:00:25:03 -0400] 0:0:0:0:0:0:0:1 "GET /edit-user/1 HTTP/1.1" 500 (558 ms) - -
[31/Jul/2020:00:25:16 -0400] 127.0.0.1 "GET /admin-menu HTTP/1.1" 200 (34 ms) - -
[31/Jul/2020:00:25:16 -0400] 127.0.0.1 "GET /css/styles.css HTTP/1.1" 200 (21 ms) - -
[31/Jul/2020:00:25:16 -0400] 127.0.0.1 "GET /js/scripts.js HTTP/1.1" 200 (14 ms) - -
[31/Jul/2020:00:25:16 -0400] 127.0.0.1 "GET /img/vlol_icon.png HTTP/1.1" 200 (103 ms) - -
[31/Jul/2020:00:25:21 -0400] 127.0.0.1 "GET /list-users HTTP/1.1" 200 (45 ms) - -
[31/Jul/2020:00:25:21 -0400] 127.0.0.1 "GET /DataTables/datatables.min.css HTTP/1.1" 200 (31 ms) - -
[31/Jul/2020:00:25:21 -0400] 127.0.0.1 "GET /DataTables/datatables.min.js HTTP/1.1" 200 (37 ms) - -
[31/Jul/2020:00:25:22 -0400] 127.0.0.1 "GET /DataTables/DataTables-1.10.21/images/sort_both.png HTTP/1.1" 200 (7 ms) - -
[31/Jul/2020:00:25:22 -0400] 127.0.0.1 "GET /DataTables/DataTables-1.10.21/images/sort_asc.png HTTP/1.1" 200 (5 ms) - -
[31/Jul/2020:00:25:24 -0400] 127.0.0.1 "GET /edit-user/1 HTTP/1.1" 500 (275 ms) - -
[31/Jul/2020:00:25:24 -0400] 127.0.0.1 "GET /img/error.gif HTTP/1.1" 200 (18 ms) - -
[31/Jul/2020:00:26:09 -0400] 127.0.0.1 "GET /list-users HTTP/1.1" 200 (39 ms) - -
[31/Jul/2020:00:28:47 -0400] 0:0:0:0:0:0:0:1 "GET / HTTP/1.1" 200 (1762 ms) - -
[31/Jul/2020:00:28:47 -0400] 0:0:0:0:0:0:0:1 "GET /css/styles.css HTTP/1.1" 200 (31 ms) - -
[31/Jul/2020:00:28:47 -0400] 0:0:0:0:0:0:0:1 "GET /js/scripts.js HTTP/1.1" 200 (9 ms) - -
[31/Jul/2020:00:28:47 -0400] 0:0:0:0:0:0:0:1 "GET /img/vlol_icon.png HTTP/1.1" 200 (12 ms) - -
[31/Jul/2020:00:28:47 -0400] 0:0:0:0:0:0:0:1 "GET /img/vlol_cover.jpg HTTP/1.1" 200 (13 ms) - -
[31/Jul/2020:00:28:59 -0400] 0:0:0:0:0:0:0:1 "GET /login HTTP/1.1" 200 (55 ms) - -
[31/Jul/2020:00:28:59 -0400] 0:0:0:0:0:0:0:1 "GET /css/styles.css HTTP/1.1" 304 (9 ms) - -
[31/Jul/2020:00:28:59 -0400] 0:0:0:0:0:0:0:1 "GET /js/scripts.js HTTP/1.1" 304 (11 ms) - -
[31/Jul/2020:00:28:59 -0400] 0:0:0:0:0:0:0:1 "GET /img/vlol_icon.png HTTP/1.1" 304 (5 ms) - -
[31/Jul/2020:00:28:59 -0400] 0:0:0:0:0:0:0:1 "GET /img/vlol_logo.png HTTP/1.1" 200 (9 ms) - -
[31/Jul/2020:00:29:13 -0400] 0:0:0:0:0:0:0:1 "POST /login HTTP/1.1" 302 (718 ms) - -
[31/Jul/2020:00:29:13 -0400] 0:0:0:0:0:0:0:1 "GET /admin-menu HTTP/1.1" 200 (180 ms) - -
[31/Jul/2020:00:29:13 -0400] 0:0:0:0:0:0:0:1 "GET /css/styles.css HTTP/1.1" 304 (5 ms) - -
[31/Jul/2020:00:29:13 -0400] 0:0:0:0:0:0:0:1 "GET /js/scripts.js HTTP/1.1" 304 (4 ms) - -
[31/Jul/2020:00:29:13 -0400] 0:0:0:0:0:0:0:1 "GET /img/vlol_icon.png HTTP/1.1" 304 (6 ms) - -
[31/Jul/2020:00:29:17 -0400] 0:0:0:0:0:0:0:1 "GET /list-users HTTP/1.1" 200 (130 ms) - -
[31/Jul/2020:00:29:17 -0400] 0:0:0:0:0:0:0:1 "GET /DataTables/datatables.min.css HTTP/1.1" 200 (12 ms) - -
[31/Jul/2020:00:29:17 -0400] 0:0:0:0:0:0:0:1 "GET /DataTables/datatables.min.js HTTP/1.1" 200 (71 ms) - -
[31/Jul/2020:00:29:17 -0400] 0:0:0:0:0:0:0:1 "GET /DataTables/DataTables-1.10.21/images/sort_both.png HTTP/1.1" 200 (7 ms) - -
[31/Jul/2020:00:29:18 -0400] 0:0:0:0:0:0:0:1 "GET /DataTables/DataTables-1.10.21/images/sort_asc.png HTTP/1.1" 200 (7 ms) - -
[31/Jul/2020:00:29:21 -0400] 0:0:0:0:0:0:0:1 "GET /edit-user/1 HTTP/1.1" 500 (503 ms) - -
[31/Jul/2020:00:29:21 -0400] 0:0:0:0:0:0:0:1 "GET /img/error.gif HTTP/1.1" 200 (24 ms) - -
[31/Jul/2020:00:30:31 -0400] 0:0:0:0:0:0:0:1 "GET /list-users HTTP/1.1" 200 (62 ms) - -
[31/Jul/2020:00:35:43 -0400] 0:0:0:0:0:0:0:1 "GET /list-users HTTP/1.1" 200 (109 ms) - -
[31/Jul/2020:00:35:43 -0400] 0:0:0:0:0:0:0:1 "GET /DataTables/datatables.min.css HTTP/1.1" 304 (5 ms) - -
[31/Jul/2020:00:35:43 -0400] 0:0:0:0:0:0:0:1 "GET /css/styles.css HTTP/1.1" 304 (8 ms) - -
[31/Jul/2020:00:35:44 -0400] 0:0:0:0:0:0:0:1 "GET /img/vlol_icon.png HTTP/1.1" 304 (10 ms) - -
[31/Jul/2020:00:35:44 -0400] 0:0:0:0:0:0:0:1 "GET /DataTables/datatables.min.js HTTP/1.1" 304 (15 ms) - -
[31/Jul/2020:00:35:44 -0400] 0:0:0:0:0:0:0:1 "GET /DataTables/DataTables-1.10.21/images/sort_both.png HTTP/1.1" 304 (4 ms) - -
[31/Jul/2020:00:35:44 -0400] 0:0:0:0:0:0:0:1 "GET /DataTables/DataTables-1.10.21/images/sort_asc.png HTTP/1.1" 304 (4 ms) - -
[31/Jul/2020:00:35:44 -0400] 0:0:0:0:0:0:0:1 "GET /img/vlol_icon.png HTTP/1.1" 200 (5 ms) - -
[31/Jul/2020:00:35:49 -0400] 0:0:0:0:0:0:0:1 "GET /js/scripts.js HTTP/1.1" 304 (8 ms) - -
[31/Jul/2020:00:35:49 -0400] 0:0:0:0:0:0:0:1 "GET /edit-user/1 HTTP/1.1" 200 (593 ms) - -
[31/Jul/2020:00:35:57 -0400] 0:0:0:0:0:0:0:1 "POST /update-user HTTP/1.1" 302 (110 ms) - -
[31/Jul/2020:00:35:57 -0400] 0:0:0:0:0:0:0:1 "GET /list-users HTTP/1.1" 200 (38 ms) - -
[31/Jul/2020:00:36:00 -0400] 0:0:0:0:0:0:0:1 "GET /view-user/1 HTTP/1.1" 200 (141 ms) - -
[31/Jul/2020:00:36:16 -0400] 0:0:0:0:0:0:0:1 "GET /list-users HTTP/1.1" 200 (60 ms) - -
[31/Jul/2020:00:36:19 -0400] 0:0:0:0:0:0:0:1 "GET /edit-user/1 HTTP/1.1" 200 (241 ms) - -
[31/Jul/2020:00:36:26 -0400] 0:0:0:0:0:0:0:1 "GET /edit-user/1 HTTP/1.1" 200 (175 ms) - -
[31/Jul/2020:00:36:26 -0400] 0:0:0:0:0:0:0:1 "GET /img/vlol_icon.png HTTP/1.1" 200 (10 ms) - -
[31/Jul/2020:00:36:40 -0400] 0:0:0:0:0:0:0:1 "POST /update-user HTTP/1.1" 302 (21 ms) - -
[31/Jul/2020:00:36:40 -0400] 0:0:0:0:0:0:0:1 "GET /list-users HTTP/1.1" 200 (38 ms) - -
[31/Jul/2020:00:36:40 -0400] 0:0:0:0:0:0:0:1 "GET /DataTables/datatables.min.css HTTP/1.1" 304 (7 ms) - -
[31/Jul/2020:00:36:40 -0400] 0:0:0:0:0:0:0:1 "GET /css/styles.css HTTP/1.1" 304 (11 ms) - -
[31/Jul/2020:00:36:40 -0400] 0:0:0:0:0:0:0:1 "GET /DataTables/datatables.min.js HTTP/1.1" 304 (6 ms) - -
[31/Jul/2020:00:36:41 -0400] 0:0:0:0:0:0:0:1 "GET /DataTables/DataTables-1.10.21/images/sort_both.png HTTP/1.1" 304 (3 ms) - -
[31/Jul/2020:00:36:41 -0400] 0:0:0:0:0:0:0:1 "GET /DataTables/DataTables-1.10.21/images/sort_asc.png HTTP/1.1" 304 (3 ms) - -
[31/Jul/2020:00:36:42 -0400] 0:0:0:0:0:0:0:1 "GET /js/scripts.js HTTP/1.1" 304 (4 ms) - -
[31/Jul/2020:00:36:42 -0400] 0:0:0:0:0:0:0:1 "GET /view-user/1 HTTP/1.1" 200 (194 ms) - -
[31/Jul/2020:00:38:22 -0400] 0:0:0:0:0:0:0:1 "GET /admin-menu HTTP/1.1" 200 (66 ms) - -
[31/Jul/2020:00:38:22 -0400] 0:0:0:0:0:0:0:1 "GET /css/styles.css HTTP/1.1" 304 (5 ms) - -
[31/Jul/2020:00:38:22 -0400] 0:0:0:0:0:0:0:1 "GET /js/scripts.js HTTP/1.1" 304 (10 ms) - -
[31/Jul/2020:00:38:22 -0400] 0:0:0:0:0:0:0:1 "GET /img/vlol_icon.png HTTP/1.1" 304 (6 ms) - -
[31/Jul/2020:00:38:24 -0400] 0:0:0:0:0:0:0:1 "GET /list-users HTTP/1.1" 200 (41 ms) - -
[31/Jul/2020:00:38:24 -0400] 0:0:0:0:0:0:0:1 "GET /DataTables/datatables.min.css HTTP/1.1" 304 (4 ms) - -
[31/Jul/2020:00:38:24 -0400] 0:0:0:0:0:0:0:1 "GET /DataTables/datatables.min.js HTTP/1.1" 304 (7 ms) - -
[31/Jul/2020:00:38:25 -0400] 0:0:0:0:0:0:0:1 "GET /DataTables/DataTables-1.10.21/images/sort_both.png HTTP/1.1" 304 (3 ms) - -
[31/Jul/2020:00:38:25 -0400] 0:0:0:0:0:0:0:1 "GET /DataTables/DataTables-1.10.21/images/sort_asc.png HTTP/1.1" 304 (3 ms) - -
[31/Jul/2020:00:38:27 -0400] 0:0:0:0:0:0:0:1 "GET /edit-user/1 HTTP/1.1" 200 (262 ms) - -
[31/Jul/2020:00:38:35 -0400] 0:0:0:0:0:0:0:1 "POST /update-user HTTP/1.1" 302 (51 ms) - -
[31/Jul/2020:00:38:35 -0400] 0:0:0:0:0:0:0:1 "GET /list-users HTTP/1.1" 200 (29 ms) - -
[31/Jul/2020:00:38:38 -0400] 0:0:0:0:0:0:0:1 "GET /view-user/1 HTTP/1.1" 200 (141 ms) - -
[31/Jul/2020:00:38:49 -0400] 0:0:0:0:0:0:0:1 "GET /view-user/1 HTTP/1.1" 200 (106 ms) - -
[31/Jul/2020:00:38:49 -0400] 0:0:0:0:0:0:0:1 "GET /img/vlol_icon.png HTTP/1.1" 200 (9 ms) - -
[31/Jul/2020:00:38:51 -0400] 0:0:0:0:0:0:0:1 "GET /view-user/1 HTTP/1.1" 200 (116 ms) - -
[31/Jul/2020:00:38:51 -0400] 0:0:0:0:0:0:0:1 "GET /img/vlol_icon.png HTTP/1.1" 200 (5 ms) - -
[31/Jul/2020:00:38:59 -0400] 0:0:0:0:0:0:0:1 "GET /list-users HTTP/1.1" 200 (27 ms) - -
[31/Jul/2020:00:41:09 -0400] 0:0:0:0:0:0:0:1 "GET /view-user/1 HTTP/1.1" 200 (101 ms) - -
[31/Jul/2020:00:41:09 -0400] 0:0:0:0:0:0:0:1 "GET /css/styles.css HTTP/1.1" 304 (11 ms) - -
[31/Jul/2020:00:41:09 -0400] 0:0:0:0:0:0:0:1 "GET /js/scripts.js HTTP/1.1" 304 (4 ms) - -
[31/Jul/2020:00:41:09 -0400] 0:0:0:0:0:0:0:1 "GET /img/vlol_icon.png HTTP/1.1" 304 (6 ms) - -
[31/Jul/2020:00:41:25 -0400] 0:0:0:0:0:0:0:1 "GET /admin-menu HTTP/1.1" 200 (18 ms) - -
[31/Jul/2020:00:41:27 -0400] 0:0:0:0:0:0:0:1 "GET /list-users HTTP/1.1" 200 (22 ms) - -
[31/Jul/2020:00:41:27 -0400] 0:0:0:0:0:0:0:1 "GET /DataTables/datatables.min.css HTTP/1.1" 304 (4 ms) - -
[31/Jul/2020:00:41:27 -0400] 0:0:0:0:0:0:0:1 "GET /DataTables/datatables.min.js HTTP/1.1" 304 (6 ms) - -
[31/Jul/2020:00:41:27 -0400] 0:0:0:0:0:0:0:1 "GET /DataTables/DataTables-1.10.21/images/sort_both.png HTTP/1.1" 304 (3 ms) - -
[31/Jul/2020:00:41:27 -0400] 0:0:0:0:0:0:0:1 "GET /DataTables/DataTables-1.10.21/images/sort_asc.png HTTP/1.1" 304 (3 ms) - -
[31/Jul/2020:00:41:29 -0400] 0:0:0:0:0:0:0:1 "GET /edit-user/1 HTTP/1.1" 200 (175 ms) - -
[31/Jul/2020:00:43:01 -0400] 0:0:0:0:0:0:0:1 "GET /admin-menu HTTP/1.1" 200 (25 ms) - -
[31/Jul/2020:00:43:01 -0400] 0:0:0:0:0:0:0:1 "GET /css/styles.css HTTP/1.1" 304 (4 ms) - -
[31/Jul/2020:00:43:01 -0400] 0:0:0:0:0:0:0:1 "GET /js/scripts.js HTTP/1.1" 304 (6 ms) - -
[31/Jul/2020:00:43:01 -0400] 0:0:0:0:0:0:0:1 "GET /img/vlol_icon.png HTTP/1.1" 304 (4 ms) - -
[31/Jul/2020:00:43:02 -0400] 0:0:0:0:0:0:0:1 "GET /console HTTP/1.1" 302 (32 ms) - -
[31/Jul/2020:00:43:03 -0400] 0:0:0:0:0:0:0:1 "GET /console/ HTTP/1.1" 200 (33 ms) - -
[31/Jul/2020:00:43:03 -0400] 0:0:0:0:0:0:0:1 "GET /console/stylesheet.css HTTP/1.1" 200 (17 ms) - -
[31/Jul/2020:00:43:03 -0400] 0:0:0:0:0:0:0:1 "GET /console/login.jsp?jsessionid=d57b900d7bf6824ee369da0b6d574ab7 HTTP/1.1" 200 (4 ms) - -
[31/Jul/2020:00:43:03 -0400] 0:0:0:0:0:0:0:1 "GET /console/background.gif HTTP/1.1" 200 (7 ms) - -
[31/Jul/2020:00:43:03 -0400] 0:0:0:0:0:0:0:1 "GET /favicon.ico HTTP/1.1" 404 (52 ms) - -
[31/Jul/2020:00:43:04 -0400] 0:0:0:0:0:0:0:1 "POST /console/login.do?jsessionid=d57b900d7bf6824ee369da0b6d574ab7 HTTP/1.1" 200 (10 ms) - -
[31/Jul/2020:00:43:04 -0400] 0:0:0:0:0:0:0:1 "GET /console/header.jsp?jsessionid=d57b900d7bf6824ee369da0b6d574ab7 HTTP/1.1" 200 (10 ms) - -
[31/Jul/2020:00:43:04 -0400] 0:0:0:0:0:0:0:1 "GET /console/query.jsp?jsessionid=d57b900d7bf6824ee369da0b6d574ab7 HTTP/1.1" 200 (7 ms) - -
[31/Jul/2020:00:43:04 -0400] 0:0:0:0:0:0:0:1 "GET /console/help.jsp?jsessionid=d57b900d7bf6824ee369da0b6d574ab7 HTTP/1.1" 200 (5 ms) - -
[31/Jul/2020:00:43:05 -0400] 0:0:0:0:0:0:0:1 "GET /console/tables.do?jsessionid=d57b900d7bf6824ee369da0b6d574ab7 HTTP/1.1" 200 (194 ms) - -
[31/Jul/2020:00:43:05 -0400] 0:0:0:0:0:0:0:1 "GET /console/icon_line.gif HTTP/1.1" 200 (5 ms) - -
[31/Jul/2020:00:43:05 -0400] 0:0:0:0:0:0:0:1 "GET /console/icon_disconnect.gif HTTP/1.1" 200 (7 ms) - -
[31/Jul/2020:00:43:05 -0400] 0:0:0:0:0:0:0:1 "GET /console/icon_rollback.gif HTTP/1.1" 200 (12 ms) - -
[31/Jul/2020:00:43:05 -0400] 0:0:0:0:0:0:0:1 "GET /console/icon_commit.gif HTTP/1.1" 200 (10 ms) - -
[31/Jul/2020:00:43:05 -0400] 0:0:0:0:0:0:0:1 "GET /console/icon_run.gif HTTP/1.1" 200 (9 ms) - -
[31/Jul/2020:00:43:05 -0400] 0:0:0:0:0:0:0:1 "GET /console/icon_stop.gif HTTP/1.1" 200 (6 ms) - -
[31/Jul/2020:00:43:05 -0400] 0:0:0:0:0:0:0:1 "GET /console/icon_refresh.gif HTTP/1.1" 200 (21 ms) - -
[31/Jul/2020:00:43:05 -0400] 0:0:0:0:0:0:0:1 "GET /console/icon_run_selected.gif HTTP/1.1" 200 (10 ms) - -
[31/Jul/2020:00:43:05 -0400] 0:0:0:0:0:0:0:1 "GET /console/icon_history.gif HTTP/1.1" 200 (7 ms) - -
[31/Jul/2020:00:43:05 -0400] 0:0:0:0:0:0:0:1 "GET /console/icon_help.gif HTTP/1.1" 200 (9 ms) - -
[31/Jul/2020:00:43:05 -0400] 0:0:0:0:0:0:0:1 "GET /console/tree.js HTTP/1.1" 200 (5 ms) - -
[31/Jul/2020:00:43:05 -0400] 0:0:0:0:0:0:0:1 "GET /console/tree_plus.gif HTTP/1.1" 200 (7 ms) - -
[31/Jul/2020:00:43:05 -0400] 0:0:0:0:0:0:0:1 "GET /console/tree_database.gif HTTP/1.1" 200 (6 ms) - -
[31/Jul/2020:00:43:05 -0400] 0:0:0:0:0:0:0:1 "GET /console/tree_minus.gif HTTP/1.1" 200 (14 ms) - -
[31/Jul/2020:00:43:05 -0400] 0:0:0:0:0:0:0:1 "GET /console/tree_column.gif HTTP/1.1" 200 (7 ms) - -
[31/Jul/2020:00:43:05 -0400] 0:0:0:0:0:0:0:1 "GET /console/tree_table.gif HTTP/1.1" 200 (13 ms) - -
[31/Jul/2020:00:43:05 -0400] 0:0:0:0:0:0:0:1 "GET /console/tree_empty.gif HTTP/1.1" 200 (12 ms) - -
[31/Jul/2020:00:43:05 -0400] 0:0:0:0:0:0:0:1 "GET /console/tree_index_az.gif HTTP/1.1" 200 (6 ms) - -
[31/Jul/2020:00:43:05 -0400] 0:0:0:0:0:0:0:1 "GET /console/tree_index.gif HTTP/1.1" 200 (6 ms) - -
[31/Jul/2020:00:43:05 -0400] 0:0:0:0:0:0:0:1 "GET /console/tree_type.gif HTTP/1.1" 200 (7 ms) - -
[31/Jul/2020:00:43:05 -0400] 0:0:0:0:0:0:0:1 "GET /console/tree_folder.gif HTTP/1.1" 200 (5 ms) - -
[31/Jul/2020:00:43:05 -0400] 0:0:0:0:0:0:0:1 "GET /console/tree_sequences.gif HTTP/1.1" 200 (7 ms) - -
[31/Jul/2020:00:43:05 -0400] 0:0:0:0:0:0:0:1 "GET /console/tree_sequence.gif HTTP/1.1" 200 (4 ms) - -
[31/Jul/2020:00:43:05 -0400] 0:0:0:0:0:0:0:1 "GET /console/tree_users.gif HTTP/1.1" 200 (5 ms) - -
[31/Jul/2020:00:43:05 -0400] 0:0:0:0:0:0:0:1 "GET /console/tree_info.gif HTTP/1.1" 200 (6 ms) - -
[31/Jul/2020:00:43:05 -0400] 0:0:0:0:0:0:0:1 "GET /console/tree_user.gif HTTP/1.1" 200 (6 ms) - -
[31/Jul/2020:00:43:18 -0400] 0:0:0:0:0:0:0:1 "POST /console/query.do?jsessionid=d57b900d7bf6824ee369da0b6d574ab7 HTTP/1.1" 200 (9 ms) - -
[31/Jul/2020:00:43:18 -0400] 0:0:0:0:0:0:0:1 "GET /console/stylesheet.css HTTP/1.1" 304 (1 ms) - -
[31/Jul/2020:00:43:18 -0400] 0:0:0:0:0:0:0:1 "GET /console/table.js HTTP/1.1" 200 (7 ms) - -
[31/Jul/2020:00:49:37 -0400] 0:0:0:0:0:0:0:1 "GET / HTTP/1.1" 200 (41 ms) - -
[31/Jul/2020:00:49:37 -0400] 0:0:0:0:0:0:0:1 "GET /css/styles.css HTTP/1.1" 304 (7 ms) - -
[31/Jul/2020:00:49:37 -0400] 0:0:0:0:0:0:0:1 "GET /js/scripts.js HTTP/1.1" 304 (8 ms) - -
[31/Jul/2020:00:49:37 -0400] 0:0:0:0:0:0:0:1 "GET /img/vlol_icon.png HTTP/1.1" 304 (4 ms) - -
[31/Jul/2020:00:49:37 -0400] 0:0:0:0:0:0:0:1 "GET /img/vlol_cover.jpg HTTP/1.1" 304 (4 ms) - -
[31/Jul/2020:00:49:41 -0400] 0:0:0:0:0:0:0:1 "GET /admin-menu HTTP/1.1" 200 (60 ms) - -
[31/Jul/2020:00:49:43 -0400] 0:0:0:0:0:0:0:1 "GET /list-users HTTP/1.1" 200 (59 ms) - -
[31/Jul/2020:00:49:43 -0400] 0:0:0:0:0:0:0:1 "GET /DataTables/datatables.min.css HTTP/1.1" 304 (4 ms) - -
[31/Jul/2020:00:49:43 -0400] 0:0:0:0:0:0:0:1 "GET /DataTables/datatables.min.js HTTP/1.1" 304 (3 ms) - -
[31/Jul/2020:00:49:43 -0400] 0:0:0:0:0:0:0:1 "GET /DataTables/DataTables-1.10.21/images/sort_both.png HTTP/1.1" 304 (3 ms) - -
[31/Jul/2020:00:49:43 -0400] 0:0:0:0:0:0:0:1 "GET /DataTables/DataTables-1.10.21/images/sort_asc.png HTTP/1.1" 304 (4 ms) - -
[31/Jul/2020:00:49:45 -0400] 0:0:0:0:0:0:0:1 "GET /view-user/1 HTTP/1.1" 200 (135 ms) - -
[31/Jul/2020:00:50:02 -0400] 0:0:0:0:0:0:0:1 "GET /view-user/1 HTTP/1.1" 200 (139 ms) - -
[31/Jul/2020:00:50:02 -0400] 0:0:0:0:0:0:0:1 "GET /img/vlol_icon.png HTTP/1.1" 200 (4 ms) - -
[31/Jul/2020:00:50:15 -0400] 0:0:0:0:0:0:0:1 "GET /admin-menu HTTP/1.1" 200 (13 ms) - -
[31/Jul/2020:00:50:17 -0400] 0:0:0:0:0:0:0:1 "GET /list-users HTTP/1.1" 200 (22 ms) - -
[31/Jul/2020:00:50:20 -0400] 0:0:0:0:0:0:0:1 "GET /edit-user/1 HTTP/1.1" 200 (168 ms) - -
[31/Jul/2020:00:50:30 -0400] 0:0:0:0:0:0:0:1 "GET /edit-user/1 HTTP/1.1" 200 (165 ms) - -
