[26/Jul/2020:00:01:27 -0400] 0:0:0:0:0:0:0:1 "GET /edit-user/1 HTTP/1.1" 200 (19 ms) - -
[26/Jul/2020:00:01:27 -0400] 0:0:0:0:0:0:0:1 "GET /edit-user/favicon.ico HTTP/1.1" 400 (3 ms) - -
[26/Jul/2020:00:01:27 -0400] 0:0:0:0:0:0:0:1 "GET /edit-user/favicon.ico HTTP/1.1" 400 (7 ms) - -
[26/Jul/2020:00:02:48 -0400] 0:0:0:0:0:0:0:1 "GET /edit-user/1 HTTP/1.1" 200 (24 ms) - -
[26/Jul/2020:00:02:48 -0400] 0:0:0:0:0:0:0:1 "GET /edit-user/favicon.ico HTTP/1.1" 400 (3 ms) - -
[26/Jul/2020:00:02:48 -0400] 0:0:0:0:0:0:0:1 "GET /edit-user/favicon.ico HTTP/1.1" 400 (4 ms) - -
[26/Jul/2020:00:05:32 -0400] 0:0:0:0:0:0:0:1 "GET /edit-user/1 HTTP/1.1" 200 (24 ms) - -
[26/Jul/2020:00:05:32 -0400] 0:0:0:0:0:0:0:1 "GET /edit-user/favicon.ico HTTP/1.1" 400 (3 ms) - -
[26/Jul/2020:00:05:32 -0400] 0:0:0:0:0:0:0:1 "GET /edit-user/favicon.ico HTTP/1.1" 400 (3 ms) - -
[26/Jul/2020:00:07:28 -0400] 0:0:0:0:0:0:0:1 "GET /edit-user/1 HTTP/1.1" 200 (22 ms) - -
[26/Jul/2020:00:07:28 -0400] 0:0:0:0:0:0:0:1 "GET /edit-user/favicon.ico HTTP/1.1" 400 (3 ms) - -
[26/Jul/2020:00:07:28 -0400] 0:0:0:0:0:0:0:1 "GET /edit-user/favicon.ico HTTP/1.1" 400 (5 ms) - -
[26/Jul/2020:00:10:13 -0400] 0:0:0:0:0:0:0:1 "GET /edit-user/1 HTTP/1.1" 200 (25 ms) - -
[26/Jul/2020:00:10:13 -0400] 0:0:0:0:0:0:0:1 "GET /edit-user/favicon.ico HTTP/1.1" 400 (6 ms) - -
[26/Jul/2020:00:10:13 -0400] 0:0:0:0:0:0:0:1 "GET /edit-user/favicon.ico HTTP/1.1" 400 (5 ms) - -
[26/Jul/2020:00:27:09 -0400] 0:0:0:0:0:0:0:1 "GET /edit-user/1 HTTP/1.1" 200 (22 ms) - -
[26/Jul/2020:00:27:09 -0400] 0:0:0:0:0:0:0:1 "GET /css/site.css HTTP/1.1" 304 (2 ms) - -
[26/Jul/2020:00:27:09 -0400] 0:0:0:0:0:0:0:1 "GET /edit-user/favicon.ico HTTP/1.1" 400 (5 ms) - -
[26/Jul/2020:00:27:09 -0400] 0:0:0:0:0:0:0:1 "GET /edit-user/favicon.ico HTTP/1.1" 400 (4 ms) - -
[26/Jul/2020:00:31:54 -0400] 0:0:0:0:0:0:0:1 "GET /edit-user/1 HTTP/1.1" 200 (23 ms) - -
[26/Jul/2020:00:31:54 -0400] 0:0:0:0:0:0:0:1 "GET /edit-user/favicon.ico HTTP/1.1" 400 (5 ms) - -
[26/Jul/2020:00:31:54 -0400] 0:0:0:0:0:0:0:1 "GET /edit-user/favicon.ico HTTP/1.1" 400 (4 ms) - -
[26/Jul/2020:00:33:11 -0400] 0:0:0:0:0:0:0:1 "GET /edit-user/1 HTTP/1.1" 200 (23 ms) - -
[26/Jul/2020:00:33:11 -0400] 0:0:0:0:0:0:0:1 "GET /edit-user/favicon.ico HTTP/1.1" 400 (3 ms) - -
[26/Jul/2020:00:33:11 -0400] 0:0:0:0:0:0:0:1 "GET /edit-user/favicon.ico HTTP/1.1" 400 (3 ms) - -
[26/Jul/2020:00:47:52 -0400] 0:0:0:0:0:0:0:1 "GET /edit-user/1 HTTP/1.1" 200 (22 ms) - -
[26/Jul/2020:00:47:52 -0400] 0:0:0:0:0:0:0:1 "GET /edit-user/favicon.ico HTTP/1.1" 400 (3 ms) - -
[26/Jul/2020:00:47:52 -0400] 0:0:0:0:0:0:0:1 "GET /edit-user/favicon.ico HTTP/1.1" 400 (6 ms) - -
[26/Jul/2020:00:47:53 -0400] 0:0:0:0:0:0:0:1 "GET /edit-user/1 HTTP/1.1" 200 (20 ms) - -
[26/Jul/2020:00:47:53 -0400] 0:0:0:0:0:0:0:1 "GET /edit-user/favicon.ico HTTP/1.1" 400 (3 ms) - -
[26/Jul/2020:00:47:53 -0400] 0:0:0:0:0:0:0:1 "GET /edit-user/favicon.ico HTTP/1.1" 400 (4 ms) - -
[26/Jul/2020:00:50:10 -0400] 0:0:0:0:0:0:0:1 "GET /edit-user/1 HTTP/1.1" 200 (26 ms) - -
[26/Jul/2020:00:50:10 -0400] 0:0:0:0:0:0:0:1 "GET /edit-user/favicon.ico HTTP/1.1" 400 (5 ms) - -
[26/Jul/2020:00:50:10 -0400] 0:0:0:0:0:0:0:1 "GET /edit-user/favicon.ico HTTP/1.1" 400 (3 ms) - -
[26/Jul/2020:00:52:16 -0400] 0:0:0:0:0:0:0:1 "GET /edit-user/1 HTTP/1.1" 200 (25 ms) - -
[26/Jul/2020:00:52:16 -0400] 0:0:0:0:0:0:0:1 "GET /edit-user/favicon.ico HTTP/1.1" 400 (4 ms) - -
[26/Jul/2020:00:52:16 -0400] 0:0:0:0:0:0:0:1 "GET /edit-user/favicon.ico HTTP/1.1" 400 (5 ms) - -
[26/Jul/2020:00:56:00 -0400] 0:0:0:0:0:0:0:1 "GET /edit-user/1 HTTP/1.1" 200 (32 ms) - -
[26/Jul/2020:00:56:00 -0400] 0:0:0:0:0:0:0:1 "GET /edit-user/favicon.ico HTTP/1.1" 400 (5 ms) - -
[26/Jul/2020:00:56:00 -0400] 0:0:0:0:0:0:0:1 "GET /edit-user/favicon.ico HTTP/1.1" 400 (6 ms) - -
[26/Jul/2020:00:58:45 -0400] 0:0:0:0:0:0:0:1 "GET /edit-user/1 HTTP/1.1" 200 (22 ms) - -
[26/Jul/2020:00:58:45 -0400] 0:0:0:0:0:0:0:1 "GET /edit-user/favicon.ico HTTP/1.1" 400 (7 ms) - -
[26/Jul/2020:00:58:45 -0400] 0:0:0:0:0:0:0:1 "GET /edit-user/favicon.ico HTTP/1.1" 400 (5 ms) - -
[26/Jul/2020:00:59:49 -0400] 0:0:0:0:0:0:0:1 "GET /list-users HTTP/1.1" 200 (14 ms) - -
[26/Jul/2020:00:59:54 -0400] 0:0:0:0:0:0:0:1 "GET /admin-menu HTTP/1.1" 200 (11 ms) - -
[26/Jul/2020:00:59:58 -0400] 0:0:0:0:0:0:0:1 "GET /list-conditions HTTP/1.1" 200 (11 ms) - -
[26/Jul/2020:01:00:05 -0400] 0:0:0:0:0:0:0:1 "GET /edit-condition/6 HTTP/1.1" 200 (12 ms) - -
[26/Jul/2020:01:00:05 -0400] 0:0:0:0:0:0:0:1 "GET /edit-condition/favicon.ico HTTP/1.1" 400 (4 ms) - -
[26/Jul/2020:01:00:05 -0400] 0:0:0:0:0:0:0:1 "GET /edit-condition/favicon.ico HTTP/1.1" 400 (4 ms) - -
[26/Jul/2020:01:00:08 -0400] 0:0:0:0:0:0:0:1 "GET /list-conditions HTTP/1.1" 200 (6 ms) - -
[26/Jul/2020:01:00:12 -0400] 0:0:0:0:0:0:0:1 "GET /admin-menu HTTP/1.1" 200 (9 ms) - -
[26/Jul/2020:01:00:14 -0400] 0:0:0:0:0:0:0:1 "GET /list-medications HTTP/1.1" 200 (35 ms) - -
[26/Jul/2020:01:00:20 -0400] 0:0:0:0:0:0:0:1 "GET /edit-medication/8 HTTP/1.1" 200 (16 ms) - -
[26/Jul/2020:01:00:21 -0400] 0:0:0:0:0:0:0:1 "GET /edit-medication/favicon.ico HTTP/1.1" 400 (4 ms) - -
[26/Jul/2020:01:00:21 -0400] 0:0:0:0:0:0:0:1 "GET /edit-medication/favicon.ico HTTP/1.1" 400 (5 ms) - -
[26/Jul/2020:01:00:27 -0400] 0:0:0:0:0:0:0:1 "GET /list-medications HTTP/1.1" 200 (30 ms) - -
[26/Jul/2020:01:02:48 -0400] 0:0:0:0:0:0:0:1 "GET /admin-menu HTTP/1.1" 200 (8 ms) - -
[26/Jul/2020:01:02:48 -0400] 0:0:0:0:0:0:0:1 "GET /css/site.css HTTP/1.1" 304 (2 ms) - -
[26/Jul/2020:01:02:54 -0400] 0:0:0:0:0:0:0:1 "GET /list-users HTTP/1.1" 200 (13 ms) - -
[26/Jul/2020:01:03:01 -0400] 0:0:0:0:0:0:0:1 "GET /edit-user/2 HTTP/1.1" 200 (30 ms) - -
[26/Jul/2020:01:03:01 -0400] 0:0:0:0:0:0:0:1 "GET /edit-user/favicon.ico HTTP/1.1" 400 (5 ms) - -
[26/Jul/2020:01:03:01 -0400] 0:0:0:0:0:0:0:1 "GET /edit-user/favicon.ico HTTP/1.1" 400 (5 ms) - -
[26/Jul/2020:01:03:07 -0400] 0:0:0:0:0:0:0:1 "GET /list-users HTTP/1.1" 200 (12 ms) - -
[26/Jul/2020:01:03:18 -0400] 0:0:0:0:0:0:0:1 "GET /edit-user/4 HTTP/1.1" 200 (27 ms) - -
[26/Jul/2020:01:03:18 -0400] 0:0:0:0:0:0:0:1 "GET /edit-user/favicon.ico HTTP/1.1" 400 (5 ms) - -
[26/Jul/2020:01:03:18 -0400] 0:0:0:0:0:0:0:1 "GET /edit-user/favicon.ico HTTP/1.1" 400 (5 ms) - -
[26/Jul/2020:01:03:24 -0400] 0:0:0:0:0:0:0:1 "GET /list-users HTTP/1.1" 200 (10 ms) - -
[26/Jul/2020:01:03:29 -0400] 0:0:0:0:0:0:0:1 "GET /edit-user/3 HTTP/1.1" 200 (22 ms) - -
[26/Jul/2020:01:03:29 -0400] 0:0:0:0:0:0:0:1 "GET /edit-user/favicon.ico HTTP/1.1" 400 (6 ms) - -
[26/Jul/2020:01:03:29 -0400] 0:0:0:0:0:0:0:1 "GET /edit-user/favicon.ico HTTP/1.1" 400 (3 ms) - -
[26/Jul/2020:01:03:35 -0400] 0:0:0:0:0:0:0:1 "GET /list-users HTTP/1.1" 200 (12 ms) - -
[26/Jul/2020:01:03:40 -0400] 0:0:0:0:0:0:0:1 "GET /edit-user/4 HTTP/1.1" 200 (23 ms) - -
[26/Jul/2020:01:03:40 -0400] 0:0:0:0:0:0:0:1 "GET /edit-user/favicon.ico HTTP/1.1" 400 (4 ms) - -
[26/Jul/2020:01:03:40 -0400] 0:0:0:0:0:0:0:1 "GET /edit-user/favicon.ico HTTP/1.1" 400 (4 ms) - -
[26/Jul/2020:01:06:30 -0400] 0:0:0:0:0:0:0:1 "GET /edit-user/4 HTTP/1.1" 200 (33 ms) - -
[26/Jul/2020:01:06:30 -0400] 0:0:0:0:0:0:0:1 "GET /edit-user/favicon.ico HTTP/1.1" 400 (4 ms) - -
[26/Jul/2020:01:06:30 -0400] 0:0:0:0:0:0:0:1 "GET /edit-user/favicon.ico HTTP/1.1" 400 (6 ms) - -
[26/Jul/2020:01:30:18 -0400] 0:0:0:0:0:0:0:1 "GET /edit-user/4 HTTP/1.1" 200 (37 ms) - -
[26/Jul/2020:01:30:18 -0400] 0:0:0:0:0:0:0:1 "GET /edit-user/favicon.ico HTTP/1.1" 400 (7 ms) - -
[26/Jul/2020:01:30:18 -0400] 0:0:0:0:0:0:0:1 "GET /edit-user/favicon.ico HTTP/1.1" 400 (4 ms) - -
[26/Jul/2020:01:31:58 -0400] 0:0:0:0:0:0:0:1 "GET /edit-user/4 HTTP/1.1" 200 (29 ms) - -
[26/Jul/2020:01:31:58 -0400] 0:0:0:0:0:0:0:1 "GET /edit-user/favicon.ico HTTP/1.1" 400 (3 ms) - -
[26/Jul/2020:01:31:58 -0400] 0:0:0:0:0:0:0:1 "GET /edit-user/favicon.ico HTTP/1.1" 400 (3 ms) - -
[26/Jul/2020:01:33:03 -0400] 0:0:0:0:0:0:0:1 "GET /edit-user/4 HTTP/1.1" 200 (21 ms) - -
[26/Jul/2020:01:33:03 -0400] 0:0:0:0:0:0:0:1 "GET /edit-user/favicon.ico HTTP/1.1" 400 (3 ms) - -
[26/Jul/2020:01:33:03 -0400] 0:0:0:0:0:0:0:1 "GET /edit-user/favicon.ico HTTP/1.1" 400 (4 ms) - -
[26/Jul/2020:01:36:25 -0400] 0:0:0:0:0:0:0:1 "GET /edit-user/4 HTTP/1.1" 200 (26 ms) - -
[26/Jul/2020:01:36:25 -0400] 0:0:0:0:0:0:0:1 "GET /edit-user/favicon.ico HTTP/1.1" 400 (2 ms) - -
[26/Jul/2020:01:36:25 -0400] 0:0:0:0:0:0:0:1 "GET /edit-user/favicon.ico HTTP/1.1" 400 (4 ms) - -
[26/Jul/2020:01:39:19 -0400] 0:0:0:0:0:0:0:1 "GET /edit-user/4 HTTP/1.1" 200 (24 ms) - -
[26/Jul/2020:01:39:19 -0400] 0:0:0:0:0:0:0:1 "GET /edit-user/favicon.ico HTTP/1.1" 400 (3 ms) - -
[26/Jul/2020:01:39:19 -0400] 0:0:0:0:0:0:0:1 "GET /edit-user/favicon.ico HTTP/1.1" 400 (3 ms) - -
[26/Jul/2020:02:17:08 -0400] 0:0:0:0:0:0:0:1 "GET /edit-user/4 HTTP/1.1" 302 (2 ms) - -
[26/Jul/2020:02:17:08 -0400] 0:0:0:0:0:0:0:1 "GET /login HTTP/1.1" 200 (6 ms) - -
[26/Jul/2020:02:17:08 -0400] 0:0:0:0:0:0:0:1 "GET /js/scripts.js HTTP/1.1" 304 (3 ms) - -
[26/Jul/2020:02:17:08 -0400] 0:0:0:0:0:0:0:1 "GET /img/vlol_logo.png HTTP/1.1" 304 (2 ms) - -
[26/Jul/2020:02:17:22 -0400] 0:0:0:0:0:0:0:1 "POST /login HTTP/1.1" 302 (330 ms) - -
[26/Jul/2020:02:17:22 -0400] 0:0:0:0:0:0:0:1 "GET /edit-user/4 HTTP/1.1" 200 (20 ms) - -
[26/Jul/2020:02:17:22 -0400] 0:0:0:0:0:0:0:1 "GET /css/site.css HTTP/1.1" 304 (3 ms) - -
[26/Jul/2020:02:17:22 -0400] 0:0:0:0:0:0:0:1 "GET /edit-user/favicon.ico HTTP/1.1" 400 (3 ms) - -
[26/Jul/2020:02:17:22 -0400] 0:0:0:0:0:0:0:1 "GET /edit-user/favicon.ico HTTP/1.1" 400 (3 ms) - -
[26/Jul/2020:02:28:19 -0400] 0:0:0:0:0:0:0:1 "GET /edit-user/4 HTTP/1.1" 200 (33 ms) - -
[26/Jul/2020:02:28:19 -0400] 0:0:0:0:0:0:0:1 "GET /edit-user/favicon.ico HTTP/1.1" 400 (3 ms) - -
[26/Jul/2020:02:28:19 -0400] 0:0:0:0:0:0:0:1 "GET /edit-user/favicon.ico HTTP/1.1" 400 (4 ms) - -
[26/Jul/2020:12:06:55 -0400] 0:0:0:0:0:0:0:1 "GET /edit-user/4 HTTP/1.1" 302 (8 ms) - -
[26/Jul/2020:12:06:55 -0400] 0:0:0:0:0:0:0:1 "GET /login HTTP/1.1" 200 (13 ms) - -
[26/Jul/2020:12:06:55 -0400] 0:0:0:0:0:0:0:1 "GET /js/scripts.js HTTP/1.1" 304 (4 ms) - -
[26/Jul/2020:12:06:55 -0400] 0:0:0:0:0:0:0:1 "GET /img/vlol_logo.png HTTP/1.1" 304 (3 ms) - -
[26/Jul/2020:12:07:09 -0400] 0:0:0:0:0:0:0:1 "POST /login HTTP/1.1" 302 (357 ms) - -
[26/Jul/2020:12:07:09 -0400] 0:0:0:0:0:0:0:1 "GET /edit-user/4 HTTP/1.1" 200 (38 ms) - -
[26/Jul/2020:12:07:09 -0400] 0:0:0:0:0:0:0:1 "GET /css/site.css HTTP/1.1" 304 (2 ms) - -
[26/Jul/2020:12:07:09 -0400] 0:0:0:0:0:0:0:1 "GET /edit-user/favicon.ico HTTP/1.1" 400 (9 ms) - -
[26/Jul/2020:12:07:09 -0400] 0:0:0:0:0:0:0:1 "GET /edit-user/favicon.ico HTTP/1.1" 400 (6 ms) - -
[26/Jul/2020:12:10:30 -0400] 0:0:0:0:0:0:0:1 "GET /edit-user/4 HTTP/1.1" 200 (37 ms) - -
[26/Jul/2020:12:10:30 -0400] 0:0:0:0:0:0:0:1 "GET /edit-user/favicon.ico HTTP/1.1" 400 (5 ms) - -
[26/Jul/2020:12:10:30 -0400] 0:0:0:0:0:0:0:1 "GET /edit-user/favicon.ico HTTP/1.1" 400 (7 ms) - -
[26/Jul/2020:12:11:16 -0400] 0:0:0:0:0:0:0:1 "GET /edit-user/4 HTTP/1.1" 200 (42 ms) - -
[26/Jul/2020:12:11:16 -0400] 0:0:0:0:0:0:0:1 "GET /edit-user/favicon.ico HTTP/1.1" 400 (3 ms) - -
[26/Jul/2020:12:11:16 -0400] 0:0:0:0:0:0:0:1 "GET /edit-user/favicon.ico HTTP/1.1" 400 (6 ms) - -
[26/Jul/2020:12:11:49 -0400] 0:0:0:0:0:0:0:1 "GET /edit-user/4 HTTP/1.1" 200 (45 ms) - -
[26/Jul/2020:12:11:49 -0400] 0:0:0:0:0:0:0:1 "GET /edit-user/favicon.ico HTTP/1.1" 400 (3 ms) - -
[26/Jul/2020:12:11:49 -0400] 0:0:0:0:0:0:0:1 "GET /edit-user/favicon.ico HTTP/1.1" 400 (6 ms) - -
[26/Jul/2020:12:16:36 -0400] 0:0:0:0:0:0:0:1 "GET /edit-user/4 HTTP/1.1" 200 (32 ms) - -
[26/Jul/2020:12:16:37 -0400] 0:0:0:0:0:0:0:1 "GET /edit-user/favicon.ico HTTP/1.1" 400 (5 ms) - -
[26/Jul/2020:12:16:37 -0400] 0:0:0:0:0:0:0:1 "GET /edit-user/favicon.ico HTTP/1.1" 400 (5 ms) - -
[26/Jul/2020:12:19:30 -0400] 0:0:0:0:0:0:0:1 "GET /edit-user/4 HTTP/1.1" 200 (34 ms) - -
[26/Jul/2020:12:19:30 -0400] 0:0:0:0:0:0:0:1 "GET /edit-user/favicon.ico HTTP/1.1" 400 (5 ms) - -
[26/Jul/2020:12:19:30 -0400] 0:0:0:0:0:0:0:1 "GET /edit-user/favicon.ico HTTP/1.1" 400 (5 ms) - -
[26/Jul/2020:12:23:26 -0400] 0:0:0:0:0:0:0:1 "GET /edit-user/4 HTTP/1.1" 200 (47 ms) - -
[26/Jul/2020:12:23:26 -0400] 0:0:0:0:0:0:0:1 "GET /edit-user/favicon.ico HTTP/1.1" 400 (2 ms) - -
[26/Jul/2020:12:23:26 -0400] 0:0:0:0:0:0:0:1 "GET /edit-user/favicon.ico HTTP/1.1" 400 (2 ms) - -
[26/Jul/2020:12:25:33 -0400] 0:0:0:0:0:0:0:1 "GET /edit-user/4 HTTP/1.1" 200 (32 ms) - -
[26/Jul/2020:12:25:34 -0400] 0:0:0:0:0:0:0:1 "GET /edit-user/favicon.ico HTTP/1.1" 400 (4 ms) - -
[26/Jul/2020:12:25:34 -0400] 0:0:0:0:0:0:0:1 "GET /edit-user/favicon.ico HTTP/1.1" 400 (7 ms) - -
[26/Jul/2020:12:27:19 -0400] 0:0:0:0:0:0:0:1 "GET /edit-user/4 HTTP/1.1" 200 (30 ms) - -
[26/Jul/2020:12:27:19 -0400] 0:0:0:0:0:0:0:1 "GET /edit-user/favicon.ico HTTP/1.1" 400 (6 ms) - -
[26/Jul/2020:12:27:19 -0400] 0:0:0:0:0:0:0:1 "GET /edit-user/favicon.ico HTTP/1.1" 400 (5 ms) - -
[26/Jul/2020:12:29:01 -0400] 0:0:0:0:0:0:0:1 "GET /edit-user/4 HTTP/1.1" 200 (26 ms) - -
[26/Jul/2020:12:29:01 -0400] 0:0:0:0:0:0:0:1 "GET /edit-user/favicon.ico HTTP/1.1" 400 (5 ms) - -
[26/Jul/2020:12:29:01 -0400] 0:0:0:0:0:0:0:1 "GET /edit-user/favicon.ico HTTP/1.1" 400 (5 ms) - -
[26/Jul/2020:12:30:16 -0400] 0:0:0:0:0:0:0:1 "GET /edit-user/4 HTTP/1.1" 200 (21 ms) - -
[26/Jul/2020:12:30:17 -0400] 0:0:0:0:0:0:0:1 "GET /edit-user/favicon.ico HTTP/1.1" 400 (3 ms) - -
[26/Jul/2020:12:30:17 -0400] 0:0:0:0:0:0:0:1 "GET /edit-user/favicon.ico HTTP/1.1" 400 (4 ms) - -
[26/Jul/2020:12:30:38 -0400] 0:0:0:0:0:0:0:1 "GET /edit-user/4 HTTP/1.1" 200 (32 ms) - -
[26/Jul/2020:12:30:39 -0400] 0:0:0:0:0:0:0:1 "GET /edit-user/favicon.ico HTTP/1.1" 400 (3 ms) - -
[26/Jul/2020:12:30:39 -0400] 0:0:0:0:0:0:0:1 "GET /edit-user/favicon.ico HTTP/1.1" 400 (4 ms) - -
[26/Jul/2020:12:30:46 -0400] 0:0:0:0:0:0:0:1 "GET /list-users HTTP/1.1" 200 (18 ms) - -
[26/Jul/2020:12:30:52 -0400] 0:0:0:0:0:0:0:1 "GET /edit-user/3 HTTP/1.1" 200 (25 ms) - -
[26/Jul/2020:12:30:52 -0400] 0:0:0:0:0:0:0:1 "GET /edit-user/favicon.ico HTTP/1.1" 400 (3 ms) - -
[26/Jul/2020:12:30:52 -0400] 0:0:0:0:0:0:0:1 "GET /edit-user/favicon.ico HTTP/1.1" 400 (2 ms) - -
[26/Jul/2020:12:31:03 -0400] 0:0:0:0:0:0:0:1 "GET /list-users HTTP/1.1" 200 (10 ms) - -
[26/Jul/2020:12:31:42 -0400] 0:0:0:0:0:0:0:1 "GET /admin-menu HTTP/1.1" 200 (9 ms) - -
[26/Jul/2020:12:37:02 -0400] 0:0:0:0:0:0:0:1 "GET /list-allergies HTTP/1.1" 200 (11 ms) - -
[26/Jul/2020:12:41:24 -0400] 0:0:0:0:0:0:0:1 "GET /admin-menu HTTP/1.1" 200 (7 ms) - -
[26/Jul/2020:12:44:31 -0400] 0:0:0:0:0:0:0:1 "GET /admin-menu HTTP/1.1" 200 (5 ms) - -
[26/Jul/2020:12:45:38 -0400] 0:0:0:0:0:0:0:1 "GET /admin-menu HTTP/1.1" 200 (6 ms) - -
[26/Jul/2020:12:49:12 -0400] 0:0:0:0:0:0:0:1 "GET /admin-menu HTTP/1.1" 200 (10 ms) - -
[26/Jul/2020:12:54:31 -0400] 0:0:0:0:0:0:0:1 "GET /admin-menu HTTP/1.1" 200 (4 ms) - -
[26/Jul/2020:12:55:26 -0400] 0:0:0:0:0:0:0:1 "GET /admin-menu HTTP/1.1" 200 (9 ms) - -
[26/Jul/2020:12:56:44 -0400] 0:0:0:0:0:0:0:1 "GET /admin-menu HTTP/1.1" 200 (7 ms) - -
[26/Jul/2020:13:05:01 -0400] 0:0:0:0:0:0:0:1 "GET /admin-menu HTTP/1.1" 200 (10 ms) - -
[26/Jul/2020:13:06:15 -0400] 0:0:0:0:0:0:0:1 "GET /admin-menu HTTP/1.1" 200 (6 ms) - -
[26/Jul/2020:13:06:35 -0400] 0:0:0:0:0:0:0:1 "GET /admin-menu HTTP/1.1" 200 (8 ms) - -
[26/Jul/2020:13:09:24 -0400] 0:0:0:0:0:0:0:1 "GET /admin-menu HTTP/1.1" 200 (8 ms) - -
[26/Jul/2020:13:10:03 -0400] 0:0:0:0:0:0:0:1 "GET /admin-menu HTTP/1.1" 200 (14 ms) - -
[26/Jul/2020:13:10:16 -0400] 0:0:0:0:0:0:0:1 "GET /list-allergies HTTP/1.1" 200 (7 ms) - -
[26/Jul/2020:13:10:19 -0400] 0:0:0:0:0:0:0:1 "GET /admin-menu HTTP/1.1" 200 (4 ms) - -
[26/Jul/2020:13:12:23 -0400] 0:0:0:0:0:0:0:1 "GET /admin-menu HTTP/1.1" 200 (6 ms) - -
[26/Jul/2020:13:12:27 -0400] 0:0:0:0:0:0:0:1 "GET /list-users HTTP/1.1" 200 (12 ms) - -
[26/Jul/2020:13:12:30 -0400] 0:0:0:0:0:0:0:1 "GET /edit-user/3 HTTP/1.1" 200 (27 ms) - -
[26/Jul/2020:13:12:31 -0400] 0:0:0:0:0:0:0:1 "GET /edit-user/favicon.ico HTTP/1.1" 400 (4 ms) - -
[26/Jul/2020:13:12:31 -0400] 0:0:0:0:0:0:0:1 "GET /edit-user/favicon.ico HTTP/1.1" 400 (4 ms) - -
[26/Jul/2020:13:12:56 -0400] 0:0:0:0:0:0:0:1 "GET /list-users HTTP/1.1" 200 (10 ms) - -
[26/Jul/2020:13:14:43 -0400] 0:0:0:0:0:0:0:1 "GET /edit-user/2 HTTP/1.1" 200 (31 ms) - -
[26/Jul/2020:13:14:44 -0400] 0:0:0:0:0:0:0:1 "GET /edit-user/favicon.ico HTTP/1.1" 400 (3 ms) - -
[26/Jul/2020:13:14:44 -0400] 0:0:0:0:0:0:0:1 "GET /edit-user/favicon.ico HTTP/1.1" 400 (4 ms) - -
[26/Jul/2020:13:14:51 -0400] 0:0:0:0:0:0:0:1 "GET /list-users HTTP/1.1" 200 (11 ms) - -
[26/Jul/2020:13:14:53 -0400] 0:0:0:0:0:0:0:1 "GET /add-user HTTP/1.1" 200 (20 ms) - -
[26/Jul/2020:13:19:39 -0400] 0:0:0:0:0:0:0:1 "GET /list-users HTTP/1.1" 200 (11 ms) - -
[26/Jul/2020:13:19:41 -0400] 0:0:0:0:0:0:0:1 "GET /admin-menu HTTP/1.1" 200 (7 ms) - -
[26/Jul/2020:13:21:18 -0400] 0:0:0:0:0:0:0:1 "GET /list-allergies HTTP/1.1" 200 (6 ms) - -
[26/Jul/2020:13:25:53 -0400] 0:0:0:0:0:0:0:1 "GET /admin-menu HTTP/1.1" 200 (5 ms) - -
[26/Jul/2020:13:25:55 -0400] 0:0:0:0:0:0:0:1 "GET /list-users HTTP/1.1" 200 (10 ms) - -
[26/Jul/2020:13:25:58 -0400] 0:0:0:0:0:0:0:1 "GET /add-user HTTP/1.1" 200 (15 ms) - -
[26/Jul/2020:13:26:08 -0400] 0:0:0:0:0:0:0:1 "POST /save-user HTTP/1.1" 500 (41 ms) - -
[26/Jul/2020:14:10:49 -0400] 0:0:0:0:0:0:0:1 "GET /add-user HTTP/1.1" 302 (1 ms) - -
[26/Jul/2020:14:10:49 -0400] 0:0:0:0:0:0:0:1 "GET /login HTTP/1.1" 200 (4 ms) - -
[26/Jul/2020:14:11:01 -0400] 0:0:0:0:0:0:0:1 "POST /login HTTP/1.1" 302 (337 ms) - -
[26/Jul/2020:14:11:01 -0400] 0:0:0:0:0:0:0:1 "GET /add-user HTTP/1.1" 200 (11 ms) - -
[26/Jul/2020:14:11:01 -0400] 0:0:0:0:0:0:0:1 "GET /css/site.css HTTP/1.1" 304 (1 ms) - -
[26/Jul/2020:14:11:17 -0400] 0:0:0:0:0:0:0:1 "GET /list-users HTTP/1.1" 200 (11 ms) - -
[26/Jul/2020:14:11:19 -0400] 0:0:0:0:0:0:0:1 "GET /add-user HTTP/1.1" 200 (15 ms) - -
[26/Jul/2020:14:11:24 -0400] 0:0:0:0:0:0:0:1 "POST /save-user HTTP/1.1" 500 (102 ms) - -
[26/Jul/2020:14:12:43 -0400] 0:0:0:0:0:0:0:1 "GET /add-user HTTP/1.1" 200 (15 ms) - -
[26/Jul/2020:14:16:10 -0400] 0:0:0:0:0:0:0:1 "GET /add-user HTTP/1.1" 200 (15 ms) - -
[26/Jul/2020:14:16:44 -0400] 0:0:0:0:0:0:0:1 "POST /save-user HTTP/1.1" 500 (105 ms) - -
[26/Jul/2020:14:35:22 -0400] 0:0:0:0:0:0:0:1 "GET /add-user HTTP/1.1" 200 (14 ms) - -
[26/Jul/2020:14:35:25 -0400] 0:0:0:0:0:0:0:1 "GET /list-users HTTP/1.1" 200 (13 ms) - -
[26/Jul/2020:14:35:30 -0400] 0:0:0:0:0:0:0:1 "GET /admin-menu HTTP/1.1" 200 (6 ms) - -
[26/Jul/2020:14:35:32 -0400] 0:0:0:0:0:0:0:1 "GET /list-medications HTTP/1.1" 200 (31 ms) - -
[26/Jul/2020:14:35:38 -0400] 0:0:0:0:0:0:0:1 "GET /search-medications?keyword=Other HTTP/1.1" 200 (14 ms) - -
[26/Jul/2020:14:36:07 -0400] 0:0:0:0:0:0:0:1 "GET /list-medications HTTP/1.1" 200 (29 ms) - -
[26/Jul/2020:14:36:12 -0400] 0:0:0:0:0:0:0:1 "GET /admin-menu HTTP/1.1" 200 (5 ms) - -
[26/Jul/2020:14:36:14 -0400] 0:0:0:0:0:0:0:1 "GET /list-allergies HTTP/1.1" 200 (8 ms) - -
[26/Jul/2020:14:36:22 -0400] 0:0:0:0:0:0:0:1 "GET /search-allergies?keyword=Abilify HTTP/1.1" 200 (8 ms) - -
[26/Jul/2020:14:36:25 -0400] 0:0:0:0:0:0:0:1 "GET /list-allergies HTTP/1.1" 200 (5 ms) - -
[26/Jul/2020:14:36:38 -0400] 0:0:0:0:0:0:0:1 "GET /search-allergies?keyword=Aspirin HTTP/1.1" 200 (7 ms) - -
[26/Jul/2020:14:36:42 -0400] 0:0:0:0:0:0:0:1 "GET /list-allergies HTTP/1.1" 200 (7 ms) - -
[26/Jul/2020:14:36:45 -0400] 0:0:0:0:0:0:0:1 "GET /admin-menu HTTP/1.1" 200 (5 ms) - -
[26/Jul/2020:14:36:46 -0400] 0:0:0:0:0:0:0:1 "GET /list-conditions HTTP/1.1" 200 (7 ms) - -
[26/Jul/2020:14:36:53 -0400] 0:0:0:0:0:0:0:1 "GET /search-conditions?keyword=Asthma HTTP/1.1" 200 (8 ms) - -
[26/Jul/2020:14:37:10 -0400] 0:0:0:0:0:0:0:1 "GET /list-conditions HTTP/1.1" 200 (7 ms) - -
[26/Jul/2020:14:37:12 -0400] 0:0:0:0:0:0:0:1 "GET /admin-menu HTTP/1.1" 200 (5 ms) - -
[26/Jul/2020:14:37:15 -0400] 0:0:0:0:0:0:0:1 "GET /list-roles HTTP/1.1" 200 (9 ms) - -
[26/Jul/2020:14:37:26 -0400] 0:0:0:0:0:0:0:1 "GET /search-roles?keyword=agent HTTP/1.1" 200 (8 ms) - -
[26/Jul/2020:14:45:51 -0400] 0:0:0:0:0:0:0:1 "GET /search-roles?keyword=agent HTTP/1.1" 200 (5 ms) - -
[26/Jul/2020:14:45:59 -0400] 0:0:0:0:0:0:0:1 "GET /list-roles HTTP/1.1" 200 (8 ms) - -
[26/Jul/2020:14:46:15 -0400] 0:0:0:0:0:0:0:1 "GET /admin-menu HTTP/1.1" 200 (7 ms) - -
[26/Jul/2020:14:46:17 -0400] 0:0:0:0:0:0:0:1 "GET /list-users HTTP/1.1" 200 (8 ms) - -
[26/Jul/2020:14:46:34 -0400] 0:0:0:0:0:0:0:1 "GET /search-users?keyword=Marty HTTP/1.1" 200 (16 ms) - -
[26/Jul/2020:14:55:40 -0400] 0:0:0:0:0:0:0:1 "GET /search-users?keyword=Marty HTTP/1.1" 200 (6 ms) - -
