[25/Jul/2020:10:41:32 -0400] 0:0:0:0:0:0:0:1 "GET /admin-menu HTTP/1.1" 302 (17 ms) - -
[25/Jul/2020:10:41:32 -0400] 0:0:0:0:0:0:0:1 "GET /login HTTP/1.1" 200 (20 ms) - -
[25/Jul/2020:10:41:32 -0400] 0:0:0:0:0:0:0:1 "GET /js/scripts.js HTTP/1.1" 304 (3 ms) - -
[25/Jul/2020:10:41:32 -0400] 0:0:0:0:0:0:0:1 "GET /img/vlol_logo.png HTTP/1.1" 304 (2 ms) - -
[25/Jul/2020:10:42:41 -0400] 0:0:0:0:0:0:0:1 "POST /login HTTP/1.1" 302 (497 ms) - -
[25/Jul/2020:10:42:41 -0400] 0:0:0:0:0:0:0:1 "GET /admin-menu HTTP/1.1" 200 (48 ms) - -
[25/Jul/2020:10:42:41 -0400] 0:0:0:0:0:0:0:1 "GET /css/site.css HTTP/1.1" 200 (7 ms) - -
[25/Jul/2020:10:43:47 -0400] 0:0:0:0:0:0:0:1 "GET /list-allergies HTTP/1.1" 200 (54 ms) - -
[25/Jul/2020:10:43:47 -0400] 0:0:0:0:0:0:0:1 "GET /css/site.css HTTP/1.1" 304 (4 ms) - -
[25/Jul/2020:10:47:09 -0400] 0:0:0:0:0:0:0:1 "GET /add-allergy HTTP/1.1" 200 (22 ms) - -
[25/Jul/2020:10:47:09 -0400] 0:0:0:0:0:0:0:1 "GET /css/site.css HTTP/1.1" 304 (3 ms) - -
[25/Jul/2020:10:47:19 -0400] 0:0:0:0:0:0:0:1 "POST /save-allergy HTTP/1.1" 200 (15 ms) - -
[25/Jul/2020:10:53:23 -0400] 0:0:0:0:0:0:0:1 "GET /add-allergy HTTP/1.1" 200 (6 ms) - -
[25/Jul/2020:10:53:23 -0400] 0:0:0:0:0:0:0:1 "GET /css/site.css HTTP/1.1" 304 (3 ms) - -
[25/Jul/2020:10:53:25 -0400] 0:0:0:0:0:0:0:1 "POST /save-allergy HTTP/1.1" 200 (7 ms) - -
[25/Jul/2020:10:53:28 -0400] 0:0:0:0:0:0:0:1 "GET /list-allergies HTTP/1.1" 200 (16 ms) - -
[25/Jul/2020:10:53:32 -0400] 0:0:0:0:0:0:0:1 "GET /edit-allergy/3 HTTP/1.1" 200 (41 ms) - -
[25/Jul/2020:10:53:33 -0400] 0:0:0:0:0:0:0:1 "GET /edit-allergy/favicon.ico HTTP/1.1" 400 (154 ms) - -
[25/Jul/2020:10:53:33 -0400] 0:0:0:0:0:0:0:1 "GET /edit-allergy/favicon.ico HTTP/1.1" 400 (7 ms) - -
[25/Jul/2020:10:53:41 -0400] 0:0:0:0:0:0:0:1 "GET /list-allergies HTTP/1.1" 200 (10 ms) - -
[25/Jul/2020:10:55:00 -0400] 0:0:0:0:0:0:0:1 "GET /edit-allergy/3 HTTP/1.1" 200 (9 ms) - -
[25/Jul/2020:10:55:01 -0400] 0:0:0:0:0:0:0:1 "GET /edit-allergy/favicon.ico HTTP/1.1" 400 (6 ms) - -
[25/Jul/2020:10:55:01 -0400] 0:0:0:0:0:0:0:1 "GET /edit-allergy/favicon.ico HTTP/1.1" 400 (4 ms) - -
[25/Jul/2020:10:55:03 -0400] 0:0:0:0:0:0:0:1 "GET /list-allergies HTTP/1.1" 200 (5 ms) - -
[25/Jul/2020:10:55:43 -0400] 0:0:0:0:0:0:0:1 "GET /list-allergies HTTP/1.1" 200 (6 ms) - -
[25/Jul/2020:10:56:04 -0400] 0:0:0:0:0:0:0:1 "GET /add-allergy HTTP/1.1" 200 (4 ms) - -
[25/Jul/2020:10:56:06 -0400] 0:0:0:0:0:0:0:1 "GET /add-allergy HTTP/1.1" 200 (4 ms) - -
[25/Jul/2020:10:56:07 -0400] 0:0:0:0:0:0:0:1 "GET /list-allergies HTTP/1.1" 200 (8 ms) - -
[25/Jul/2020:10:56:08 -0400] 0:0:0:0:0:0:0:1 "GET /admin-menu HTTP/1.1" 200 (12 ms) - -
[25/Jul/2020:10:56:16 -0400] 0:0:0:0:0:0:0:1 "GET /list-conditions HTTP/1.1" 200 (13 ms) - -
[25/Jul/2020:10:56:18 -0400] 0:0:0:0:0:0:0:1 "GET /admin-menu HTTP/1.1" 200 (8 ms) - -
[25/Jul/2020:10:56:20 -0400] 0:0:0:0:0:0:0:1 "GET /list-allergies HTTP/1.1" 200 (8 ms) - -
[25/Jul/2020:10:56:20 -0400] 0:0:0:0:0:0:0:1 "GET /css/site.css HTTP/1.1" 304 (2 ms) - -
[25/Jul/2020:10:57:55 -0400] 0:0:0:0:0:0:0:1 "GET /admin-menu HTTP/1.1" 200 (7 ms) - -
[25/Jul/2020:10:57:57 -0400] 0:0:0:0:0:0:0:1 "GET /list-conditions HTTP/1.1" 200 (7 ms) - -
[25/Jul/2020:11:00:06 -0400] 0:0:0:0:0:0:0:1 "GET /list-conditions HTTP/1.1" 200 (7 ms) - -
[25/Jul/2020:11:00:06 -0400] 0:0:0:0:0:0:0:1 "GET /css/site.css HTTP/1.1" 304 (3 ms) - -
[25/Jul/2020:11:01:23 -0400] 0:0:0:0:0:0:0:1 "GET /admin-menu HTTP/1.1" 200 (8 ms) - -
[25/Jul/2020:11:01:25 -0400] 0:0:0:0:0:0:0:1 "GET /list-allergies HTTP/1.1" 200 (7 ms) - -
[25/Jul/2020:11:01:40 -0400] 0:0:0:0:0:0:0:1 "GET /list-allergies HTTP/1.1" 200 (9 ms) - -
[25/Jul/2020:11:01:43 -0400] 0:0:0:0:0:0:0:1 "GET /admin-menu HTTP/1.1" 200 (7 ms) - -
[25/Jul/2020:11:01:45 -0400] 0:0:0:0:0:0:0:1 "GET /list-conditions HTTP/1.1" 200 (7 ms) - -
[25/Jul/2020:11:11:49 -0400] 0:0:0:0:0:0:0:1 "GET /list-conditions HTTP/1.1" 200 (7 ms) - -
[25/Jul/2020:11:11:49 -0400] 0:0:0:0:0:0:0:1 "GET /css/site.css HTTP/1.1" 304 (2 ms) - -
[25/Jul/2020:11:15:04 -0400] 0:0:0:0:0:0:0:1 "GET /list-conditions HTTP/1.1" 200 (6 ms) - -
[25/Jul/2020:11:15:04 -0400] 0:0:0:0:0:0:0:1 "GET /css/site.css HTTP/1.1" 304 (1 ms) - -
[25/Jul/2020:11:18:43 -0400] 0:0:0:0:0:0:0:1 "GET /list-conditions HTTP/1.1" 200 (6 ms) - -
[25/Jul/2020:11:18:43 -0400] 0:0:0:0:0:0:0:1 "GET /css/site.css HTTP/1.1" 304 (2 ms) - -
[25/Jul/2020:11:20:14 -0400] 0:0:0:0:0:0:0:1 "GET /list-conditions HTTP/1.1" 200 (9 ms) - -
[25/Jul/2020:11:21:17 -0400] 0:0:0:0:0:0:0:1 "GET /list-conditions HTTP/1.1" 200 (8 ms) - -
[25/Jul/2020:11:21:48 -0400] 0:0:0:0:0:0:0:1 "GET /list-allergies HTTP/1.1" 200 (7 ms) - -
[25/Jul/2020:11:21:55 -0400] 0:0:0:0:0:0:0:1 "GET /list-conditions HTTP/1.1" 200 (6 ms) - -
[25/Jul/2020:11:22:00 -0400] 0:0:0:0:0:0:0:1 "GET /add-condition HTTP/1.1" 200 (9 ms) - -
[25/Jul/2020:11:22:09 -0400] 0:0:0:0:0:0:0:1 "GET /list-conditions HTTP/1.1" 200 (10 ms) - -
[25/Jul/2020:11:22:16 -0400] 0:0:0:0:0:0:0:1 "GET /add-condition HTTP/1.1" 200 (2 ms) - -
[25/Jul/2020:11:22:20 -0400] 0:0:0:0:0:0:0:1 "GET /add-allergy HTTP/1.1" 200 (5 ms) - -
[25/Jul/2020:11:23:30 -0400] 0:0:0:0:0:0:0:1 "GET /add-condition HTTP/1.1" 200 (4 ms) - -
[25/Jul/2020:11:23:30 -0400] 0:0:0:0:0:0:0:1 "GET /css/site.css HTTP/1.1" 304 (3 ms) - -
[25/Jul/2020:11:24:56 -0400] 0:0:0:0:0:0:0:1 "GET /add-condition HTTP/1.1" 200 (5 ms) - -
[25/Jul/2020:11:29:42 -0400] 0:0:0:0:0:0:0:1 "GET /add-condition HTTP/1.1" 200 (4 ms) - -
[25/Jul/2020:11:29:42 -0400] 0:0:0:0:0:0:0:1 "GET /css/site.css HTTP/1.1" 304 (3 ms) - -
[25/Jul/2020:11:33:33 -0400] 0:0:0:0:0:0:0:1 "GET /add-condition HTTP/1.1" 200 (5 ms) - -
[25/Jul/2020:11:36:10 -0400] 0:0:0:0:0:0:0:1 "GET /add-condition HTTP/1.1" 200 (5 ms) - -
[25/Jul/2020:11:36:10 -0400] 0:0:0:0:0:0:0:1 "GET /css/site.css HTTP/1.1" 304 (3 ms) - -
[25/Jul/2020:11:53:37 -0400] 0:0:0:0:0:0:0:1 "GET /add-condition HTTP/1.1" 200 (5 ms) - -
[25/Jul/2020:11:53:37 -0400] 0:0:0:0:0:0:0:1 "GET /css/site.css HTTP/1.1" 304 (2 ms) - -
[25/Jul/2020:11:55:28 -0400] 0:0:0:0:0:0:0:1 "GET /add-condition HTTP/1.1" 200 (5 ms) - -
[25/Jul/2020:11:55:42 -0400] 0:0:0:0:0:0:0:1 "POST /save-condition HTTP/1.1" 200 (9 ms) - -
[25/Jul/2020:11:58:13 -0400] 0:0:0:0:0:0:0:1 "GET /add-condition HTTP/1.1" 200 (3 ms) - -
[25/Jul/2020:11:58:22 -0400] 0:0:0:0:0:0:0:1 "GET /list-conditions HTTP/1.1" 200 (7 ms) - -
[25/Jul/2020:11:58:34 -0400] 0:0:0:0:0:0:0:1 "GET /add-condition HTTP/1.1" 200 (7 ms) - -
[25/Jul/2020:11:58:37 -0400] 0:0:0:0:0:0:0:1 "GET /add-condition HTTP/1.1" 200 (4 ms) - -
[25/Jul/2020:11:58:47 -0400] 0:0:0:0:0:0:0:1 "GET /add-condition HTTP/1.1" 200 (5 ms) - -
[25/Jul/2020:11:59:06 -0400] 0:0:0:0:0:0:0:1 "POST /save-condition HTTP/1.1" 200 (6 ms) - -
[25/Jul/2020:12:01:34 -0400] 0:0:0:0:0:0:0:1 "GET /list-allergies HTTP/1.1" 200 (7 ms) - -
[25/Jul/2020:12:01:34 -0400] 0:0:0:0:0:0:0:1 "GET /css/site.css HTTP/1.1" 304 (2 ms) - -
[25/Jul/2020:12:01:37 -0400] 0:0:0:0:0:0:0:1 "GET /edit-allergy/1 HTTP/1.1" 200 (10 ms) - -
[25/Jul/2020:12:01:38 -0400] 0:0:0:0:0:0:0:1 "GET /edit-allergy/favicon.ico HTTP/1.1" 400 (6 ms) - -
[25/Jul/2020:12:01:38 -0400] 0:0:0:0:0:0:0:1 "GET /edit-allergy/favicon.ico HTTP/1.1" 400 (4 ms) - -
[25/Jul/2020:12:01:44 -0400] 0:0:0:0:0:0:0:1 "GET /list-conditions HTTP/1.1" 200 (10 ms) - -
[25/Jul/2020:12:01:44 -0400] 0:0:0:0:0:0:0:1 "GET /css/site.css HTTP/1.1" 304 (2 ms) - -
[25/Jul/2020:12:01:48 -0400] 0:0:0:0:0:0:0:1 "GET /edit-condition/1 HTTP/1.1" 200 (8 ms) - -
[25/Jul/2020:12:02:11 -0400] 0:0:0:0:0:0:0:1 "GET /list-allergies HTTP/1.1" 200 (7 ms) - -
[25/Jul/2020:12:02:13 -0400] 0:0:0:0:0:0:0:1 "GET /edit-allergy/2 HTTP/1.1" 200 (8 ms) - -
[25/Jul/2020:12:02:14 -0400] 0:0:0:0:0:0:0:1 "GET /edit-allergy/favicon.ico HTTP/1.1" 400 (7 ms) - -
[25/Jul/2020:12:02:14 -0400] 0:0:0:0:0:0:0:1 "GET /edit-allergy/favicon.ico HTTP/1.1" 400 (3 ms) - -
[25/Jul/2020:12:02:21 -0400] 0:0:0:0:0:0:0:1 "GET /list-allergies HTTP/1.1" 200 (10 ms) - -
[25/Jul/2020:12:02:24 -0400] 0:0:0:0:0:0:0:1 "GET /edit-allergy/2 HTTP/1.1" 200 (7 ms) - -
[25/Jul/2020:12:02:25 -0400] 0:0:0:0:0:0:0:1 "GET /edit-allergy/favicon.ico HTTP/1.1" 400 (4 ms) - -
[25/Jul/2020:12:02:25 -0400] 0:0:0:0:0:0:0:1 "GET /edit-allergy/favicon.ico HTTP/1.1" 400 (3 ms) - -
[25/Jul/2020:12:02:33 -0400] 0:0:0:0:0:0:0:1 "GET /list-conditions HTTP/1.1" 200 (8 ms) - -
[25/Jul/2020:12:02:38 -0400] 0:0:0:0:0:0:0:1 "GET /edit-condition/3 HTTP/1.1" 200 (5 ms) - -
[25/Jul/2020:13:15:07 -0400] 0:0:0:0:0:0:0:1 "GET /edit-condition/3 HTTP/1.1" 302 (1 ms) - -
[25/Jul/2020:13:15:07 -0400] 0:0:0:0:0:0:0:1 "GET /login HTTP/1.1" 200 (5 ms) - -
[25/Jul/2020:13:16:03 -0400] 0:0:0:0:0:0:0:1 "POST /login HTTP/1.1" 302 (332 ms) - -
[25/Jul/2020:13:16:03 -0400] 0:0:0:0:0:0:0:1 "GET /edit-condition/3 HTTP/1.1" 200 (4 ms) - -
[25/Jul/2020:13:16:03 -0400] 0:0:0:0:0:0:0:1 "GET /css/site.css HTTP/1.1" 304 (5 ms) - -
[25/Jul/2020:13:16:03 -0400] 0:0:0:0:0:0:0:1 "GET /edit-condition/favicon.ico HTTP/1.1" 400 (5 ms) - -
[25/Jul/2020:13:16:03 -0400] 0:0:0:0:0:0:0:1 "GET /edit-condition/favicon.ico HTTP/1.1" 400 (4 ms) - -
[25/Jul/2020:13:16:51 -0400] 0:0:0:0:0:0:0:1 "GET /edit-condition/3 HTTP/1.1" 200 (4 ms) - -
[25/Jul/2020:13:16:51 -0400] 0:0:0:0:0:0:0:1 "GET /edit-condition/favicon.ico HTTP/1.1" 400 (3 ms) - -
[25/Jul/2020:13:16:51 -0400] 0:0:0:0:0:0:0:1 "GET /edit-condition/favicon.ico HTTP/1.1" 400 (6 ms) - -
[25/Jul/2020:13:19:06 -0400] 0:0:0:0:0:0:0:1 "GET /edit-condition/3 HTTP/1.1" 200 (6 ms) - -
[25/Jul/2020:13:19:06 -0400] 0:0:0:0:0:0:0:1 "GET /edit-condition/favicon.ico HTTP/1.1" 400 (5 ms) - -
[25/Jul/2020:13:19:06 -0400] 0:0:0:0:0:0:0:1 "GET /edit-condition/favicon.ico HTTP/1.1" 400 (4 ms) - -
[25/Jul/2020:13:20:56 -0400] 0:0:0:0:0:0:0:1 "GET /edit-condition/3 HTTP/1.1" 200 (6 ms) - -
[25/Jul/2020:13:20:56 -0400] 0:0:0:0:0:0:0:1 "GET /edit-condition/favicon.ico HTTP/1.1" 400 (3 ms) - -
[25/Jul/2020:13:20:56 -0400] 0:0:0:0:0:0:0:1 "GET /edit-condition/favicon.ico HTTP/1.1" 400 (6 ms) - -
[25/Jul/2020:13:22:39 -0400] 0:0:0:0:0:0:0:1 "GET /edit-condition/3 HTTP/1.1" 200 (6 ms) - -
[25/Jul/2020:13:22:39 -0400] 0:0:0:0:0:0:0:1 "GET /edit-condition/favicon.ico HTTP/1.1" 400 (3 ms) - -
[25/Jul/2020:13:22:39 -0400] 0:0:0:0:0:0:0:1 "GET /edit-condition/favicon.ico HTTP/1.1" 400 (5 ms) - -
[25/Jul/2020:13:26:10 -0400] 0:0:0:0:0:0:0:1 "GET /edit-condition/3 HTTP/1.1" 200 (6 ms) - -
[25/Jul/2020:13:26:10 -0400] 0:0:0:0:0:0:0:1 "GET /edit-condition/favicon.ico HTTP/1.1" 400 (4 ms) - -
[25/Jul/2020:13:26:10 -0400] 0:0:0:0:0:0:0:1 "GET /edit-condition/favicon.ico HTTP/1.1" 400 (3 ms) - -
[25/Jul/2020:13:30:24 -0400] 0:0:0:0:0:0:0:1 "GET /edit-condition/3 HTTP/1.1" 200 (7 ms) - -
[25/Jul/2020:13:30:24 -0400] 0:0:0:0:0:0:0:1 "GET /edit-condition/favicon.ico HTTP/1.1" 400 (5 ms) - -
[25/Jul/2020:13:30:24 -0400] 0:0:0:0:0:0:0:1 "GET /edit-condition/favicon.ico HTTP/1.1" 400 (8 ms) - -
[25/Jul/2020:13:30:26 -0400] 0:0:0:0:0:0:0:1 "POST /update-condition HTTP/1.1" 302 (37 ms) - -
[25/Jul/2020:13:30:26 -0400] 0:0:0:0:0:0:0:1 "GET /list-conditions HTTP/1.1" 200 (4 ms) - -
[25/Jul/2020:13:30:32 -0400] 0:0:0:0:0:0:0:1 "GET /add-condition HTTP/1.1" 200 (8 ms) - -
[25/Jul/2020:13:30:36 -0400] 0:0:0:0:0:0:0:1 "GET /list-conditions HTTP/1.1" 200 (8 ms) - -
[25/Jul/2020:13:30:44 -0400] 0:0:0:0:0:0:0:1 "GET /edit-condition/2 HTTP/1.1" 200 (6 ms) - -
[25/Jul/2020:13:30:45 -0400] 0:0:0:0:0:0:0:1 "GET /edit-condition/favicon.ico HTTP/1.1" 400 (4 ms) - -
[25/Jul/2020:13:30:45 -0400] 0:0:0:0:0:0:0:1 "GET /edit-condition/favicon.ico HTTP/1.1" 400 (6 ms) - -
[25/Jul/2020:13:33:21 -0400] 0:0:0:0:0:0:0:1 "GET /edit-condition/2 HTTP/1.1" 200 (6 ms) - -
[25/Jul/2020:13:33:21 -0400] 0:0:0:0:0:0:0:1 "GET /css/site.css HTTP/1.1" 304 (3 ms) - -
[25/Jul/2020:13:33:22 -0400] 0:0:0:0:0:0:0:1 "GET /edit-condition/favicon.ico HTTP/1.1" 400 (3 ms) - -
[25/Jul/2020:13:33:22 -0400] 0:0:0:0:0:0:0:1 "GET /edit-condition/favicon.ico HTTP/1.1" 400 (3 ms) - -
[25/Jul/2020:13:33:26 -0400] 0:0:0:0:0:0:0:1 "GET /list-conditions HTTP/1.1" 200 (6 ms) - -
[25/Jul/2020:13:33:32 -0400] 0:0:0:0:0:0:0:1 "GET /add-condition HTTP/1.1" 200 (4 ms) - -
[25/Jul/2020:13:33:52 -0400] 0:0:0:0:0:0:0:1 "POST /save-condition HTTP/1.1" 302 (50 ms) - -
[25/Jul/2020:13:33:52 -0400] 0:0:0:0:0:0:0:1 "GET /list-conditions HTTP/1.1" 200 (3 ms) - -
[25/Jul/2020:13:34:01 -0400] 0:0:0:0:0:0:0:1 "GET /edit-condition/15 HTTP/1.1" 200 (7 ms) - -
[25/Jul/2020:13:34:01 -0400] 0:0:0:0:0:0:0:1 "GET /edit-condition/favicon.ico HTTP/1.1" 400 (4 ms) - -
[25/Jul/2020:13:34:01 -0400] 0:0:0:0:0:0:0:1 "GET /edit-condition/favicon.ico HTTP/1.1" 400 (3 ms) - -
[25/Jul/2020:13:34:09 -0400] 0:0:0:0:0:0:0:1 "POST /update-condition HTTP/1.1" 302 (20 ms) - -
[25/Jul/2020:13:34:09 -0400] 0:0:0:0:0:0:0:1 "GET /list-conditions HTTP/1.1" 200 (3 ms) - -
[25/Jul/2020:13:34:20 -0400] 0:0:0:0:0:0:0:1 "GET /delete-condition/15 HTTP/1.1" 302 (24 ms) - -
[25/Jul/2020:13:34:20 -0400] 0:0:0:0:0:0:0:1 "GET /list-conditions HTTP/1.1" 200 (4 ms) - -
[25/Jul/2020:13:34:36 -0400] 0:0:0:0:0:0:0:1 "GET /edit-condition/11 HTTP/1.1" 200 (9 ms) - -
[25/Jul/2020:13:34:36 -0400] 0:0:0:0:0:0:0:1 "GET /edit-condition/favicon.ico HTTP/1.1" 400 (4 ms) - -
[25/Jul/2020:13:34:36 -0400] 0:0:0:0:0:0:0:1 "GET /edit-condition/favicon.ico HTTP/1.1" 400 (3 ms) - -
[25/Jul/2020:13:34:40 -0400] 0:0:0:0:0:0:0:1 "GET /list-conditions HTTP/1.1" 200 (9 ms) - -
[25/Jul/2020:13:34:43 -0400] 0:0:0:0:0:0:0:1 "GET /add-condition HTTP/1.1" 200 (6 ms) - -
[25/Jul/2020:13:35:24 -0400] 0:0:0:0:0:0:0:1 "GET /list-conditions HTTP/1.1" 200 (5 ms) - -
[25/Jul/2020:13:35:38 -0400] 0:0:0:0:0:0:0:1 "GET /admin-menu HTTP/1.1" 200 (11 ms) - -
[25/Jul/2020:13:35:42 -0400] 0:0:0:0:0:0:0:1 "GET /list-allergies HTTP/1.1" 200 (9 ms) - -
[25/Jul/2020:13:35:44 -0400] 0:0:0:0:0:0:0:1 "GET /add-allergy HTTP/1.1" 200 (6 ms) - -
[25/Jul/2020:13:35:47 -0400] 0:0:0:0:0:0:0:1 "GET /list-allergies HTTP/1.1" 200 (9 ms) - -
[25/Jul/2020:13:35:53 -0400] 0:0:0:0:0:0:0:1 "GET /admin-menu HTTP/1.1" 200 (9 ms) - -
[25/Jul/2020:13:35:54 -0400] 0:0:0:0:0:0:0:1 "GET /list-conditions HTTP/1.1" 200 (9 ms) - -
[25/Jul/2020:13:36:11 -0400] 0:0:0:0:0:0:0:1 "GET /admin-menu HTTP/1.1" 200 (7 ms) - -
[25/Jul/2020:13:36:13 -0400] 0:0:0:0:0:0:0:1 "GET /list-allergies HTTP/1.1" 200 (8 ms) - -
[25/Jul/2020:13:36:23 -0400] 0:0:0:0:0:0:0:1 "GET /admin-menu HTTP/1.1" 200 (7 ms) - -
[25/Jul/2020:13:36:25 -0400] 0:0:0:0:0:0:0:1 "GET /list-conditions HTTP/1.1" 200 (6 ms) - -
[25/Jul/2020:13:38:47 -0400] 0:0:0:0:0:0:0:1 "GET /list-conditions HTTP/1.1" 200 (6 ms) - -
[25/Jul/2020:13:39:11 -0400] 0:0:0:0:0:0:0:1 "GET /list-conditions HTTP/1.1" 200 (6 ms) - -
[25/Jul/2020:13:39:21 -0400] 0:0:0:0:0:0:0:1 "GET /list-allergies HTTP/1.1" 200 (8 ms) - -
[25/Jul/2020:13:39:21 -0400] 0:0:0:0:0:0:0:1 "GET /css/site.css HTTP/1.1" 304 (2 ms) - -
[25/Jul/2020:13:40:33 -0400] 0:0:0:0:0:0:0:1 "GET /list-conditions HTTP/1.1" 200 (9 ms) - -
[25/Jul/2020:13:40:37 -0400] 0:0:0:0:0:0:0:1 "GET /list-conditions HTTP/1.1" 200 (4 ms) - -
[25/Jul/2020:13:42:04 -0400] 0:0:0:0:0:0:0:1 "GET /list-conditions HTTP/1.1" 200 (6 ms) - -
[25/Jul/2020:13:44:15 -0400] 0:0:0:0:0:0:0:1 "GET /list-conditions HTTP/1.1" 200 (5 ms) - -
[25/Jul/2020:13:46:18 -0400] 0:0:0:0:0:0:0:1 "GET /list-conditions HTTP/1.1" 200 (7 ms) - -
[25/Jul/2020:13:46:23 -0400] 0:0:0:0:0:0:0:1 "GET /list-allergies HTTP/1.1" 200 (7 ms) - -
[25/Jul/2020:13:46:34 -0400] 0:0:0:0:0:0:0:1 "GET /list-conditions HTTP/1.1" 200 (7 ms) - -
[25/Jul/2020:13:49:59 -0400] 0:0:0:0:0:0:0:1 "GET /list-conditions HTTP/1.1" 200 (4 ms) - -
[25/Jul/2020:13:52:13 -0400] 0:0:0:0:0:0:0:1 "GET /list-allergies HTTP/1.1" 200 (7 ms) - -
[25/Jul/2020:13:52:18 -0400] 0:0:0:0:0:0:0:1 "GET /list-conditions HTTP/1.1" 200 (8 ms) - -
[25/Jul/2020:13:52:18 -0400] 0:0:0:0:0:0:0:1 "GET /css/site.css HTTP/1.1" 304 (2 ms) - -
[25/Jul/2020:13:53:53 -0400] 0:0:0:0:0:0:0:1 "GET /list-allergies HTTP/1.1" 200 (6 ms) - -
[25/Jul/2020:13:53:54 -0400] 0:0:0:0:0:0:0:1 "GET /list-allergies HTTP/1.1" 200 (6 ms) - -
[25/Jul/2020:13:56:10 -0400] 0:0:0:0:0:0:0:1 "GET /add-condition HTTP/1.1" 200 (5 ms) - -
[25/Jul/2020:13:56:13 -0400] 0:0:0:0:0:0:0:1 "POST /save-condition HTTP/1.1" 200 (6 ms) - -
[25/Jul/2020:13:56:18 -0400] 0:0:0:0:0:0:0:1 "GET /list-conditions HTTP/1.1" 200 (7 ms) - -
[25/Jul/2020:13:56:27 -0400] 0:0:0:0:0:0:0:1 "GET /edit-condition/5 HTTP/1.1" 200 (7 ms) - -
[25/Jul/2020:13:56:28 -0400] 0:0:0:0:0:0:0:1 "GET /edit-condition/favicon.ico HTTP/1.1" 400 (6 ms) - -
[25/Jul/2020:13:56:28 -0400] 0:0:0:0:0:0:0:1 "GET /edit-condition/favicon.ico HTTP/1.1" 400 (3 ms) - -
[25/Jul/2020:13:56:36 -0400] 0:0:0:0:0:0:0:1 "POST /update-condition HTTP/1.1" 200 (5 ms) - -
[25/Jul/2020:13:56:44 -0400] 0:0:0:0:0:0:0:1 "POST /update-condition HTTP/1.1" 302 (10 ms) - -
[25/Jul/2020:13:56:44 -0400] 0:0:0:0:0:0:0:1 "GET /list-conditions HTTP/1.1" 200 (4 ms) - -
[25/Jul/2020:13:56:53 -0400] 0:0:0:0:0:0:0:1 "GET /admin-menu HTTP/1.1" 200 (7 ms) - -
[25/Jul/2020:13:56:55 -0400] 0:0:0:0:0:0:0:1 "GET /list-medications HTTP/1.1" 200 (33 ms) - -
[25/Jul/2020:13:58:10 -0400] 0:0:0:0:0:0:0:1 "GET /admin-menu HTTP/1.1" 200 (7 ms) - -
[25/Jul/2020:13:58:10 -0400] 0:0:0:0:0:0:0:1 "GET /css/site.css HTTP/1.1" 304 (1 ms) - -
[25/Jul/2020:13:58:13 -0400] 0:0:0:0:0:0:0:1 "GET /list-allergies HTTP/1.1" 200 (8 ms) - -
[25/Jul/2020:14:06:15 -0400] 0:0:0:0:0:0:0:1 "GET /admin-menu HTTP/1.1" 200 (8 ms) - -
[25/Jul/2020:14:06:17 -0400] 0:0:0:0:0:0:0:1 "GET /list-allergies HTTP/1.1" 200 (8 ms) - -
[25/Jul/2020:14:06:21 -0400] 0:0:0:0:0:0:0:1 "GET /admin-menu HTTP/1.1" 200 (6 ms) - -
[25/Jul/2020:14:06:23 -0400] 0:0:0:0:0:0:0:1 "GET /list-conditions HTTP/1.1" 200 (7 ms) - -
[25/Jul/2020:14:06:31 -0400] 0:0:0:0:0:0:0:1 "GET /admin-menu HTTP/1.1" 200 (8 ms) - -
[25/Jul/2020:14:06:34 -0400] 0:0:0:0:0:0:0:1 "GET /list-medications HTTP/1.1" 200 (27 ms) - -
[25/Jul/2020:14:08:30 -0400] 0:0:0:0:0:0:0:1 "GET /list-medications HTTP/1.1" 200 (24 ms) - -
[25/Jul/2020:14:15:57 -0400] 0:0:0:0:0:0:0:1 "GET /list-medications HTTP/1.1" 200 (52 ms) - -
[25/Jul/2020:14:18:14 -0400] 0:0:0:0:0:0:0:1 "GET /list-medications HTTP/1.1" 200 (22 ms) - -
[25/Jul/2020:14:18:14 -0400] 0:0:0:0:0:0:0:1 "GET /css/site.css HTTP/1.1" 304 (2 ms) - -
[25/Jul/2020:14:18:32 -0400] 0:0:0:0:0:0:0:1 "GET /admin-menu HTTP/1.1" 200 (8 ms) - -
[25/Jul/2020:14:18:34 -0400] 0:0:0:0:0:0:0:1 "GET /list-medications HTTP/1.1" 200 (27 ms) - -
[25/Jul/2020:14:18:36 -0400] 0:0:0:0:0:0:0:1 "GET /add-medication HTTP/1.1" 200 (8 ms) - -
[25/Jul/2020:14:18:40 -0400] 0:0:0:0:0:0:0:1 "GET /add-allergy HTTP/1.1" 200 (5 ms) - -
[25/Jul/2020:14:18:40 -0400] 0:0:0:0:0:0:0:1 "GET /css/site.css HTTP/1.1" 304 (1 ms) - -
[25/Jul/2020:14:19:45 -0400] 0:0:0:0:0:0:0:1 "GET /add-medication HTTP/1.1" 200 (3 ms) - -
[25/Jul/2020:14:20:25 -0400] 0:0:0:0:0:0:0:1 "GET /add-medication HTTP/1.1" 200 (3 ms) - -
[25/Jul/2020:14:23:11 -0400] 0:0:0:0:0:0:0:1 "GET /add-medication HTTP/1.1" 200 (6 ms) - -
[25/Jul/2020:14:24:33 -0400] 0:0:0:0:0:0:0:1 "GET /add-medication HTTP/1.1" 200 (5 ms) - -
[25/Jul/2020:14:27:28 -0400] 0:0:0:0:0:0:0:1 "GET /add-medication HTTP/1.1" 200 (4 ms) - -
[25/Jul/2020:14:32:46 -0400] 0:0:0:0:0:0:0:1 "GET /add-medication HTTP/1.1" 200 (5 ms) - -
[25/Jul/2020:14:34:09 -0400] 0:0:0:0:0:0:0:1 "GET /add-medication HTTP/1.1" 200 (5 ms) - -
[25/Jul/2020:14:36:11 -0400] 0:0:0:0:0:0:0:1 "GET /add-medication HTTP/1.1" 200 (7 ms) - -
[25/Jul/2020:14:40:12 -0400] 0:0:0:0:0:0:0:1 "GET /add-medication HTTP/1.1" 200 (7 ms) - -
[25/Jul/2020:14:42:39 -0400] 0:0:0:0:0:0:0:1 "GET /add-medication HTTP/1.1" 200 (8 ms) - -
[25/Jul/2020:14:42:39 -0400] 0:0:0:0:0:0:0:1 "GET /css/site.css HTTP/1.1" 304 (2 ms) - -
[25/Jul/2020:14:43:37 -0400] 0:0:0:0:0:0:0:1 "GET /add-medication HTTP/1.1" 200 (5 ms) - -
[25/Jul/2020:14:43:41 -0400] 0:0:0:0:0:0:0:1 "POST /save-medication HTTP/1.1" 200 (14 ms) - -
[25/Jul/2020:14:44:31 -0400] 0:0:0:0:0:0:0:1 "GET /add-medication HTTP/1.1" 200 (5 ms) - -
[25/Jul/2020:14:44:34 -0400] 0:0:0:0:0:0:0:1 "GET /add-medication HTTP/1.1" 200 (6 ms) - -
[25/Jul/2020:14:46:44 -0400] 0:0:0:0:0:0:0:1 "GET /add-medication HTTP/1.1" 200 (5 ms) - -
[25/Jul/2020:14:47:17 -0400] 0:0:0:0:0:0:0:1 "GET /add-medication HTTP/1.1" 200 (6 ms) - -
[25/Jul/2020:14:47:22 -0400] 0:0:0:0:0:0:0:1 "GET /add-medication HTTP/1.1" 200 (6 ms) - -
[25/Jul/2020:14:47:47 -0400] 0:0:0:0:0:0:0:1 "GET /add-medication HTTP/1.1" 200 (6 ms) - -
[25/Jul/2020:14:48:01 -0400] 0:0:0:0:0:0:0:1 "GET /add-medication HTTP/1.1" 200 (3 ms) - -
[25/Jul/2020:14:48:03 -0400] 0:0:0:0:0:0:0:1 "GET /list-medications HTTP/1.1" 200 (24 ms) - -
[25/Jul/2020:14:48:06 -0400] 0:0:0:0:0:0:0:1 "GET /add-medication HTTP/1.1" 200 (7 ms) - -
[25/Jul/2020:14:48:11 -0400] 0:0:0:0:0:0:0:1 "GET /add-medication HTTP/1.1" 200 (6 ms) - -
[25/Jul/2020:14:48:13 -0400] 0:0:0:0:0:0:0:1 "GET /list-medications HTTP/1.1" 200 (31 ms) - -
[25/Jul/2020:14:48:16 -0400] 0:0:0:0:0:0:0:1 "GET /edit-medication/1 HTTP/1.1" 200 (10 ms) - -
[25/Jul/2020:14:48:22 -0400] 0:0:0:0:0:0:0:1 "GET /list-medications HTTP/1.1" 200 (24 ms) - -
[25/Jul/2020:14:48:23 -0400] 0:0:0:0:0:0:0:1 "GET /add-medication HTTP/1.1" 200 (8 ms) - -
[25/Jul/2020:14:48:25 -0400] 0:0:0:0:0:0:0:1 "POST /save-medication HTTP/1.1" 200 (7 ms) - -
[25/Jul/2020:14:48:29 -0400] 0:0:0:0:0:0:0:1 "GET /add-medication HTTP/1.1" 200 (6 ms) - -
[25/Jul/2020:14:48:32 -0400] 0:0:0:0:0:0:0:1 "GET /list-medications HTTP/1.1" 200 (25 ms) - -
[25/Jul/2020:14:48:35 -0400] 0:0:0:0:0:0:0:1 "GET /edit-medication/1 HTTP/1.1" 200 (6 ms) - -
[25/Jul/2020:14:48:38 -0400] 0:0:0:0:0:0:0:1 "POST /save-allergy HTTP/1.1" 200 (9 ms) - -
[25/Jul/2020:14:48:38 -0400] 0:0:0:0:0:0:0:1 "GET /css/site.css HTTP/1.1" 304 (2 ms) - -
[25/Jul/2020:14:48:40 -0400] 0:0:0:0:0:0:0:1 "GET /list-allergies HTTP/1.1" 200 (6 ms) - -
[25/Jul/2020:14:48:42 -0400] 0:0:0:0:0:0:0:1 "GET /edit-allergy/1 HTTP/1.1" 200 (7 ms) - -
[25/Jul/2020:14:48:42 -0400] 0:0:0:0:0:0:0:1 "GET /edit-allergy/favicon.ico HTTP/1.1" 400 (3 ms) - -
[25/Jul/2020:14:48:42 -0400] 0:0:0:0:0:0:0:1 "GET /edit-allergy/favicon.ico HTTP/1.1" 400 (4 ms) - -
[25/Jul/2020:14:50:22 -0400] 0:0:0:0:0:0:0:1 "GET /edit-medication/1 HTTP/1.1" 200 (8 ms) - -
[25/Jul/2020:14:50:22 -0400] 0:0:0:0:0:0:0:1 "GET /edit-medication/favicon.ico HTTP/1.1" 400 (4 ms) - -
[25/Jul/2020:14:50:22 -0400] 0:0:0:0:0:0:0:1 "GET /edit-medication/favicon.ico HTTP/1.1" 400 (4 ms) - -
[25/Jul/2020:14:50:41 -0400] 0:0:0:0:0:0:0:1 "GET /edit-medication/1 HTTP/1.1" 200 (7 ms) - -
[25/Jul/2020:14:50:41 -0400] 0:0:0:0:0:0:0:1 "GET /edit-medication/favicon.ico HTTP/1.1" 400 (3 ms) - -
[25/Jul/2020:14:50:41 -0400] 0:0:0:0:0:0:0:1 "GET /edit-medication/favicon.ico HTTP/1.1" 400 (9 ms) - -
[25/Jul/2020:14:56:37 -0400] 0:0:0:0:0:0:0:1 "GET /edit-medication/1 HTTP/1.1" 200 (4 ms) - -
[25/Jul/2020:14:56:37 -0400] 0:0:0:0:0:0:0:1 "GET /edit-medication/favicon.ico HTTP/1.1" 400 (3 ms) - -
[25/Jul/2020:14:56:37 -0400] 0:0:0:0:0:0:0:1 "GET /edit-medication/favicon.ico HTTP/1.1" 400 (4 ms) - -
[25/Jul/2020:14:57:47 -0400] 0:0:0:0:0:0:0:1 "GET /edit-medication/1 HTTP/1.1" 200 (6 ms) - -
[25/Jul/2020:14:57:48 -0400] 0:0:0:0:0:0:0:1 "GET /edit-medication/favicon.ico HTTP/1.1" 400 (2 ms) - -
[25/Jul/2020:14:57:48 -0400] 0:0:0:0:0:0:0:1 "GET /edit-medication/favicon.ico HTTP/1.1" 400 (3 ms) - -
[25/Jul/2020:15:01:04 -0400] 0:0:0:0:0:0:0:1 "GET /edit-medication/1 HTTP/1.1" 200 (7 ms) - -
[25/Jul/2020:15:01:04 -0400] 0:0:0:0:0:0:0:1 "GET /edit-medication/favicon.ico HTTP/1.1" 400 (5 ms) - -
[25/Jul/2020:15:01:04 -0400] 0:0:0:0:0:0:0:1 "GET /edit-medication/favicon.ico HTTP/1.1" 400 (4 ms) - -
[25/Jul/2020:15:01:43 -0400] 0:0:0:0:0:0:0:1 "GET /edit-medication/1 HTTP/1.1" 200 (7 ms) - -
[25/Jul/2020:15:01:43 -0400] 0:0:0:0:0:0:0:1 "GET /edit-medication/favicon.ico HTTP/1.1" 400 (3 ms) - -
[25/Jul/2020:15:01:43 -0400] 0:0:0:0:0:0:0:1 "GET /edit-medication/favicon.ico HTTP/1.1" 400 (3 ms) - -
[25/Jul/2020:15:02:41 -0400] 0:0:0:0:0:0:0:1 "GET /edit-medication/1 HTTP/1.1" 200 (8 ms) - -
[25/Jul/2020:15:02:41 -0400] 0:0:0:0:0:0:0:1 "GET /edit-medication/favicon.ico HTTP/1.1" 400 (4 ms) - -
[25/Jul/2020:15:02:41 -0400] 0:0:0:0:0:0:0:1 "GET /edit-medication/favicon.ico HTTP/1.1" 400 (5 ms) - -
[25/Jul/2020:15:04:27 -0400] 0:0:0:0:0:0:0:1 "GET /edit-medication/1 HTTP/1.1" 200 (7 ms) - -
[25/Jul/2020:15:04:27 -0400] 0:0:0:0:0:0:0:1 "GET /edit-medication/favicon.ico HTTP/1.1" 400 (3 ms) - -
[25/Jul/2020:15:04:27 -0400] 0:0:0:0:0:0:0:1 "GET /edit-medication/favicon.ico HTTP/1.1" 400 (6 ms) - -
[25/Jul/2020:15:04:29 -0400] 0:0:0:0:0:0:0:1 "POST /update-medication HTTP/1.1" 500 (84 ms) - -
[25/Jul/2020:15:04:40 -0400] 0:0:0:0:0:0:0:1 "GET /edit-medication/1 HTTP/1.1" 200 (7 ms) - -
[25/Jul/2020:15:04:40 -0400] 0:0:0:0:0:0:0:1 "GET /edit-medication/favicon.ico HTTP/1.1" 400 (7 ms) - -
[25/Jul/2020:15:04:40 -0400] 0:0:0:0:0:0:0:1 "GET /edit-medication/favicon.ico HTTP/1.1" 400 (4 ms) - -
[25/Jul/2020:15:04:50 -0400] 0:0:0:0:0:0:0:1 "POST /update-medication HTTP/1.1" 302 (9 ms) - -
[25/Jul/2020:15:04:50 -0400] 0:0:0:0:0:0:0:1 "GET /list-medications HTTP/1.1" 200 (25 ms) - -
[25/Jul/2020:15:04:59 -0400] 0:0:0:0:0:0:0:1 "GET /edit-medication/1 HTTP/1.1" 200 (9 ms) - -
[25/Jul/2020:15:04:59 -0400] 0:0:0:0:0:0:0:1 "GET /edit-medication/favicon.ico HTTP/1.1" 400 (5 ms) - -
[25/Jul/2020:15:04:59 -0400] 0:0:0:0:0:0:0:1 "GET /edit-medication/favicon.ico HTTP/1.1" 400 (4 ms) - -
[25/Jul/2020:15:07:04 -0400] 0:0:0:0:0:0:0:1 "POST /update-medication HTTP/1.1" 500 (23 ms) - -
[25/Jul/2020:15:07:08 -0400] 0:0:0:0:0:0:0:1 "GET /edit-medication/1 HTTP/1.1" 200 (7 ms) - -
[25/Jul/2020:15:07:08 -0400] 0:0:0:0:0:0:0:1 "GET /edit-medication/favicon.ico HTTP/1.1" 400 (4 ms) - -
[25/Jul/2020:15:07:08 -0400] 0:0:0:0:0:0:0:1 "GET /edit-medication/favicon.ico HTTP/1.1" 400 (2 ms) - -
[25/Jul/2020:15:07:10 -0400] 0:0:0:0:0:0:0:1 "GET /edit-medication/1 HTTP/1.1" 200 (7 ms) - -
[25/Jul/2020:15:07:10 -0400] 0:0:0:0:0:0:0:1 "GET /edit-medication/favicon.ico HTTP/1.1" 400 (4 ms) - -
[25/Jul/2020:15:07:10 -0400] 0:0:0:0:0:0:0:1 "GET /edit-medication/favicon.ico HTTP/1.1" 400 (4 ms) - -
[25/Jul/2020:15:07:13 -0400] 0:0:0:0:0:0:0:1 "POST /update-medication HTTP/1.1" 302 (9 ms) - -
[25/Jul/2020:15:07:13 -0400] 0:0:0:0:0:0:0:1 "GET /list-medications HTTP/1.1" 200 (25 ms) - -
[25/Jul/2020:15:07:19 -0400] 0:0:0:0:0:0:0:1 "GET /add-medication HTTP/1.1" 200 (8 ms) - -
[25/Jul/2020:15:07:22 -0400] 0:0:0:0:0:0:0:1 "POST /save-medication HTTP/1.1" 200 (6 ms) - -
[25/Jul/2020:15:07:24 -0400] 0:0:0:0:0:0:0:1 "GET /list-medications HTTP/1.1" 200 (24 ms) - -
[25/Jul/2020:15:07:28 -0400] 0:0:0:0:0:0:0:1 "GET /edit-medication/3 HTTP/1.1" 200 (8 ms) - -
[25/Jul/2020:15:07:28 -0400] 0:0:0:0:0:0:0:1 "GET /edit-medication/favicon.ico HTTP/1.1" 400 (4 ms) - -
[25/Jul/2020:15:07:28 -0400] 0:0:0:0:0:0:0:1 "GET /edit-medication/favicon.ico HTTP/1.1" 400 (2 ms) - -
[25/Jul/2020:15:07:40 -0400] 0:0:0:0:0:0:0:1 "POST /update-medication HTTP/1.1" 302 (8 ms) - -
[25/Jul/2020:15:07:40 -0400] 0:0:0:0:0:0:0:1 "GET /list-medications HTTP/1.1" 200 (23 ms) - -
[25/Jul/2020:15:07:46 -0400] 0:0:0:0:0:0:0:1 "GET /edit-medication/8 HTTP/1.1" 200 (8 ms) - -
[25/Jul/2020:15:07:46 -0400] 0:0:0:0:0:0:0:1 "GET /edit-medication/favicon.ico HTTP/1.1" 400 (3 ms) - -
[25/Jul/2020:15:07:46 -0400] 0:0:0:0:0:0:0:1 "GET /edit-medication/favicon.ico HTTP/1.1" 400 (4 ms) - -
[25/Jul/2020:15:08:01 -0400] 0:0:0:0:0:0:0:1 "GET /list-medications HTTP/1.1" 200 (25 ms) - -
[25/Jul/2020:15:09:51 -0400] 0:0:0:0:0:0:0:1 "GET /list-medications HTTP/1.1" 200 (25 ms) - -
[25/Jul/2020:15:10:01 -0400] 0:0:0:0:0:0:0:1 "GET /edit-medication/8 HTTP/1.1" 200 (6 ms) - -
[25/Jul/2020:15:10:02 -0400] 0:0:0:0:0:0:0:1 "GET /edit-medication/favicon.ico HTTP/1.1" 400 (5 ms) - -
[25/Jul/2020:15:10:02 -0400] 0:0:0:0:0:0:0:1 "GET /edit-medication/favicon.ico HTTP/1.1" 400 (2 ms) - -
[25/Jul/2020:15:10:08 -0400] 0:0:0:0:0:0:0:1 "GET /list-medications HTTP/1.1" 200 (33 ms) - -
[25/Jul/2020:15:11:53 -0400] 0:0:0:0:0:0:0:1 "GET /add-medication HTTP/1.1" 200 (6 ms) - -
[25/Jul/2020:15:11:56 -0400] 0:0:0:0:0:0:0:1 "GET /list-medications HTTP/1.1" 200 (33 ms) - -
[25/Jul/2020:15:12:02 -0400] 0:0:0:0:0:0:0:1 "GET /edit-medication/9 HTTP/1.1" 200 (6 ms) - -
[25/Jul/2020:15:12:02 -0400] 0:0:0:0:0:0:0:1 "GET /edit-medication/favicon.ico HTTP/1.1" 400 (3 ms) - -
[25/Jul/2020:15:12:02 -0400] 0:0:0:0:0:0:0:1 "GET /edit-medication/favicon.ico HTTP/1.1" 400 (4 ms) - -
[25/Jul/2020:15:12:07 -0400] 0:0:0:0:0:0:0:1 "GET /list-medications HTTP/1.1" 200 (24 ms) - -
[25/Jul/2020:15:13:48 -0400] 0:0:0:0:0:0:0:1 "GET /list-medications HTTP/1.1" 200 (25 ms) - -
[25/Jul/2020:15:13:48 -0400] 0:0:0:0:0:0:0:1 "GET /css/site.css HTTP/1.1" 304 (2 ms) - -
[25/Jul/2020:15:13:54 -0400] 0:0:0:0:0:0:0:1 "GET /edit-medication/8 HTTP/1.1" 200 (9 ms) - -
[25/Jul/2020:15:13:54 -0400] 0:0:0:0:0:0:0:1 "GET /edit-medication/favicon.ico HTTP/1.1" 400 (3 ms) - -
[25/Jul/2020:15:13:54 -0400] 0:0:0:0:0:0:0:1 "GET /edit-medication/favicon.ico HTTP/1.1" 400 (3 ms) - -
[25/Jul/2020:15:13:58 -0400] 0:0:0:0:0:0:0:1 "GET /list-medications HTTP/1.1" 200 (32 ms) - -
[25/Jul/2020:15:14:19 -0400] 0:0:0:0:0:0:0:1 "GET /admin-menu HTTP/1.1" 200 (7 ms) - -
[25/Jul/2020:15:14:23 -0400] 0:0:0:0:0:0:0:1 "GET /list-roles HTTP/1.1" 200 (8 ms) - -
[25/Jul/2020:15:14:31 -0400] 0:0:0:0:0:0:0:1 "GET /list-allergies HTTP/1.1" 200 (6 ms) - -
[25/Jul/2020:15:14:31 -0400] 0:0:0:0:0:0:0:1 "GET /css/site.css HTTP/1.1" 304 (2 ms) - -
[25/Jul/2020:15:14:47 -0400] 0:0:0:0:0:0:0:1 "GET /list-allergies HTTP/1.1" 200 (7 ms) - -
[25/Jul/2020:15:14:50 -0400] 0:0:0:0:0:0:0:1 "GET /admin-menu HTTP/1.1" 200 (7 ms) - -
[25/Jul/2020:15:14:52 -0400] 0:0:0:0:0:0:0:1 "GET /list-roles HTTP/1.1" 200 (6 ms) - -
[25/Jul/2020:15:15:40 -0400] 0:0:0:0:0:0:0:1 "GET /list-roles HTTP/1.1" 200 (6 ms) - -
[25/Jul/2020:15:19:29 -0400] 0:0:0:0:0:0:0:1 "GET /list-allergies HTTP/1.1" 200 (5 ms) - -
[25/Jul/2020:15:19:36 -0400] 0:0:0:0:0:0:0:1 "GET /search-allergies?keyword=Asp HTTP/1.1" 200 (21 ms) - -
[25/Jul/2020:15:19:39 -0400] 0:0:0:0:0:0:0:1 "GET /list-allergies HTTP/1.1" 200 (7 ms) - -
[25/Jul/2020:15:19:50 -0400] 0:0:0:0:0:0:0:1 "GET /edit-allergy/1 HTTP/1.1" 200 (5 ms) - -
[25/Jul/2020:15:19:50 -0400] 0:0:0:0:0:0:0:1 "GET /edit-allergy/favicon.ico HTTP/1.1" 400 (4 ms) - -
[25/Jul/2020:15:19:51 -0400] 0:0:0:0:0:0:0:1 "GET /edit-allergy/favicon.ico HTTP/1.1" 400 (3 ms) - -
[25/Jul/2020:15:19:54 -0400] 0:0:0:0:0:0:0:1 "GET /list-allergies HTTP/1.1" 200 (6 ms) - -
[25/Jul/2020:15:21:12 -0400] 0:0:0:0:0:0:0:1 "GET /list-roles HTTP/1.1" 200 (5 ms) - -
[25/Jul/2020:15:24:21 -0400] 0:0:0:0:0:0:0:1 "GET /list-roles HTTP/1.1" 200 (5 ms) - -
[25/Jul/2020:15:27:11 -0400] 0:0:0:0:0:0:0:1 "GET /list-roles HTTP/1.1" 200 (6 ms) - -
[25/Jul/2020:15:29:04 -0400] 0:0:0:0:0:0:0:1 "GET /list-roles HTTP/1.1" 200 (6 ms) - -
[25/Jul/2020:15:30:06 -0400] 0:0:0:0:0:0:0:1 "GET /list-roles HTTP/1.1" 200 (6 ms) - -
[25/Jul/2020:15:30:50 -0400] 0:0:0:0:0:0:0:1 "GET /list-roles HTTP/1.1" 200 (6 ms) - -
[25/Jul/2020:15:31:00 -0400] 0:0:0:0:0:0:0:1 "GET /list-roles HTTP/1.1" 200 (5 ms) - -
[25/Jul/2020:15:31:57 -0400] 0:0:0:0:0:0:0:1 "GET /list-roles HTTP/1.1" 200 (5 ms) - -
[25/Jul/2020:15:32:07 -0400] 0:0:0:0:0:0:0:1 "GET /list-roles HTTP/1.1" 200 (4 ms) - -
[25/Jul/2020:15:32:12 -0400] 0:0:0:0:0:0:0:1 "GET /add-role HTTP/1.1" 200 (13 ms) - -
[25/Jul/2020:15:32:15 -0400] 0:0:0:0:0:0:0:1 "GET /list-roles HTTP/1.1" 200 (4 ms) - -
[25/Jul/2020:15:32:18 -0400] 0:0:0:0:0:0:0:1 "GET /edit-role/1 HTTP/1.1" 200 (8 ms) - -
[25/Jul/2020:15:32:21 -0400] 0:0:0:0:0:0:0:1 "GET /list-roles HTTP/1.1" 200 (5 ms) - -
[25/Jul/2020:15:32:24 -0400] 0:0:0:0:0:0:0:1 "GET /admin-menu HTTP/1.1" 200 (6 ms) - -
[25/Jul/2020:15:32:26 -0400] 0:0:0:0:0:0:0:1 "GET /list-users HTTP/1.1" 200 (15 ms) - -
[25/Jul/2020:15:32:29 -0400] 0:0:0:0:0:0:0:1 "GET /admin-menu HTTP/1.1" 200 (6 ms) - -
[25/Jul/2020:15:32:36 -0400] 0:0:0:0:0:0:0:1 "GET /list-roles HTTP/1.1" 200 (6 ms) - -
[25/Jul/2020:15:33:14 -0400] 0:0:0:0:0:0:0:1 "GET /add-role HTTP/1.1" 200 (4 ms) - -
[25/Jul/2020:15:33:26 -0400] 0:0:0:0:0:0:0:1 "GET /add-allergy HTTP/1.1" 200 (4 ms) - -
[25/Jul/2020:15:34:40 -0400] 0:0:0:0:0:0:0:1 "GET /add-role HTTP/1.1" 200 (4 ms) - -
[25/Jul/2020:15:42:05 -0400] 0:0:0:0:0:0:0:1 "GET /add-role HTTP/1.1" 200 (5 ms) - -
[25/Jul/2020:15:42:05 -0400] 0:0:0:0:0:0:0:1 "GET /css/site.css HTTP/1.1" 304 (3 ms) - -
[25/Jul/2020:15:43:32 -0400] 0:0:0:0:0:0:0:1 "GET /add-role HTTP/1.1" 200 (6 ms) - -
[25/Jul/2020:15:44:56 -0400] 0:0:0:0:0:0:0:1 "GET /add-role HTTP/1.1" 200 (4 ms) - -
[25/Jul/2020:15:45:23 -0400] 0:0:0:0:0:0:0:1 "GET /add-role HTTP/1.1" 200 (5 ms) - -
[25/Jul/2020:15:45:28 -0400] 0:0:0:0:0:0:0:1 "POST /save-role HTTP/1.1" 200 (12 ms) - -
[25/Jul/2020:15:48:26 -0400] 0:0:0:0:0:0:0:1 "GET /add-role HTTP/1.1" 200 (4 ms) - -
[25/Jul/2020:15:48:28 -0400] 0:0:0:0:0:0:0:1 "GET /add-role HTTP/1.1" 200 (6 ms) - -
[25/Jul/2020:15:48:33 -0400] 0:0:0:0:0:0:0:1 "GET /add-allergy HTTP/1.1" 200 (5 ms) - -
[25/Jul/2020:15:48:38 -0400] 0:0:0:0:0:0:0:1 "GET /add-role HTTP/1.1" 200 (3 ms) - -
[25/Jul/2020:15:49:26 -0400] 0:0:0:0:0:0:0:1 "GET /add-role HTTP/1.1" 200 (5 ms) - -
[25/Jul/2020:15:49:28 -0400] 0:0:0:0:0:0:0:1 "GET /add-role HTTP/1.1" 200 (5 ms) - -
[25/Jul/2020:15:49:30 -0400] 0:0:0:0:0:0:0:1 "GET /add-role HTTP/1.1" 200 (4 ms) - -
[25/Jul/2020:15:49:32 -0400] 0:0:0:0:0:0:0:1 "GET /add-role HTTP/1.1" 200 (4 ms) - -
[25/Jul/2020:15:49:35 -0400] 0:0:0:0:0:0:0:1 "POST /save-role HTTP/1.1" 200 (5 ms) - -
[25/Jul/2020:15:49:44 -0400] 0:0:0:0:0:0:0:1 "GET /add-role HTTP/1.1" 200 (6 ms) - -
[25/Jul/2020:15:50:08 -0400] 0:0:0:0:0:0:0:1 "GET /add-role HTTP/1.1" 200 (5 ms) - -
[25/Jul/2020:15:50:11 -0400] 0:0:0:0:0:0:0:1 "GET /add-role HTTP/1.1" 200 (8 ms) - -
[25/Jul/2020:15:50:14 -0400] 0:0:0:0:0:0:0:1 "GET /list-roles HTTP/1.1" 200 (7 ms) - -
[25/Jul/2020:15:50:18 -0400] 0:0:0:0:0:0:0:1 "GET /add-role HTTP/1.1" 200 (5 ms) - -
[25/Jul/2020:15:50:21 -0400] 0:0:0:0:0:0:0:1 "POST /save-role HTTP/1.1" 200 (5 ms) - -
[25/Jul/2020:15:50:23 -0400] 0:0:0:0:0:0:0:1 "GET /list-roles HTTP/1.1" 200 (5 ms) - -
[25/Jul/2020:15:50:26 -0400] 0:0:0:0:0:0:0:1 "GET /edit-role/1 HTTP/1.1" 200 (5 ms) - -
[25/Jul/2020:15:50:30 -0400] 0:0:0:0:0:0:0:1 "GET /list-allergies HTTP/1.1" 200 (7 ms) - -
[25/Jul/2020:15:50:30 -0400] 0:0:0:0:0:0:0:1 "GET /css/site.css HTTP/1.1" 304 (2 ms) - -
[25/Jul/2020:15:50:32 -0400] 0:0:0:0:0:0:0:1 "GET /edit-allergy/1 HTTP/1.1" 200 (7 ms) - -
[25/Jul/2020:15:50:32 -0400] 0:0:0:0:0:0:0:1 "GET /edit-allergy/favicon.ico HTTP/1.1" 400 (5 ms) - -
[25/Jul/2020:15:50:32 -0400] 0:0:0:0:0:0:0:1 "GET /edit-allergy/favicon.ico HTTP/1.1" 400 (4 ms) - -
[25/Jul/2020:15:53:20 -0400] 0:0:0:0:0:0:0:1 "GET /edit-role/1 HTTP/1.1" 200 (5 ms) - -
[25/Jul/2020:15:53:20 -0400] 0:0:0:0:0:0:0:1 "GET /edit-role/favicon.ico HTTP/1.1" 400 (4 ms) - -
[25/Jul/2020:15:53:20 -0400] 0:0:0:0:0:0:0:1 "GET /edit-role/favicon.ico HTTP/1.1" 400 (3 ms) - -
[25/Jul/2020:15:59:04 -0400] 0:0:0:0:0:0:0:1 "GET /edit-role/1 HTTP/1.1" 200 (6 ms) - -
[25/Jul/2020:15:59:04 -0400] 0:0:0:0:0:0:0:1 "GET /edit-role/favicon.ico HTTP/1.1" 400 (4 ms) - -
[25/Jul/2020:15:59:04 -0400] 0:0:0:0:0:0:0:1 "GET /edit-role/favicon.ico HTTP/1.1" 400 (5 ms) - -
[25/Jul/2020:16:00:05 -0400] 0:0:0:0:0:0:0:1 "GET /edit-role/1 HTTP/1.1" 200 (5 ms) - -
[25/Jul/2020:16:00:05 -0400] 0:0:0:0:0:0:0:1 "GET /edit-role/favicon.ico HTTP/1.1" 400 (5 ms) - -
[25/Jul/2020:16:00:05 -0400] 0:0:0:0:0:0:0:1 "GET /edit-role/favicon.ico HTTP/1.1" 400 (5 ms) - -
[25/Jul/2020:16:01:03 -0400] 0:0:0:0:0:0:0:1 "GET /edit-role/1 HTTP/1.1" 200 (6 ms) - -
[25/Jul/2020:16:01:04 -0400] 0:0:0:0:0:0:0:1 "GET /edit-role/favicon.ico HTTP/1.1" 400 (4 ms) - -
[25/Jul/2020:16:01:04 -0400] 0:0:0:0:0:0:0:1 "GET /edit-role/favicon.ico HTTP/1.1" 400 (3 ms) - -
[25/Jul/2020:16:01:09 -0400] 0:0:0:0:0:0:0:1 "GET /add-role HTTP/1.1" 200 (7 ms) - -
[25/Jul/2020:16:01:11 -0400] 0:0:0:0:0:0:0:1 "GET /add-role HTTP/1.1" 200 (5 ms) - -
[25/Jul/2020:16:01:16 -0400] 0:0:0:0:0:0:0:1 "GET /list-roles HTTP/1.1" 200 (5 ms) - -
[25/Jul/2020:16:01:40 -0400] 0:0:0:0:0:0:0:1 "GET /add-role HTTP/1.1" 200 (5 ms) - -
[25/Jul/2020:16:01:43 -0400] 0:0:0:0:0:0:0:1 "POST /save-role HTTP/1.1" 200 (6 ms) - -
[25/Jul/2020:16:01:46 -0400] 0:0:0:0:0:0:0:1 "GET /list-roles HTTP/1.1" 200 (7 ms) - -
[25/Jul/2020:16:01:53 -0400] 0:0:0:0:0:0:0:1 "GET /edit-role/2 HTTP/1.1" 200 (7 ms) - -
[25/Jul/2020:16:01:53 -0400] 0:0:0:0:0:0:0:1 "GET /edit-role/favicon.ico HTTP/1.1" 400 (4 ms) - -
[25/Jul/2020:16:01:53 -0400] 0:0:0:0:0:0:0:1 "GET /edit-role/favicon.ico HTTP/1.1" 400 (3 ms) - -
[25/Jul/2020:16:01:59 -0400] 0:0:0:0:0:0:0:1 "POST /update-role HTTP/1.1" 500 (26 ms) - -
[25/Jul/2020:16:02:03 -0400] 0:0:0:0:0:0:0:1 "GET /edit-role/2 HTTP/1.1" 200 (7 ms) - -
[25/Jul/2020:16:02:03 -0400] 0:0:0:0:0:0:0:1 "GET /edit-role/favicon.ico HTTP/1.1" 400 (3 ms) - -
[25/Jul/2020:16:02:03 -0400] 0:0:0:0:0:0:0:1 "GET /edit-role/favicon.ico HTTP/1.1" 400 (3 ms) - -
[25/Jul/2020:16:03:26 -0400] 0:0:0:0:0:0:0:1 "GET /edit-role/2 HTTP/1.1" 200 (6 ms) - -
[25/Jul/2020:16:03:26 -0400] 0:0:0:0:0:0:0:1 "GET /edit-role/favicon.ico HTTP/1.1" 400 (2 ms) - -
[25/Jul/2020:16:03:26 -0400] 0:0:0:0:0:0:0:1 "GET /edit-role/favicon.ico HTTP/1.1" 400 (5 ms) - -
[25/Jul/2020:16:03:29 -0400] 0:0:0:0:0:0:0:1 "POST /update-role HTTP/1.1" 302 (6 ms) - -
[25/Jul/2020:16:03:29 -0400] 0:0:0:0:0:0:0:1 "GET /list-roles HTTP/1.1" 200 (4 ms) - -
[25/Jul/2020:16:03:34 -0400] 0:0:0:0:0:0:0:1 "GET /edit-role/3 HTTP/1.1" 200 (8 ms) - -
[25/Jul/2020:16:03:34 -0400] 0:0:0:0:0:0:0:1 "GET /edit-role/favicon.ico HTTP/1.1" 400 (4 ms) - -
[25/Jul/2020:16:03:34 -0400] 0:0:0:0:0:0:0:1 "GET /edit-role/favicon.ico HTTP/1.1" 400 (2 ms) - -
[25/Jul/2020:16:03:37 -0400] 0:0:0:0:0:0:0:1 "POST /update-role HTTP/1.1" 302 (5 ms) - -
[25/Jul/2020:16:03:37 -0400] 0:0:0:0:0:0:0:1 "GET /list-roles HTTP/1.1" 200 (4 ms) - -
[25/Jul/2020:16:03:51 -0400] 0:0:0:0:0:0:0:1 "GET /list-allergies HTTP/1.1" 200 (6 ms) - -
[25/Jul/2020:16:04:16 -0400] 0:0:0:0:0:0:0:1 "GET /add-role HTTP/1.1" 200 (5 ms) - -
[25/Jul/2020:16:04:21 -0400] 0:0:0:0:0:0:0:1 "POST /save-role HTTP/1.1" 200 (4 ms) - -
[25/Jul/2020:16:04:23 -0400] 0:0:0:0:0:0:0:1 "GET /list-roles HTTP/1.1" 200 (5 ms) - -
[25/Jul/2020:16:04:26 -0400] 0:0:0:0:0:0:0:1 "GET /edit-role/2 HTTP/1.1" 200 (5 ms) - -
[25/Jul/2020:16:04:26 -0400] 0:0:0:0:0:0:0:1 "GET /edit-role/favicon.ico HTTP/1.1" 400 (4 ms) - -
[25/Jul/2020:16:04:26 -0400] 0:0:0:0:0:0:0:1 "GET /edit-role/favicon.ico HTTP/1.1" 400 (2 ms) - -
[25/Jul/2020:16:04:28 -0400] 0:0:0:0:0:0:0:1 "POST /update-role HTTP/1.1" 302 (5 ms) - -
[25/Jul/2020:16:04:28 -0400] 0:0:0:0:0:0:0:1 "GET /list-roles HTTP/1.1" 200 (4 ms) - -
[25/Jul/2020:16:04:31 -0400] 0:0:0:0:0:0:0:1 "GET /admin-menu HTTP/1.1" 200 (7 ms) - -
[25/Jul/2020:16:04:37 -0400] 0:0:0:0:0:0:0:1 "GET /list-users HTTP/1.1" 200 (11 ms) - -
[25/Jul/2020:16:15:18 -0400] 0:0:0:0:0:0:0:1 "GET /list-users HTTP/1.1" 200 (11 ms) - -
[25/Jul/2020:16:15:45 -0400] 0:0:0:0:0:0:0:1 "GET /list-users HTTP/1.1" 200 (12 ms) - -
[25/Jul/2020:16:17:28 -0400] 0:0:0:0:0:0:0:1 "GET /list-users HTTP/1.1" 200 (10 ms) - -
[25/Jul/2020:16:17:59 -0400] 0:0:0:0:0:0:0:1 "GET /list-users HTTP/1.1" 200 (11 ms) - -
[25/Jul/2020:16:18:37 -0400] 0:0:0:0:0:0:0:1 "GET /list-users HTTP/1.1" 200 (9 ms) - -
[25/Jul/2020:16:19:09 -0400] 0:0:0:0:0:0:0:1 "GET /list-users HTTP/1.1" 200 (9 ms) - -
[25/Jul/2020:16:19:26 -0400] 0:0:0:0:0:0:0:1 "GET /search-users?keyword=Mc HTTP/1.1" 200 (16 ms) - -
[25/Jul/2020:16:19:31 -0400] 0:0:0:0:0:0:0:1 "GET /list-users HTTP/1.1" 200 (12 ms) - -
[25/Jul/2020:16:20:09 -0400] 0:0:0:0:0:0:0:1 "GET /add-user HTTP/1.1" 200 (14 ms) - -
[25/Jul/2020:16:20:15 -0400] 0:0:0:0:0:0:0:1 "GET /add-allergy HTTP/1.1" 200 (5 ms) - -
[25/Jul/2020:16:22:36 -0400] 0:0:0:0:0:0:0:1 "GET /add-allergy HTTP/1.1" 200 (4 ms) - -
[25/Jul/2020:16:22:36 -0400] 0:0:0:0:0:0:0:1 "GET /css/site.css HTTP/1.1" 304 (2 ms) - -
[25/Jul/2020:16:22:41 -0400] 0:0:0:0:0:0:0:1 "POST /save-allergy HTTP/1.1" 200 (7 ms) - -
[25/Jul/2020:16:22:44 -0400] 0:0:0:0:0:0:0:1 "GET /list-allergies HTTP/1.1" 200 (5 ms) - -
[25/Jul/2020:16:22:47 -0400] 0:0:0:0:0:0:0:1 "GET /add-allergy HTTP/1.1" 200 (5 ms) - -
[25/Jul/2020:16:27:16 -0400] 0:0:0:0:0:0:0:1 "GET /add-user HTTP/1.1" 200 (4 ms) - -
[25/Jul/2020:16:30:32 -0400] 0:0:0:0:0:0:0:1 "GET /add-user HTTP/1.1" 200 (7 ms) - -
[25/Jul/2020:16:32:20 -0400] 0:0:0:0:0:0:0:1 "GET /add-user HTTP/1.1" 200 (6 ms) - -
[25/Jul/2020:16:34:37 -0400] 0:0:0:0:0:0:0:1 "GET /add-user HTTP/1.1" 200 (6 ms) - -
[25/Jul/2020:16:37:17 -0400] 0:0:0:0:0:0:0:1 "GET /add-user HTTP/1.1" 200 (6 ms) - -
[25/Jul/2020:16:38:07 -0400] 0:0:0:0:0:0:0:1 "GET /add-user HTTP/1.1" 200 (5 ms) - -
[25/Jul/2020:16:38:30 -0400] 0:0:0:0:0:0:0:1 "GET /add-user HTTP/1.1" 200 (4 ms) - -
[25/Jul/2020:16:38:33 -0400] 0:0:0:0:0:0:0:1 "POST /save-user HTTP/1.1" 500 (21 ms) - -
[25/Jul/2020:16:38:39 -0400] 0:0:0:0:0:0:0:1 "GET /add-user HTTP/1.1" 200 (5 ms) - -
[25/Jul/2020:16:39:44 -0400] 0:0:0:0:0:0:0:1 "GET /add-user HTTP/1.1" 200 (5 ms) - -
[25/Jul/2020:16:39:47 -0400] 0:0:0:0:0:0:0:1 "POST /save-user HTTP/1.1" 500 (15 ms) - -
[25/Jul/2020:16:39:53 -0400] 0:0:0:0:0:0:0:1 "GET /add-user HTTP/1.1" 200 (4 ms) - -
[25/Jul/2020:16:40:16 -0400] 0:0:0:0:0:0:0:1 "GET /add-user HTTP/1.1" 200 (5 ms) - -
[25/Jul/2020:16:41:03 -0400] 0:0:0:0:0:0:0:1 "GET /add-user HTTP/1.1" 200 (3 ms) - -
[25/Jul/2020:16:41:09 -0400] 0:0:0:0:0:0:0:1 "POST /save-user HTTP/1.1" 500 (24 ms) - -
[25/Jul/2020:16:41:11 -0400] 0:0:0:0:0:0:0:1 "GET /add-user HTTP/1.1" 200 (6 ms) - -
[25/Jul/2020:16:41:22 -0400] 0:0:0:0:0:0:0:1 "POST /save-allergy HTTP/1.1" 200 (4 ms) - -
[25/Jul/2020:16:43:24 -0400] 0:0:0:0:0:0:0:1 "GET /add-user HTTP/1.1" 200 (5 ms) - -
[25/Jul/2020:16:43:27 -0400] 0:0:0:0:0:0:0:1 "GET /add-user HTTP/1.1" 200 (5 ms) - -
[25/Jul/2020:16:43:29 -0400] 0:0:0:0:0:0:0:1 "POST /save-user HTTP/1.1" 500 (19 ms) - -
[25/Jul/2020:16:43:54 -0400] 0:0:0:0:0:0:0:1 "GET /add-user HTTP/1.1" 200 (5 ms) - -
[25/Jul/2020:16:45:31 -0400] 0:0:0:0:0:0:0:1 "GET /add-user HTTP/1.1" 200 (5 ms) - -
[25/Jul/2020:16:45:34 -0400] 0:0:0:0:0:0:0:1 "POST /save-user HTTP/1.1" 500 (119 ms) - -
[25/Jul/2020:16:45:56 -0400] 0:0:0:0:0:0:0:1 "GET /add-user HTTP/1.1" 200 (7 ms) - -
[25/Jul/2020:16:47:58 -0400] 0:0:0:0:0:0:0:1 "GET /add-user HTTP/1.1" 200 (6 ms) - -
[25/Jul/2020:16:48:02 -0400] 0:0:0:0:0:0:0:1 "POST /save-user HTTP/1.1" 500 (97 ms) - -
[25/Jul/2020:16:48:05 -0400] 0:0:0:0:0:0:0:1 "GET /add-user HTTP/1.1" 200 (3 ms) - -
[25/Jul/2020:16:51:09 -0400] 0:0:0:0:0:0:0:1 "GET /add-user HTTP/1.1" 200 (6 ms) - -
[25/Jul/2020:16:59:36 -0400] 0:0:0:0:0:0:0:1 "GET /add-user HTTP/1.1" 200 (8 ms) - -
[25/Jul/2020:16:59:36 -0400] 0:0:0:0:0:0:0:1 "GET /css/site.css HTTP/1.1" 304 (1 ms) - -
[25/Jul/2020:17:01:06 -0400] 0:0:0:0:0:0:0:1 "GET / HTTP/1.1" 200 (644 ms) - -
[25/Jul/2020:17:01:06 -0400] 0:0:0:0:0:0:0:1 "GET /css/site.css HTTP/1.1" 200 (114 ms) - -
[25/Jul/2020:17:01:06 -0400] 0:0:0:0:0:0:0:1 "GET /css/bootstrap.min.css HTTP/1.1" 200 (98 ms) - -
[25/Jul/2020:17:01:06 -0400] 0:0:0:0:0:0:0:1 "GET /img/vlol_cover.jpg HTTP/1.1" 200 (14 ms) - -
[25/Jul/2020:17:01:06 -0400] 0:0:0:0:0:0:0:1 "GET /favicon.ico HTTP/1.1" 404 (125 ms) - -
[25/Jul/2020:17:01:08 -0400] 0:0:0:0:0:0:0:1 "GET /login HTTP/1.1" 200 (27 ms) - -
[25/Jul/2020:17:01:08 -0400] 0:0:0:0:0:0:0:1 "GET /js/scripts.js HTTP/1.1" 200 (6 ms) - -
[25/Jul/2020:17:01:08 -0400] 0:0:0:0:0:0:0:1 "GET /img/vlol_logo.png HTTP/1.1" 200 (11 ms) - -
[25/Jul/2020:17:01:11 -0400] 0:0:0:0:0:0:0:1 "GET /add-user HTTP/1.1" 200 (6 ms) - -
[25/Jul/2020:17:01:22 -0400] 0:0:0:0:0:0:0:1 "POST /login HTTP/1.1" 302 (697 ms) - -
[25/Jul/2020:17:01:23 -0400] 0:0:0:0:0:0:0:1 "GET /admin-menu HTTP/1.1" 200 (131 ms) - -
[25/Jul/2020:17:01:23 -0400] 0:0:0:0:0:0:0:1 "GET /favicon.ico HTTP/1.1" 404 (8 ms) - -
[25/Jul/2020:17:01:35 -0400] 0:0:0:0:0:0:0:1 "GET /qr-capture HTTP/1.1" 200 (19 ms) - -
[25/Jul/2020:17:01:35 -0400] 0:0:0:0:0:0:0:1 "GET /js/html5-qrcode.min.js HTTP/1.1" 200 (8 ms) - -
[25/Jul/2020:17:01:54 -0400] 0:0:0:0:0:0:0:1 "GET /edit-user/1 HTTP/1.1" 200 (174 ms) - -
[25/Jul/2020:17:01:58 -0400] 0:0:0:0:0:0:0:1 "GET /admin-menu HTTP/1.1" 200 (27 ms) - -
[25/Jul/2020:17:02:08 -0400] 0:0:0:0:0:0:0:1 "GET / HTTP/1.1" 200 (15 ms) - -
[25/Jul/2020:17:02:20 -0400] 0:0:0:0:0:0:0:1 "GET /logout HTTP/1.1" 302 (8 ms) - -
[25/Jul/2020:17:02:20 -0400] 0:0:0:0:0:0:0:1 "GET / HTTP/1.1" 200 (9 ms) - -
[25/Jul/2020:17:02:55 -0400] 0:0:0:0:0:0:0:1 "GET /add-user HTTP/1.1" 200 (7 ms) - -
[25/Jul/2020:17:04:34 -0400] 0:0:0:0:0:0:0:1 "GET / HTTP/1.1" 200 (529 ms) - -
[25/Jul/2020:17:04:36 -0400] 0:0:0:0:0:0:0:1 "GET /login HTTP/1.1" 200 (29 ms) - -
[25/Jul/2020:17:04:51 -0400] 0:0:0:0:0:0:0:1 "POST /login HTTP/1.1" 302 (687 ms) - -
[25/Jul/2020:17:04:51 -0400] 0:0:0:0:0:0:0:1 "GET /admin-menu HTTP/1.1" 200 (151 ms) - -
[25/Jul/2020:17:04:52 -0400] 0:0:0:0:0:0:0:1 "GET /favicon.ico HTTP/1.1" 404 (104 ms) - -
[25/Jul/2020:17:04:54 -0400] 0:0:0:0:0:0:0:1 "GET /qr-capture HTTP/1.1" 200 (15 ms) - -
[25/Jul/2020:17:05:37 -0400] 0:0:0:0:0:0:0:1 "GET /qr-capture HTTP/1.1" 200 (17 ms) - -
[25/Jul/2020:17:05:49 -0400] 0:0:0:0:0:0:0:1 "GET /qr-capture HTTP/1.1" 200 (23 ms) - -
[25/Jul/2020:17:06:00 -0400] 0:0:0:0:0:0:0:1 "GET /qr-capture HTTP/1.1" 200 (18 ms) - -
[25/Jul/2020:17:06:13 -0400] 0:0:0:0:0:0:0:1 "GET /qr-capture HTTP/1.1" 200 (14 ms) - -
[25/Jul/2020:17:06:23 -0400] 0:0:0:0:0:0:0:1 "GET /qr-capture HTTP/1.1" 200 (21 ms) - -
[25/Jul/2020:17:06:50 -0400] 0:0:0:0:0:0:0:1 "GET /qr-capture HTTP/1.1" 200 (12 ms) - -
[25/Jul/2020:17:07:12 -0400] 0:0:0:0:0:0:0:1 "GET /add-user HTTP/1.1" 200 (8 ms) - -
[25/Jul/2020:17:07:18 -0400] 0:0:0:0:0:0:0:1 "POST /save-user HTTP/1.1" 500 (105 ms) - -
[25/Jul/2020:17:07:20 -0400] 0:0:0:0:0:0:0:1 "GET /add-user HTTP/1.1" 200 (6 ms) - -
[25/Jul/2020:17:07:32 -0400] 0:0:0:0:0:0:0:1 "GET /qr-capture HTTP/1.1" 200 (13 ms) - -
[25/Jul/2020:17:07:33 -0400] 0:0:0:0:0:0:0:1 "GET /qr-capture HTTP/1.1" 200 (11 ms) - -
[25/Jul/2020:17:07:37 -0400] 0:0:0:0:0:0:0:1 "GET /qr-capture HTTP/1.1" 200 (13 ms) - -
[25/Jul/2020:17:07:38 -0400] 0:0:0:0:0:0:0:1 "GET /qr-capture HTTP/1.1" 200 (10 ms) - -
[25/Jul/2020:17:07:55 -0400] 0:0:0:0:0:0:0:1 "GET /qr-capture HTTP/1.1" 200 (12 ms) - -
[25/Jul/2020:17:08:15 -0400] 0:0:0:0:0:0:0:1 "GET /qr-capture HTTP/1.1" 200 (12 ms) - -
[25/Jul/2020:17:08:42 -0400] 0:0:0:0:0:0:0:1 "GET /qr-capture HTTP/1.1" 200 (9 ms) - -
[25/Jul/2020:17:08:54 -0400] 0:0:0:0:0:0:0:1 "GET /qr-capture HTTP/1.1" 200 (15 ms) - -
[25/Jul/2020:17:09:04 -0400] 0:0:0:0:0:0:0:1 "GET /qr-capture HTTP/1.1" 200 (10 ms) - -
[25/Jul/2020:17:09:18 -0400] 0:0:0:0:0:0:0:1 "GET /qr-capture HTTP/1.1" 200 (10 ms) - -
[25/Jul/2020:17:10:09 -0400] 0:0:0:0:0:0:0:1 "GET /qr-capture HTTP/1.1" 200 (13 ms) - -
[25/Jul/2020:17:10:10 -0400] 0:0:0:0:0:0:0:1 "GET /qr-capture HTTP/1.1" 200 (9 ms) - -
[25/Jul/2020:17:10:25 -0400] 0:0:0:0:0:0:0:1 "GET /qr-capture HTTP/1.1" 200 (10 ms) - -
[25/Jul/2020:17:10:58 -0400] 0:0:0:0:0:0:0:1 "GET /qr-capture HTTP/1.1" 200 (14 ms) - -
[25/Jul/2020:17:11:17 -0400] 0:0:0:0:0:0:0:1 "GET /qr-capture HTTP/1.1" 200 (10 ms) - -
[25/Jul/2020:17:11:33 -0400] 0:0:0:0:0:0:0:1 "GET /qr-capture HTTP/1.1" 200 (8 ms) - -
[25/Jul/2020:17:11:58 -0400] 0:0:0:0:0:0:0:1 "GET /edit-user/4 HTTP/1.1" 200 (195 ms) - -
[25/Jul/2020:17:12:06 -0400] 0:0:0:0:0:0:0:1 "GET /admin-menu HTTP/1.1" 200 (10 ms) - -
[25/Jul/2020:17:12:10 -0400] 0:0:0:0:0:0:0:1 "GET /qr-capture HTTP/1.1" 200 (8 ms) - -
[25/Jul/2020:17:12:17 -0400] 0:0:0:0:0:0:0:1 "GET /admin-menu HTTP/1.1" 200 (12 ms) - -
[25/Jul/2020:17:12:22 -0400] 0:0:0:0:0:0:0:1 "GET /qr-capture HTTP/1.1" 200 (11 ms) - -
[25/Jul/2020:17:12:54 -0400] 0:0:0:0:0:0:0:1 "GET /qr-capture HTTP/1.1" 200 (10 ms) - -
[25/Jul/2020:17:13:03 -0400] 0:0:0:0:0:0:0:1 "GET /qr-capture HTTP/1.1" 200 (9 ms) - -
[25/Jul/2020:17:13:04 -0400] 0:0:0:0:0:0:0:1 "GET /qr-capture HTTP/1.1" 200 (9 ms) - -
[25/Jul/2020:17:14:06 -0400] 0:0:0:0:0:0:0:1 "GET /qr-capture HTTP/1.1" 200 (10 ms) - -
[25/Jul/2020:17:15:23 -0400] 0:0:0:0:0:0:0:1 "GET /qr-capture HTTP/1.1" 200 (9 ms) - -
[25/Jul/2020:17:16:13 -0400] 0:0:0:0:0:0:0:1 "GET /qr-capture HTTP/1.1" 200 (10 ms) - -
[25/Jul/2020:17:16:15 -0400] 0:0:0:0:0:0:0:1 "GET /qr-capture HTTP/1.1" 200 (9 ms) - -
[25/Jul/2020:17:17:29 -0400] 0:0:0:0:0:0:0:1 "GET /qr-capture HTTP/1.1" 200 (11 ms) - -
[25/Jul/2020:17:17:47 -0400] 0:0:0:0:0:0:0:1 "GET /qr-capture HTTP/1.1" 200 (8 ms) - -
[25/Jul/2020:17:18:07 -0400] 0:0:0:0:0:0:0:1 "GET /qr-capture HTTP/1.1" 200 (13 ms) - -
[25/Jul/2020:17:18:24 -0400] 0:0:0:0:0:0:0:1 "GET /edit-user/3 HTTP/1.1" 200 (54 ms) - -
[25/Jul/2020:17:18:41 -0400] 0:0:0:0:0:0:0:1 "GET /edit-user/3 HTTP/1.1" 200 (51 ms) - -
[25/Jul/2020:17:18:44 -0400] 0:0:0:0:0:0:0:1 "GET /admin-menu HTTP/1.1" 200 (13 ms) - -
[25/Jul/2020:17:18:46 -0400] 0:0:0:0:0:0:0:1 "GET /qr-capture HTTP/1.1" 200 (9 ms) - -
[25/Jul/2020:17:19:00 -0400] 0:0:0:0:0:0:0:1 "GET /edit-user/3 HTTP/1.1" 200 (69 ms) - -
[25/Jul/2020:17:19:07 -0400] 0:0:0:0:0:0:0:1 "GET /admin-menu HTTP/1.1" 200 (9 ms) - -
[25/Jul/2020:17:19:09 -0400] 0:0:0:0:0:0:0:1 "GET /qr-capture HTTP/1.1" 200 (8 ms) - -

[25/Jul/2020:18:45:09 -0400] 0:0:0:0:0:0:0:1 "GET / HTTP/1.1" 200 (362 ms) - -
[25/Jul/2020:18:45:09 -0400] 0:0:0:0:0:0:0:1 "GET /css/site.css HTTP/1.1" 200 (26 ms) - -
[25/Jul/2020:18:45:09 -0400] 0:0:0:0:0:0:0:1 "GET /img/vlol_cover.jpg HTTP/1.1" 200 (29 ms) - -
[25/Jul/2020:18:45:09 -0400] 0:0:0:0:0:0:0:1 "GET /css/bootstrap.min.css HTTP/1.1" 200 (37 ms) - -
[25/Jul/2020:18:45:23 -0400] 0:0:0:0:0:0:0:1 "GET /logout HTTP/1.1" 302 (16 ms) - -
[25/Jul/2020:18:45:23 -0400] 0:0:0:0:0:0:0:1 "GET / HTTP/1.1" 200 (18 ms) - -
[25/Jul/2020:18:45:23 -0400] 0:0:0:0:0:0:0:1 "GET /css/site.css HTTP/1.1" 304 (12 ms) - -
[25/Jul/2020:18:45:23 -0400] 0:0:0:0:0:0:0:1 "GET /css/bootstrap.min.css HTTP/1.1" 304 (5 ms) - -
[25/Jul/2020:18:45:23 -0400] 0:0:0:0:0:0:0:1 "GET /img/vlol_cover.jpg HTTP/1.1" 304 (8 ms) - -
[25/Jul/2020:18:45:26 -0400] 0:0:0:0:0:0:0:1 "GET /login HTTP/1.1" 200 (28 ms) - -
[25/Jul/2020:18:45:26 -0400] 0:0:0:0:0:0:0:1 "GET /js/scripts.js HTTP/1.1" 200 (5 ms) - -
[25/Jul/2020:18:45:26 -0400] 0:0:0:0:0:0:0:1 "GET /img/vlol_logo.png HTTP/1.1" 200 (21 ms) - -
[25/Jul/2020:18:46:00 -0400] 0:0:0:0:0:0:0:1 "POST /login HTTP/1.1" 302 (1038 ms) - -
[25/Jul/2020:18:46:00 -0400] 0:0:0:0:0:0:0:1 "GET /admin-menu HTTP/1.1" 200 (96 ms) - -
[25/Jul/2020:18:46:00 -0400] 0:0:0:0:0:0:0:1 "GET /css/site.css HTTP/1.1" 304 (4 ms) - -
[25/Jul/2020:18:47:02 -0400] 0:0:0:0:0:0:0:1 "GET /about HTTP/1.1" 200 (11 ms) - -
[25/Jul/2020:18:47:02 -0400] 0:0:0:0:0:0:0:1 "GET /css/site.css HTTP/1.1" 304 (7 ms) - -
[25/Jul/2020:18:47:02 -0400] 0:0:0:0:0:0:0:1 "GET /css/bootstrap.min.css HTTP/1.1" 304 (7 ms) - -
[25/Jul/2020:18:47:02 -0400] 0:0:0:0:0:0:0:1 "GET /img/vlol_logo.png HTTP/1.1" 304 (8 ms) - -
[25/Jul/2020:18:47:02 -0400] 0:0:0:0:0:0:0:1 "GET /img/umgc_logo.png HTTP/1.1" 200 (9 ms) - -
[25/Jul/2020:18:47:06 -0400] 0:0:0:0:0:0:0:1 "GET /contact HTTP/1.1" 200 (11 ms) - -
[25/Jul/2020:18:47:12 -0400] 0:0:0:0:0:0:0:1 "GET /admin-menu HTTP/1.1" 200 (27 ms) - -
[25/Jul/2020:18:47:13 -0400] 0:0:0:0:0:0:0:1 "GET /list-allergies HTTP/1.1" 200 (57 ms) - -
[25/Jul/2020:18:47:25 -0400] 0:0:0:0:0:0:0:1 "GET /admin-menu HTTP/1.1" 200 (14 ms) - -
[25/Jul/2020:18:47:25 -0400] 0:0:0:0:0:0:0:1 "GET /css/site.css HTTP/1.1" 304 (5 ms) - -
[25/Jul/2020:18:47:26 -0400] 0:0:0:0:0:0:0:1 "GET /list-conditions HTTP/1.1" 200 (22 ms) - -
[25/Jul/2020:18:47:39 -0400] 0:0:0:0:0:0:0:1 "GET /add-condition HTTP/1.1" 200 (42 ms) - -
[25/Jul/2020:18:47:52 -0400] 0:0:0:0:0:0:0:1 "GET /add-condition HTTP/1.1" 200 (13 ms) - -
[25/Jul/2020:18:47:52 -0400] 0:0:0:0:0:0:0:1 "GET /css/site.css HTTP/1.1" 304 (4 ms) - -
[25/Jul/2020:18:48:01 -0400] 0:0:0:0:0:0:0:1 "POST /save-condition HTTP/1.1" 302 (73 ms) - -
[25/Jul/2020:18:48:01 -0400] 0:0:0:0:0:0:0:1 "GET /list-conditions HTTP/1.1" 200 (12 ms) - -
[25/Jul/2020:18:48:08 -0400] 0:0:0:0:0:0:0:1 "GET /edit-condition/15 HTTP/1.1" 200 (29 ms) - -
[25/Jul/2020:18:48:08 -0400] 0:0:0:0:0:0:0:1 "GET /edit-condition/favicon.ico HTTP/1.1" 400 (63 ms) - -
[25/Jul/2020:18:48:08 -0400] 0:0:0:0:0:0:0:1 "GET /edit-condition/favicon.ico HTTP/1.1" 400 (8 ms) - -
[25/Jul/2020:18:48:14 -0400] 0:0:0:0:0:0:0:1 "POST /update-condition HTTP/1.1" 302 (27 ms) - -
[25/Jul/2020:18:48:14 -0400] 0:0:0:0:0:0:0:1 "GET /list-conditions HTTP/1.1" 200 (17 ms) - -
[25/Jul/2020:18:48:14 -0400] 0:0:0:0:0:0:0:1 "GET /css/site.css HTTP/1.1" 304 (5 ms) - -
[25/Jul/2020:18:48:21 -0400] 0:0:0:0:0:0:0:1 "GET /delete-condition/15 HTTP/1.1" 302 (31 ms) - -
[25/Jul/2020:18:48:21 -0400] 0:0:0:0:0:0:0:1 "GET /list-conditions HTTP/1.1" 200 (15 ms) - -
[25/Jul/2020:18:49:08 -0400] 0:0:0:0:0:0:0:1 "GET /admin-menu HTTP/1.1" 200 (15 ms) - -
[25/Jul/2020:18:49:08 -0400] 0:0:0:0:0:0:0:1 "GET /css/site.css HTTP/1.1" 304 (4 ms) - -
[25/Jul/2020:18:49:11 -0400] 0:0:0:0:0:0:0:1 "GET /list-users HTTP/1.1" 200 (30 ms) - -
[25/Jul/2020:18:49:37 -0400] 0:0:0:0:0:0:0:1 "GET /search-users?keyword=pas HTTP/1.1" 200 (25 ms) - -
[25/Jul/2020:18:49:50 -0400] 0:0:0:0:0:0:0:1 "GET /list-users HTTP/1.1" 200 (28 ms) - -
[25/Jul/2020:18:49:50 -0400] 0:0:0:0:0:0:0:1 "GET /css/site.css HTTP/1.1" 304 (2 ms) - -
[25/Jul/2020:18:50:33 -0400] 0:0:0:0:0:0:0:1 "GET /admin-menu HTTP/1.1" 200 (16 ms) - -
[25/Jul/2020:18:50:33 -0400] 0:0:0:0:0:0:0:1 "GET /css/site.css HTTP/1.1" 304 (6 ms) - -
[25/Jul/2020:18:50:34 -0400] 0:0:0:0:0:0:0:1 "GET /list-conditions HTTP/1.1" 200 (25 ms) - -
[25/Jul/2020:18:51:27 -0400] 0:0:0:0:0:0:0:1 "GET /admin-menu HTTP/1.1" 200 (12 ms) - -
[25/Jul/2020:18:51:27 -0400] 0:0:0:0:0:0:0:1 "GET /css/site.css HTTP/1.1" 304 (6 ms) - -
[25/Jul/2020:18:51:30 -0400] 0:0:0:0:0:0:0:1 "GET /list-users HTTP/1.1" 200 (26 ms) - -
[25/Jul/2020:18:52:39 -0400] 0:0:0:0:0:0:0:1 "GET /add-user HTTP/1.1" 200 (63 ms) - -
[25/Jul/2020:18:52:39 -0400] 0:0:0:0:0:0:0:1 "GET /css/site.css HTTP/1.1" 304 (2 ms) - -
[25/Jul/2020:18:52:48 -0400] 0:0:0:0:0:0:0:1 "GET /list-users HTTP/1.1" 200 (30 ms) - -
[25/Jul/2020:18:52:52 -0400] 0:0:0:0:0:0:0:1 "GET /admin-menu HTTP/1.1" 200 (17 ms) - -
[25/Jul/2020:18:52:54 -0400] 0:0:0:0:0:0:0:1 "GET /list-conditions HTTP/1.1" 200 (15 ms) - -
[25/Jul/2020:18:52:56 -0400] 0:0:0:0:0:0:0:1 "GET /add-condition HTTP/1.1" 200 (19 ms) - -
[25/Jul/2020:18:53:01 -0400] 0:0:0:0:0:0:0:1 "GET /list-conditions HTTP/1.1" 200 (12 ms) - -
[25/Jul/2020:18:53:08 -0400] 0:0:0:0:0:0:0:1 "GET /add-condition HTTP/1.1" 200 (12 ms) - -
[25/Jul/2020:18:53:38 -0400] 0:0:0:0:0:0:0:1 "POST /save-condition HTTP/1.1" 200 (16 ms) - -
[25/Jul/2020:18:53:38 -0400] 0:0:0:0:0:0:0:1 "GET /css/site.css HTTP/1.1" 304 (4 ms) - -
[25/Jul/2020:18:54:05 -0400] 0:0:0:0:0:0:0:1 "GET /list-conditions HTTP/1.1" 200 (17 ms) - -
[25/Jul/2020:18:54:13 -0400] 0:0:0:0:0:0:0:1 "GET /add-condition HTTP/1.1" 200 (8 ms) - -
[25/Jul/2020:18:55:02 -0400] 0:0:0:0:0:0:0:1 "GET /list-conditions HTTP/1.1" 200 (13 ms) - -
[25/Jul/2020:18:55:02 -0400] 0:0:0:0:0:0:0:1 "GET /css/site.css HTTP/1.1" 304 (5 ms) - -
[25/Jul/2020:18:55:16 -0400] 0:0:0:0:0:0:0:1 "GET /add-condition HTTP/1.1" 200 (9 ms) - -
[25/Jul/2020:18:55:21 -0400] 0:0:0:0:0:0:0:1 "POST /save-condition HTTP/1.1" 500 (66 ms) - -
[25/Jul/2020:18:56:03 -0400] 0:0:0:0:0:0:0:1 "GET /add-condition HTTP/1.1" 200 (5 ms) - -
[25/Jul/2020:18:56:05 -0400] 0:0:0:0:0:0:0:1 "GET /list-conditions HTTP/1.1" 200 (11 ms) - -
[25/Jul/2020:18:56:05 -0400] 0:0:0:0:0:0:0:1 "GET /css/site.css HTTP/1.1" 304 (3 ms) - -
[25/Jul/2020:18:56:10 -0400] 0:0:0:0:0:0:0:1 "GET /edit-condition/5 HTTP/1.1" 200 (10 ms) - -
[25/Jul/2020:18:56:11 -0400] 0:0:0:0:0:0:0:1 "GET /edit-condition/favicon.ico HTTP/1.1" 400 (9 ms) - -
[25/Jul/2020:18:56:11 -0400] 0:0:0:0:0:0:0:1 "GET /edit-condition/favicon.ico HTTP/1.1" 400 (7 ms) - -
[25/Jul/2020:18:56:18 -0400] 0:0:0:0:0:0:0:1 "POST /update-condition HTTP/1.1" 302 (10 ms) - -
[25/Jul/2020:18:56:18 -0400] 0:0:0:0:0:0:0:1 "GET /list-conditions HTTP/1.1" 200 (12 ms) - -
[25/Jul/2020:18:56:21 -0400] 0:0:0:0:0:0:0:1 "GET /edit-condition/5 HTTP/1.1" 200 (10 ms) - -
[25/Jul/2020:18:56:21 -0400] 0:0:0:0:0:0:0:1 "GET /edit-condition/favicon.ico HTTP/1.1" 400 (6 ms) - -
[25/Jul/2020:18:56:21 -0400] 0:0:0:0:0:0:0:1 "GET /edit-condition/favicon.ico HTTP/1.1" 400 (6 ms) - -
[25/Jul/2020:18:56:24 -0400] 0:0:0:0:0:0:0:1 "POST /update-condition HTTP/1.1" 302 (7 ms) - -
[25/Jul/2020:18:56:24 -0400] 0:0:0:0:0:0:0:1 "GET /list-conditions HTTP/1.1" 200 (12 ms) - -
[25/Jul/2020:18:56:29 -0400] 0:0:0:0:0:0:0:1 "GET /admin-menu HTTP/1.1" 200 (8 ms) - -
[25/Jul/2020:18:56:31 -0400] 0:0:0:0:0:0:0:1 "GET /list-medications HTTP/1.1" 200 (87 ms) - -
[25/Jul/2020:18:56:36 -0400] 0:0:0:0:0:0:0:1 "GET /registration HTTP/1.1" 200 (38 ms) - -
[25/Jul/2020:18:56:36 -0400] 0:0:0:0:0:0:0:1 "GET /js/scripts.js HTTP/1.1" 304 (2 ms) - -
[25/Jul/2020:18:56:36 -0400] 0:0:0:0:0:0:0:1 "GET /css/bootstrap.min.css HTTP/1.1" 304 (2 ms) - -
[25/Jul/2020:18:58:19 -0400] 0:0:0:0:0:0:0:1 "GET /login HTTP/1.1" 200 (8 ms) - -
[25/Jul/2020:18:58:19 -0400] 0:0:0:0:0:0:0:1 "GET /img/vlol_logo.png HTTP/1.1" 304 (5 ms) - -
[25/Jul/2020:18:58:19 -0400] 0:0:0:0:0:0:0:1 "GET /js/scripts.js HTTP/1.1" 304 (7 ms) - -
[25/Jul/2020:18:58:23 -0400] 0:0:0:0:0:0:0:1 "GET /admin-menu HTTP/1.1" 200 (12 ms) - -
[25/Jul/2020:18:58:23 -0400] 0:0:0:0:0:0:0:1 "GET /css/site.css HTTP/1.1" 304 (4 ms) - -
[25/Jul/2020:18:58:32 -0400] 0:0:0:0:0:0:0:1 "GET /logout HTTP/1.1" 302 (4 ms) - -
[25/Jul/2020:18:58:32 -0400] 0:0:0:0:0:0:0:1 "GET / HTTP/1.1" 200 (6 ms) - -
[25/Jul/2020:18:58:32 -0400] 0:0:0:0:0:0:0:1 "GET /css/bootstrap.min.css HTTP/1.1" 304 (4 ms) - -
[25/Jul/2020:18:58:32 -0400] 0:0:0:0:0:0:0:1 "GET /img/vlol_cover.jpg HTTP/1.1" 304 (3 ms) - -
[25/Jul/2020:18:58:35 -0400] 0:0:0:0:0:0:0:1 "GET /login HTTP/1.1" 200 (7 ms) - -
[25/Jul/2020:18:58:43 -0400] 0:0:0:0:0:0:0:1 "POST /login HTTP/1.1" 302 (352 ms) - -
[25/Jul/2020:18:58:43 -0400] 0:0:0:0:0:0:0:1 "GET /login?error=true HTTP/1.1" 200 (5 ms) - -
[25/Jul/2020:18:58:53 -0400] 0:0:0:0:0:0:0:1 "GET /contact HTTP/1.1" 200 (9 ms) - -
[25/Jul/2020:18:58:53 -0400] 0:0:0:0:0:0:0:1 "GET /img/umgc_logo.png HTTP/1.1" 304 (3 ms) - -
[25/Jul/2020:18:59:07 -0400] 0:0:0:0:0:0:0:1 "GET / HTTP/1.1" 200 (9 ms) - -
[25/Jul/2020:18:59:13 -0400] 0:0:0:0:0:0:0:1 "GET /registration HTTP/1.1" 200 (24 ms) - -
[25/Jul/2020:18:59:18 -0400] 0:0:0:0:0:0:0:1 "GET /login HTTP/1.1" 200 (7 ms) - -
[25/Jul/2020:18:59:24 -0400] 0:0:0:0:0:0:0:1 "GET /registration HTTP/1.1" 200 (20 ms) - -
[25/Jul/2020:18:59:29 -0400] 0:0:0:0:0:0:0:1 "GET /login HTTP/1.1" 200 (6 ms) - -
[25/Jul/2020:18:59:32 -0400] 0:0:0:0:0:0:0:1 "GET / HTTP/1.1" 200 (8 ms) - -
[25/Jul/2020:19:00:09 -0400] 0:0:0:0:0:0:0:1 "GET /admin-menu HTTP/1.1" 302 (19 ms) - -
[25/Jul/2020:19:00:09 -0400] 0:0:0:0:0:0:0:1 "GET /login HTTP/1.1" 200 (3 ms) - -
[25/Jul/2020:19:00:09 -0400] 0:0:0:0:0:0:0:1 "GET /js/scripts.js HTTP/1.1" 304 (2 ms) - -
[25/Jul/2020:19:00:09 -0400] 0:0:0:0:0:0:0:1 "GET /img/vlol_logo.png HTTP/1.1" 304 (3 ms) - -
[25/Jul/2020:19:00:22 -0400] 0:0:0:0:0:0:0:1 "POST /login HTTP/1.1" 302 (349 ms) - -
[25/Jul/2020:19:00:22 -0400] 0:0:0:0:0:0:0:1 "GET /admin-menu HTTP/1.1" 200 (8 ms) - -
[25/Jul/2020:19:00:22 -0400] 0:0:0:0:0:0:0:1 "GET /css/site.css HTTP/1.1" 304 (3 ms) - -
[25/Jul/2020:19:00:29 -0400] 0:0:0:0:0:0:0:1 "GET /logout HTTP/1.1" 302 (2 ms) - -
[25/Jul/2020:19:00:29 -0400] 0:0:0:0:0:0:0:1 "GET / HTTP/1.1" 200 (3 ms) - -
[25/Jul/2020:19:00:29 -0400] 0:0:0:0:0:0:0:1 "GET /css/bootstrap.min.css HTTP/1.1" 304 (2 ms) - -
[25/Jul/2020:19:00:29 -0400] 0:0:0:0:0:0:0:1 "GET /img/vlol_cover.jpg HTTP/1.1" 304 (2 ms) - -
[25/Jul/2020:19:00:40 -0400] 0:0:0:0:0:0:0:1 "GET /console HTTP/1.1" 302 (5015 ms) - -
[25/Jul/2020:19:00:40 -0400] 0:0:0:0:0:0:0:1 "GET /console HTTP/1.1" 302 (1 ms) - -
[25/Jul/2020:19:00:40 -0400] 0:0:0:0:0:0:0:1 "GET /console/ HTTP/1.1" 200 (23 ms) - -
[25/Jul/2020:19:00:40 -0400] 0:0:0:0:0:0:0:1 "GET /console/ HTTP/1.1" 200 (3 ms) - -
[25/Jul/2020:19:00:40 -0400] 0:0:0:0:0:0:0:1 "GET /console/stylesheet.css HTTP/1.1" 200 (10 ms) - -
[25/Jul/2020:19:00:40 -0400] 0:0:0:0:0:0:0:1 "GET /console/login.jsp?jsessionid=4f51fe5dfed9a1bd7c3ea83841b40de7 HTTP/1.1" 200 (6 ms) - -
[25/Jul/2020:19:00:40 -0400] 0:0:0:0:0:0:0:1 "GET /console/background.gif HTTP/1.1" 200 (5 ms) - -
[25/Jul/2020:19:01:16 -0400] 0:0:0:0:0:0:0:1 "GET / HTTP/1.1" 200 (4 ms) - -
[25/Jul/2020:19:01:20 -0400] 0:0:0:0:0:0:0:1 "GET /console HTTP/1.1" 302 (2 ms) - -
[25/Jul/2020:19:01:20 -0400] 0:0:0:0:0:0:0:1 "GET /console/ HTTP/1.1" 200 (3 ms) - -
[25/Jul/2020:19:01:20 -0400] 0:0:0:0:0:0:0:1 "GET /console/stylesheet.css HTTP/1.1" 304 (1 ms) - -
[25/Jul/2020:19:01:20 -0400] 0:0:0:0:0:0:0:1 "GET /console/login.jsp?jsessionid=a5845a713f6e7f004c786893749d7eb8 HTTP/1.1" 200 (3 ms) - -
[25/Jul/2020:19:01:24 -0400] 0:0:0:0:0:0:0:1 "POST /console/login.do?jsessionid=a5845a713f6e7f004c786893749d7eb8 HTTP/1.1" 200 (6 ms) - -
[25/Jul/2020:19:01:42 -0400] 0:0:0:0:0:0:0:1 "POST /console/test.do?jsessionid=a5845a713f6e7f004c786893749d7eb8 HTTP/1.1" 200 (12 ms) - -
[25/Jul/2020:19:01:42 -0400] 0:0:0:0:0:0:0:1 "GET /console/stylesheet.css HTTP/1.1" 304 (1 ms) - -
[25/Jul/2020:19:02:19 -0400] 0:0:0:0:0:0:0:1 "GET / HTTP/1.1" 200 (5 ms) - -
[25/Jul/2020:19:02:27 -0400] 0:0:0:0:0:0:0:1 "GET /admin-menu HTTP/1.1" 302 (3 ms) - -
[25/Jul/2020:19:02:27 -0400] 0:0:0:0:0:0:0:1 "GET /login HTTP/1.1" 200 (6 ms) - -
[25/Jul/2020:19:02:27 -0400] 0:0:0:0:0:0:0:1 "GET /js/scripts.js HTTP/1.1" 304 (2 ms) - -
[25/Jul/2020:19:02:27 -0400] 0:0:0:0:0:0:0:1 "GET /img/vlol_logo.png HTTP/1.1" 304 (2 ms) - -
[25/Jul/2020:19:02:42 -0400] 0:0:0:0:0:0:0:1 "GET / HTTP/1.1" 200 (1663 ms) - -
[25/Jul/2020:19:02:42 -0400] 0:0:0:0:0:0:0:1 "GET /css/bootstrap.min.css HTTP/1.1" 304 (93 ms) - -
[25/Jul/2020:19:02:42 -0400] 0:0:0:0:0:0:0:1 "GET /css/site.css HTTP/1.1" 200 (109 ms) - -
[25/Jul/2020:19:02:43 -0400] 0:0:0:0:0:0:0:1 "GET /img/vlol_cover.jpg HTTP/1.1" 304 (11 ms) - -
[25/Jul/2020:19:02:45 -0400] 0:0:0:0:0:0:0:1 "GET /console HTTP/1.1" 302 (71 ms) - -
[25/Jul/2020:19:02:45 -0400] 0:0:0:0:0:0:0:1 "GET /console/ HTTP/1.1" 200 (27 ms) - -
[25/Jul/2020:19:02:45 -0400] 0:0:0:0:0:0:0:1 "GET /console/stylesheet.css HTTP/1.1" 200 (32 ms) - -
[25/Jul/2020:19:02:45 -0400] 0:0:0:0:0:0:0:1 "GET /console/login.jsp?jsessionid=3499c30070fb7191c730b59b95eb1a53 HTTP/1.1" 200 (9 ms) - -
[25/Jul/2020:19:02:45 -0400] 0:0:0:0:0:0:0:1 "GET /console/background.gif HTTP/1.1" 200 (6 ms) - -
[25/Jul/2020:19:02:47 -0400] 0:0:0:0:0:0:0:1 "POST /login HTTP/1.1" 302 (370 ms) - -
[25/Jul/2020:19:02:47 -0400] 0:0:0:0:0:0:0:1 "GET /admin-menu HTTP/1.1" 200 (5 ms) - -
[25/Jul/2020:19:02:47 -0400] 0:0:0:0:0:0:0:1 "GET /css/site.css HTTP/1.1" 304 (3 ms) - -
[25/Jul/2020:19:02:52 -0400] 0:0:0:0:0:0:0:1 "GET /console HTTP/1.1" 302 (2 ms) - -
[25/Jul/2020:19:02:52 -0400] 0:0:0:0:0:0:0:1 "GET /console/ HTTP/1.1" 200 (2 ms) - -
[25/Jul/2020:19:02:52 -0400] 0:0:0:0:0:0:0:1 "GET /console/stylesheet.css HTTP/1.1" 304 (2 ms) - -
[25/Jul/2020:19:02:52 -0400] 0:0:0:0:0:0:0:1 "GET /console/login.jsp?jsessionid=8f50a907cd98b144c181a9fb43b0e0ee HTTP/1.1" 200 (3 ms) - -
[25/Jul/2020:19:02:52 -0400] 0:0:0:0:0:0:0:1 "GET /console/background.gif HTTP/1.1" 304 (0 ms) - -
[25/Jul/2020:19:03:33 -0400] 0:0:0:0:0:0:0:1 "POST /console/test.do?jsessionid=8f50a907cd98b144c181a9fb43b0e0ee HTTP/1.1" 200 (11 ms) - -
[25/Jul/2020:19:03:33 -0400] 0:0:0:0:0:0:0:1 "GET /console/stylesheet.css HTTP/1.1" 304 (1 ms) - -
[25/Jul/2020:19:03:36 -0400] 0:0:0:0:0:0:0:1 "POST /console/login.do?jsessionid=8f50a907cd98b144c181a9fb43b0e0ee HTTP/1.1" 200 (8 ms) - -
[25/Jul/2020:19:03:36 -0400] 0:0:0:0:0:0:0:1 "GET /console/header.jsp?jsessionid=8f50a907cd98b144c181a9fb43b0e0ee HTTP/1.1" 200 (4 ms) - -
[25/Jul/2020:19:03:36 -0400] 0:0:0:0:0:0:0:1 "GET /console/query.jsp?jsessionid=8f50a907cd98b144c181a9fb43b0e0ee HTTP/1.1" 200 (7 ms) - -
[25/Jul/2020:19:03:36 -0400] 0:0:0:0:0:0:0:1 "GET /console/help.jsp?jsessionid=8f50a907cd98b144c181a9fb43b0e0ee HTTP/1.1" 200 (4 ms) - -
[25/Jul/2020:19:03:36 -0400] 0:0:0:0:0:0:0:1 "GET /console/icon_rollback.gif HTTP/1.1" 200 (12 ms) - -
[25/Jul/2020:19:03:36 -0400] 0:0:0:0:0:0:0:1 "GET /console/icon_commit.gif HTTP/1.1" 200 (10 ms) - -
[25/Jul/2020:19:03:36 -0400] 0:0:0:0:0:0:0:1 "GET /console/icon_disconnect.gif HTTP/1.1" 200 (21 ms) - -
[25/Jul/2020:19:03:36 -0400] 0:0:0:0:0:0:0:1 "GET /console/icon_refresh.gif HTTP/1.1" 200 (21 ms) - -
[25/Jul/2020:19:03:36 -0400] 0:0:0:0:0:0:0:1 "GET /console/icon_line.gif HTTP/1.1" 200 (22 ms) - -
[25/Jul/2020:19:03:36 -0400] 0:0:0:0:0:0:0:1 "GET /console/icon_stop.gif HTTP/1.1" 200 (4 ms) - -
[25/Jul/2020:19:03:36 -0400] 0:0:0:0:0:0:0:1 "GET /console/icon_history.gif HTTP/1.1" 200 (5 ms) - -
[25/Jul/2020:19:03:36 -0400] 0:0:0:0:0:0:0:1 "GET /console/icon_run.gif HTTP/1.1" 200 (7 ms) - -
[25/Jul/2020:19:03:36 -0400] 0:0:0:0:0:0:0:1 "GET /console/icon_help.gif HTTP/1.1" 200 (14 ms) - -
[25/Jul/2020:19:03:36 -0400] 0:0:0:0:0:0:0:1 "GET /console/icon_run_selected.gif HTTP/1.1" 200 (12 ms) - -
[25/Jul/2020:19:03:36 -0400] 0:0:0:0:0:0:0:1 "GET /console/tables.do?jsessionid=8f50a907cd98b144c181a9fb43b0e0ee HTTP/1.1" 200 (116 ms) - -
[25/Jul/2020:19:03:36 -0400] 0:0:0:0:0:0:0:1 "GET /console/tree.js HTTP/1.1" 200 (3 ms) - -
[25/Jul/2020:19:03:36 -0400] 0:0:0:0:0:0:0:1 "GET /console/tree_minus.gif HTTP/1.1" 200 (5 ms) - -
[25/Jul/2020:19:03:36 -0400] 0:0:0:0:0:0:0:1 "GET /console/tree_database.gif HTTP/1.1" 200 (3 ms) - -
[25/Jul/2020:19:03:36 -0400] 0:0:0:0:0:0:0:1 "GET /console/tree_plus.gif HTTP/1.1" 200 (4 ms) - -
[25/Jul/2020:19:03:36 -0400] 0:0:0:0:0:0:0:1 "GET /console/tree_table.gif HTTP/1.1" 200 (4 ms) - -
[25/Jul/2020:19:03:36 -0400] 0:0:0:0:0:0:0:1 "GET /console/tree_empty.gif HTTP/1.1" 200 (5 ms) - -
[25/Jul/2020:19:03:36 -0400] 0:0:0:0:0:0:0:1 "GET /console/tree_column.gif HTTP/1.1" 200 (5 ms) - -
[25/Jul/2020:19:03:36 -0400] 0:0:0:0:0:0:0:1 "GET /console/tree_index_az.gif HTTP/1.1" 200 (2 ms) - -
[25/Jul/2020:19:03:36 -0400] 0:0:0:0:0:0:0:1 "GET /console/tree_type.gif HTTP/1.1" 200 (3 ms) - -
[25/Jul/2020:19:03:36 -0400] 0:0:0:0:0:0:0:1 "GET /console/tree_index.gif HTTP/1.1" 200 (2 ms) - -
[25/Jul/2020:19:03:37 -0400] 0:0:0:0:0:0:0:1 "GET /console/tree_folder.gif HTTP/1.1" 200 (6 ms) - -
[25/Jul/2020:19:03:37 -0400] 0:0:0:0:0:0:0:1 "GET /console/tree_sequence.gif HTTP/1.1" 200 (3 ms) - -
[25/Jul/2020:19:03:37 -0400] 0:0:0:0:0:0:0:1 "GET /console/tree_sequences.gif HTTP/1.1" 200 (5 ms) - -
[25/Jul/2020:19:03:37 -0400] 0:0:0:0:0:0:0:1 "GET /console/tree_users.gif HTTP/1.1" 200 (4 ms) - -
[25/Jul/2020:19:03:37 -0400] 0:0:0:0:0:0:0:1 "GET /console/tree_user.gif HTTP/1.1" 200 (4 ms) - -
[25/Jul/2020:19:03:37 -0400] 0:0:0:0:0:0:0:1 "GET /console/tree_info.gif HTTP/1.1" 200 (5 ms) - -
[25/Jul/2020:19:03:56 -0400] 0:0:0:0:0:0:0:1 "POST /console/query.do?jsessionid=8f50a907cd98b144c181a9fb43b0e0ee HTTP/1.1" 200 (12 ms) - -
[25/Jul/2020:19:03:56 -0400] 0:0:0:0:0:0:0:1 "GET /console/stylesheet.css HTTP/1.1" 304 (1 ms) - -
[25/Jul/2020:19:03:56 -0400] 0:0:0:0:0:0:0:1 "GET /console/table.js HTTP/1.1" 200 (5 ms) - -
[25/Jul/2020:19:04:33 -0400] 0:0:0:0:0:0:0:1 "GET / HTTP/1.1" 200 (4 ms) - -
[25/Jul/2020:19:04:33 -0400] 0:0:0:0:0:0:0:1 "GET /css/bootstrap.min.css HTTP/1.1" 304 (5 ms) - -
[25/Jul/2020:19:04:33 -0400] 0:0:0:0:0:0:0:1 "GET /img/vlol_cover.jpg HTTP/1.1" 304 (5 ms) - -
[25/Jul/2020:19:04:38 -0400] 0:0:0:0:0:0:0:1 "GET /admin-menu HTTP/1.1" 200 (8 ms) - -
[25/Jul/2020:19:04:38 -0400] 0:0:0:0:0:0:0:1 "GET /css/site.css HTTP/1.1" 304 (4 ms) - -
[25/Jul/2020:19:07:42 -0400] 0:0:0:0:0:0:0:1 "GET /css/site.css HTTP/1.1" 304 (3 ms) - -
[25/Jul/2020:19:07:47 -0400] 0:0:0:0:0:0:0:1 "GET /admin-menu HTTP/1.1" 200 (7 ms) - -
[25/Jul/2020:19:10:45 -0400] 0:0:0:0:0:0:0:1 "GET /list-users HTTP/1.1" 200 (24 ms) - -
[25/Jul/2020:19:10:45 -0400] 0:0:0:0:0:0:0:1 "GET /css/site.css HTTP/1.1" 304 (3 ms) - -
[25/Jul/2020:19:11:16 -0400] 0:0:0:0:0:0:0:1 "GET /edit-user/1 HTTP/1.1" 200 (35 ms) - -
[25/Jul/2020:19:13:37 -0400] 0:0:0:0:0:0:0:1 "GET /list-users HTTP/1.1" 200 (13 ms) - -
[25/Jul/2020:19:13:37 -0400] 0:0:0:0:0:0:0:1 "GET /css/site.css HTTP/1.1" 304 (3 ms) - -
[25/Jul/2020:19:13:43 -0400] 0:0:0:0:0:0:0:1 "GET /edit-user/2 HTTP/1.1" 200 (80 ms) - -
[25/Jul/2020:19:14:48 -0400] 0:0:0:0:0:0:0:1 "GET /list-users HTTP/1.1" 200 (23 ms) - -
[25/Jul/2020:19:15:04 -0400] 0:0:0:0:0:0:0:1 "GET /admin-menu HTTP/1.1" 200 (20 ms) - -
[25/Jul/2020:19:15:06 -0400] 0:0:0:0:0:0:0:1 "GET /list-conditions HTTP/1.1" 200 (10 ms) - -
[25/Jul/2020:19:15:12 -0400] 0:0:0:0:0:0:0:1 "GET /add-condition HTTP/1.1" 200 (10 ms) - -
[25/Jul/2020:19:15:14 -0400] 0:0:0:0:0:0:0:1 "POST /save-condition HTTP/1.1" 200 (15 ms) - -
[25/Jul/2020:19:15:18 -0400] 0:0:0:0:0:0:0:1 "GET /list-conditions HTTP/1.1" 200 (9 ms) - -
[25/Jul/2020:19:15:21 -0400] 0:0:0:0:0:0:0:1 "GET /admin-menu HTTP/1.1" 200 (12 ms) - -
[25/Jul/2020:19:15:22 -0400] 0:0:0:0:0:0:0:1 "GET /list-medications HTTP/1.1" 200 (64 ms) - -
[25/Jul/2020:19:15:25 -0400] 0:0:0:0:0:0:0:1 "GET /add-medication HTTP/1.1" 200 (21 ms) - -
[25/Jul/2020:19:15:27 -0400] 0:0:0:0:0:0:0:1 "POST /save-medication HTTP/1.1" 200 (22 ms) - -
[25/Jul/2020:19:15:31 -0400] 0:0:0:0:0:0:0:1 "GET /list-medications HTTP/1.1" 200 (50 ms) - -
[25/Jul/2020:19:15:33 -0400] 0:0:0:0:0:0:0:1 "GET /admin-menu HTTP/1.1" 200 (11 ms) - -
[25/Jul/2020:19:15:35 -0400] 0:0:0:0:0:0:0:1 "GET /list-roles HTTP/1.1" 200 (19 ms) - -
[25/Jul/2020:19:15:38 -0400] 0:0:0:0:0:0:0:1 "GET /add-role HTTP/1.1" 200 (14 ms) - -
[25/Jul/2020:19:15:40 -0400] 0:0:0:0:0:0:0:1 "POST /save-role HTTP/1.1" 200 (27 ms) - -
[25/Jul/2020:19:15:43 -0400] 0:0:0:0:0:0:0:1 "GET /list-roles HTTP/1.1" 200 (10 ms) - -
[25/Jul/2020:19:15:44 -0400] 0:0:0:0:0:0:0:1 "GET /admin-menu HTTP/1.1" 200 (8 ms) - -
[25/Jul/2020:19:15:49 -0400] 0:0:0:0:0:0:0:1 "GET /list-users HTTP/1.1" 200 (21 ms) - -
[25/Jul/2020:19:15:57 -0400] 0:0:0:0:0:0:0:1 "GET /add-user HTTP/1.1" 200 (23 ms) - -
[25/Jul/2020:19:16:18 -0400] 0:0:0:0:0:0:0:1 "POST /save-user HTTP/1.1" 500 (151 ms) - -
[25/Jul/2020:19:16:21 -0400] 0:0:0:0:0:0:0:1 "GET /add-user HTTP/1.1" 200 (19 ms) - -
[25/Jul/2020:19:17:24 -0400] 0:0:0:0:0:0:0:1 "GET /list-users HTTP/1.1" 200 (18 ms) - -
[25/Jul/2020:19:17:55 -0400] 0:0:0:0:0:0:0:1 "GET /admin-menu HTTP/1.1" 200 (9 ms) - -
[25/Jul/2020:19:17:55 -0400] 0:0:0:0:0:0:0:1 "GET /css/site.css HTTP/1.1" 304 (3 ms) - -
[25/Jul/2020:19:17:56 -0400] 0:0:0:0:0:0:0:1 "GET /list-medications HTTP/1.1" 200 (35 ms) - -
[25/Jul/2020:19:19:17 -0400] 0:0:0:0:0:0:0:1 "GET /edit-medication/8 HTTP/1.1" 200 (16 ms) - -
[25/Jul/2020:19:19:17 -0400] 0:0:0:0:0:0:0:1 "GET /edit-medication/favicon.ico HTTP/1.1" 400 (4 ms) - -
[25/Jul/2020:19:19:17 -0400] 0:0:0:0:0:0:0:1 "GET /edit-medication/favicon.ico HTTP/1.1" 400 (4 ms) - -
[25/Jul/2020:19:19:21 -0400] 0:0:0:0:0:0:0:1 "GET /list-allergies HTTP/1.1" 200 (9 ms) - -
[25/Jul/2020:19:19:25 -0400] 0:0:0:0:0:0:0:1 "GET /admin-menu HTTP/1.1" 200 (11 ms) - -
[25/Jul/2020:19:19:28 -0400] 0:0:0:0:0:0:0:1 "GET /list-medications HTTP/1.1" 200 (45 ms) - -
[25/Jul/2020:19:19:42 -0400] 0:0:0:0:0:0:0:1 "GET /edit-medication/8 HTTP/1.1" 200 (10 ms) - -
[25/Jul/2020:19:19:42 -0400] 0:0:0:0:0:0:0:1 "GET /edit-medication/favicon.ico HTTP/1.1" 400 (4 ms) - -
[25/Jul/2020:19:19:42 -0400] 0:0:0:0:0:0:0:1 "GET /edit-medication/favicon.ico HTTP/1.1" 400 (5 ms) - -
[25/Jul/2020:19:19:56 -0400] 0:0:0:0:0:0:0:1 "GET /list-medications HTTP/1.1" 200 (39 ms) - -
[25/Jul/2020:19:20:05 -0400] 0:0:0:0:0:0:0:1 "GET /list-medications HTTP/1.1" 200 (49 ms) - -
[25/Jul/2020:19:20:46 -0400] 0:0:0:0:0:0:0:1 "GET /edit-medication/8 HTTP/1.1" 200 (19 ms) - -
[25/Jul/2020:19:20:46 -0400] 0:0:0:0:0:0:0:1 "GET /edit-medication/favicon.ico HTTP/1.1" 400 (6 ms) - -
[25/Jul/2020:19:20:46 -0400] 0:0:0:0:0:0:0:1 "GET /edit-medication/favicon.ico HTTP/1.1" 400 (5 ms) - -
[25/Jul/2020:19:20:52 -0400] 0:0:0:0:0:0:0:1 "GET /edit-medication/8 HTTP/1.1" 200 (18 ms) - -
[25/Jul/2020:19:30:19 -0400] 0:0:0:0:0:0:0:1 "GET /edit-medication/8 HTTP/1.1" 200 (12 ms) - -
[25/Jul/2020:19:30:19 -0400] 0:0:0:0:0:0:0:1 "GET /css/site.css HTTP/1.1" 304 (2 ms) - -
[25/Jul/2020:19:30:20 -0400] 0:0:0:0:0:0:0:1 "GET /edit-medication/favicon.ico HTTP/1.1" 400 (6 ms) - -
[25/Jul/2020:19:30:20 -0400] 0:0:0:0:0:0:0:1 "GET /edit-medication/favicon.ico HTTP/1.1" 400 (4 ms) - -
[25/Jul/2020:19:30:29 -0400] 0:0:0:0:0:0:0:1 "GET /list-allergies HTTP/1.1" 200 (10 ms) - -
[25/Jul/2020:19:30:51 -0400] 0:0:0:0:0:0:0:1 "GET /edit-medication/8 HTTP/1.1" 200 (7 ms) - -
[25/Jul/2020:19:30:52 -0400] 0:0:0:0:0:0:0:1 "GET /edit-medication/favicon.ico HTTP/1.1" 400 (9 ms) - -
[25/Jul/2020:19:30:52 -0400] 0:0:0:0:0:0:0:1 "GET /edit-medication/favicon.ico HTTP/1.1" 400 (6 ms) - -
[25/Jul/2020:19:30:55 -0400] 0:0:0:0:0:0:0:1 "GET /edit-medication/8 HTTP/1.1" 200 (8 ms) - -
[25/Jul/2020:19:30:56 -0400] 0:0:0:0:0:0:0:1 "GET /edit-medication/favicon.ico HTTP/1.1" 400 (6 ms) - -
[25/Jul/2020:19:30:56 -0400] 0:0:0:0:0:0:0:1 "GET /edit-medication/favicon.ico HTTP/1.1" 400 (3 ms) - -
[25/Jul/2020:19:30:58 -0400] 0:0:0:0:0:0:0:1 "GET /list-medications HTTP/1.1" 200 (33 ms) - -
[25/Jul/2020:19:31:08 -0400] 0:0:0:0:0:0:0:1 "GET /edit-medication/28 HTTP/1.1" 200 (16 ms) - -
[25/Jul/2020:19:31:09 -0400] 0:0:0:0:0:0:0:1 "GET /edit-medication/favicon.ico HTTP/1.1" 400 (5 ms) - -
[25/Jul/2020:19:31:09 -0400] 0:0:0:0:0:0:0:1 "GET /edit-medication/favicon.ico HTTP/1.1" 400 (4 ms) - -
[25/Jul/2020:19:31:16 -0400] 0:0:0:0:0:0:0:1 "GET /list-medications HTTP/1.1" 200 (45 ms) - -
[25/Jul/2020:19:31:23 -0400] 0:0:0:0:0:0:0:1 "GET /admin-menu HTTP/1.1" 200 (12 ms) - -
[25/Jul/2020:19:31:35 -0400] 0:0:0:0:0:0:0:1 "GET /list-allergies HTTP/1.1" 200 (10 ms) - -
[25/Jul/2020:19:32:13 -0400] 0:0:0:0:0:0:0:1 "GET /admin-menu HTTP/1.1" 200 (7 ms) - -
[25/Jul/2020:19:32:20 -0400] 0:0:0:0:0:0:0:1 "GET /admin-menu HTTP/1.1" 200 (10 ms) - -
[25/Jul/2020:19:32:24 -0400] 0:0:0:0:0:0:0:1 "GET /list-medications HTTP/1.1" 200 (45 ms) - -
[25/Jul/2020:19:32:30 -0400] 0:0:0:0:0:0:0:1 "GET /admin-menu HTTP/1.1" 200 (12 ms) - -
[25/Jul/2020:19:32:39 -0400] 0:0:0:0:0:0:0:1 "GET /list-medications HTTP/1.1" 200 (38 ms) - -
[25/Jul/2020:19:32:50 -0400] 0:0:0:0:0:0:0:1 "GET /add-medication HTTP/1.1" 200 (17 ms) - -
[25/Jul/2020:19:32:57 -0400] 0:0:0:0:0:0:0:1 "GET /list-medications HTTP/1.1" 200 (45 ms) - -
[25/Jul/2020:19:33:25 -0400] 0:0:0:0:0:0:0:1 "GET / HTTP/1.1" 200 (5 ms) - -
[25/Jul/2020:19:33:25 -0400] 0:0:0:0:0:0:0:1 "GET /css/bootstrap.min.css HTTP/1.1" 304 (2 ms) - -
[25/Jul/2020:19:33:25 -0400] 0:0:0:0:0:0:0:1 "GET /img/vlol_cover.jpg HTTP/1.1" 304 (2 ms) - -
[25/Jul/2020:19:33:31 -0400] 0:0:0:0:0:0:0:1 "GET /admin-menu HTTP/1.1" 200 (9 ms) - -
[25/Jul/2020:19:34:42 -0400] 0:0:0:0:0:0:0:1 "GET /registration HTTP/1.1" 200 (18 ms) - -
[25/Jul/2020:19:34:42 -0400] 0:0:0:0:0:0:0:1 "GET /js/scripts.js HTTP/1.1" 304 (4 ms) - -
[25/Jul/2020:19:38:16 -0400] 0:0:0:0:0:0:0:1 "GET /admin-menu HTTP/1.1" 200 (11 ms) - -
[25/Jul/2020:19:38:16 -0400] 0:0:0:0:0:0:0:1 "GET /css/site.css HTTP/1.1" 304 (4 ms) - -
[25/Jul/2020:19:38:19 -0400] 0:0:0:0:0:0:0:1 "GET /list-allergies HTTP/1.1" 200 (9 ms) - -
[25/Jul/2020:19:38:23 -0400] 0:0:0:0:0:0:0:1 "GET /edit-allergy/2 HTTP/1.1" 200 (22 ms) - -
[25/Jul/2020:19:38:23 -0400] 0:0:0:0:0:0:0:1 "GET /edit-allergy/favicon.ico HTTP/1.1" 400 (5 ms) - -
[25/Jul/2020:19:38:23 -0400] 0:0:0:0:0:0:0:1 "GET /edit-allergy/favicon.ico HTTP/1.1" 400 (3 ms) - -
[25/Jul/2020:19:38:26 -0400] 0:0:0:0:0:0:0:1 "POST /update-allergy HTTP/1.1" 302 (8 ms) - -
[25/Jul/2020:19:38:26 -0400] 0:0:0:0:0:0:0:1 "GET /list-allergies HTTP/1.1" 200 (8 ms) - -
[25/Jul/2020:19:38:29 -0400] 0:0:0:0:0:0:0:1 "GET /edit-allergy/2 HTTP/1.1" 200 (8 ms) - -
[25/Jul/2020:19:38:29 -0400] 0:0:0:0:0:0:0:1 "GET /edit-allergy/favicon.ico HTTP/1.1" 400 (6 ms) - -
[25/Jul/2020:19:38:29 -0400] 0:0:0:0:0:0:0:1 "GET /edit-allergy/favicon.ico HTTP/1.1" 400 (8 ms) - -
[25/Jul/2020:19:38:34 -0400] 0:0:0:0:0:0:0:1 "POST /update-allergy HTTP/1.1" 200 (7 ms) - -
[25/Jul/2020:19:38:52 -0400] 0:0:0:0:0:0:0:1 "POST /update-allergy HTTP/1.1" 200 (8 ms) - -
[25/Jul/2020:19:38:58 -0400] 0:0:0:0:0:0:0:1 "GET /list-allergies HTTP/1.1" 200 (10 ms) - -
[25/Jul/2020:19:39:03 -0400] 0:0:0:0:0:0:0:1 "GET /admin-menu HTTP/1.1" 200 (10 ms) - -
[25/Jul/2020:19:39:05 -0400] 0:0:0:0:0:0:0:1 "GET /list-users HTTP/1.1" 200 (14 ms) - -
[25/Jul/2020:19:39:07 -0400] 0:0:0:0:0:0:0:1 "GET /add-user HTTP/1.1" 200 (19 ms) - -
[25/Jul/2020:19:44:01 -0400] 0:0:0:0:0:0:0:1 "GET /admin-menu HTTP/1.1" 200 (9 ms) - -
[25/Jul/2020:19:44:01 -0400] 0:0:0:0:0:0:0:1 "GET /css/site.css HTTP/1.1" 304 (4 ms) - -
[25/Jul/2020:19:47:01 -0400] 0:0:0:0:0:0:0:1 "GET /console HTTP/1.1" 302 (1 ms) - -
[25/Jul/2020:19:47:01 -0400] 0:0:0:0:0:0:0:1 "GET /console/ HTTP/1.1" 200 (3 ms) - -
[25/Jul/2020:19:47:01 -0400] 0:0:0:0:0:0:0:1 "GET /console/stylesheet.css HTTP/1.1" 304 (1 ms) - -
[25/Jul/2020:19:47:01 -0400] 0:0:0:0:0:0:0:1 "GET /console/login.jsp?jsessionid=9e24973817ed5817191a7facd965142d HTTP/1.1" 200 (1 ms) - -
[25/Jul/2020:19:47:01 -0400] 0:0:0:0:0:0:0:1 "GET /console/background.gif HTTP/1.1" 304 (1 ms) - -
[25/Jul/2020:19:47:21 -0400] 0:0:0:0:0:0:0:1 "GET /admin-menu HTTP/1.1" 200 (8 ms) - -
[25/Jul/2020:19:48:48 -0400] 0:0:0:0:0:0:0:1 "GET /list-users HTTP/1.1" 200 (18 ms) - -
[25/Jul/2020:19:48:51 -0400] 0:0:0:0:0:0:0:1 "GET /add-user HTTP/1.1" 200 (16 ms) - -
[25/Jul/2020:19:49:05 -0400] 0:0:0:0:0:0:0:1 "GET /list-users HTTP/1.1" 200 (12 ms) - -
[25/Jul/2020:19:49:08 -0400] 0:0:0:0:0:0:0:1 "GET /edit-user/1 HTTP/1.1" 200 (40 ms) - -
[25/Jul/2020:19:49:21 -0400] 0:0:0:0:0:0:0:1 "GET /list-users HTTP/1.1" 200 (14 ms) - -
[25/Jul/2020:19:50:14 -0400] 0:0:0:0:0:0:0:1 "GET /admin-menu HTTP/1.1" 200 (10 ms) - -
[25/Jul/2020:19:50:14 -0400] 0:0:0:0:0:0:0:1 "GET /css/site.css HTTP/1.1" 304 (5 ms) - -
[25/Jul/2020:22:01:40 -0400] 0:0:0:0:0:0:0:1 "GET /admin-menu HTTP/1.1" 302 (2 ms) - -
[25/Jul/2020:22:01:40 -0400] 0:0:0:0:0:0:0:1 "GET /login HTTP/1.1" 200 (5 ms) - -
[25/Jul/2020:22:01:40 -0400] 0:0:0:0:0:0:0:1 "GET /js/scripts.js HTTP/1.1" 304 (2 ms) - -
[25/Jul/2020:22:01:40 -0400] 0:0:0:0:0:0:0:1 "GET /img/vlol_logo.png HTTP/1.1" 304 (2 ms) - -
[25/Jul/2020:22:05:34 -0400] 0:0:0:0:0:0:0:1 "POST /login HTTP/1.1" 302 (334 ms) - -
[25/Jul/2020:22:05:34 -0400] 0:0:0:0:0:0:0:1 "GET /admin-menu HTTP/1.1" 200 (6 ms) - -
[25/Jul/2020:22:05:34 -0400] 0:0:0:0:0:0:0:1 "GET /css/site.css HTTP/1.1" 304 (3 ms) - -
[25/Jul/2020:22:05:36 -0400] 0:0:0:0:0:0:0:1 "GET /list-users HTTP/1.1" 200 (14 ms) - -
[25/Jul/2020:22:05:39 -0400] 0:0:0:0:0:0:0:1 "GET /add-user HTTP/1.1" 200 (10 ms) - -
[25/Jul/2020:22:12:36 -0400] 0:0:0:0:0:0:0:1 "GET /add-user HTTP/1.1" 200 (10 ms) - -
[25/Jul/2020:22:18:54 -0400] 0:0:0:0:0:0:0:1 "GET /add-user HTTP/1.1" 200 (12 ms) - -
[25/Jul/2020:22:27:33 -0400] 0:0:0:0:0:0:0:1 "GET /add-user HTTP/1.1" 200 (13 ms) - -
[25/Jul/2020:22:27:33 -0400] 0:0:0:0:0:0:0:1 "GET /css/site.css HTTP/1.1" 304 (2 ms) - -
[25/Jul/2020:22:37:53 -0400] 0:0:0:0:0:0:0:1 "GET /add-user HTTP/1.1" 200 (15 ms) - -
[25/Jul/2020:22:38:00 -0400] 0:0:0:0:0:0:0:1 "POST /save-user HTTP/1.1" 500 (113 ms) - -
[25/Jul/2020:22:55:13 -0400] 0:0:0:0:0:0:0:1 "GET /add-user HTTP/1.1" 200 (13 ms) - -
[25/Jul/2020:23:06:54 -0400] 0:0:0:0:0:0:0:1 "POST /save-user HTTP/1.1" 500 (104 ms) - -
[25/Jul/2020:23:06:57 -0400] 0:0:0:0:0:0:0:1 "GET /add-user HTTP/1.1" 200 (14 ms) - -
[25/Jul/2020:23:07:07 -0400] 0:0:0:0:0:0:0:1 "GET /add-user HTTP/1.1" 200 (12 ms) - -
[25/Jul/2020:23:07:07 -0400] 0:0:0:0:0:0:0:1 "GET /css/site.css HTTP/1.1" 304 (2 ms) - -
[25/Jul/2020:23:17:36 -0400] 0:0:0:0:0:0:0:1 "GET /add-user HTTP/1.1" 200 (14 ms) - -
[25/Jul/2020:23:23:06 -0400] 0:0:0:0:0:0:0:1 "GET /list-allergies HTTP/1.1" 200 (10 ms) - -
[25/Jul/2020:23:23:39 -0400] 0:0:0:0:0:0:0:1 "GET /add-user HTTP/1.1" 200 (12 ms) - -
[25/Jul/2020:23:23:49 -0400] 0:0:0:0:0:0:0:1 "GET /list-users HTTP/1.1" 200 (18 ms) - -
[25/Jul/2020:23:23:57 -0400] 0:0:0:0:0:0:0:1 "GET /add-user HTTP/1.1" 200 (14 ms) - -
[25/Jul/2020:23:24:19 -0400] 0:0:0:0:0:0:0:1 "GET /add-user HTTP/1.1" 200 (14 ms) - -
[25/Jul/2020:23:24:24 -0400] 0:0:0:0:0:0:0:1 "GET /list-users HTTP/1.1" 200 (14 ms) - -
[25/Jul/2020:23:24:29 -0400] 0:0:0:0:0:0:0:1 "GET /edit-user/1 HTTP/1.1" 200 (28 ms) - -
[25/Jul/2020:23:30:16 -0400] 0:0:0:0:0:0:0:1 "GET /edit-user/1 HTTP/1.1" 200 (20 ms) - -
[25/Jul/2020:23:30:16 -0400] 0:0:0:0:0:0:0:1 "GET /edit-user/favicon.ico HTTP/1.1" 400 (7 ms) - -
[25/Jul/2020:23:30:16 -0400] 0:0:0:0:0:0:0:1 "GET /edit-user/favicon.ico HTTP/1.1" 400 (5 ms) - -
[25/Jul/2020:23:41:03 -0400] 0:0:0:0:0:0:0:1 "GET /edit-user/1 HTTP/1.1" 200 (19 ms) - -
[25/Jul/2020:23:41:03 -0400] 0:0:0:0:0:0:0:1 "GET /css/site.css HTTP/1.1" 304 (2 ms) - -
[25/Jul/2020:23:41:03 -0400] 0:0:0:0:0:0:0:1 "GET /edit-user/favicon.ico HTTP/1.1" 400 (4 ms) - -
[25/Jul/2020:23:41:03 -0400] 0:0:0:0:0:0:0:1 "GET /edit-user/favicon.ico HTTP/1.1" 400 (6 ms) - -
[25/Jul/2020:23:44:42 -0400] 0:0:0:0:0:0:0:1 "GET /edit-user/1 HTTP/1.1" 200 (26 ms) - -
[25/Jul/2020:23:44:42 -0400] 0:0:0:0:0:0:0:1 "GET /edit-user/favicon.ico HTTP/1.1" 400 (4 ms) - -
[25/Jul/2020:23:44:42 -0400] 0:0:0:0:0:0:0:1 "GET /edit-user/favicon.ico HTTP/1.1" 400 (5 ms) - -
[25/Jul/2020:23:49:20 -0400] 0:0:0:0:0:0:0:1 "GET /edit-user/1 HTTP/1.1" 200 (25 ms) - -
[25/Jul/2020:23:49:20 -0400] 0:0:0:0:0:0:0:1 "GET /edit-user/favicon.ico HTTP/1.1" 400 (3 ms) - -
[25/Jul/2020:23:49:20 -0400] 0:0:0:0:0:0:0:1 "GET /edit-user/favicon.ico HTTP/1.1" 400 (3 ms) - -
[25/Jul/2020:23:50:14 -0400] 0:0:0:0:0:0:0:1 "GET /edit-user/1 HTTP/1.1" 200 (20 ms) - -
[25/Jul/2020:23:50:14 -0400] 0:0:0:0:0:0:0:1 "GET /edit-user/favicon.ico HTTP/1.1" 400 (3 ms) - -
[25/Jul/2020:23:50:14 -0400] 0:0:0:0:0:0:0:1 "GET /edit-user/favicon.ico HTTP/1.1" 400 (2 ms) - -
[25/Jul/2020:23:53:55 -0400] 0:0:0:0:0:0:0:1 "GET /edit-user/1 HTTP/1.1" 200 (20 ms) - -
[25/Jul/2020:23:53:55 -0400] 0:0:0:0:0:0:0:1 "GET /edit-user/favicon.ico HTTP/1.1" 400 (3 ms) - -
[25/Jul/2020:23:53:56 -0400] 0:0:0:0:0:0:0:1 "GET /edit-user/favicon.ico HTTP/1.1" 400 (6 ms) - -
[25/Jul/2020:23:55:47 -0400] 0:0:0:0:0:0:0:1 "GET /edit-user/1 HTTP/1.1" 200 (21 ms) - -
[25/Jul/2020:23:55:47 -0400] 0:0:0:0:0:0:0:1 "GET /edit-user/favicon.ico HTTP/1.1" 400 (4 ms) - -
[25/Jul/2020:23:55:47 -0400] 0:0:0:0:0:0:0:1 "GET /edit-user/favicon.ico HTTP/1.1" 400 (6 ms) - -
[25/Jul/2020:23:59:33 -0400] 0:0:0:0:0:0:0:1 "GET /edit-user/1 HTTP/1.1" 200 (20 ms) - -
[25/Jul/2020:23:59:33 -0400] 0:0:0:0:0:0:0:1 "GET /edit-user/favicon.ico HTTP/1.1" 400 (4 ms) - -
[25/Jul/2020:23:59:33 -0400] 0:0:0:0:0:0:0:1 "GET /edit-user/favicon.ico HTTP/1.1" 400 (5 ms) - -
