[23/Jul/2020:11:49:41 -0400] 0:0:0:0:0:0:0:1 "GET / HTTP/1.1" 200 (404 ms) - -
[23/Jul/2020:11:49:41 -0400] 0:0:0:0:0:0:0:1 "GET /css/site.css HTTP/1.1" 200 (15 ms) - -
[23/Jul/2020:11:49:41 -0400] 0:0:0:0:0:0:0:1 "GET /img/vlol_cover.jpg HTTP/1.1" 200 (18 ms) - -
[23/Jul/2020:11:49:41 -0400] 0:0:0:0:0:0:0:1 "GET /css/bootstrap.min.css HTTP/1.1" 200 (20 ms) - -
[23/Jul/2020:11:49:42 -0400] 0:0:0:0:0:0:0:1 "GET / HTTP/1.1" 200 (15 ms) - -
[23/Jul/2020:11:50:02 -0400] 0:0:0:0:0:0:0:1 "GET /admin-menu HTTP/1.1" 302 (23 ms) - -
[23/Jul/2020:11:50:02 -0400] 0:0:0:0:0:0:0:1 "GET /login HTTP/1.1" 200 (21 ms) - -
[23/Jul/2020:11:50:02 -0400] 0:0:0:0:0:0:0:1 "GET /js/scripts.js HTTP/1.1" 200 (4 ms) - -
[23/Jul/2020:11:50:02 -0400] 0:0:0:0:0:0:0:1 "GET /img/vlol_logo.png HTTP/1.1" 200 (6 ms) - -
[23/Jul/2020:11:50:22 -0400] 0:0:0:0:0:0:0:1 "GET / HTTP/1.1" 200 (9 ms) - -
[23/Jul/2020:11:50:24 -0400] 0:0:0:0:0:0:0:1 "GET / HTTP/1.1" 200 (12 ms) - -
[23/Jul/2020:11:50:24 -0400] 0:0:0:0:0:0:0:1 "GET /css/site.css HTTP/1.1" 304 (4 ms) - -
[23/Jul/2020:11:50:24 -0400] 0:0:0:0:0:0:0:1 "GET /img/vlol_cover.jpg HTTP/1.1" 304 (3 ms) - -
[23/Jul/2020:11:50:24 -0400] 0:0:0:0:0:0:0:1 "GET /css/bootstrap.min.css HTTP/1.1" 304 (4 ms) - -
[23/Jul/2020:11:50:26 -0400] 0:0:0:0:0:0:0:1 "GET /admin-menu HTTP/1.1" 302 (8 ms) - -
[23/Jul/2020:11:50:26 -0400] 0:0:0:0:0:0:0:1 "GET /login HTTP/1.1" 200 (6 ms) - -
[23/Jul/2020:11:50:26 -0400] 0:0:0:0:0:0:0:1 "GET /img/vlol_logo.png HTTP/1.1" 304 (2 ms) - -
[23/Jul/2020:11:50:26 -0400] 0:0:0:0:0:0:0:1 "GET /js/scripts.js HTTP/1.1" 304 (3 ms) - -
[23/Jul/2020:11:53:07 -0400] 0:0:0:0:0:0:0:1 "GET / HTTP/1.1" 200 (8 ms) - -
[23/Jul/2020:11:53:09 -0400] 0:0:0:0:0:0:0:1 "GET /login HTTP/1.1" 200 (12 ms) - -
[23/Jul/2020:11:53:09 -0400] 0:0:0:0:0:0:0:1 "GET /img/vlol_logo.png HTTP/1.1" 304 (6 ms) - -
[23/Jul/2020:11:53:09 -0400] 0:0:0:0:0:0:0:1 "GET /js/scripts.js HTTP/1.1" 304 (5 ms) - -
[23/Jul/2020:11:53:22 -0400] 0:0:0:0:0:0:0:1 "GET / HTTP/1.1" 200 (6 ms) - -
[23/Jul/2020:11:53:46 -0400] 0:0:0:0:0:0:0:1 "GET /console HTTP/1.1" 302 (5008 ms) - -
[23/Jul/2020:11:53:46 -0400] 0:0:0:0:0:0:0:1 "GET /console/ HTTP/1.1" 200 (15 ms) - -
[23/Jul/2020:11:53:46 -0400] 0:0:0:0:0:0:0:1 "GET /console/stylesheet.css HTTP/1.1" 200 (6 ms) - -
[23/Jul/2020:11:53:46 -0400] 0:0:0:0:0:0:0:1 "GET /console/login.jsp?jsessionid=4b303c6599e05dd0b8befc23b4efb07d HTTP/1.1" 200 (5 ms) - -
[23/Jul/2020:11:53:46 -0400] 0:0:0:0:0:0:0:1 "GET /console/background.gif HTTP/1.1" 200 (6 ms) - -
[23/Jul/2020:11:53:53 -0400] 0:0:0:0:0:0:0:1 "GET / HTTP/1.1" 200 (9 ms) - -
[23/Jul/2020:11:59:05 -0400] 0:0:0:0:0:0:0:1 "GET / HTTP/1.1" 200 (9 ms) - -
[23/Jul/2020:11:59:05 -0400] 0:0:0:0:0:0:0:1 "GET /css/site.css HTTP/1.1" 304 (3 ms) - -
[23/Jul/2020:11:59:05 -0400] 0:0:0:0:0:0:0:1 "GET /css/bootstrap.min.css HTTP/1.1" 304 (3 ms) - -
[23/Jul/2020:11:59:05 -0400] 0:0:0:0:0:0:0:1 "GET /img/vlol_cover.jpg HTTP/1.1" 304 (3 ms) - -
[23/Jul/2020:11:59:07 -0400] 0:0:0:0:0:0:0:1 "GET /admin-menu HTTP/1.1" 302 (6 ms) - -
[23/Jul/2020:11:59:07 -0400] 0:0:0:0:0:0:0:1 "GET /login HTTP/1.1" 200 (8 ms) - -
[23/Jul/2020:11:59:07 -0400] 0:0:0:0:0:0:0:1 "GET /js/scripts.js HTTP/1.1" 304 (4 ms) - -
[23/Jul/2020:11:59:07 -0400] 0:0:0:0:0:0:0:1 "GET /img/vlol_logo.png HTTP/1.1" 304 (2 ms) - -
[23/Jul/2020:12:00:20 -0400] 0:0:0:0:0:0:0:1 "GET /login HTTP/1.1" 200 (9 ms) - -
[23/Jul/2020:12:00:20 -0400] 0:0:0:0:0:0:0:1 "GET /img/vlol_logo.png HTTP/1.1" 304 (2 ms) - -
[23/Jul/2020:12:00:20 -0400] 0:0:0:0:0:0:0:1 "GET /js/scripts.js HTTP/1.1" 304 (3 ms) - -
[23/Jul/2020:12:03:19 -0400] 0:0:0:0:0:0:0:1 "GET /login HTTP/1.1" 200 (6 ms) - -
[23/Jul/2020:12:03:19 -0400] 0:0:0:0:0:0:0:1 "GET /img/vlol_logo.png HTTP/1.1" 304 (2 ms) - -
[23/Jul/2020:12:03:19 -0400] 0:0:0:0:0:0:0:1 "GET /js/scripts.js HTTP/1.1" 304 (2 ms) - -
[23/Jul/2020:12:04:40 -0400] 0:0:0:0:0:0:0:1 "GET /login HTTP/1.1" 200 (9 ms) - -
[23/Jul/2020:12:04:59 -0400] 0:0:0:0:0:0:0:1 "GET / HTTP/1.1" 200 (10 ms) - -
[23/Jul/2020:12:04:59 -0400] 0:0:0:0:0:0:0:1 "GET /css/bootstrap.min.css HTTP/1.1" 304 (2 ms) - -
[23/Jul/2020:12:04:59 -0400] 0:0:0:0:0:0:0:1 "GET /css/site.css HTTP/1.1" 304 (4 ms) - -
[23/Jul/2020:12:04:59 -0400] 0:0:0:0:0:0:0:1 "GET /img/vlol_cover.jpg HTTP/1.1" 304 (2 ms) - -
[23/Jul/2020:12:05:41 -0400] 0:0:0:0:0:0:0:1 "GET /admin-menu HTTP/1.1" 302 (4 ms) - -
[23/Jul/2020:12:05:41 -0400] 0:0:0:0:0:0:0:1 "GET /login HTTP/1.1" 200 (6 ms) - -
[23/Jul/2020:12:05:41 -0400] 0:0:0:0:0:0:0:1 "GET /js/scripts.js HTTP/1.1" 304 (4 ms) - -
[23/Jul/2020:12:05:41 -0400] 0:0:0:0:0:0:0:1 "GET /img/vlol_logo.png HTTP/1.1" 304 (2 ms) - -
[23/Jul/2020:12:06:09 -0400] 0:0:0:0:0:0:0:1 "GET /registration HTTP/1.1" 200 (130 ms) - -
[23/Jul/2020:12:06:21 -0400] 0:0:0:0:0:0:0:1 "GET /login HTTP/1.1" 200 (7 ms) - -
[23/Jul/2020:12:06:33 -0400] 0:0:0:0:0:0:0:1 "GET / HTTP/1.1" 200 (8 ms) - -
[23/Jul/2020:12:06:35 -0400] 0:0:0:0:0:0:0:1 "GET /login HTTP/1.1" 200 (5 ms) - -
[23/Jul/2020:12:08:20 -0400] 0:0:0:0:0:0:0:1 "GET / HTTP/1.1" 200 (5 ms) - -
[23/Jul/2020:12:11:05 -0400] 0:0:0:0:0:0:0:1 "GET / HTTP/1.1" 200 (6 ms) - -
[23/Jul/2020:12:11:05 -0400] 0:0:0:0:0:0:0:1 "GET /css/site.css HTTP/1.1" 200 (3 ms) - -
[23/Jul/2020:12:11:05 -0400] 0:0:0:0:0:0:0:1 "GET /css/bootstrap.min.css HTTP/1.1" 304 (3 ms) - -
[23/Jul/2020:12:11:05 -0400] 0:0:0:0:0:0:0:1 "GET /img/vlol_cover.jpg HTTP/1.1" 304 (3 ms) - -
[23/Jul/2020:12:11:14 -0400] 0:0:0:0:0:0:0:1 "GET /admin-menu HTTP/1.1" 302 (4 ms) - -
[23/Jul/2020:12:11:14 -0400] 0:0:0:0:0:0:0:1 "GET /login HTTP/1.1" 200 (7 ms) - -
[23/Jul/2020:12:11:14 -0400] 0:0:0:0:0:0:0:1 "GET /js/scripts.js HTTP/1.1" 304 (4 ms) - -
[23/Jul/2020:12:11:14 -0400] 0:0:0:0:0:0:0:1 "GET /img/vlol_logo.png HTTP/1.1" 304 (2 ms) - -
[23/Jul/2020:12:11:24 -0400] 0:0:0:0:0:0:0:1 "GET /admin-menu HTTP/1.1" 302 (2 ms) - -
[23/Jul/2020:12:11:24 -0400] 0:0:0:0:0:0:0:1 "GET /login HTTP/1.1" 200 (7 ms) - -
[23/Jul/2020:12:11:27 -0400] 0:0:0:0:0:0:0:1 "GET / HTTP/1.1" 200 (7 ms) - -
[23/Jul/2020:12:11:27 -0400] 0:0:0:0:0:0:0:1 "GET /css/site.css HTTP/1.1" 304 (3 ms) - -
[23/Jul/2020:12:11:34 -0400] 0:0:0:0:0:0:0:1 "GET /login HTTP/1.1" 200 (6 ms) - -
[23/Jul/2020:12:13:32 -0400] 0:0:0:0:0:0:0:1 "GET / HTTP/1.1" 200 (6 ms) - -
[23/Jul/2020:12:13:32 -0400] 0:0:0:0:0:0:0:1 "GET /css/site.css HTTP/1.1" 304 (2 ms) - -
[23/Jul/2020:12:13:32 -0400] 0:0:0:0:0:0:0:1 "GET /css/bootstrap.min.css HTTP/1.1" 304 (3 ms) - -
[23/Jul/2020:12:13:32 -0400] 0:0:0:0:0:0:0:1 "GET /img/vlol_cover.jpg HTTP/1.1" 304 (2 ms) - -
[23/Jul/2020:12:13:40 -0400] 0:0:0:0:0:0:0:1 "GET / HTTP/1.1" 200 (6 ms) - -
[23/Jul/2020:12:17:13 -0400] 0:0:0:0:0:0:0:1 "GET / HTTP/1.1" 200 (7 ms) - -
[23/Jul/2020:12:17:13 -0400] 0:0:0:0:0:0:0:1 "GET /css/bootstrap.min.css HTTP/1.1" 304 (3 ms) - -
[23/Jul/2020:12:17:13 -0400] 0:0:0:0:0:0:0:1 "GET /css/site.css HTTP/1.1" 200 (6 ms) - -
[23/Jul/2020:12:17:13 -0400] 0:0:0:0:0:0:0:1 "GET /img/vlol_cover.jpg HTTP/1.1" 304 (6 ms) - -
[23/Jul/2020:12:21:00 -0400] 0:0:0:0:0:0:0:1 "GET / HTTP/1.1" 200 (4 ms) - -
[23/Jul/2020:12:21:00 -0400] 0:0:0:0:0:0:0:1 "GET /css/site.css HTTP/1.1" 200 (3 ms) - -
[23/Jul/2020:12:21:00 -0400] 0:0:0:0:0:0:0:1 "GET /css/bootstrap.min.css HTTP/1.1" 304 (5 ms) - -
[23/Jul/2020:12:21:00 -0400] 0:0:0:0:0:0:0:1 "GET /img/vlol_cover.jpg HTTP/1.1" 304 (3 ms) - -
[23/Jul/2020:12:21:26 -0400] 0:0:0:0:0:0:0:1 "GET / HTTP/1.1" 200 (7 ms) - -
[23/Jul/2020:12:21:26 -0400] 0:0:0:0:0:0:0:1 "GET /css/site.css HTTP/1.1" 304 (3 ms) - -
[23/Jul/2020:12:21:51 -0400] 0:0:0:0:0:0:0:1 "GET /about HTTP/1.1" 200 (6 ms) - -
[23/Jul/2020:12:21:51 -0400] 0:0:0:0:0:0:0:1 "GET /css/site.css HTTP/1.1" 304 (3 ms) - -
[23/Jul/2020:12:21:51 -0400] 0:0:0:0:0:0:0:1 "GET /img/vlol_logo.png HTTP/1.1" 304 (3 ms) - -
[23/Jul/2020:12:21:51 -0400] 0:0:0:0:0:0:0:1 "GET /img/umgc_logo.png HTTP/1.1" 200 (4 ms) - -
[23/Jul/2020:12:22:30 -0400] 0:0:0:0:0:0:0:1 "GET /about HTTP/1.1" 200 (5 ms) - -
[23/Jul/2020:12:22:30 -0400] 0:0:0:0:0:0:0:1 "GET /css/site.css HTTP/1.1" 200 (4 ms) - -
[23/Jul/2020:12:22:58 -0400] 0:0:0:0:0:0:0:1 "GET / HTTP/1.1" 200 (5 ms) - -
[23/Jul/2020:12:22:58 -0400] 0:0:0:0:0:0:0:1 "GET /css/site.css HTTP/1.1" 304 (3 ms) - -
[23/Jul/2020:12:23:02 -0400] 0:0:0:0:0:0:0:1 "GET / HTTP/1.1" 200 (6 ms) - -
[23/Jul/2020:12:23:02 -0400] 0:0:0:0:0:0:0:1 "GET /css/site.css HTTP/1.1" 304 (2 ms) - -
[23/Jul/2020:12:23:08 -0400] 0:0:0:0:0:0:0:1 "GET /admin-menu HTTP/1.1" 302 (2 ms) - -
[23/Jul/2020:12:23:08 -0400] 0:0:0:0:0:0:0:1 "GET /login HTTP/1.1" 200 (6 ms) - -
[23/Jul/2020:12:23:08 -0400] 0:0:0:0:0:0:0:1 "GET /js/scripts.js HTTP/1.1" 304 (4 ms) - -
[23/Jul/2020:12:27:14 -0400] 0:0:0:0:0:0:0:1 "GET /registration HTTP/1.1" 200 (30 ms) - -
[23/Jul/2020:12:27:17 -0400] 0:0:0:0:0:0:0:1 "GET /login HTTP/1.1" 200 (6 ms) - -
[23/Jul/2020:12:39:30 -0400] 0:0:0:0:0:0:0:1 "GET /registration HTTP/1.1" 200 (24 ms) - -
[23/Jul/2020:12:39:30 -0400] 0:0:0:0:0:0:0:1 "GET /css/site.css HTTP/1.1" 304 (2 ms) - -
[23/Jul/2020:12:39:30 -0400] 0:0:0:0:0:0:0:1 "GET /css/bootstrap.min.css HTTP/1.1" 304 (3 ms) - -
[23/Jul/2020:12:41:41 -0400] 0:0:0:0:0:0:0:1 "GET /registration HTTP/1.1" 200 (19 ms) - -
[23/Jul/2020:12:41:41 -0400] 0:0:0:0:0:0:0:1 "GET /css/site.css HTTP/1.1" 304 (2 ms) - -
[23/Jul/2020:12:41:41 -0400] 0:0:0:0:0:0:0:1 "GET /js/scripts.js HTTP/1.1" 304 (3 ms) - -
[23/Jul/2020:12:42:17 -0400] 0:0:0:0:0:0:0:1 "GET /registration HTTP/1.1" 200 (16 ms) - -
[23/Jul/2020:12:42:46 -0400] 0:0:0:0:0:0:0:1 "GET / HTTP/1.1" 200 (5 ms) - -
[23/Jul/2020:12:42:46 -0400] 0:0:0:0:0:0:0:1 "GET /img/vlol_cover.jpg HTTP/1.1" 304 (4 ms) - -
[23/Jul/2020:12:42:48 -0400] 0:0:0:0:0:0:0:1 "GET /registration HTTP/1.1" 200 (18 ms) - -
[23/Jul/2020:12:42:51 -0400] 0:0:0:0:0:0:0:1 "GET /login HTTP/1.1" 200 (6 ms) - -
[23/Jul/2020:12:42:51 -0400] 0:0:0:0:0:0:0:1 "GET /img/vlol_logo.png HTTP/1.1" 304 (2 ms) - -
[23/Jul/2020:12:43:01 -0400] 0:0:0:0:0:0:0:1 "GET /registration HTTP/1.1" 200 (20 ms) - -
[23/Jul/2020:15:37:07 -0400] 0:0:0:0:0:0:0:1 "GET /registration HTTP/1.1" 200 (25 ms) - -
[23/Jul/2020:15:37:07 -0400] 0:0:0:0:0:0:0:1 "GET /css/site.css HTTP/1.1" 304 (4 ms) - -
[23/Jul/2020:15:37:07 -0400] 0:0:0:0:0:0:0:1 "GET /css/bootstrap.min.css HTTP/1.1" 304 (3 ms) - -
[23/Jul/2020:15:37:07 -0400] 0:0:0:0:0:0:0:1 "GET /js/scripts.js HTTP/1.1" 304 (3 ms) - -
[23/Jul/2020:15:38:46 -0400] 0:0:0:0:0:0:0:1 "GET /registration HTTP/1.1" 200 (15 ms) - -
[23/Jul/2020:15:39:59 -0400] 0:0:0:0:0:0:0:1 "GET /registration HTTP/1.1" 200 (14 ms) - -
[23/Jul/2020:15:40:01 -0400] 0:0:0:0:0:0:0:1 "GET /registration HTTP/1.1" 200 (14 ms) - -
[23/Jul/2020:15:40:25 -0400] 0:0:0:0:0:0:0:1 "GET /registration HTTP/1.1" 200 (17 ms) - -
[23/Jul/2020:15:40:27 -0400] 0:0:0:0:0:0:0:1 "GET /registration HTTP/1.1" 200 (16 ms) - -
[23/Jul/2020:15:40:28 -0400] 0:0:0:0:0:0:0:1 "GET /registration HTTP/1.1" 200 (14 ms) - -
[23/Jul/2020:15:40:29 -0400] 0:0:0:0:0:0:0:1 "GET /registration HTTP/1.1" 200 (15 ms) - -
[23/Jul/2020:15:40:29 -0400] 0:0:0:0:0:0:0:1 "GET /registration HTTP/1.1" 200 (15 ms) - -
[23/Jul/2020:15:40:30 -0400] 0:0:0:0:0:0:0:1 "GET /registration HTTP/1.1" 200 (14 ms) - -
[23/Jul/2020:15:40:30 -0400] 0:0:0:0:0:0:0:1 "GET /registration HTTP/1.1" 200 (15 ms) - -
[23/Jul/2020:15:40:31 -0400] 0:0:0:0:0:0:0:1 "GET /registration HTTP/1.1" 200 (15 ms) - -
[23/Jul/2020:15:40:31 -0400] 0:0:0:0:0:0:0:1 "GET /registration HTTP/1.1" 200 (14 ms) - -
[23/Jul/2020:15:40:31 -0400] 0:0:0:0:0:0:0:1 "GET /registration HTTP/1.1" 200 (15 ms) - -
[23/Jul/2020:15:40:32 -0400] 0:0:0:0:0:0:0:1 "GET /registration HTTP/1.1" 200 (17 ms) - -
[23/Jul/2020:15:40:59 -0400] 0:0:0:0:0:0:0:1 "GET / HTTP/1.1" 200 (8 ms) - -
[23/Jul/2020:15:40:59 -0400] 0:0:0:0:0:0:0:1 "GET /img/vlol_cover.jpg HTTP/1.1" 304 (3 ms) - -
[23/Jul/2020:15:41:04 -0400] 0:0:0:0:0:0:0:1 "GET /registration HTTP/1.1" 200 (15 ms) - -
[23/Jul/2020:15:44:28 -0400] 0:0:0:0:0:0:0:1 "GET /registration HTTP/1.1" 200 (50 ms) - -
[23/Jul/2020:15:44:31 -0400] 0:0:0:0:0:0:0:1 "GET /registration HTTP/1.1" 200 (13 ms) - -
[23/Jul/2020:15:45:03 -0400] 0:0:0:0:0:0:0:1 "GET /registration HTTP/1.1" 200 (15 ms) - -
[23/Jul/2020:15:45:24 -0400] 0:0:0:0:0:0:0:1 "GET /registration HTTP/1.1" 200 (13 ms) - -
[23/Jul/2020:15:45:42 -0400] 0:0:0:0:0:0:0:1 "GET /registration HTTP/1.1" 200 (14 ms) - -
[23/Jul/2020:15:45:43 -0400] 0:0:0:0:0:0:0:1 "GET /registration HTTP/1.1" 200 (20 ms) - -
[23/Jul/2020:15:46:38 -0400] 0:0:0:0:0:0:0:1 "GET /registration HTTP/1.1" 200 (14 ms) - -
[23/Jul/2020:15:46:46 -0400] 0:0:0:0:0:0:0:1 "GET /registration HTTP/1.1" 200 (14 ms) - -
[23/Jul/2020:15:47:36 -0400] 0:0:0:0:0:0:0:1 "GET /registration HTTP/1.1" 200 (14 ms) - -
[23/Jul/2020:15:48:03 -0400] 0:0:0:0:0:0:0:1 "GET /registration HTTP/1.1" 200 (15 ms) - -
[23/Jul/2020:15:49:29 -0400] 0:0:0:0:0:0:0:1 "GET /registration HTTP/1.1" 200 (13 ms) - -
[23/Jul/2020:15:50:50 -0400] 0:0:0:0:0:0:0:1 "GET /registration HTTP/1.1" 200 (16 ms) - -
[23/Jul/2020:16:15:57 -0400] 0:0:0:0:0:0:0:1 "GET /login HTTP/1.1" 200 (27 ms) - -
[23/Jul/2020:16:15:57 -0400] 0:0:0:0:0:0:0:1 "GET /js/scripts.js HTTP/1.1" 304 (8 ms) - -
[23/Jul/2020:16:15:57 -0400] 0:0:0:0:0:0:0:1 "GET /img/vlol_logo.png HTTP/1.1" 304 (8 ms) - -
[23/Jul/2020:16:16:09 -0400] 0:0:0:0:0:0:0:1 "GET /registration HTTP/1.1" 200 (38 ms) - -
[23/Jul/2020:16:16:09 -0400] 0:0:0:0:0:0:0:1 "GET /css/site.css HTTP/1.1" 200 (4 ms) - -
[23/Jul/2020:16:16:09 -0400] 0:0:0:0:0:0:0:1 "GET /css/bootstrap.min.css HTTP/1.1" 304 (4 ms) - -
[23/Jul/2020:16:16:15 -0400] 0:0:0:0:0:0:0:1 "GET / HTTP/1.1" 200 (8 ms) - -
[23/Jul/2020:16:16:15 -0400] 0:0:0:0:0:0:0:1 "GET /img/vlol_cover.jpg HTTP/1.1" 304 (4 ms) - -
[23/Jul/2020:16:16:21 -0400] 0:0:0:0:0:0:0:1 "GET /about HTTP/1.1" 200 (11 ms) - -
[23/Jul/2020:16:16:21 -0400] 0:0:0:0:0:0:0:1 "GET /img/umgc_logo.png HTTP/1.1" 304 (2 ms) - -
[23/Jul/2020:16:17:52 -0400] 0:0:0:0:0:0:0:1 "GET /about HTTP/1.1" 200 (6 ms) - -
[23/Jul/2020:16:18:04 -0400] 0:0:0:0:0:0:0:1 "GET /about HTTP/1.1" 200 (6 ms) - -
[23/Jul/2020:16:19:30 -0400] 0:0:0:0:0:0:0:1 "GET /about HTTP/1.1" 200 (5 ms) - -
[23/Jul/2020:16:19:30 -0400] 0:0:0:0:0:0:0:1 "GET /css/site.css HTTP/1.1" 304 (4 ms) - -
[23/Jul/2020:16:19:40 -0400] 0:0:0:0:0:0:0:1 "GET /admin-menu HTTP/1.1" 302 (6 ms) - -
[23/Jul/2020:16:19:40 -0400] 0:0:0:0:0:0:0:1 "GET /login HTTP/1.1" 200 (5 ms) - -
[23/Jul/2020:16:19:45 -0400] 0:0:0:0:0:0:0:1 "GET /about HTTP/1.1" 200 (5 ms) - -
[23/Jul/2020:16:20:07 -0400] 0:0:0:0:0:0:0:1 "GET /about HTTP/1.1" 200 (5 ms) - -
[23/Jul/2020:16:20:11 -0400] 0:0:0:0:0:0:0:1 "GET /login HTTP/1.1" 200 (6 ms) - -
[23/Jul/2020:16:20:15 -0400] 0:0:0:0:0:0:0:1 "GET /about HTTP/1.1" 200 (6 ms) - -
[23/Jul/2020:16:20:16 -0400] 0:0:0:0:0:0:0:1 "GET /Identity/Account/Register HTTP/1.1" 302 (2 ms) - -
[23/Jul/2020:16:20:16 -0400] 0:0:0:0:0:0:0:1 "GET /login HTTP/1.1" 200 (5 ms) - -
[23/Jul/2020:16:20:20 -0400] 0:0:0:0:0:0:0:1 "GET / HTTP/1.1" 200 (7 ms) - -
[23/Jul/2020:16:20:30 -0400] 0:0:0:0:0:0:0:1 "GET /contact HTTP/1.1" 200 (9 ms) - -
[23/Jul/2020:16:20:34 -0400] 0:0:0:0:0:0:0:1 "GET /registration HTTP/1.1" 200 (15 ms) - -
[23/Jul/2020:16:20:38 -0400] 0:0:0:0:0:0:0:1 "GET /contact HTTP/1.1" 200 (4 ms) - -
[23/Jul/2020:16:20:39 -0400] 0:0:0:0:0:0:0:1 "GET /login HTTP/1.1" 200 (6 ms) - -
[23/Jul/2020:16:20:48 -0400] 0:0:0:0:0:0:0:1 "GET /contact HTTP/1.1" 200 (7 ms) - -
[23/Jul/2020:16:21:27 -0400] 0:0:0:0:0:0:0:1 "GET /registration HTTP/1.1" 200 (15 ms) - -
[23/Jul/2020:18:33:33 -0400] 0:0:0:0:0:0:0:1 "POST /registration HTTP/1.1" 200 (134 ms) - -
[23/Jul/2020:18:33:33 -0400] 0:0:0:0:0:0:0:1 "GET /css/bootstrap.min.css HTTP/1.1" 304 (4 ms) - -
[23/Jul/2020:18:33:33 -0400] 0:0:0:0:0:0:0:1 "GET /css/site.css HTTP/1.1" 304 (4 ms) - -
[23/Jul/2020:18:33:33 -0400] 0:0:0:0:0:0:0:1 "GET /js/scripts.js HTTP/1.1" 304 (2 ms) - -
[23/Jul/2020:18:34:52 -0400] 0:0:0:0:0:0:0:1 "POST /registration HTTP/1.1" 200 (21 ms) - -
[23/Jul/2020:18:36:15 -0400] 0:0:0:0:0:0:0:1 "POST /registration HTTP/1.1" 200 (17 ms) - -
[23/Jul/2020:18:37:10 -0400] 0:0:0:0:0:0:0:1 "POST /registration HTTP/1.1" 200 (17 ms) - -
[23/Jul/2020:18:41:52 -0400] 0:0:0:0:0:0:0:1 "POST /registration HTTP/1.1" 200 (14 ms) - -
[23/Jul/2020:18:44:27 -0400] 0:0:0:0:0:0:0:1 "POST /registration HTTP/1.1" 200 (13 ms) - -
[23/Jul/2020:18:44:31 -0400] 0:0:0:0:0:0:0:1 "GET /Identity/Account/Register HTTP/1.1" 302 (3 ms) - -
[23/Jul/2020:18:44:31 -0400] 0:0:0:0:0:0:0:1 "GET /login HTTP/1.1" 200 (5 ms) - -
[23/Jul/2020:18:44:31 -0400] 0:0:0:0:0:0:0:1 "GET /img/vlol_logo.png HTTP/1.1" 304 (3 ms) - -
[23/Jul/2020:18:44:35 -0400] 0:0:0:0:0:0:0:1 "GET /registration HTTP/1.1" 200 (11 ms) - -
[23/Jul/2020:18:45:07 -0400] 0:0:0:0:0:0:0:1 "POST /registration HTTP/1.1" 200 (18 ms) - -
[23/Jul/2020:18:48:45 -0400] 0:0:0:0:0:0:0:1 "POST /registration HTTP/1.1" 200 (17 ms) - -
[23/Jul/2020:18:48:51 -0400] 0:0:0:0:0:0:0:1 "POST /registration HTTP/1.1" 200 (19 ms) - -
[23/Jul/2020:18:49:15 -0400] 0:0:0:0:0:0:0:1 "POST /registration HTTP/1.1" 200 (18 ms) - -
[23/Jul/2020:18:49:20 -0400] 0:0:0:0:0:0:0:1 "POST /registration HTTP/1.1" 200 (15 ms) - -
[23/Jul/2020:18:51:58 -0400] 0:0:0:0:0:0:0:1 "POST /registration HTTP/1.1" 200 (19 ms) - -
[23/Jul/2020:18:51:58 -0400] 0:0:0:0:0:0:0:1 "GET /css/site.css HTTP/1.1" 200 (6 ms) - -
[23/Jul/2020:18:57:11 -0400] 0:0:0:0:0:0:0:1 "GET / HTTP/1.1" 200 (6 ms) - -
[23/Jul/2020:18:57:11 -0400] 0:0:0:0:0:0:0:1 "GET /css/site.css HTTP/1.1" 304 (3 ms) - -
[23/Jul/2020:18:57:11 -0400] 0:0:0:0:0:0:0:1 "GET /img/vlol_cover.jpg HTTP/1.1" 304 (2 ms) - -
[23/Jul/2020:18:57:16 -0400] 0:0:0:0:0:0:0:1 "GET /admin-menu HTTP/1.1" 302 (2 ms) - -
[23/Jul/2020:18:57:16 -0400] 0:0:0:0:0:0:0:1 "GET /login HTTP/1.1" 200 (7 ms) - -
[23/Jul/2020:18:57:25 -0400] 0:0:0:0:0:0:0:1 "GET /about HTTP/1.1" 200 (7 ms) - -
[23/Jul/2020:18:57:25 -0400] 0:0:0:0:0:0:0:1 "GET /img/umgc_logo.png HTTP/1.1" 304 (2 ms) - -
[23/Jul/2020:18:57:29 -0400] 0:0:0:0:0:0:0:1 "GET /contact HTTP/1.1" 200 (6 ms) - -
[23/Jul/2020:18:58:36 -0400] 0:0:0:0:0:0:0:1 "GET /registration HTTP/1.1" 200 (14 ms) - -
[23/Jul/2020:18:58:36 -0400] 0:0:0:0:0:0:0:1 "GET /css/site.css HTTP/1.1" 304 (3 ms) - -
[23/Jul/2020:18:58:48 -0400] 0:0:0:0:0:0:0:1 "GET /login HTTP/1.1" 200 (5 ms) - -
[23/Jul/2020:19:13:58 -0400] 0:0:0:0:0:0:0:1 "GET /registration HTTP/1.1" 200 (12 ms) - -
[23/Jul/2020:19:13:58 -0400] 0:0:0:0:0:0:0:1 "GET /css/site.css HTTP/1.1" 304 (3 ms) - -
[23/Jul/2020:19:16:10 -0400] 0:0:0:0:0:0:0:1 "POST /registration HTTP/1.1" 200 (17 ms) - -
[23/Jul/2020:19:16:10 -0400] 0:0:0:0:0:0:0:1 "GET /js/scripts.js HTTP/1.1" 304 (3 ms) - -
[23/Jul/2020:19:16:10 -0400] 0:0:0:0:0:0:0:1 "GET /css/bootstrap.min.css HTTP/1.1" 304 (3 ms) - -
